2026-02-04 07:14:23 [INFO] __main__: Resolved config summary (source=config.json)
2026-02-04 07:14:23 [INFO] __main__:   sections: broker_specs_path, instrument_spec_defaults, instrument_specs, mt5, pipeline, position, symbols
2026-02-04 07:14:23 [INFO] __main__:   pipeline: scoring=fx_backtester | bars=500000 | tfs=M5,M15,M30,H1,H4,D1 | live=1500/300 | risk=1.0% | d1+lower=True | max_sym_risk=3.0% | opt_workers=5
2026-02-04 07:14:23 [INFO] __main__:             validation: opt_min=15 | val_min=15 | val_dd<=20.0 | pf>=1.0 | ret>=0.0 | optuna_val_obj=False
2026-02-04 07:14:23 [INFO] __main__:   position: risk=1.0% | basis=balance | max_risk=5.0% | size=0.01-0.0 | auto_widen_sl=True
2026-02-04 07:14:23 [INFO] __main__:   mt5: server=n/a | path=n/a | timeout=60000 | portable=False
2026-02-04 07:14:23 [INFO] __main__:   instruments: overrides=46 | defaults=commission_per_lot | broker_specs=broker_specs.json
2026-02-04 07:14:23 [INFO] __main__: ------------------------------------------------------------
2026-02-04 07:14:23 [INFO] __main__: ============================================================
2026-02-04 07:14:23 [INFO] __main__: FX PORTFOLIO MANAGER v3.0
2026-02-04 07:14:23 [INFO] __main__: ============================================================
2026-02-04 07:14:23 [INFO] __main__: Connecting to MetaTrader 5...
2026-02-04 07:14:23 [INFO] pm_mt5: Connected to MT5 (using existing session)
2026-02-04 07:14:23 [INFO] __main__: [OK] Connected to MT5
2026-02-04 07:14:23 [INFO] pm_pipeline: Loaded 37 existing configs from pm_configs.json
2026-02-04 07:14:23 [INFO] __main__: [OK] Portfolio Manager initialized
2026-02-04 07:14:23 [INFO] __main__:   Symbols: 46
2026-02-04 07:14:23 [INFO] __main__:   Strategies: 28
2026-02-04 07:14:23 [INFO] __main__:   Existing configs: 37
2026-02-04 07:14:23 [INFO] __main__: 
============================================================
2026-02-04 07:14:23 [INFO] __main__: STARTING LIVE TRADING
2026-02-04 07:14:23 [INFO] __main__: Trading enabled: True
2026-02-04 07:14:23 [INFO] __main__: Auto-retrain: False
2026-02-04 07:14:23 [INFO] __main__: Close on opposite signal: False
2026-02-04 07:14:23 [INFO] __main__: ============================================================
2026-02-04 07:15:13 [INFO] __main__: [USDMXN] Selected: MomentumBurstStrategy @ D1/TREND (strength=0.38, quality=0.47, freshness=1.00, score=0.177)
2026-02-04 07:15:13 [INFO] __main__: [USDMXN] SELL | basis=1447.88 (balance) | target_risk=1.00% ($14.48) | actual_risk=1.25% ($18.10) | vol_raw=0.0100 | vol=0.0100 | entry=17.21430 | sl=17.53156 | tp=16.65910
2026-02-04 07:15:13 [INFO] __main__: [OK] [USDMXN] SHORT executed: 0.01 lots @ 17.21430
2026-02-04 07:15:52 [INFO] __main__: [EURGBP] Selected: VolatilityBreakoutStrategy @ M15/TREND (strength=0.44, quality=0.44, freshness=1.00, score=0.194)
2026-02-04 07:15:52 [INFO] __main__: [EURGBP] Fallback tier 2: reduced risk to 1.00%
2026-02-04 07:15:52 [INFO] __main__: [EURGBP] SELL | basis=1447.88 (balance) | target_risk=1.00% ($14.48) | actual_risk=1.00% ($14.41) | vol_raw=0.2111 | vol=0.2100 | entry=0.86259 | sl=0.86309 | tp=0.86159
2026-02-04 07:15:52 [INFO] __main__: [OK] [EURGBP] SHORT executed: 0.21 lots @ 0.86260
2026-02-04 07:20:12 [INFO] __main__: [EURJPY] Selected: VolatilityBreakoutStrategy @ M5/RANGE (strength=0.43, quality=0.40, freshness=1.00, score=0.171)
2026-02-04 07:20:12 [INFO] __main__: [EURJPY] Fallback tier 2: reduced risk to 1.00%
2026-02-04 07:20:12 [INFO] __main__: [EURJPY] SELL | basis=1447.88 (balance) | target_risk=1.00% ($14.48) | actual_risk=1.00% ($14.42) | vol_raw=0.2008 | vol=0.2000 | entry=184.94000 | sl=185.05271 | tp=184.75214
2026-02-04 07:20:12 [INFO] __main__: [OK] [EURJPY] SHORT executed: 0.2 lots @ 184.94000
2026-02-04 08:01:09 [INFO] __main__: [XAUUSD] Selected: KeltnerBreakoutStrategy @ M30/TREND (strength=0.41, quality=0.42, freshness=1.00, score=0.171)
2026-02-04 08:01:09 [WARNING] __main__: [XAUUSD] Skipping trade; risk 5.55% exceeds cap 5.00% (vol=0.0100, sl=4997.19571)
2026-02-04 08:01:12 [INFO] __main__: [XAGUSD] Selected: VolatilityBreakoutStrategy @ H1/TREND (strength=0.37, quality=0.46, freshness=1.00, score=0.168)
2026-02-04 08:01:12 [WARNING] __main__: [XAGUSD] Skipping trade; risk 15.60% exceeds cap 5.00% (vol=0.0100, sl=85.20279)
2026-02-04 08:15:06 [INFO] __main__: [XAGUSD] Selected: MomentumBurstStrategy @ M15/TREND (strength=0.37, quality=0.43, freshness=1.00, score=0.157)
2026-02-04 08:15:06 [WARNING] __main__: [XAGUSD] Skipping trade; risk 6.26% exceeds cap 5.00% (vol=0.0100, sl=87.52829)
2026-02-04 08:16:34 [INFO] __main__: [XAGUSD] Selected: VolatilityBreakoutStrategy @ H1/TREND (strength=0.37, quality=0.46, freshness=0.85, score=0.142)
2026-02-04 08:16:34 [WARNING] __main__: [XAGUSD] Skipping trade; risk 16.04% exceeds cap 5.00% (vol=0.0100, sl=84.84364)
2026-02-04 08:29:53 [INFO] __main__: [XAUUSD] Selected: KeltnerBreakoutStrategy @ M30/TREND (strength=0.40, quality=0.42, freshness=1.00, score=0.170)
2026-02-04 08:29:53 [WARNING] __main__: [XAUUSD] Skipping trade; risk 5.22% exceeds cap 5.00% (vol=0.0100, sl=5015.28714)
2026-02-04 08:40:16 [INFO] __main__: [EURJPY] Selected: VolatilityBreakoutStrategy @ M5/CHOP (strength=0.40, quality=0.40, freshness=1.00, score=0.158)
2026-02-04 08:40:16 [INFO] __main__: [EURJPY] Fallback tier 2: reduced risk to 1.00%
2026-02-04 08:40:16 [INFO] __main__: [EURJPY] SELL | basis=1433.18 (balance) | target_risk=1.00% ($14.33) | actual_risk=1.00% ($14.28) | vol_raw=0.1506 | vol=0.1500 | entry=185.02600 | sl=185.17493 | tp=184.77779
2026-02-04 08:40:16 [INFO] __main__: [OK] [EURJPY] SHORT executed: 0.15 lots @ 185.02600
2026-02-04 08:47:16 [INFO] __main__: [XAGUSD] Selected: MomentumBurstStrategy @ M15/TREND (strength=0.36, quality=0.43, freshness=1.00, score=0.156)
2026-02-04 08:47:16 [WARNING] __main__: [XAGUSD] Skipping trade; risk 7.70% exceeds cap 5.00% (vol=0.0100, sl=88.02029)
2026-02-04 08:51:31 [INFO] __main__: [XAGUSD] Selected: VolatilityBreakoutStrategy @ H1/TREND (strength=0.37, quality=0.46, freshness=0.85, score=0.142)
2026-02-04 08:51:31 [WARNING] __main__: [XAGUSD] Skipping trade; risk 16.74% exceeds cap 5.00% (vol=0.0100, sl=85.45471)
2026-02-04 09:00:37 [INFO] __main__: [XAUUSD] Selected: KeltnerBreakoutStrategy @ M30/TREND (strength=0.40, quality=0.42, freshness=1.00, score=0.169)
2026-02-04 09:00:37 [INFO] __main__: [XAUUSD] BUY | basis=1433.18 (balance) | target_risk=1.00% ($14.33) | actual_risk=4.67% ($67.00) | vol_raw=0.0100 | vol=0.0100 | entry=5091.05000 | sl=5024.05357 | tp=5135.71429
2026-02-04 09:00:37 [INFO] __main__: [OK] [XAUUSD] LONG executed: 0.01 lots @ 5091.05000
2026-02-04 09:00:40 [INFO] __main__: [XAGUSD] Selected: KeltnerBreakoutStrategy @ M30/TREND (strength=0.43, quality=0.44, freshness=1.00, score=0.188)
2026-02-04 09:00:40 [WARNING] __main__: [XAGUSD] Skipping trade; risk 10.53% exceeds cap 5.00% (vol=0.0100, sl=87.46357)
2026-02-04 09:02:19 [INFO] __main__: [XAUUSD] [SECONDARY] Selected: VolatilityBreakoutStrategy @ D1/CHOP (strength=0.37, quality=0.38, freshness=0.85, score=0.121)
2026-02-04 09:02:19 [INFO] __main__: [XAUUSD] D1 trade open; allowed second trade on D1
2026-02-04 09:02:19 [INFO] __main__: [XAUUSD] Secondary trade: risk 1.00% -> 1.00% (existing=1.00%, cap=3.00%)
2026-02-04 09:02:19 [WARNING] __main__: [XAUUSD] Skipping trade; risk 34.81% exceeds cap 5.00% (vol=0.0100, sl=4589.06714)
2026-02-04 09:03:18 [INFO] __main__: [GBPJPY] Selected: KeltnerPullbackStrategy @ D1/CHOP (strength=0.36, quality=0.36, freshness=0.85, score=0.112)
2026-02-04 09:03:18 [INFO] __main__: [GBPJPY] BUY | basis=1433.18 (balance) | target_risk=1.00% ($14.33) | actual_risk=1.54% ($22.05) | vol_raw=0.0100 | vol=0.0100 | entry=214.52800 | sl=211.07929 | tp=219.70107
2026-02-04 09:03:18 [INFO] __main__: [OK] [GBPJPY] LONG executed: 0.01 lots @ 214.52800
2026-02-04 09:06:46 [INFO] __main__: [USDCAD] Selected: MACDHistogramMomentumStrategy @ M5/CHOP (strength=0.40, quality=0.44, freshness=1.00, score=0.176)
2026-02-04 09:06:46 [INFO] __main__: [USDCAD] Fallback tier 2: reduced risk to 1.00%
2026-02-04 09:06:46 [INFO] __main__: [USDCAD] SELL | basis=1433.18 (balance) | target_risk=1.00% ($14.33) | actual_risk=0.96% ($13.78) | vol_raw=0.1769 | vol=0.1700 | entry=1.36344 | sl=1.36455 | tp=1.36244
2026-02-04 09:06:47 [INFO] __main__: [OK] [USDCAD] SHORT executed: 0.17 lots @ 1.36344
2026-02-04 09:11:06 [INFO] __main__: Shutting down...
2026-02-04 09:11:06 [INFO] __main__: Stopping trader...
2026-02-04 09:11:06 [INFO] __main__: Saved 7 trades to pm_outputs\trades_20260204_091106.json
2026-02-04 09:11:06 [INFO] pm_mt5: Disconnected from MT5
2026-02-04 09:11:06 [INFO] __main__: Shutdown complete
2026-02-04 09:11:06 [INFO] __main__: Shutting down...
2026-02-04 09:11:06 [INFO] __main__: Stopping trader...
2026-02-04 09:11:06 [INFO] __main__: Saved 7 trades to pm_outputs\trades_20260204_091106.json
2026-02-04 09:11:06 [INFO] __main__: Shutdown complete
2026-02-04 09:11:06 [INFO] __main__: Shutting down...
2026-02-04 09:11:06 [INFO] __main__: Stopping trader...
2026-02-04 09:11:06 [INFO] __main__: Saved 7 trades to pm_outputs\trades_20260204_091106.json
2026-02-04 09:11:06 [INFO] __main__: Shutdown complete
2026-02-04 09:11:25 [INFO] __main__: Resolved config summary (source=config.json)
2026-02-04 09:11:25 [INFO] __main__:   sections: broker_specs_path, instrument_spec_defaults, instrument_specs, mt5, pipeline, position, symbols
2026-02-04 09:11:25 [INFO] __main__:   pipeline: scoring=fx_backtester | bars=500000 | tfs=M5,M15,M30,H1,H4,D1 | live=1500/300 | risk=1.0% | d1+lower=True | max_sym_risk=3.0% | opt_workers=5
2026-02-04 09:11:25 [INFO] __main__:             validation: opt_min=15 | val_min=15 | val_dd<=20.0 | pf>=1.0 | ret>=0.0 | optuna_val_obj=False
2026-02-04 09:11:25 [INFO] __main__:   position: risk=1.0% | basis=balance | max_risk=5.0% | size=0.01-0.0 | auto_widen_sl=True
2026-02-04 09:11:25 [INFO] __main__:   mt5: server=n/a | path=n/a | timeout=60000 | portable=False
2026-02-04 09:11:25 [INFO] __main__:   instruments: overrides=46 | defaults=commission_per_lot | broker_specs=broker_specs.json
2026-02-04 09:11:25 [INFO] __main__: ------------------------------------------------------------
2026-02-04 09:11:25 [INFO] __main__: ============================================================
2026-02-04 09:11:25 [INFO] __main__: FX PORTFOLIO MANAGER v3.0
2026-02-04 09:11:25 [INFO] __main__: ============================================================
2026-02-04 09:11:25 [INFO] __main__: Connecting to MetaTrader 5...
2026-02-04 09:11:25 [INFO] pm_mt5: Connected to MT5 (using existing session)
2026-02-04 09:11:25 [INFO] __main__: [OK] Connected to MT5
2026-02-04 09:11:25 [INFO] pm_pipeline: Loaded 37 existing configs from pm_configs.json
2026-02-04 09:11:25 [INFO] __main__: [OK] Portfolio Manager initialized
2026-02-04 09:11:25 [INFO] __main__:   Symbols: 46
2026-02-04 09:11:25 [INFO] __main__:   Strategies: 28
2026-02-04 09:11:25 [INFO] __main__:   Existing configs: 37
2026-02-04 09:11:25 [INFO] __main__: 
============================================================
2026-02-04 09:11:25 [INFO] __main__: STARTING LIVE TRADING
2026-02-04 09:11:25 [INFO] __main__: Trading enabled: True
2026-02-04 09:11:25 [INFO] __main__: Auto-retrain: False
2026-02-04 09:11:25 [INFO] __main__: Close on opposite signal: False
2026-02-04 09:11:25 [INFO] __main__: ============================================================
2026-02-04 09:14:26 [INFO] __main__: [EURJPY] Selected: VolatilityBreakoutStrategy @ M5/CHOP (strength=0.39, quality=0.40, freshness=0.85, score=0.133)
2026-02-04 09:14:26 [INFO] __main__: [EURJPY] Fallback tier 2: reduced risk to 1.00%
2026-02-04 09:14:26 [INFO] __main__: [EURJPY] BUY | basis=1418.89 (balance) | target_risk=1.00% ($14.19) | actual_risk=0.92% ($13.11) | vol_raw=0.1082 | vol=0.1000 | entry=185.13000 | sl=184.92493 | tp=185.47179
2026-02-04 09:14:26 [INFO] __main__: [OK] [EURJPY] LONG executed: 0.1 lots @ 185.13100
2026-02-04 09:30:21 [INFO] __main__: [XAGUSD] Selected: KeltnerBreakoutStrategy @ M30/TREND (strength=0.42, quality=0.44, freshness=1.00, score=0.182)
2026-02-04 09:30:21 [WARNING] __main__: [XAGUSD] Skipping trade; risk 10.01% exceeds cap 5.00% (vol=0.0100, sl=87.27014)
2026-02-04 10:03:00 [INFO] __main__: Resolved config summary (source=config.json)
2026-02-04 10:03:00 [INFO] __main__:   sections: broker_specs_path, instrument_spec_defaults, instrument_specs, mt5, pipeline, position, symbols
2026-02-04 10:03:00 [INFO] __main__:   pipeline: scoring=fx_backtester | bars=500000 | tfs=M5,M15,M30,H1,H4,D1 | live=1500/300 | risk=1.0% | d1+lower=True | max_sym_risk=3.0% | opt_workers=5
2026-02-04 10:03:00 [INFO] __main__:             validation: opt_min=15 | val_min=15 | val_dd<=20.0 | pf>=1.0 | ret>=0.0 | optuna_val_obj=False
2026-02-04 10:03:00 [INFO] __main__:   position: risk=1.0% | basis=balance | max_risk=5.0% | size=0.01-0.0 | auto_widen_sl=True
2026-02-04 10:03:00 [INFO] __main__:   mt5: server=n/a | path=n/a | timeout=60000 | portable=False
2026-02-04 10:03:00 [INFO] __main__:   instruments: overrides=46 | defaults=commission_per_lot | broker_specs=broker_specs.json
2026-02-04 10:03:00 [INFO] __main__: ------------------------------------------------------------
2026-02-04 10:03:00 [INFO] __main__: ============================================================
2026-02-04 10:03:00 [INFO] __main__: FX PORTFOLIO MANAGER v3.0
2026-02-04 10:03:00 [INFO] __main__: ============================================================
2026-02-04 10:03:00 [INFO] __main__: Connecting to MetaTrader 5...
2026-02-04 10:03:00 [INFO] pm_mt5: Connected to MT5 (using existing session)
2026-02-04 10:03:00 [INFO] __main__: [OK] Connected to MT5
2026-02-04 10:03:00 [INFO] pm_pipeline: Loaded 37 existing configs from pm_configs.json
2026-02-04 10:03:00 [INFO] __main__: [OK] Portfolio Manager initialized
2026-02-04 10:03:00 [INFO] __main__:   Symbols: 14
2026-02-04 10:03:00 [INFO] __main__:   Strategies: 28
2026-02-04 10:03:00 [INFO] __main__:   Existing configs: 37
2026-02-04 10:03:00 [INFO] __main__: 
============================================================
2026-02-04 10:03:00 [INFO] __main__: RUNNING OPTIMIZATION
2026-02-04 10:03:00 [INFO] __main__: MODE: OVERWRITE (re-optimizing all symbols)
2026-02-04 10:03:00 [INFO] __main__: ============================================================
2026-02-04 10:03:00 [INFO] __main__: Fetching historical data for 14 symbols...
2026-02-04 10:03:04 [INFO] __main__:   EURAUD: 500000 bars saved
2026-02-04 10:03:08 [INFO] __main__:   EURCHF: 500000 bars saved
2026-02-04 10:03:12 [INFO] __main__:   EURCAD: 500000 bars saved
2026-02-04 10:03:16 [INFO] __main__:   EURNZD: 500000 bars saved
2026-02-04 10:03:20 [INFO] __main__:   GBPAUD: 500000 bars saved
2026-02-04 10:03:24 [INFO] __main__:   GBPCAD: 500000 bars saved
2026-02-04 10:03:28 [INFO] __main__:   GBPCHF: 500000 bars saved
2026-02-04 10:03:32 [INFO] __main__:   CADJPY: 500000 bars saved
2026-02-04 10:03:36 [INFO] __main__:   NZDJPY: 500000 bars saved
2026-02-04 10:03:40 [INFO] __main__:   AUDCAD: 500000 bars saved
2026-02-04 10:03:44 [INFO] __main__:   BTCETH: 473306 bars saved
2026-02-04 10:03:45 [INFO] __main__:   TONUSD: 156767 bars saved
2026-02-04 10:03:49 [INFO] __main__:   XRPUSD: 500000 bars saved
2026-02-04 10:03:53 [INFO] __main__:   ETHUSD: 500000 bars saved
2026-02-04 10:03:53 [INFO] pm_pipeline: OPTIMIZE EURAUD: overwrite enabled
2026-02-04 10:03:53 [INFO] pm_pipeline: OPTIMIZE EURCHF: overwrite enabled
2026-02-04 10:03:53 [INFO] pm_pipeline: OPTIMIZE EURCAD: overwrite enabled
2026-02-04 10:03:53 [INFO] pm_pipeline: OPTIMIZE EURNZD: overwrite enabled
2026-02-04 10:03:53 [INFO] pm_pipeline: OPTIMIZE GBPAUD: overwrite enabled
2026-02-04 10:03:53 [INFO] pm_pipeline: OPTIMIZE GBPCAD: overwrite enabled
2026-02-04 10:03:53 [INFO] pm_pipeline: OPTIMIZE GBPCHF: overwrite enabled
2026-02-04 10:03:53 [INFO] pm_pipeline: OPTIMIZE CADJPY: overwrite enabled
2026-02-04 10:03:53 [INFO] pm_pipeline: OPTIMIZE NZDJPY: overwrite enabled
2026-02-04 10:03:53 [INFO] pm_pipeline: OPTIMIZE AUDCAD: overwrite enabled
2026-02-04 10:03:53 [INFO] pm_pipeline: OPTIMIZE BTCETH: overwrite enabled
2026-02-04 10:03:53 [INFO] pm_pipeline: OPTIMIZE TONUSD: overwrite enabled
2026-02-04 10:03:53 [INFO] pm_pipeline: OPTIMIZE XRPUSD: overwrite enabled
2026-02-04 10:03:53 [INFO] pm_pipeline: OPTIMIZE ETHUSD: overwrite enabled
2026-02-04 10:03:53 [INFO] pm_pipeline: 
############################################################
2026-02-04 10:03:53 [INFO] pm_pipeline: PORTFOLIO MANAGER - STATEFUL OPTIMIZATION
2026-02-04 10:03:53 [INFO] pm_pipeline: Total symbols: 14
2026-02-04 10:03:53 [INFO] pm_pipeline: To optimize: 14
2026-02-04 10:03:53 [INFO] pm_pipeline: Skipping: 0 (valid configs)
2026-02-04 10:03:53 [INFO] pm_pipeline: OVERWRITE MODE: ignoring validity checks
2026-02-04 10:03:53 [INFO] pm_pipeline: Strategies: 28
2026-02-04 10:03:53 [INFO] pm_pipeline: Timeframes: ['M5', 'M15', 'M30', 'H1', 'H4', 'D1']
2026-02-04 10:03:53 [INFO] pm_pipeline: ############################################################
2026-02-04 10:03:53 [INFO] pm_pipeline: Parallel optimization enabled: workers=5
2026-02-04 10:05:24 [INFO] __main__: Shutting down...
2026-02-04 10:05:24 [INFO] pm_mt5: Disconnected from MT5
2026-02-04 10:05:24 [INFO] __main__: Shutdown complete
2026-02-04 10:11:07 [INFO] __main__: Shutting down...
2026-02-04 10:11:07 [INFO] __main__: Shutdown complete
2026-02-04 10:11:07 [INFO] __main__: Shutting down...
2026-02-04 10:11:07 [INFO] __main__: Shutdown complete
2026-02-04 10:15:24 [INFO] __main__: [XAGUSD] Selected: MomentumBurstStrategy @ M15/TREND (strength=0.42, quality=0.43, freshness=1.00, score=0.182)
2026-02-04 10:15:24 [WARNING] __main__: [XAGUSD] Skipping trade; risk 9.02% exceeds cap 5.00% (vol=0.0100, sl=87.04914)
2026-02-04 10:30:36 [INFO] __main__: [XAGUSD] Selected: MomentumBurstStrategy @ M15/TREND (strength=0.44, quality=0.43, freshness=1.00, score=0.189)
2026-02-04 10:30:36 [WARNING] __main__: [XAGUSD] Skipping trade; risk 8.92% exceeds cap 5.00% (vol=0.0100, sl=86.65164)
2026-02-04 10:31:29 [INFO] __main__: Resolved config summary (source=config.json)
2026-02-04 10:31:29 [INFO] __main__:   sections: broker_specs_path, instrument_spec_defaults, instrument_specs, mt5, pipeline, position, symbols
2026-02-04 10:31:29 [INFO] __main__:   pipeline: scoring=fx_backtester | bars=500000 | tfs=M5,M15,M30,H1,H4,D1 | live=1500/300 | risk=1.0% | d1+lower=True | max_sym_risk=3.0% | opt_workers=2
2026-02-04 10:31:29 [INFO] __main__:             validation: opt_min=15 | val_min=15 | val_dd<=20.0 | pf>=1.0 | ret>=0.0 | optuna_val_obj=False
2026-02-04 10:31:29 [INFO] __main__:   position: risk=1.0% | basis=balance | max_risk=5.0% | size=0.01-0.0 | auto_widen_sl=True
2026-02-04 10:31:29 [INFO] __main__:   mt5: server=n/a | path=n/a | timeout=60000 | portable=False
2026-02-04 10:31:29 [INFO] __main__:   instruments: overrides=46 | defaults=commission_per_lot | broker_specs=broker_specs.json
2026-02-04 10:31:29 [INFO] __main__: ------------------------------------------------------------
2026-02-04 10:31:29 [INFO] __main__: ============================================================
2026-02-04 10:31:29 [INFO] __main__: FX PORTFOLIO MANAGER v3.0
2026-02-04 10:31:29 [INFO] __main__: ============================================================
2026-02-04 10:31:29 [INFO] __main__: Connecting to MetaTrader 5...
2026-02-04 10:31:29 [INFO] pm_mt5: Connected to MT5 (using existing session)
2026-02-04 10:31:29 [INFO] __main__: [OK] Connected to MT5
2026-02-04 10:31:29 [INFO] pm_pipeline: Loaded 37 existing configs from pm_configs.json
2026-02-04 10:31:29 [INFO] __main__: [OK] Portfolio Manager initialized
2026-02-04 10:31:29 [INFO] __main__:   Symbols: 10
2026-02-04 10:31:29 [INFO] __main__:   Strategies: 28
2026-02-04 10:31:29 [INFO] __main__:   Existing configs: 37
2026-02-04 10:31:29 [INFO] __main__: 
============================================================
2026-02-04 10:31:29 [INFO] __main__: RUNNING OPTIMIZATION
2026-02-04 10:31:29 [INFO] __main__: MODE: OVERWRITE (re-optimizing all symbols)
2026-02-04 10:31:29 [INFO] __main__: ============================================================
2026-02-04 10:31:29 [INFO] __main__: Fetching historical data for 10 symbols...
2026-02-04 10:31:33 [INFO] __main__:   EURAUD: 500000 bars saved
2026-02-04 10:31:36 [INFO] __main__:   EURCHF: 500000 bars saved
2026-02-04 10:31:39 [INFO] __main__:   EURCAD: 500000 bars saved
2026-02-04 10:31:43 [INFO] __main__:   EURNZD: 500000 bars saved
2026-02-04 10:31:47 [INFO] __main__:   GBPAUD: 500000 bars saved
2026-02-04 10:31:50 [INFO] __main__:   GBPCAD: 500000 bars saved
2026-02-04 10:31:54 [INFO] __main__:   GBPCHF: 500000 bars saved
2026-02-04 10:31:57 [INFO] __main__:   CADJPY: 500000 bars saved
2026-02-04 10:32:01 [INFO] __main__:   NZDJPY: 500000 bars saved
2026-02-04 10:32:04 [INFO] __main__:   AUDCAD: 500000 bars saved
2026-02-04 10:32:04 [INFO] pm_pipeline: OPTIMIZE EURAUD: overwrite enabled
2026-02-04 10:32:04 [INFO] pm_pipeline: OPTIMIZE EURCHF: overwrite enabled
2026-02-04 10:32:04 [INFO] pm_pipeline: OPTIMIZE EURCAD: overwrite enabled
2026-02-04 10:32:04 [INFO] pm_pipeline: OPTIMIZE EURNZD: overwrite enabled
2026-02-04 10:32:04 [INFO] pm_pipeline: OPTIMIZE GBPAUD: overwrite enabled
2026-02-04 10:32:04 [INFO] pm_pipeline: OPTIMIZE GBPCAD: overwrite enabled
2026-02-04 10:32:04 [INFO] pm_pipeline: OPTIMIZE GBPCHF: overwrite enabled
2026-02-04 10:32:04 [INFO] pm_pipeline: OPTIMIZE CADJPY: overwrite enabled
2026-02-04 10:32:04 [INFO] pm_pipeline: OPTIMIZE NZDJPY: overwrite enabled
2026-02-04 10:32:04 [INFO] pm_pipeline: OPTIMIZE AUDCAD: overwrite enabled
2026-02-04 10:32:04 [INFO] pm_pipeline: 
############################################################
2026-02-04 10:32:04 [INFO] pm_pipeline: PORTFOLIO MANAGER - STATEFUL OPTIMIZATION
2026-02-04 10:32:04 [INFO] pm_pipeline: Total symbols: 10
2026-02-04 10:32:04 [INFO] pm_pipeline: To optimize: 10
2026-02-04 10:32:04 [INFO] pm_pipeline: Skipping: 0 (valid configs)
2026-02-04 10:32:04 [INFO] pm_pipeline: OVERWRITE MODE: ignoring validity checks
2026-02-04 10:32:04 [INFO] pm_pipeline: Strategies: 28
2026-02-04 10:32:04 [INFO] pm_pipeline: Timeframes: ['M5', 'M15', 'M30', 'H1', 'H4', 'D1']
2026-02-04 10:32:04 [INFO] pm_pipeline: ############################################################
2026-02-04 10:32:04 [INFO] pm_pipeline: Parallel optimization enabled: workers=2
2026-02-04 10:45:55 [INFO] __main__: [XAGUSD] Selected: MomentumBurstStrategy @ M15/TREND (strength=0.44, quality=0.43, freshness=1.00, score=0.188)
2026-02-04 10:45:55 [WARNING] __main__: [XAGUSD] Skipping trade; risk 9.38% exceeds cap 5.00% (vol=0.0100, sl=86.40921)
2026-02-04 11:00:31 [INFO] __main__: [XAGUSD] Selected: VolatilityBreakoutStrategy @ H1/TREND (strength=0.46, quality=0.46, freshness=1.00, score=0.209)
2026-02-04 11:00:31 [WARNING] __main__: [XAGUSD] Skipping trade; risk 13.38% exceeds cap 5.00% (vol=0.0100, sl=93.18964)
2026-02-04 11:15:11 [INFO] __main__: [XAGUSD] Selected: MomentumBurstStrategy @ M15/TREND (strength=0.42, quality=0.43, freshness=1.00, score=0.181)
2026-02-04 11:15:11 [WARNING] __main__: [XAGUSD] Skipping trade; risk 8.50% exceeds cap 5.00% (vol=0.0100, sl=87.16021)
2026-02-04 11:16:18 [INFO] __main__: [XAGUSD] Selected: VolatilityBreakoutStrategy @ H1/TREND (strength=0.46, quality=0.46, freshness=0.85, score=0.178)
2026-02-04 11:16:18 [WARNING] __main__: [XAGUSD] Skipping trade; risk 13.58% exceeds cap 5.00% (vol=0.0100, sl=93.22918)
2026-02-04 11:30:16 [INFO] __main__: [XAGUSD] Selected: MomentumBurstStrategy @ M15/TREND (strength=0.43, quality=0.43, freshness=1.00, score=0.185)
2026-02-04 11:30:16 [WARNING] __main__: [XAGUSD] Skipping trade; risk 7.98% exceeds cap 5.00% (vol=0.0100, sl=87.63643)
2026-02-04 11:31:21 [INFO] __main__: [XAGUSD] Selected: VolatilityBreakoutStrategy @ H1/TREND (strength=0.46, quality=0.46, freshness=0.85, score=0.178)
2026-02-04 11:31:21 [WARNING] __main__: [XAGUSD] Skipping trade; risk 13.53% exceeds cap 5.00% (vol=0.0100, sl=93.73093)
2026-02-04 11:43:39 [INFO] __main__: Resolved config summary (source=config.json)
2026-02-04 11:43:39 [INFO] __main__:   sections: broker_specs_path, instrument_spec_defaults, instrument_specs, mt5, pipeline, position, symbols
2026-02-04 11:43:39 [INFO] __main__:   pipeline: scoring=fx_backtester | bars=500000 | tfs=M5,M15,M30,H1,H4,D1 | live=1500/300 | risk=1.0% | d1+lower=True | max_sym_risk=3.0% | opt_workers=2
2026-02-04 11:43:39 [INFO] __main__:             validation: opt_min=15 | val_min=15 | val_dd<=20.0 | pf>=1.0 | ret>=0.0 | optuna_val_obj=False
2026-02-04 11:43:39 [INFO] __main__:   position: risk=1.0% | basis=balance | max_risk=5.0% | size=0.01-0.0 | auto_widen_sl=True
2026-02-04 11:43:39 [INFO] __main__:   mt5: server=n/a | path=n/a | timeout=60000 | portable=False
2026-02-04 11:43:39 [INFO] __main__:   instruments: overrides=46 | defaults=commission_per_lot | broker_specs=broker_specs.json
2026-02-04 11:43:39 [INFO] __main__: ------------------------------------------------------------
2026-02-04 11:43:39 [INFO] __main__: ============================================================
2026-02-04 11:43:39 [INFO] __main__: FX PORTFOLIO MANAGER v3.0
2026-02-04 11:43:39 [INFO] __main__: ============================================================
2026-02-04 11:43:39 [INFO] __main__: Connecting to MetaTrader 5...
2026-02-04 11:43:39 [INFO] pm_mt5: Connected to MT5 (using existing session)
2026-02-04 11:43:39 [INFO] __main__: [OK] Connected to MT5
2026-02-04 11:43:39 [INFO] pm_pipeline: Loaded 37 existing configs from pm_configs.json
2026-02-04 11:43:39 [INFO] __main__: [OK] Portfolio Manager initialized
2026-02-04 11:43:39 [INFO] __main__:   Symbols: 4
2026-02-04 11:43:39 [INFO] __main__:   Strategies: 28
2026-02-04 11:43:39 [INFO] __main__:   Existing configs: 37
2026-02-04 11:43:39 [INFO] __main__: 
============================================================
2026-02-04 11:43:39 [INFO] __main__: RUNNING OPTIMIZATION
2026-02-04 11:43:39 [INFO] __main__: MODE: OVERWRITE (re-optimizing all symbols)
2026-02-04 11:43:39 [INFO] __main__: ============================================================
2026-02-04 11:43:39 [INFO] __main__: Fetching historical data for 4 symbols...
2026-02-04 11:43:44 [INFO] __main__:   BTCETH: 473326 bars saved
2026-02-04 11:43:45 [INFO] __main__:   TONUSD: 156787 bars saved
2026-02-04 11:43:49 [INFO] __main__:   XRPUSD: 500000 bars saved
2026-02-04 11:43:53 [INFO] __main__:   ETHUSD: 500000 bars saved
2026-02-04 11:43:53 [INFO] pm_pipeline: OPTIMIZE BTCETH: overwrite enabled
2026-02-04 11:43:53 [INFO] pm_pipeline: OPTIMIZE TONUSD: overwrite enabled
2026-02-04 11:43:53 [INFO] pm_pipeline: OPTIMIZE XRPUSD: overwrite enabled
2026-02-04 11:43:53 [INFO] pm_pipeline: OPTIMIZE ETHUSD: overwrite enabled
2026-02-04 11:43:53 [INFO] pm_pipeline: 
############################################################
2026-02-04 11:43:53 [INFO] pm_pipeline: PORTFOLIO MANAGER - STATEFUL OPTIMIZATION
2026-02-04 11:43:53 [INFO] pm_pipeline: Total symbols: 4
2026-02-04 11:43:53 [INFO] pm_pipeline: To optimize: 4
2026-02-04 11:43:53 [INFO] pm_pipeline: Skipping: 0 (valid configs)
2026-02-04 11:43:53 [INFO] pm_pipeline: OVERWRITE MODE: ignoring validity checks
2026-02-04 11:43:53 [INFO] pm_pipeline: Strategies: 28
2026-02-04 11:43:53 [INFO] pm_pipeline: Timeframes: ['M5', 'M15', 'M30', 'H1', 'H4', 'D1']
2026-02-04 11:43:53 [INFO] pm_pipeline: ############################################################
2026-02-04 11:43:53 [INFO] pm_pipeline: Parallel optimization enabled: workers=2
2026-02-04 11:44:59 [INFO] __main__: [XAGUSD] Selected: MomentumBurstStrategy @ M15/TREND (strength=0.43, quality=0.43, freshness=1.00, score=0.186)
2026-02-04 11:44:59 [WARNING] __main__: [XAGUSD] Skipping trade; risk 7.30% exceeds cap 5.00% (vol=0.0100, sl=88.10329)
2026-02-04 11:46:11 [INFO] __main__: [XAGUSD] Selected: VolatilityBreakoutStrategy @ H1/TREND (strength=0.46, quality=0.46, freshness=0.85, score=0.178)
2026-02-04 11:46:11 [WARNING] __main__: [XAGUSD] Skipping trade; risk 13.71% exceeds cap 5.00% (vol=0.0100, sl=94.02429)
2026-02-04 11:46:34 [INFO] __main__: Shutting down...
2026-02-04 11:46:34 [INFO] __main__: Stopping trader...
2026-02-04 11:46:34 [INFO] __main__: Saved 1 trades to pm_outputs\trades_20260204_114634.json
2026-02-04 11:46:34 [INFO] pm_mt5: Disconnected from MT5
2026-02-04 11:46:34 [INFO] __main__: Shutdown complete
2026-02-04 11:46:34 [INFO] __main__: Shutting down...
2026-02-04 11:46:34 [INFO] __main__: Stopping trader...
2026-02-04 11:46:34 [INFO] __main__: Saved 1 trades to pm_outputs\trades_20260204_114634.json
2026-02-04 11:46:34 [INFO] __main__: Shutdown complete
2026-02-04 11:46:34 [INFO] __main__: Shutting down...
2026-02-04 11:46:34 [INFO] __main__: Stopping trader...
2026-02-04 11:46:34 [INFO] __main__: Saved 1 trades to pm_outputs\trades_20260204_114634.json
2026-02-04 11:46:34 [INFO] __main__: Shutdown complete
2026-02-04 11:46:52 [INFO] __main__: Resolved config summary (source=config.json)
2026-02-04 11:46:52 [INFO] __main__:   sections: broker_specs_path, instrument_spec_defaults, instrument_specs, mt5, pipeline, position, symbols
2026-02-04 11:46:52 [INFO] __main__:   pipeline: scoring=fx_backtester | bars=500000 | tfs=M5,M15,M30,H1,H4,D1 | live=1500/300 | risk=1.0% | d1+lower=True | max_sym_risk=3.0% | opt_workers=2
2026-02-04 11:46:52 [INFO] __main__:             validation: opt_min=15 | val_min=15 | val_dd<=20.0 | pf>=1.0 | ret>=0.0 | optuna_val_obj=False
2026-02-04 11:46:52 [INFO] __main__:   position: risk=1.0% | basis=balance | max_risk=5.0% | size=0.01-0.0 | auto_widen_sl=True
2026-02-04 11:46:52 [INFO] __main__:   mt5: server=n/a | path=n/a | timeout=60000 | portable=False
2026-02-04 11:46:52 [INFO] __main__:   instruments: overrides=46 | defaults=commission_per_lot | broker_specs=broker_specs.json
2026-02-04 11:46:52 [INFO] __main__: ------------------------------------------------------------
2026-02-04 11:46:52 [INFO] __main__: ============================================================
2026-02-04 11:46:53 [INFO] __main__: FX PORTFOLIO MANAGER v3.0
2026-02-04 11:46:53 [INFO] __main__: ============================================================
2026-02-04 11:46:53 [INFO] __main__: Connecting to MetaTrader 5...
2026-02-04 11:46:53 [INFO] pm_mt5: Connected to MT5 (using existing session)
2026-02-04 11:46:53 [INFO] __main__: [OK] Connected to MT5
2026-02-04 11:46:53 [INFO] pm_pipeline: Loaded 37 existing configs from pm_configs.json
2026-02-04 11:46:53 [INFO] __main__: [OK] Portfolio Manager initialized
2026-02-04 11:46:53 [INFO] __main__:   Symbols: 46
2026-02-04 11:46:53 [INFO] __main__:   Strategies: 28
2026-02-04 11:46:53 [INFO] __main__:   Existing configs: 37
2026-02-04 11:46:53 [INFO] __main__: 
============================================================
2026-02-04 11:46:53 [INFO] __main__: STARTING LIVE TRADING
2026-02-04 11:46:53 [INFO] __main__: Trading enabled: True
2026-02-04 11:46:53 [INFO] __main__: Auto-retrain: False
2026-02-04 11:46:53 [INFO] __main__: Close on opposite signal: False
2026-02-04 11:46:53 [INFO] __main__: ============================================================
2026-02-04 11:52:15 [INFO] __main__: [EURGBP] Selected: VolatilityBreakoutStrategy @ M5/TREND (strength=0.37, quality=0.44, freshness=0.85, score=0.138)
2026-02-04 11:52:15 [INFO] __main__: [EURGBP] Fallback tier 2: reduced risk to 1.00%
2026-02-04 11:52:15 [INFO] __main__: [EURGBP] SELL | basis=1453.35 (balance) | target_risk=1.00% ($14.53) | actual_risk=0.95% ($13.74) | vol_raw=0.1481 | vol=0.1400 | entry=0.86145 | sl=0.86217 | tp=0.86045
2026-02-04 11:52:15 [INFO] __main__: [OK] [EURGBP] SHORT executed: 0.14 lots @ 0.86145
2026-02-04 12:00:16 [INFO] __main__: [XAGUSD] Selected: VolatilityBreakoutStrategy @ H1/TREND (strength=0.46, quality=0.46, freshness=1.00, score=0.208)
2026-02-04 12:00:16 [WARNING] __main__: [XAGUSD] Skipping trade; risk 12.40% exceeds cap 5.00% (vol=0.0100, sl=86.87579)
2026-02-04 12:29:58 [INFO] __main__: [XAUUSD] Selected: KeltnerBreakoutStrategy @ M15/TREND (strength=0.40, quality=0.43, freshness=1.00, score=0.170)
2026-02-04 12:29:58 [INFO] __main__: [XAUUSD] SELL | basis=1386.32 (balance) | target_risk=1.00% ($13.86) | actual_risk=3.45% ($47.85) | vol_raw=0.0100 | vol=0.0100 | entry=5025.41000 | sl=5073.26214 | tp=4993.50857
2026-02-04 12:29:58 [INFO] __main__: [OK] [XAUUSD] SHORT executed: 0.01 lots @ 5025.41000
2026-02-04 12:31:22 [INFO] __main__: [XAUUSD] [SECONDARY] Selected: VolatilityBreakoutStrategy @ D1/CHOP (strength=0.37, quality=0.38, freshness=0.85, score=0.121)
2026-02-04 12:31:22 [INFO] __main__: [XAUUSD] D1 trade open; allowed second trade on D1
2026-02-04 12:31:22 [INFO] __main__: [XAUUSD] Secondary trade: risk 1.00% -> 1.00% (existing=1.00%, cap=3.00%)
2026-02-04 12:31:22 [WARNING] __main__: [XAUUSD] Skipping trade; risk 35.99% exceeds cap 5.00% (vol=0.0100, sl=4528.02714)
2026-02-04 13:12:47 [INFO] __main__: Shutting down...
2026-02-04 13:12:47 [INFO] __main__: Stopping trader...
2026-02-04 13:12:47 [INFO] __main__: Saved 2 trades to pm_outputs\trades_20260204_131247.json
2026-02-04 13:12:47 [INFO] pm_mt5: Disconnected from MT5
2026-02-04 13:12:47 [INFO] __main__: Shutdown complete
2026-02-04 13:12:47 [INFO] __main__: Shutting down...
2026-02-04 13:12:47 [INFO] __main__: Stopping trader...
2026-02-04 13:12:47 [INFO] __main__: Saved 2 trades to pm_outputs\trades_20260204_131247.json
2026-02-04 13:12:47 [INFO] __main__: Shutdown complete
2026-02-04 13:12:47 [INFO] __main__: Shutting down...
2026-02-04 13:12:47 [INFO] __main__: Stopping trader...
2026-02-04 13:12:47 [INFO] __main__: Saved 2 trades to pm_outputs\trades_20260204_131247.json
2026-02-04 13:12:47 [INFO] __main__: Shutdown complete
2026-02-04 13:12:54 [INFO] __main__: Resolved config summary (source=config.json)
2026-02-04 13:12:54 [INFO] __main__:   sections: broker_specs_path, instrument_spec_defaults, instrument_specs, mt5, pipeline, position, symbols
2026-02-04 13:12:54 [INFO] __main__:   pipeline: scoring=fx_backtester | bars=500000 | tfs=M5,M15,M30,H1,H4,D1 | live=1500/300 | risk=1.0% | d1+lower=True | max_sym_risk=3.0% | opt_workers=2
2026-02-04 13:12:54 [INFO] __main__:             validation: opt_min=15 | val_min=15 | val_dd<=20.0 | pf>=1.0 | ret>=0.0 | optuna_val_obj=False
2026-02-04 13:12:54 [INFO] __main__:   position: risk=1.0% | basis=balance | max_risk=5.0% | size=0.01-0.0 | auto_widen_sl=True
2026-02-04 13:12:54 [INFO] __main__:   mt5: server=n/a | path=n/a | timeout=60000 | portable=False
2026-02-04 13:12:54 [INFO] __main__:   instruments: overrides=46 | defaults=commission_per_lot | broker_specs=broker_specs.json
2026-02-04 13:12:54 [INFO] __main__: ------------------------------------------------------------
2026-02-04 13:12:54 [INFO] __main__: ============================================================
2026-02-04 13:12:54 [INFO] __main__: FX PORTFOLIO MANAGER v3.0
2026-02-04 13:12:54 [INFO] __main__: ============================================================
2026-02-04 13:12:54 [INFO] __main__: Connecting to MetaTrader 5...
2026-02-04 13:12:54 [INFO] pm_mt5: Connected to MT5 (using existing session)
2026-02-04 13:12:54 [INFO] __main__: [OK] Connected to MT5
2026-02-04 13:12:54 [INFO] pm_pipeline: Loaded 37 existing configs from pm_configs.json
2026-02-04 13:12:54 [INFO] __main__: [OK] Portfolio Manager initialized
2026-02-04 13:12:54 [INFO] __main__:   Symbols: 46
2026-02-04 13:12:54 [INFO] __main__:   Strategies: 28
2026-02-04 13:12:54 [INFO] __main__:   Existing configs: 37
2026-02-04 13:12:54 [INFO] __main__: 
============================================================
2026-02-04 13:12:54 [INFO] __main__: STARTING LIVE TRADING
2026-02-04 13:12:54 [INFO] __main__: Trading enabled: True
2026-02-04 13:12:54 [INFO] __main__: Auto-retrain: False
2026-02-04 13:12:54 [INFO] __main__: Close on opposite signal: False
2026-02-04 13:12:54 [INFO] __main__: ============================================================
2026-02-04 13:44:47 [INFO] pm_pipeline: 
Progress: 1/4
2026-02-04 13:44:47 [INFO] pm_pipeline: SAVED TONUSD to pm_configs.json (atomic)
2026-02-04 13:46:56 [INFO] __main__: Shutting down...
2026-02-04 13:46:56 [INFO] __main__: Stopping trader...
2026-02-04 13:46:56 [INFO] __main__: Saved 0 trades to pm_outputs\trades_20260204_134656.json
2026-02-04 13:46:56 [INFO] pm_mt5: Disconnected from MT5
2026-02-04 13:46:56 [INFO] __main__: Shutdown complete
2026-02-04 13:46:56 [INFO] __main__: Shutting down...
2026-02-04 13:46:56 [INFO] __main__: Stopping trader...
2026-02-04 13:46:56 [INFO] __main__: Saved 0 trades to pm_outputs\trades_20260204_134656.json
2026-02-04 13:46:56 [INFO] __main__: Shutdown complete
2026-02-04 13:46:56 [INFO] __main__: Shutting down...
2026-02-04 13:46:56 [INFO] __main__: Stopping trader...
2026-02-04 13:46:56 [INFO] __main__: Saved 0 trades to pm_outputs\trades_20260204_134656.json
2026-02-04 13:46:56 [INFO] __main__: Shutdown complete
2026-02-04 13:47:08 [INFO] __main__: Resolved config summary (source=config.json)
2026-02-04 13:47:08 [INFO] __main__:   sections: broker_specs_path, instrument_spec_defaults, instrument_specs, mt5, pipeline, position, symbols
2026-02-04 13:47:08 [INFO] __main__:   pipeline: scoring=fx_backtester | bars=500000 | tfs=M5,M15,M30,H1,H4,D1 | live=1500/300 | risk=1.0% | d1+lower=True | max_sym_risk=3.0% | opt_workers=2
2026-02-04 13:47:08 [INFO] __main__:             validation: opt_min=15 | val_min=15 | val_dd<=20.0 | pf>=1.0 | ret>=0.0 | optuna_val_obj=False
2026-02-04 13:47:08 [INFO] __main__:   position: risk=1.0% | basis=balance | max_risk=5.0% | size=0.01-0.0 | auto_widen_sl=True
2026-02-04 13:47:08 [INFO] __main__:   mt5: server=n/a | path=n/a | timeout=60000 | portable=False
2026-02-04 13:47:08 [INFO] __main__:   instruments: overrides=46 | defaults=commission_per_lot | broker_specs=broker_specs.json
2026-02-04 13:47:08 [INFO] __main__: ------------------------------------------------------------
2026-02-04 13:47:08 [INFO] __main__: ============================================================
2026-02-04 13:47:08 [INFO] __main__: FX PORTFOLIO MANAGER v3.0
2026-02-04 13:47:08 [INFO] __main__: ============================================================
2026-02-04 13:47:08 [INFO] __main__: Connecting to MetaTrader 5...
2026-02-04 13:47:08 [INFO] pm_mt5: Connected to MT5 (using existing session)
2026-02-04 13:47:08 [INFO] __main__: [OK] Connected to MT5
2026-02-04 13:47:08 [INFO] pm_pipeline: Loaded 37 existing configs from pm_configs.json
2026-02-04 13:47:08 [INFO] __main__: [OK] Portfolio Manager initialized
2026-02-04 13:47:08 [INFO] __main__:   Symbols: 46
2026-02-04 13:47:08 [INFO] __main__:   Strategies: 28
2026-02-04 13:47:08 [INFO] __main__:   Existing configs: 37
2026-02-04 13:47:08 [INFO] __main__: 
============================================================
2026-02-04 13:47:08 [INFO] __main__: STARTING LIVE TRADING
2026-02-04 13:47:08 [INFO] __main__: Trading enabled: True
2026-02-04 13:47:08 [INFO] __main__: Auto-retrain: False
2026-02-04 13:47:08 [INFO] __main__: Close on opposite signal: False
2026-02-04 13:47:08 [INFO] __main__: ============================================================
2026-02-04 14:00:56 [INFO] __main__: [XAGUSD] Selected: VolatilityBreakoutStrategy @ H1/TREND (strength=0.41, quality=0.46, freshness=1.00, score=0.185)
2026-02-04 14:00:56 [WARNING] __main__: [XAGUSD] Skipping trade; risk 12.93% exceeds cap 5.00% (vol=0.0100, sl=93.12536)
2026-02-04 14:24:57 [INFO] __main__: [TONUSD] Selected: MomentumBurstStrategy @ M5/CHOP (strength=0.35, quality=0.43, freshness=1.00, score=0.151)
2026-02-04 14:24:57 [INFO] __main__: [TONUSD] Fallback tier 2: reduced risk to 1.00%
2026-02-04 14:24:57 [INFO] __main__: [TONUSD] SELL | basis=1386.32 (balance) | target_risk=1.00% ($13.86) | actual_risk=1.00% ($13.93) | vol_raw=21.3280 | vol=21.3200 | entry=1.38390 | sl=1.39044 | tp=1.37867
2026-02-04 14:24:57 [INFO] __main__: [OK] [TONUSD] SHORT executed: 21.32 lots @ 1.38390
2026-02-04 14:35:57 [INFO] __main__: [TONUSD] Selected: MomentumBurstStrategy @ M5/CHOP (strength=0.37, quality=0.43, freshness=1.00, score=0.157)
2026-02-04 14:35:57 [INFO] __main__: [TONUSD] Fallback tier 2: reduced risk to 1.00%
2026-02-04 14:35:57 [INFO] __main__: [TONUSD] SELL | basis=1358.43 (balance) | target_risk=1.00% ($13.58) | actual_risk=1.00% ($13.63) | vol_raw=21.5624 | vol=21.5600 | entry=1.38380 | sl=1.39012 | tp=1.37874
2026-02-04 14:35:57 [INFO] __main__: [OK] [TONUSD] SHORT executed: 21.56 lots @ 1.38380
2026-02-04 14:39:53 [INFO] __main__: [TONUSD] Selected: MomentumBurstStrategy @ M5/CHOP (strength=0.40, quality=0.43, freshness=1.00, score=0.171)
2026-02-04 14:39:53 [INFO] __main__: [TONUSD] Fallback tier 2: reduced risk to 1.00%
2026-02-04 14:39:53 [INFO] __main__: [TONUSD] SELL | basis=1344.63 (balance) | target_risk=1.00% ($13.45) | actual_risk=0.99% ($13.35) | vol_raw=22.7903 | vol=22.7900 | entry=1.38320 | sl=1.38906 | tp=1.37851
2026-02-04 14:39:53 [WARNING] __main__: [FAIL] [TONUSD] Order failed: 10016 - Invalid stops
2026-02-04 14:40:13 [INFO] __main__: [EURGBP] Selected: VolatilityBreakoutStrategy @ M5/TREND (strength=0.33, quality=0.44, freshness=1.00, score=0.147)
2026-02-04 14:40:13 [INFO] __main__: [EURGBP] Fallback tier 2: reduced risk to 1.00%
2026-02-04 14:40:13 [INFO] __main__: [EURGBP] BUY | basis=1344.63 (balance) | target_risk=1.00% ($13.45) | actual_risk=0.94% ($12.60) | vol_raw=0.1174 | vol=0.1100 | entry=0.86222 | sl=0.86138 | tp=0.86322
2026-02-04 14:40:13 [INFO] __main__: [OK] [EURGBP] LONG executed: 0.11 lots @ 0.86222
2026-02-04 14:51:04 [INFO] __main__: [TONUSD] Selected: MomentumBurstStrategy @ M5/CHOP (strength=0.44, quality=0.43, freshness=1.00, score=0.186)
2026-02-04 14:51:04 [INFO] __main__: [TONUSD] Fallback tier 2: reduced risk to 1.00%
2026-02-04 14:51:04 [INFO] __main__: [TONUSD] SELL | basis=1344.63 (balance) | target_risk=1.00% ($13.45) | actual_risk=1.00% ($13.46) | vol_raw=19.4874 | vol=19.4800 | entry=1.37820 | sl=1.38511 | tp=1.37267
2026-02-04 14:51:04 [INFO] __main__: [OK] [TONUSD] SHORT executed: 19.48 lots @ 1.37820
2026-02-04 15:00:40 [INFO] __main__: [XAGUSD] Selected: VolatilityBreakoutStrategy @ H1/TREND (strength=0.35, quality=0.46, freshness=1.00, score=0.161)
2026-02-04 15:00:40 [WARNING] __main__: [XAGUSD] Skipping trade; risk 14.02% exceeds cap 5.00% (vol=0.0100, sl=87.94904)
2026-02-04 15:01:02 [INFO] __main__: [TONUSD] Selected: MomentumBurstStrategy @ M5/TREND (strength=0.39, quality=0.43, freshness=1.00, score=0.168)
2026-02-04 15:01:02 [INFO] __main__: [TONUSD] Fallback tier 2: reduced risk to 1.00%
2026-02-04 15:01:02 [INFO] __main__: [TONUSD] SELL | basis=1331.19 (balance) | target_risk=1.00% ($13.31) | actual_risk=1.00% ($13.30) | vol_raw=16.6399 | vol=16.6300 | entry=1.37540 | sl=1.38340 | tp=1.36900
2026-02-04 15:01:02 [INFO] __main__: [OK] [TONUSD] SHORT executed: 16.62 lots @ 1.37540
2026-02-04 15:05:16 [INFO] __main__: [TONUSD] Selected: MomentumBurstStrategy @ M5/TREND (strength=0.40, quality=0.43, freshness=1.00, score=0.172)
2026-02-04 15:05:16 [INFO] __main__: [TONUSD] Fallback tier 2: reduced risk to 1.00%
2026-02-04 15:05:16 [INFO] __main__: [TONUSD] SELL | basis=1304.72 (balance) | target_risk=1.00% ($13.05) | actual_risk=1.00% ($13.06) | vol_raw=14.9968 | vol=14.9900 | entry=1.37890 | sl=1.38761 | tp=1.37193
2026-02-04 15:05:16 [INFO] __main__: [OK] [TONUSD] SHORT executed: 14.99 lots @ 1.37890
2026-02-04 15:05:40 [INFO] __main__: [EURJPY] Selected: VolatilityBreakoutStrategy @ M5/CHOP (strength=0.40, quality=0.40, freshness=1.00, score=0.160)
2026-02-04 15:05:40 [INFO] __main__: [EURJPY] Fallback tier 2: reduced risk to 1.00%
2026-02-04 15:05:40 [INFO] __main__: [EURJPY] SELL | basis=1304.72 (balance) | target_risk=1.00% ($13.05) | actual_risk=0.90% ($11.72) | vol_raw=0.0891 | vol=0.0800 | entry=184.88200 | sl=185.11129 | tp=184.49986
2026-02-04 15:05:40 [INFO] __main__: [OK] [EURJPY] SHORT executed: 0.08 lots @ 184.88200
2026-02-04 15:09:58 [INFO] __main__: [AUDJPY] Selected: AroonTrendStrategy @ M5/CHOP (strength=0.30, quality=0.47, freshness=1.00, score=0.140)
2026-02-04 15:09:58 [INFO] __main__: [AUDJPY] Fallback tier 2: reduced risk to 1.00%
2026-02-04 15:09:58 [INFO] __main__: [AUDJPY] SELL | basis=1291.53 (balance) | target_risk=1.00% ($12.92) | actual_risk=0.92% ($11.91) | vol_raw=0.1193 | vol=0.1100 | entry=109.88700 | sl=110.05646 | tp=109.78700
2026-02-04 15:09:58 [INFO] __main__: [OK] [AUDJPY] SHORT executed: 0.11 lots @ 109.88700
2026-02-04 15:10:51 [INFO] __main__: [TONUSD] Selected: MomentumBurstStrategy @ M5/TREND (strength=0.39, quality=0.43, freshness=1.00, score=0.165)
2026-02-04 15:10:51 [INFO] __main__: [TONUSD] Fallback tier 2: reduced risk to 1.00%
2026-02-04 15:10:51 [INFO] __main__: [TONUSD] SELL | basis=1291.53 (balance) | target_risk=1.00% ($12.92) | actual_risk=0.99% ($12.85) | vol_raw=13.7397 | vol=13.7300 | entry=1.37630 | sl=1.38566 | tp=1.36881
2026-02-04 15:10:52 [INFO] __main__: [OK] [TONUSD] SHORT executed: 13.73 lots @ 1.37630
2026-02-04 15:15:05 [INFO] __main__: [XAGUSD] Selected: MomentumBurstStrategy @ M15/TREND (strength=0.39, quality=0.43, freshness=1.00, score=0.168)
2026-02-04 15:15:05 [WARNING] __main__: [XAGUSD] Skipping trade; risk 10.17% exceeds cap 5.00% (vol=0.0100, sl=88.95329)
2026-02-04 15:16:39 [INFO] __main__: [TONUSD] Selected: MomentumBurstStrategy @ D1/TREND (strength=0.37, quality=0.36, freshness=0.85, score=0.114)
2026-02-04 15:16:39 [INFO] __main__: [TONUSD] SELL | basis=1278.35 (balance) | target_risk=1.00% ($12.78) | actual_risk=0.98% ($12.59) | vol_raw=0.5990 | vol=0.5900 | entry=1.37810 | sl=1.59153 | tp=1.30696
2026-02-04 15:16:40 [INFO] __main__: [OK] [TONUSD] SHORT executed: 0.57 lots @ 1.37810
2026-02-04 15:19:05 [INFO] __main__: Shutting down...
2026-02-04 15:19:05 [INFO] __main__: Stopping trader...
2026-02-04 15:19:05 [INFO] __main__: Saved 11 trades to pm_outputs\trades_20260204_151905.json
2026-02-04 15:19:05 [INFO] pm_mt5: Disconnected from MT5
2026-02-04 15:19:05 [INFO] __main__: Shutdown complete
2026-02-04 15:19:05 [INFO] __main__: Shutting down...
2026-02-04 15:19:05 [INFO] __main__: Stopping trader...
2026-02-04 15:19:05 [INFO] __main__: Saved 11 trades to pm_outputs\trades_20260204_151905.json
2026-02-04 15:19:05 [INFO] __main__: Shutdown complete
2026-02-04 15:19:05 [INFO] __main__: Shutting down...
2026-02-04 15:19:05 [INFO] __main__: Stopping trader...
2026-02-04 15:19:05 [INFO] __main__: Saved 11 trades to pm_outputs\trades_20260204_151905.json
2026-02-04 15:19:05 [INFO] __main__: Shutdown complete
2026-02-04 16:21:52 [INFO] __main__: Resolved config summary (source=config.json)
2026-02-04 16:21:52 [INFO] __main__:   sections: broker_specs_path, instrument_spec_defaults, instrument_specs, mt5, pipeline, position, symbols
2026-02-04 16:21:52 [INFO] __main__:   pipeline: scoring=fx_backtester | bars=500000 | tfs=M5,M15,M30,H1,H4,D1 | live=1500/300 | risk=1.0% | d1+lower=True | max_sym_risk=3.0% | opt_workers=2
2026-02-04 16:21:52 [INFO] __main__:             validation: opt_min=15 | val_min=15 | val_dd<=20.0 | pf>=1.0 | ret>=0.0 | optuna_val_obj=False
2026-02-04 16:21:52 [INFO] __main__:   position: risk=1.0% | basis=balance | max_risk=5.0% | size=0.01-0.0 | auto_widen_sl=True
2026-02-04 16:21:52 [INFO] __main__:   mt5: server=n/a | path=n/a | timeout=60000 | portable=False
2026-02-04 16:21:52 [INFO] __main__:   instruments: overrides=46 | defaults=commission_per_lot | broker_specs=broker_specs.json
2026-02-04 16:21:52 [INFO] __main__: ------------------------------------------------------------
2026-02-04 16:21:52 [INFO] __main__: ============================================================
2026-02-04 16:21:52 [INFO] __main__: FX PORTFOLIO MANAGER v3.0
2026-02-04 16:21:52 [INFO] __main__: ============================================================
2026-02-04 16:21:52 [INFO] __main__: Connecting to MetaTrader 5...
2026-02-04 16:21:52 [INFO] pm_mt5: Connected to MT5 (using existing session)
2026-02-04 16:21:52 [INFO] __main__: [OK] Connected to MT5
2026-02-04 16:21:52 [INFO] pm_pipeline: Loaded 37 existing configs from pm_configs.json
2026-02-04 16:21:52 [INFO] __main__: [OK] Portfolio Manager initialized
2026-02-04 16:21:52 [INFO] __main__:   Symbols: 46
2026-02-04 16:21:52 [INFO] __main__:   Strategies: 28
2026-02-04 16:21:52 [INFO] __main__:   Existing configs: 37
2026-02-04 16:21:52 [INFO] __main__: 
============================================================
2026-02-04 16:21:52 [INFO] __main__: STARTING LIVE TRADING
2026-02-04 16:21:52 [INFO] __main__: Trading enabled: True
2026-02-04 16:21:52 [INFO] __main__: Auto-retrain: False
2026-02-04 16:21:52 [INFO] __main__: Close on opposite signal: False
2026-02-04 16:21:52 [INFO] __main__: ============================================================
2026-02-04 16:21:54 [INFO] __main__: [EURUSD] [M5] [CHOP] No validated winner for timeframe/regime; skipping
2026-02-04 16:21:55 [INFO] __main__: [EURUSD] [M15] [TREND] No validated winner for timeframe/regime; skipping
2026-02-04 16:21:57 [INFO] __main__: [EURUSD] Winners-only eval: tfs=6/6 | winners=1 | actionable=0
2026-02-04 16:21:57 [INFO] __main__: [EURUSD] NO_ACTIONABLE_WINNER_SIGNAL (no actionable winners)
2026-02-04 16:21:58 [INFO] __main__: [GBPUSD] [M5] [RANGE] No validated winner for timeframe/regime; skipping
2026-02-04 16:22:01 [INFO] __main__: [GBPUSD] Winners-only eval: tfs=6/6 | winners=5 | actionable=1
2026-02-04 16:22:01 [INFO] __main__: [GBPUSD] NO_ACTIONABLE_SIGNAL_WITHIN_MARGIN (actionable below margin)
2026-02-04 16:22:03 [INFO] __main__: [USDJPY] [H4] [RANGE] No validated winner for timeframe/regime; skipping
2026-02-04 16:22:04 [INFO] __main__: [USDJPY] [D1] [BREAKOUT] No validated winner for timeframe/regime; skipping
2026-02-04 16:22:04 [INFO] __main__: [USDJPY] Winners-only eval: tfs=6/6 | winners=4 | actionable=0
2026-02-04 16:22:04 [INFO] __main__: [USDJPY] NO_ACTIONABLE_WINNER_SIGNAL (no actionable winners)
2026-02-04 16:22:04 [INFO] __main__: [USDCHF] [M5] [TREND] No validated winner for timeframe/regime; skipping
2026-02-04 16:22:06 [INFO] __main__: [USDCHF] [D1] [BREAKOUT] No validated winner for timeframe/regime; skipping
2026-02-04 16:22:06 [INFO] __main__: [USDCHF] No valid candidates after timeframe constraints (secondary trade filter)
2026-02-04 16:22:06 [INFO] __main__: [USDCAD] [M5] [TREND] No validated winner for timeframe/regime; skipping
2026-02-04 16:22:07 [INFO] __main__: [USDCAD] [M15] [TREND] No validated winner for timeframe/regime; skipping
2026-02-04 16:22:08 [INFO] __main__: [USDCAD] [D1] [RANGE] No validated winner for timeframe/regime; skipping
2026-02-04 16:22:08 [INFO] __main__: [USDCAD] Winners-only eval: tfs=6/6 | winners=3 | actionable=0
2026-02-04 16:22:08 [INFO] __main__: [USDCAD] NO_ACTIONABLE_WINNER_SIGNAL (no actionable winners)
2026-02-04 16:22:09 [INFO] __main__: [AUDUSD] [M5] [CHOP] No validated winner for timeframe/regime; skipping
2026-02-04 16:22:11 [INFO] __main__: [AUDUSD] [D1] [BREAKOUT] No validated winner for timeframe/regime; skipping
2026-02-04 16:22:11 [INFO] __main__: [AUDUSD] Winners-only eval: tfs=6/6 | winners=4 | actionable=0
2026-02-04 16:22:11 [INFO] __main__: [AUDUSD] NO_ACTIONABLE_WINNER_SIGNAL (no actionable winners)
2026-02-04 16:22:11 [INFO] __main__: [NZDUSD] [M5] [TREND] No validated winner for timeframe/regime; skipping
2026-02-04 16:22:12 [INFO] __main__: [NZDUSD] [M15] [CHOP] No validated winner for timeframe/regime; skipping
2026-02-04 16:22:13 [INFO] __main__: [NZDUSD] Winners-only eval: tfs=6/6 | winners=1 | actionable=0
2026-02-04 16:22:13 [INFO] __main__: [NZDUSD] NO_ACTIONABLE_WINNER_SIGNAL (no actionable winners)
2026-02-04 16:22:14 [INFO] __main__: [AUDNZD] [M5] [TREND] No validated winner for timeframe/regime; skipping
2026-02-04 16:22:14 [INFO] __main__: [AUDNZD] [M15] [CHOP] No validated winner for timeframe/regime; skipping
2026-02-04 16:22:15 [INFO] __main__: [AUDNZD] [M30] [TREND] No validated winner for timeframe/regime; skipping
2026-02-04 16:22:16 [INFO] __main__: [AUDNZD] Winners-only eval: tfs=6/6 | winners=1 | actionable=0
2026-02-04 16:22:16 [INFO] __main__: [AUDNZD] NO_ACTIONABLE_WINNER_SIGNAL (no actionable winners)
2026-02-04 16:22:16 [INFO] __main__: [EURGBP] [M5] [TREND] No validated winner for timeframe/regime; skipping
2026-02-04 16:22:18 [INFO] __main__: [EURGBP] [D1] [CHOP] No validated winner for timeframe/regime; skipping
2026-02-04 16:22:18 [INFO] __main__: [EURGBP] Winners-only eval: tfs=6/6 | winners=4 | actionable=0
2026-02-04 16:22:18 [INFO] __main__: [EURGBP] NO_ACTIONABLE_WINNER_SIGNAL (no actionable winners)
2026-02-04 16:22:19 [INFO] __main__: [EURJPY] [M5] [CHOP] No validated winner for timeframe/regime; skipping
2026-02-04 16:22:21 [INFO] __main__: [EURJPY] [D1] [CHOP] No validated winner for timeframe/regime; skipping
2026-02-04 16:22:21 [INFO] __main__: [EURJPY] No valid candidates after timeframe constraints (secondary trade filter)
2026-02-04 16:22:21 [INFO] __main__: [GBPJPY] [M5] [TREND] No validated winner for timeframe/regime; skipping
2026-02-04 16:22:23 [INFO] __main__: [GBPJPY] Winners-only eval: tfs=6/6 | winners=1 | actionable=1
2026-02-04 16:22:24 [INFO] __main__: [AUDJPY] [M5] [CHOP] No validated winner for timeframe/regime; skipping
2026-02-04 16:22:26 [INFO] __main__: [AUDJPY] [D1] [RANGE] No validated winner for timeframe/regime; skipping
2026-02-04 16:22:26 [INFO] __main__: [AUDJPY] Winners-only eval: tfs=6/6 | winners=4 | actionable=0
2026-02-04 16:22:26 [INFO] __main__: [AUDJPY] NO_ACTIONABLE_WINNER_SIGNAL (no actionable winners)
2026-02-04 16:22:26 [INFO] __main__: [EURAUD] [M5] [CHOP] Winner failed live gate (PF=1.11, ret=-100.0%, dd=100.0%)
2026-02-04 16:22:27 [INFO] __main__: [EURAUD] [M15] [TREND] Winner failed live gate (PF=1.04, ret=-100.0%, dd=100.0%)
2026-02-04 16:22:27 [INFO] __main__: [EURAUD] [M30] [TREND] Winner failed live gate (PF=1.06, ret=-100.0%, dd=100.0%)
2026-02-04 16:22:28 [INFO] __main__: [EURAUD] [H1] [CHOP] Winner failed live gate (PF=1.35, ret=-100.0%, dd=100.0%)
2026-02-04 16:22:28 [INFO] __main__: [EURAUD] [H4] [TREND] Winner failed live gate (PF=1.37, ret=-100.0%, dd=100.0%)
2026-02-04 16:22:29 [INFO] __main__: [EURAUD] [D1] [TREND] No validated winner for timeframe/regime; skipping
2026-02-04 16:22:29 [INFO] __main__: [EURAUD] Winners-only eval: tfs=6/6 | winners=0 | actionable=0 (no_winner=1, failed_gate=5, insufficient_bars=0)
2026-02-04 16:22:29 [INFO] __main__: [EURCHF] [M5] [TREND] Winner failed live gate (PF=0.46, ret=-100.0%, dd=100.0%)
2026-02-04 16:22:29 [INFO] __main__: [EURCHF] [M15] [TREND] Winner failed live gate (PF=0.64, ret=-100.0%, dd=100.0%)
2026-02-04 16:22:30 [INFO] __main__: [EURCHF] [M30] [TREND] Winner failed live gate (PF=1.47, ret=-100.0%, dd=100.0%)
2026-02-04 16:22:30 [INFO] __main__: [EURCHF] [H1] [TREND] Winner failed live gate (PF=0.84, ret=-100.0%, dd=100.0%)
2026-02-04 16:22:31 [INFO] __main__: [EURCHF] [H4] [TREND] Winner failed live gate (PF=2.08, ret=-100.0%, dd=100.0%)
2026-02-04 16:22:31 [INFO] __main__: [EURCHF] [D1] [BREAKOUT] No validated winner for timeframe/regime; skipping
2026-02-04 16:22:31 [INFO] __main__: [EURCHF] Winners-only eval: tfs=6/6 | winners=0 | actionable=0 (no_winner=1, failed_gate=5, insufficient_bars=0)
2026-02-04 16:22:31 [INFO] __main__: [EURCAD] [M5] [TREND] Winner failed live gate (PF=0.55, ret=-100.0%, dd=100.0%)
2026-02-04 16:22:32 [INFO] __main__: [EURCAD] [M15] [TREND] Winner failed live gate (PF=0.92, ret=-100.0%, dd=100.0%)
2026-02-04 16:22:32 [INFO] __main__: [EURCAD] [M30] [TREND] Winner failed live gate (PF=1.07, ret=-100.0%, dd=100.0%)
2026-02-04 16:22:33 [INFO] __main__: [EURCAD] [H1] [TREND] Winner failed live gate (PF=1.18, ret=-100.0%, dd=100.0%)
2026-02-04 16:22:33 [INFO] __main__: [EURCAD] [H4] [TREND] Winner failed live gate (PF=1.31, ret=-100.0%, dd=100.0%)
2026-02-04 16:22:33 [INFO] __main__: [EURCAD] [D1] [CHOP] Winner failed live gate (PF=1.88, ret=-100.0%, dd=100.0%)
2026-02-04 16:22:33 [INFO] __main__: [EURCAD] Winners-only eval: tfs=6/6 | winners=0 | actionable=0 (no_winner=0, failed_gate=6, insufficient_bars=0)
2026-02-04 16:22:34 [INFO] __main__: [EURNZD] [M5] [CHOP] Winner failed live gate (PF=0.57, ret=-100.0%, dd=100.0%)
2026-02-04 16:22:34 [INFO] __main__: [EURNZD] [M15] [TREND] Winner failed live gate (PF=0.98, ret=-100.0%, dd=100.0%)
2026-02-04 16:22:35 [INFO] __main__: [EURNZD] [M30] [CHOP] Winner failed live gate (PF=1.44, ret=-100.0%, dd=100.0%)
2026-02-04 16:22:35 [INFO] __main__: [EURNZD] [H1] [TREND] Winner failed live gate (PF=1.47, ret=-100.0%, dd=100.0%)
2026-02-04 16:22:35 [INFO] __main__: [EURNZD] [H4] [TREND] Winner failed live gate (PF=1.73, ret=-100.0%, dd=100.0%)
2026-02-04 16:22:36 [INFO] __main__: [EURNZD] [D1] [TREND] No validated winner for timeframe/regime; skipping
2026-02-04 16:22:36 [INFO] __main__: [EURNZD] Winners-only eval: tfs=6/6 | winners=0 | actionable=0 (no_winner=1, failed_gate=5, insufficient_bars=0)
2026-02-04 16:22:36 [INFO] __main__: [GBPAUD] [M5] [RANGE] Winner failed live gate (PF=1.01, ret=-100.0%, dd=100.0%)
2026-02-04 16:22:37 [INFO] __main__: [GBPAUD] [M15] [TREND] Winner failed live gate (PF=1.00, ret=-100.0%, dd=100.0%)
2026-02-04 16:22:37 [INFO] __main__: [GBPAUD] [M30] [TREND] Winner failed live gate (PF=1.05, ret=-100.0%, dd=100.0%)
2026-02-04 16:22:37 [INFO] __main__: [GBPAUD] [H1] [CHOP] Winner failed live gate (PF=1.44, ret=-100.0%, dd=100.0%)
2026-02-04 16:22:38 [INFO] __main__: [GBPAUD] [H4] [TREND] Winner failed live gate (PF=2.40, ret=-100.0%, dd=100.0%)
2026-02-04 16:22:38 [INFO] __main__: [GBPAUD] [D1] [TREND] No validated winner for timeframe/regime; skipping
2026-02-04 16:22:38 [INFO] __main__: [GBPAUD] Winners-only eval: tfs=6/6 | winners=0 | actionable=0 (no_winner=1, failed_gate=5, insufficient_bars=0)
2026-02-04 16:22:38 [INFO] __main__: [GBPCAD] [M5] [TREND] Winner failed live gate (PF=0.62, ret=-100.0%, dd=100.0%)
2026-02-04 16:22:39 [INFO] __main__: [GBPCAD] [M15] [RANGE] Winner failed live gate (PF=1.06, ret=-100.0%, dd=100.0%)
2026-02-04 16:22:39 [INFO] __main__: [GBPCAD] [M30] [TREND] Winner failed live gate (PF=1.08, ret=-100.0%, dd=100.0%)
2026-02-04 16:22:40 [INFO] __main__: [GBPCAD] [H1] [TREND] Winner failed live gate (PF=1.06, ret=-100.0%, dd=100.0%)
2026-02-04 16:22:40 [INFO] __main__: [GBPCAD] [H4] [TREND] Winner failed live gate (PF=1.38, ret=-100.0%, dd=100.0%)
2026-02-04 16:22:40 [INFO] __main__: [GBPCAD] [D1] [CHOP] Winner failed live gate (PF=2.50, ret=-100.0%, dd=100.0%)
2026-02-04 16:22:40 [INFO] __main__: [GBPCAD] Winners-only eval: tfs=6/6 | winners=0 | actionable=0 (no_winner=0, failed_gate=6, insufficient_bars=0)
2026-02-04 16:22:40 [INFO] __main__: [GBPCHF] 2 positions already open
2026-02-04 16:22:41 [INFO] __main__: [CADJPY] [M5] [CHOP] Winner failed live gate (PF=0.82, ret=-100.0%, dd=100.0%)
2026-02-04 16:22:41 [INFO] __main__: [CADJPY] [M15] [CHOP] Winner failed live gate (PF=1.70, ret=-100.0%, dd=100.0%)
2026-02-04 16:22:42 [INFO] __main__: [CADJPY] [M30] [RANGE] Winner failed live gate (PF=2.15, ret=-100.0%, dd=100.0%)
2026-02-04 16:22:42 [INFO] __main__: [CADJPY] [H1] [RANGE] Winner failed live gate (PF=1.65, ret=-100.0%, dd=100.0%)
2026-02-04 16:22:42 [INFO] __main__: [CADJPY] [H4] [CHOP] Winner failed live gate (PF=1.70, ret=-100.0%, dd=100.0%)
2026-02-04 16:22:43 [INFO] __main__: [CADJPY] [D1] [CHOP] Winner failed live gate (PF=1.42, ret=-100.0%, dd=100.0%)
2026-02-04 16:22:43 [INFO] __main__: [CADJPY] Winners-only eval: tfs=6/6 | winners=0 | actionable=0 (no_winner=0, failed_gate=6, insufficient_bars=0)
2026-02-04 16:22:43 [INFO] __main__: [NZDJPY] [M5] [CHOP] Winner failed live gate (PF=0.49, ret=-100.0%, dd=100.0%)
2026-02-04 16:22:44 [INFO] __main__: [NZDJPY] [M15] [RANGE] Winner failed live gate (PF=1.23, ret=-100.0%, dd=100.0%)
2026-02-04 16:22:44 [INFO] __main__: [NZDJPY] [M30] [CHOP] Winner failed live gate (PF=1.33, ret=-100.0%, dd=100.0%)
2026-02-04 16:22:44 [INFO] __main__: [NZDJPY] [H1] [TREND] Winner failed live gate (PF=1.04, ret=-100.0%, dd=100.0%)
2026-02-04 16:22:45 [INFO] __main__: [NZDJPY] [H4] [TREND] Winner failed live gate (PF=1.59, ret=-100.0%, dd=100.0%)
2026-02-04 16:22:45 [INFO] __main__: [NZDJPY] [D1] [TREND] No validated winner for timeframe/regime; skipping
2026-02-04 16:22:45 [INFO] __main__: [NZDJPY] Winners-only eval: tfs=6/6 | winners=0 | actionable=0 (no_winner=1, failed_gate=5, insufficient_bars=0)
2026-02-04 16:22:46 [INFO] __main__: [USDNOK] [M5] [RANGE] Winner failed live gate (PF=0.65, ret=-100.0%, dd=100.0%)
2026-02-04 16:22:46 [INFO] __main__: [USDNOK] [M15] [TREND] Winner failed live gate (PF=0.71, ret=-100.0%, dd=100.0%)
2026-02-04 16:22:46 [INFO] __main__: [USDNOK] [M30] [TREND] Winner failed live gate (PF=1.11, ret=-100.0%, dd=100.0%)
2026-02-04 16:22:47 [INFO] __main__: [USDNOK] [H1] [TREND] Winner failed live gate (PF=0.99, ret=-100.0%, dd=100.0%)
2026-02-04 16:22:47 [INFO] __main__: [USDNOK] [H4] [TREND] Winner failed live gate (PF=3.75, ret=-100.0%, dd=100.0%)
2026-02-04 16:22:47 [INFO] __main__: [USDNOK] [D1] [TREND] No validated winner for timeframe/regime; skipping
2026-02-04 16:22:48 [INFO] __main__: [USDNOK] Winners-only eval: tfs=6/6 | winners=0 | actionable=0 (no_winner=1, failed_gate=5, insufficient_bars=0)
2026-02-04 16:22:50 [INFO] __main__: [USDMXN] Winners-only eval: tfs=6/6 | winners=1 | actionable=1
2026-02-04 16:22:50 [INFO] __main__: [USDSGD] [M5] [TREND] Winner failed live gate (PF=0.43, ret=-100.0%, dd=100.0%)
2026-02-04 16:22:51 [INFO] __main__: [USDSGD] [M15] [CHOP] Winner failed live gate (PF=0.88, ret=-100.0%, dd=100.0%)
2026-02-04 16:22:51 [INFO] __main__: [USDSGD] [M30] [TREND] Winner failed live gate (PF=0.98, ret=-100.0%, dd=100.0%)
2026-02-04 16:22:51 [INFO] __main__: [USDSGD] [H1] [RANGE] Winner failed live gate (PF=1.07, ret=-100.0%, dd=100.0%)
2026-02-04 16:22:52 [INFO] __main__: [USDSGD] [H4] [RANGE] Winner failed live gate (PF=2.07, ret=-100.0%, dd=100.0%)
2026-02-04 16:22:52 [INFO] __main__: [USDSGD] [D1] [BREAKOUT] No validated winner for timeframe/regime; skipping
2026-02-04 16:22:52 [INFO] __main__: [USDSGD] Winners-only eval: tfs=6/6 | winners=0 | actionable=0 (no_winner=1, failed_gate=5, insufficient_bars=0)
2026-02-04 16:22:53 [INFO] __main__: [USDZAR] [M5] [CHOP] No validated winner for timeframe/regime; skipping
2026-02-04 16:22:55 [INFO] __main__: Shutting down...
2026-02-04 16:22:55 [INFO] __main__: Stopping trader...
2026-02-04 16:22:55 [INFO] __main__: Saved 0 trades to pm_outputs\trades_20260204_162255.json
2026-02-04 16:22:55 [INFO] pm_mt5: Disconnected from MT5
2026-02-04 16:22:55 [INFO] __main__: Shutdown complete
2026-02-04 16:22:55 [INFO] __main__: Shutting down...
2026-02-04 16:22:55 [INFO] __main__: Stopping trader...
2026-02-04 16:22:55 [INFO] __main__: Saved 0 trades to pm_outputs\trades_20260204_162255.json
2026-02-04 16:22:55 [INFO] __main__: Shutdown complete
2026-02-04 16:22:55 [INFO] __main__: Shutting down...
2026-02-04 16:22:55 [INFO] __main__: Stopping trader...
2026-02-04 16:22:55 [INFO] __main__: Saved 0 trades to pm_outputs\trades_20260204_162255.json
2026-02-04 16:22:55 [INFO] __main__: Shutdown complete
2026-02-04 16:32:01 [INFO] __main__: Resolved config summary (source=config.json)
2026-02-04 16:32:01 [INFO] __main__:   sections: broker_specs_path, instrument_spec_defaults, instrument_specs, mt5, pipeline, position, symbols
2026-02-04 16:32:01 [INFO] __main__:   pipeline: scoring=fx_backtester | bars=500000 | tfs=M5,M15,M30,H1,H4,D1 | live=1500/300 | risk=1.0% | d1+lower=True | max_sym_risk=3.0% | opt_workers=2
2026-02-04 16:32:01 [INFO] __main__:             validation: opt_min=15 | val_min=15 | val_dd<=20.0 | pf>=1.0 | ret>=0.0 | optuna_val_obj=False
2026-02-04 16:32:01 [INFO] __main__:   position: risk=1.0% | basis=balance | max_risk=5.0% | size=0.01-0.0 | auto_widen_sl=True
2026-02-04 16:32:01 [INFO] __main__:   mt5: server=n/a | path=n/a | timeout=60000 | portable=False
2026-02-04 16:32:01 [INFO] __main__:   instruments: overrides=46 | defaults=commission_per_lot | broker_specs=broker_specs.json
2026-02-04 16:32:01 [INFO] __main__: ------------------------------------------------------------
2026-02-04 16:32:01 [INFO] __main__: ============================================================
2026-02-04 16:32:01 [INFO] __main__: FX PORTFOLIO MANAGER v3.0
2026-02-04 16:32:01 [INFO] __main__: ============================================================
2026-02-04 16:32:01 [INFO] __main__: Connecting to MetaTrader 5...
2026-02-04 16:32:02 [INFO] pm_mt5: Connected to MT5 (using existing session)
2026-02-04 16:32:02 [INFO] __main__: [OK] Connected to MT5
2026-02-04 16:32:02 [INFO] pm_pipeline: Loaded 37 existing configs from pm_configs.json
2026-02-04 16:32:02 [INFO] __main__: [OK] Portfolio Manager initialized
2026-02-04 16:32:02 [INFO] __main__:   Symbols: 46
2026-02-04 16:32:02 [INFO] __main__:   Strategies: 28
2026-02-04 16:32:02 [INFO] __main__:   Existing configs: 37
2026-02-04 16:32:02 [INFO] __main__: 
============================================================
2026-02-04 16:32:02 [INFO] __main__: STARTING LIVE TRADING
2026-02-04 16:32:02 [INFO] __main__: Trading enabled: True
2026-02-04 16:32:02 [INFO] __main__: Auto-retrain: False
2026-02-04 16:32:02 [INFO] __main__: Close on opposite signal: False
2026-02-04 16:32:02 [INFO] __main__: ============================================================
