2026-02-07 08:57:59 [INFO] __main__: Resolved config summary (source=config.json)
2026-02-07 08:57:59 [INFO] __main__:   sections: broker_specs_path, instrument_spec_defaults, instrument_specs, mt5, pipeline, position, symbols
2026-02-07 08:57:59 [INFO] __main__:   pipeline: scoring=fx_backtester | bars=500000 | tfs=M5,M15,M30,H1,H4,D1 | live=1500/300 | risk=1.0% | d1+lower=True | max_sym_risk=3.0% | opt_workers=2
2026-02-07 08:57:59 [INFO] __main__:             validation: opt_min=15 | val_min=15 | val_dd<=20.0 | pf>=1.0 | ret>=0.0 | optuna_val_obj=False
2026-02-07 08:57:59 [INFO] __main__:   position: risk=1.0% | basis=balance | max_risk=5.0% | size=0.01-0.0 | auto_widen_sl=True
2026-02-07 08:57:59 [INFO] __main__:   mt5: server=n/a | path=n/a | timeout=60000 | portable=False
2026-02-07 08:57:59 [INFO] __main__:   instruments: overrides=46 | defaults=commission_per_lot | broker_specs=broker_specs.json
2026-02-07 08:57:59 [INFO] __main__: ------------------------------------------------------------
2026-02-07 08:57:59 [INFO] __main__: ============================================================
2026-02-07 08:57:59 [INFO] __main__: FX PORTFOLIO MANAGER v3.0
2026-02-07 08:57:59 [INFO] __main__: ============================================================
2026-02-07 08:57:59 [INFO] __main__: Connecting to MetaTrader 5...
2026-02-07 08:57:59 [INFO] pm_mt5: Connected to MT5 (using existing session)
2026-02-07 08:57:59 [INFO] __main__: [OK] Connected to MT5
2026-02-07 08:57:59 [INFO] pm_pipeline: Loaded 46 existing configs from pm_configs.json
2026-02-07 08:57:59 [INFO] __main__: [OK] Portfolio Manager initialized
2026-02-07 08:57:59 [INFO] __main__:   Symbols: 46
2026-02-07 08:57:59 [INFO] __main__:   Strategies: 28
2026-02-07 08:57:59 [INFO] __main__:   Existing configs: 46
2026-02-07 08:57:59 [INFO] __main__: 
============================================================
2026-02-07 08:57:59 [INFO] __main__: STARTING LIVE TRADING
2026-02-07 08:57:59 [INFO] __main__: Trading enabled: True
2026-02-07 08:57:59 [INFO] __main__: Auto-retrain: False
2026-02-07 08:57:59 [INFO] __main__: Close on opposite signal: False
2026-02-07 08:57:59 [INFO] __main__: ============================================================
2026-02-07 13:01:43 [INFO] __main__: Shutting down...
2026-02-07 13:01:43 [INFO] __main__: Stopping trader...
2026-02-07 13:01:43 [INFO] __main__: Saved 0 trades to pm_outputs\trades_20260207_130143.json
2026-02-07 13:01:43 [INFO] pm_mt5: Disconnected from MT5
2026-02-07 13:01:43 [INFO] __main__: Shutdown complete
2026-02-07 13:01:43 [INFO] __main__: Shutting down...
2026-02-07 13:01:43 [INFO] __main__: Stopping trader...
2026-02-07 13:01:43 [INFO] __main__: Saved 0 trades to pm_outputs\trades_20260207_130143.json
2026-02-07 13:01:43 [INFO] __main__: Shutdown complete
2026-02-07 13:01:43 [INFO] __main__: Shutting down...
2026-02-07 13:01:43 [INFO] __main__: Stopping trader...
2026-02-07 13:01:43 [INFO] __main__: Saved 0 trades to pm_outputs\trades_20260207_130143.json
2026-02-07 13:01:43 [INFO] __main__: Shutdown complete
2026-02-07 13:01:49 [INFO] __main__: Resolved config summary (source=config.json)
2026-02-07 13:01:49 [INFO] __main__:   sections: broker_specs_path, instrument_spec_defaults, instrument_specs, mt5, pipeline, position, symbols
2026-02-07 13:01:49 [INFO] __main__:   pipeline: scoring=fx_backtester | bars=500000 | tfs=M5,M15,M30,H1,H4,D1 | live=1500/300 | risk=1.0% | d1+lower=True | max_sym_risk=3.0% | opt_workers=2
2026-02-07 13:01:49 [INFO] __main__:             validation: opt_min=15 | val_min=15 | val_dd<=20.0 | pf>=1.0 | ret>=0.0 | optuna_val_obj=False
2026-02-07 13:01:49 [INFO] __main__:   position: risk=1.0% | basis=balance | max_risk=5.0% | size=0.01-0.0 | auto_widen_sl=True
2026-02-07 13:01:49 [INFO] __main__:   mt5: server=n/a | path=n/a | timeout=60000 | portable=False
2026-02-07 13:01:49 [INFO] __main__:   instruments: overrides=46 | defaults=commission_per_lot | broker_specs=broker_specs.json
2026-02-07 13:01:49 [INFO] __main__: ------------------------------------------------------------
2026-02-07 13:01:49 [INFO] __main__: ============================================================
2026-02-07 13:01:49 [INFO] __main__: FX PORTFOLIO MANAGER v3.0
2026-02-07 13:01:49 [INFO] __main__: ============================================================
2026-02-07 13:01:49 [INFO] __main__: Connecting to MetaTrader 5...
2026-02-07 13:01:49 [INFO] pm_mt5: Connected to MT5 (using existing session)
2026-02-07 13:01:49 [INFO] __main__: [OK] Connected to MT5
2026-02-07 13:01:49 [INFO] pm_pipeline: Loaded 46 existing configs from pm_configs.json
2026-02-07 13:01:49 [INFO] __main__: [OK] Portfolio Manager initialized
2026-02-07 13:01:49 [INFO] __main__:   Symbols: 46
2026-02-07 13:01:49 [INFO] __main__:   Strategies: 28
2026-02-07 13:01:49 [INFO] __main__:   Existing configs: 46
2026-02-07 13:01:49 [INFO] __main__: 
============================================================
2026-02-07 13:01:49 [INFO] __main__: STARTING LIVE TRADING
2026-02-07 13:01:49 [INFO] __main__: Trading enabled: True
2026-02-07 13:01:49 [INFO] __main__: Auto-retrain: False
2026-02-07 13:01:49 [INFO] __main__: Close on opposite signal: False
2026-02-07 13:01:49 [INFO] __main__: ============================================================
2026-02-07 20:17:54 [INFO] __main__: Shutting down...
2026-02-07 20:17:54 [INFO] __main__: Stopping trader...
2026-02-07 20:17:54 [INFO] __main__: Saved 0 trades to pm_outputs\trades_20260207_201754.json
2026-02-07 20:17:54 [INFO] pm_mt5: Disconnected from MT5
2026-02-07 20:17:54 [INFO] __main__: Shutdown complete
2026-02-07 20:17:54 [INFO] __main__: Shutting down...
2026-02-07 20:17:54 [INFO] __main__: Stopping trader...
2026-02-07 20:17:54 [INFO] __main__: Saved 0 trades to pm_outputs\trades_20260207_201754.json
2026-02-07 20:17:54 [INFO] __main__: Shutdown complete
2026-02-07 20:17:54 [INFO] __main__: Shutting down...
2026-02-07 20:17:54 [INFO] __main__: Stopping trader...
2026-02-07 20:17:54 [INFO] __main__: Saved 0 trades to pm_outputs\trades_20260207_201754.json
2026-02-07 20:17:54 [INFO] __main__: Shutdown complete
2026-02-07 21:57:21 [INFO] __main__: Resolved config summary (source=config.json)
2026-02-07 21:57:21 [INFO] __main__:   sections: broker_specs_path, instrument_spec_defaults, instrument_specs, mt5, pipeline, position, symbols
2026-02-07 21:57:21 [INFO] __main__:   pipeline: scoring=fx_backtester | bars=500000 | tfs=M5,M15,M30,H1,H4,D1 | live=1500/300 | risk=1.0% | d1+lower=True | max_sym_risk=3.0% | opt_workers=2
2026-02-07 21:57:21 [INFO] __main__:             validation: opt_min=15 | val_min=15 | val_dd<=20.0 | pf>=1.0 | ret>=0.0 | optuna_val_obj=False
2026-02-07 21:57:21 [INFO] __main__:   position: risk=1.0% | basis=balance | max_risk=5.0% | size=0.01-0.0 | auto_widen_sl=True
2026-02-07 21:57:21 [INFO] __main__:   mt5: server=n/a | path=n/a | timeout=60000 | portable=False
2026-02-07 21:57:21 [INFO] __main__:   instruments: overrides=46 | defaults=commission_per_lot | broker_specs=broker_specs.json
2026-02-07 21:57:21 [INFO] __main__: ------------------------------------------------------------
2026-02-07 21:57:21 [INFO] __main__: ============================================================
2026-02-07 21:57:21 [INFO] __main__: FX PORTFOLIO MANAGER v3.0
2026-02-07 21:57:21 [INFO] __main__: ============================================================
2026-02-07 21:57:21 [INFO] __main__: Connecting to MetaTrader 5...
2026-02-07 21:57:22 [INFO] pm_mt5: Connected to MT5 (using existing session)
2026-02-07 21:57:22 [INFO] __main__: [OK] Connected to MT5
2026-02-07 21:57:22 [INFO] pm_pipeline: Loaded 46 existing configs from pm_configs.json
2026-02-07 21:57:22 [INFO] __main__: [OK] Portfolio Manager initialized
2026-02-07 21:57:22 [INFO] __main__:   Symbols: 46
2026-02-07 21:57:22 [INFO] __main__:   Strategies: 42
2026-02-07 21:57:22 [INFO] __main__:   Existing configs: 46
2026-02-07 21:57:22 [INFO] __main__: 
============================================================
2026-02-07 21:57:22 [INFO] __main__: STARTING LIVE TRADING
2026-02-07 21:57:22 [INFO] __main__: Trading enabled: True
2026-02-07 21:57:22 [INFO] __main__: Auto-retrain: False
2026-02-07 21:57:22 [INFO] __main__: Close on opposite signal: False
2026-02-07 21:57:22 [INFO] __main__: ============================================================
2026-02-07 21:58:46 [ERROR] __main__: [CHFJPY] Error: name 'features' is not defined
2026-02-07 21:59:03 [INFO] __main__: Shutting down...
2026-02-07 21:59:03 [INFO] __main__: Stopping trader...
2026-02-07 21:59:03 [INFO] __main__: Saved 0 trades to pm_outputs\trades_20260207_215903.json
2026-02-07 21:59:03 [INFO] pm_mt5: Disconnected from MT5
2026-02-07 21:59:03 [INFO] __main__: Shutdown complete
2026-02-07 21:59:03 [INFO] __main__: Shutting down...
2026-02-07 21:59:03 [INFO] __main__: Stopping trader...
2026-02-07 21:59:03 [INFO] __main__: Saved 0 trades to pm_outputs\trades_20260207_215903.json
2026-02-07 21:59:03 [INFO] __main__: Shutdown complete
2026-02-07 21:59:03 [INFO] __main__: Shutting down...
2026-02-07 21:59:03 [INFO] __main__: Stopping trader...
2026-02-07 21:59:03 [INFO] __main__: Saved 0 trades to pm_outputs\trades_20260207_215903.json
2026-02-07 21:59:03 [INFO] __main__: Shutdown complete
2026-02-07 23:44:10 [INFO] __main__: Resolved config summary (source=config.json)
2026-02-07 23:44:10 [INFO] __main__:   sections: broker_specs_path, instrument_spec_defaults, instrument_specs, mt5, pipeline, position, symbols
2026-02-07 23:44:10 [INFO] __main__:   pipeline: scoring=fx_backtester | bars=500000 | tfs=M5,M15,M30,H1,H4,D1 | live=1500/300 | risk=1.0% | d1+lower=True | max_sym_risk=3.0% | opt_workers=5
2026-02-07 23:44:10 [INFO] __main__:             validation: opt_min=15 | val_min=15 | val_dd<=20.0 | pf>=1.0 | ret>=0.0 | optuna_val_obj=False
2026-02-07 23:44:10 [INFO] __main__:   position: risk=1.0% | basis=balance | max_risk=5.0% | size=0.01-0.0 | auto_widen_sl=True
2026-02-07 23:44:10 [INFO] __main__:   mt5: server=n/a | path=n/a | timeout=60000 | portable=False
2026-02-07 23:44:10 [INFO] __main__:   instruments: overrides=46 | defaults=commission_per_lot | broker_specs=broker_specs.json
2026-02-07 23:44:10 [INFO] __main__: ------------------------------------------------------------
2026-02-07 23:44:10 [INFO] __main__: ============================================================
2026-02-07 23:44:10 [INFO] __main__: FX PORTFOLIO MANAGER v3.0
2026-02-07 23:44:10 [INFO] __main__: ============================================================
2026-02-07 23:44:10 [INFO] __main__: Connecting to MetaTrader 5...
2026-02-07 23:44:10 [INFO] pm_mt5: Connected to MT5 (using existing session)
2026-02-07 23:44:10 [INFO] __main__: [OK] Connected to MT5
2026-02-07 23:44:10 [INFO] pm_pipeline: Loaded 46 existing configs from pm_configs.json
2026-02-07 23:44:10 [INFO] __main__: [OK] Portfolio Manager initialized
2026-02-07 23:44:10 [INFO] __main__:   Symbols: 46
2026-02-07 23:44:10 [INFO] __main__:   Strategies: 42
2026-02-07 23:44:10 [INFO] __main__:   Existing configs: 46
2026-02-07 23:44:10 [INFO] __main__: 
============================================================
2026-02-07 23:44:10 [INFO] __main__: RUNNING OPTIMIZATION
2026-02-07 23:44:10 [INFO] __main__: MODE: OVERWRITE (re-optimizing all symbols)
2026-02-07 23:44:10 [INFO] __main__: ============================================================
2026-02-07 23:44:10 [INFO] __main__: Fetching historical data for 46 symbols...
2026-02-07 23:44:14 [INFO] __main__:   EURUSD: 500000 bars saved
2026-02-07 23:44:17 [INFO] __main__:   GBPUSD: 500000 bars saved
2026-02-07 23:44:20 [INFO] __main__:   USDJPY: 500000 bars saved
2026-02-07 23:44:24 [INFO] __main__:   USDCHF: 500000 bars saved
2026-02-07 23:44:28 [INFO] __main__:   USDCAD: 500000 bars saved
2026-02-07 23:44:31 [INFO] __main__:   AUDUSD: 500000 bars saved
2026-02-07 23:44:35 [INFO] __main__:   NZDUSD: 500000 bars saved
2026-02-07 23:44:39 [INFO] __main__:   AUDNZD: 500000 bars saved
2026-02-07 23:44:43 [INFO] __main__:   EURGBP: 500000 bars saved
2026-02-07 23:44:48 [INFO] __main__:   EURJPY: 500000 bars saved
2026-02-07 23:44:53 [INFO] __main__:   GBPJPY: 500000 bars saved
2026-02-07 23:44:56 [INFO] __main__:   AUDJPY: 500000 bars saved
2026-02-07 23:45:00 [INFO] __main__:   EURAUD: 500000 bars saved
2026-02-07 23:45:04 [INFO] __main__:   EURCHF: 500000 bars saved
2026-02-07 23:45:08 [INFO] __main__:   EURCAD: 500000 bars saved
2026-02-07 23:45:12 [INFO] __main__:   EURNZD: 500000 bars saved
2026-02-07 23:45:16 [INFO] __main__:   GBPAUD: 500000 bars saved
2026-02-07 23:45:21 [INFO] __main__:   GBPCAD: 500000 bars saved
2026-02-07 23:45:24 [INFO] __main__:   GBPCHF: 500000 bars saved
2026-02-07 23:45:27 [INFO] __main__:   CADJPY: 500000 bars saved
2026-02-07 23:45:31 [INFO] __main__:   NZDJPY: 500000 bars saved
2026-02-07 23:45:35 [INFO] __main__:   AUDCAD: 500000 bars saved
2026-02-07 23:45:39 [INFO] __main__:   AUDCHF: 500000 bars saved
2026-02-07 23:45:43 [INFO] __main__:   CADCHF: 500000 bars saved
2026-02-07 23:45:47 [INFO] __main__:   CHFJPY: 500000 bars saved
2026-02-07 23:45:51 [INFO] __main__:   NZDCAD: 500000 bars saved
2026-02-07 23:45:55 [INFO] __main__:   NZDCHF: 500000 bars saved
2026-02-07 23:45:59 [INFO] __main__:   GBPNZD: 500000 bars saved
2026-02-07 23:46:03 [INFO] __main__:   USDNOK: 500000 bars saved
2026-02-07 23:46:07 [INFO] __main__:   USDMXN: 500000 bars saved
2026-02-07 23:46:11 [INFO] __main__:   USDSGD: 500000 bars saved
2026-02-07 23:46:15 [INFO] __main__:   USDZAR: 500000 bars saved
2026-02-07 23:46:20 [INFO] __main__:   USDPLN: 500000 bars saved
2026-02-07 23:46:20 [WARNING] pm_mt5: No data returned for USDSEK M5
2026-02-07 23:46:20 [WARNING] __main__:   USDSEK: No data available
2026-02-07 23:46:23 [INFO] __main__:   XAUUSD: 500000 bars saved
2026-02-07 23:46:26 [INFO] __main__:   XAGUSD: 500000 bars saved
2026-02-07 23:46:28 [INFO] __main__:   US100: 367015 bars saved
2026-02-07 23:46:30 [INFO] __main__:   US30: 368650 bars saved
2026-02-07 23:46:33 [INFO] __main__:   DE30: 353181 bars saved
2026-02-07 23:46:35 [INFO] __main__:   EU50: 228553 bars saved
2026-02-07 23:46:42 [INFO] __main__:   UK100: 357667 bars saved
2026-02-07 23:46:44 [INFO] __main__:   JP225: 363624 bars saved
2026-02-07 23:46:47 [INFO] __main__:   ETHUSD: 500000 bars saved
2026-02-07 23:46:51 [INFO] __main__:   XRPUSD: 500000 bars saved
2026-02-07 23:46:52 [INFO] __main__:   TONUSD: 157796 bars saved
2026-02-07 23:46:56 [INFO] __main__:   BTCETH: 474335 bars saved
2026-02-07 23:46:56 [INFO] pm_pipeline: OPTIMIZE EURUSD: overwrite enabled
2026-02-07 23:46:56 [INFO] pm_pipeline: OPTIMIZE GBPUSD: overwrite enabled
2026-02-07 23:46:56 [INFO] pm_pipeline: OPTIMIZE USDJPY: overwrite enabled
2026-02-07 23:46:56 [INFO] pm_pipeline: OPTIMIZE USDCHF: overwrite enabled
2026-02-07 23:46:56 [INFO] pm_pipeline: OPTIMIZE USDCAD: overwrite enabled
2026-02-07 23:46:56 [INFO] pm_pipeline: OPTIMIZE AUDUSD: overwrite enabled
2026-02-07 23:46:56 [INFO] pm_pipeline: OPTIMIZE NZDUSD: overwrite enabled
2026-02-07 23:46:56 [INFO] pm_pipeline: OPTIMIZE AUDNZD: overwrite enabled
2026-02-07 23:46:56 [INFO] pm_pipeline: OPTIMIZE EURGBP: overwrite enabled
2026-02-07 23:46:56 [INFO] pm_pipeline: OPTIMIZE EURJPY: overwrite enabled
2026-02-07 23:46:56 [INFO] pm_pipeline: OPTIMIZE GBPJPY: overwrite enabled
2026-02-07 23:46:56 [INFO] pm_pipeline: OPTIMIZE AUDJPY: overwrite enabled
2026-02-07 23:46:56 [INFO] pm_pipeline: OPTIMIZE EURAUD: overwrite enabled
2026-02-07 23:46:56 [INFO] pm_pipeline: OPTIMIZE EURCHF: overwrite enabled
2026-02-07 23:46:56 [INFO] pm_pipeline: OPTIMIZE EURCAD: overwrite enabled
2026-02-07 23:46:56 [INFO] pm_pipeline: OPTIMIZE EURNZD: overwrite enabled
2026-02-07 23:46:56 [INFO] pm_pipeline: OPTIMIZE GBPAUD: overwrite enabled
2026-02-07 23:46:56 [INFO] pm_pipeline: OPTIMIZE GBPCAD: overwrite enabled
2026-02-07 23:46:56 [INFO] pm_pipeline: OPTIMIZE GBPCHF: overwrite enabled
2026-02-07 23:46:56 [INFO] pm_pipeline: OPTIMIZE CADJPY: overwrite enabled
2026-02-07 23:46:56 [INFO] pm_pipeline: OPTIMIZE NZDJPY: overwrite enabled
2026-02-07 23:46:56 [INFO] pm_pipeline: OPTIMIZE AUDCAD: overwrite enabled
2026-02-07 23:46:56 [INFO] pm_pipeline: OPTIMIZE AUDCHF: overwrite enabled
2026-02-07 23:46:56 [INFO] pm_pipeline: OPTIMIZE CADCHF: overwrite enabled
2026-02-07 23:46:56 [INFO] pm_pipeline: OPTIMIZE CHFJPY: overwrite enabled
2026-02-07 23:46:56 [INFO] pm_pipeline: OPTIMIZE NZDCAD: overwrite enabled
2026-02-07 23:46:56 [INFO] pm_pipeline: OPTIMIZE NZDCHF: overwrite enabled
2026-02-07 23:46:56 [INFO] pm_pipeline: OPTIMIZE GBPNZD: overwrite enabled
2026-02-07 23:46:56 [INFO] pm_pipeline: OPTIMIZE USDNOK: overwrite enabled
2026-02-07 23:46:56 [INFO] pm_pipeline: OPTIMIZE USDMXN: overwrite enabled
2026-02-07 23:46:56 [INFO] pm_pipeline: OPTIMIZE USDSGD: overwrite enabled
2026-02-07 23:46:56 [INFO] pm_pipeline: OPTIMIZE USDZAR: overwrite enabled
2026-02-07 23:46:56 [INFO] pm_pipeline: OPTIMIZE USDPLN: overwrite enabled
2026-02-07 23:46:56 [INFO] pm_pipeline: OPTIMIZE USDSEK: overwrite enabled
2026-02-07 23:46:56 [INFO] pm_pipeline: OPTIMIZE XAUUSD: overwrite enabled
2026-02-07 23:46:56 [INFO] pm_pipeline: OPTIMIZE XAGUSD: overwrite enabled
2026-02-07 23:46:56 [INFO] pm_pipeline: OPTIMIZE US100: overwrite enabled
2026-02-07 23:46:56 [INFO] pm_pipeline: OPTIMIZE US30: overwrite enabled
2026-02-07 23:46:56 [INFO] pm_pipeline: OPTIMIZE DE30: overwrite enabled
2026-02-07 23:46:56 [INFO] pm_pipeline: OPTIMIZE EU50: overwrite enabled
2026-02-07 23:46:56 [INFO] pm_pipeline: OPTIMIZE UK100: overwrite enabled
2026-02-07 23:46:56 [INFO] pm_pipeline: OPTIMIZE JP225: overwrite enabled
2026-02-07 23:46:56 [INFO] pm_pipeline: OPTIMIZE ETHUSD: overwrite enabled
2026-02-07 23:46:56 [INFO] pm_pipeline: OPTIMIZE XRPUSD: overwrite enabled
2026-02-07 23:46:56 [INFO] pm_pipeline: OPTIMIZE TONUSD: overwrite enabled
2026-02-07 23:46:56 [INFO] pm_pipeline: OPTIMIZE BTCETH: overwrite enabled
2026-02-07 23:46:56 [INFO] pm_pipeline: 
############################################################
2026-02-07 23:46:56 [INFO] pm_pipeline: PORTFOLIO MANAGER - STATEFUL OPTIMIZATION
2026-02-07 23:46:56 [INFO] pm_pipeline: Total symbols: 46
2026-02-07 23:46:56 [INFO] pm_pipeline: To optimize: 46
2026-02-07 23:46:56 [INFO] pm_pipeline: Skipping: 0 (valid configs)
2026-02-07 23:46:56 [INFO] pm_pipeline: OVERWRITE MODE: ignoring validity checks
2026-02-07 23:46:56 [INFO] pm_pipeline: Strategies: 42
2026-02-07 23:46:56 [INFO] pm_pipeline: Timeframes: ['M5', 'M15', 'M30', 'H1', 'H4', 'D1']
2026-02-07 23:46:56 [INFO] pm_pipeline: ############################################################
2026-02-07 23:46:56 [INFO] pm_pipeline: Parallel optimization enabled: workers=5
2026-02-08 02:37:11 [INFO] pm_pipeline: 
Progress: 1/46
2026-02-08 02:37:11 [INFO] pm_pipeline: SAVED EURUSD to pm_configs.json (atomic)
2026-02-08 02:53:40 [INFO] pm_pipeline: 
Progress: 2/46
2026-02-08 02:53:40 [INFO] pm_pipeline: SAVED GBPUSD to pm_configs.json (atomic)
2026-02-08 03:05:18 [INFO] __main__: Shutting down...
2026-02-08 03:05:18 [INFO] pm_mt5: Disconnected from MT5
2026-02-08 03:05:18 [INFO] __main__: Shutdown complete
