2026-02-03 05:32:11 [INFO] __main__: Resolved config summary (source=config.json)
2026-02-03 05:32:11 [INFO] __main__: Provided sections in JSON: ['mt5', 'pipeline', 'position', 'symbols']
2026-02-03 05:32:11 [INFO] __main__: PipelineConfig: {'scoring_mode': 'fx_backtester', 'max_bars': 500000, 'timeframes': ['M5', 'M15', 'M30', 'H1', 'H4', 'D1'], 'live_bars_count': 1500, 'live_min_bars': 300, 'risk_per_trade_pct': 1.0, 'fx_opt_min_trades': 15, 'fx_val_min_trades': 15, 'fx_val_max_drawdown': 20.0, 'regime_min_val_profit_factor': 1.0, 'regime_min_val_return_pct': 0.0, 'regime_allow_losing_winners': False, 'fallback_risk_multiplier': 1.0, 'fallback_max_risk_pct': 1.0, 'tier1_max_risk_pct': 5.0, 'tier23_max_risk_pct': 1.0, 'max_combined_risk_pct': 3.0, 'allow_d1_plus_lower_tf': True, 'secondary_trade_max_risk_pct': 1.0, 'regime_enable_hyperparam_tuning': True, 'regime_hyperparam_top_k': 3, 'regime_hyperparam_max_combos': 150, 'optuna_use_val_in_objective': False}
2026-02-03 05:32:11 [INFO] __main__: PositionConfig: {'risk_per_trade_pct': 1.0, 'max_positions': None, 'allow_hedging': None}
2026-02-03 05:32:11 [INFO] __main__: MT5Config: {'enabled': None, 'server': '', 'terminal_path': None}
2026-02-03 05:32:11 [INFO] __main__: ============================================================
2026-02-03 05:32:11 [INFO] __main__: FX PORTFOLIO MANAGER v3.0
2026-02-03 05:32:11 [INFO] __main__: ============================================================
2026-02-03 05:32:11 [INFO] __main__: Connecting to MetaTrader 5...
2026-02-03 05:32:11 [INFO] pm_mt5: Connected to MT5 (using existing session)
2026-02-03 05:32:11 [INFO] __main__: [OK] Connected to MT5
2026-02-03 05:32:11 [INFO] pm_pipeline: Loaded 37 existing configs from pm_configs.json
2026-02-03 05:32:11 [INFO] __main__: [OK] Portfolio Manager initialized
2026-02-03 05:32:11 [INFO] __main__:   Symbols: 46
2026-02-03 05:32:11 [INFO] __main__:   Strategies: 28
2026-02-03 05:32:11 [INFO] __main__:   Existing configs: 37
2026-02-03 05:32:11 [INFO] __main__: 
============================================================
2026-02-03 05:32:11 [INFO] __main__: STARTING LIVE TRADING
2026-02-03 05:32:11 [INFO] __main__: Trading enabled: True
2026-02-03 05:32:11 [INFO] __main__: Auto-retrain: False
2026-02-03 05:32:11 [INFO] __main__: Close on opposite signal: False
2026-02-03 05:32:11 [INFO] __main__: ============================================================
2026-02-03 05:32:17 [INFO] __main__: [USDCHF] Selected: KeltnerPullbackStrategy @ H1/RANGE (strength=0.40, quality=0.34, freshness=1.00, score=0.137)
2026-02-03 05:32:17 [INFO] __main__: [USDCHF] SELL | basis=1400.68 (balance) | target_risk=1.00% ($14.01) | actual_risk=0.98% ($13.73) | vol_raw=0.0306 | vol=0.0300 | entry=0.77780 | sl=0.78138 | tp=0.77184
2026-02-03 05:32:17 [INFO] __main__: [OK] [USDCHF] SHORT executed: 0.03 lots @ 0.77780
2026-02-03 08:16:23 [INFO] __main__: Shutting down...
2026-02-03 08:16:23 [INFO] __main__: Stopping trader...
2026-02-03 08:16:23 [INFO] __main__: Saved 1 trades to pm_outputs\trades_20260203_081623.json
2026-02-03 08:16:23 [INFO] pm_mt5: Disconnected from MT5
2026-02-03 08:16:23 [INFO] __main__: Shutdown complete
2026-02-03 08:16:23 [INFO] __main__: Shutting down...
2026-02-03 08:16:23 [INFO] __main__: Stopping trader...
2026-02-03 08:16:23 [INFO] __main__: Saved 1 trades to pm_outputs\trades_20260203_081623.json
2026-02-03 08:16:23 [INFO] __main__: Shutdown complete
2026-02-03 08:16:23 [INFO] __main__: Shutting down...
2026-02-03 08:16:23 [INFO] __main__: Stopping trader...
2026-02-03 08:16:23 [INFO] __main__: Saved 1 trades to pm_outputs\trades_20260203_081623.json
2026-02-03 08:16:23 [INFO] __main__: Shutdown complete
2026-02-03 08:52:28 [INFO] __main__: Resolved config summary (source=config.json)
2026-02-03 08:52:28 [INFO] __main__: Provided sections in JSON: ['mt5', 'pipeline', 'position', 'symbols']
2026-02-03 08:52:28 [INFO] __main__: PipelineConfig: {'scoring_mode': 'fx_backtester', 'max_bars': 500000, 'timeframes': ['M5', 'M15', 'M30', 'H1', 'H4', 'D1'], 'live_bars_count': 1500, 'live_min_bars': 300, 'risk_per_trade_pct': 1.0, 'fx_opt_min_trades': 15, 'fx_val_min_trades': 15, 'fx_val_max_drawdown': 20.0, 'regime_min_val_profit_factor': 1.0, 'regime_min_val_return_pct': 0.0, 'regime_allow_losing_winners': False, 'fallback_risk_multiplier': 1.0, 'fallback_max_risk_pct': 1.0, 'tier1_max_risk_pct': 5.0, 'tier23_max_risk_pct': 1.0, 'max_combined_risk_pct': 3.0, 'allow_d1_plus_lower_tf': True, 'secondary_trade_max_risk_pct': 1.0, 'regime_enable_hyperparam_tuning': True, 'regime_hyperparam_top_k': 3, 'regime_hyperparam_max_combos': 150, 'optuna_use_val_in_objective': False}
2026-02-03 08:52:28 [INFO] __main__: PositionConfig: {'risk_per_trade_pct': 1.0, 'max_positions': None, 'allow_hedging': None}
2026-02-03 08:52:28 [INFO] __main__: MT5Config: {'enabled': None, 'server': '', 'terminal_path': None}
2026-02-03 08:52:28 [INFO] __main__: ============================================================
2026-02-03 08:52:28 [INFO] __main__: FX PORTFOLIO MANAGER v3.0
2026-02-03 08:52:28 [INFO] __main__: ============================================================
2026-02-03 08:52:28 [INFO] __main__: Connecting to MetaTrader 5...
2026-02-03 08:52:28 [INFO] pm_mt5: Connected to MT5 (using existing session)
2026-02-03 08:52:28 [INFO] __main__: [OK] Connected to MT5
2026-02-03 08:52:28 [INFO] pm_pipeline: Loaded 37 existing configs from pm_configs.json
2026-02-03 08:52:28 [INFO] __main__: [OK] Portfolio Manager initialized
2026-02-03 08:52:28 [INFO] __main__:   Symbols: 46
2026-02-03 08:52:28 [INFO] __main__:   Strategies: 28
2026-02-03 08:52:28 [INFO] __main__:   Existing configs: 37
2026-02-03 08:52:28 [INFO] __main__: 
============================================================
2026-02-03 08:52:28 [INFO] __main__: STARTING LIVE TRADING
2026-02-03 08:52:28 [INFO] __main__: Trading enabled: True
2026-02-03 08:52:28 [INFO] __main__: Auto-retrain: False
2026-02-03 08:52:28 [INFO] __main__: Close on opposite signal: False
2026-02-03 08:52:28 [INFO] __main__: ============================================================
2026-02-03 11:22:11 [INFO] __main__: Shutting down...
2026-02-03 11:22:11 [INFO] __main__: Stopping trader...
2026-02-03 11:22:11 [INFO] __main__: Saved 0 trades to pm_outputs\trades_20260203_112211.json
2026-02-03 11:22:11 [INFO] pm_mt5: Disconnected from MT5
2026-02-03 11:22:11 [INFO] __main__: Shutdown complete
2026-02-03 11:22:11 [INFO] __main__: Shutting down...
2026-02-03 11:22:11 [INFO] __main__: Stopping trader...
2026-02-03 11:22:11 [INFO] __main__: Saved 0 trades to pm_outputs\trades_20260203_112211.json
2026-02-03 11:22:11 [INFO] __main__: Shutdown complete
2026-02-03 11:22:11 [INFO] __main__: Shutting down...
2026-02-03 11:22:11 [INFO] __main__: Stopping trader...
2026-02-03 11:22:11 [INFO] __main__: Saved 0 trades to pm_outputs\trades_20260203_112211.json
2026-02-03 11:22:11 [INFO] __main__: Shutdown complete
2026-02-03 11:22:22 [INFO] __main__: Resolved config summary (source=config.json)
2026-02-03 11:22:22 [INFO] __main__: Provided sections in JSON: ['mt5', 'pipeline', 'position', 'symbols']
2026-02-03 11:22:22 [INFO] __main__: PipelineConfig: {'scoring_mode': 'fx_backtester', 'max_bars': 500000, 'timeframes': ['M5', 'M15', 'M30', 'H1', 'H4', 'D1'], 'live_bars_count': 1500, 'live_min_bars': 300, 'risk_per_trade_pct': 1.0, 'fx_opt_min_trades': 15, 'fx_val_min_trades': 15, 'fx_val_max_drawdown': 20.0, 'regime_min_val_profit_factor': 1.0, 'regime_min_val_return_pct': 0.0, 'regime_allow_losing_winners': False, 'fallback_risk_multiplier': 1.0, 'fallback_max_risk_pct': 1.0, 'tier1_max_risk_pct': 5.0, 'tier23_max_risk_pct': 1.0, 'max_combined_risk_pct': 3.0, 'allow_d1_plus_lower_tf': True, 'secondary_trade_max_risk_pct': 1.0, 'regime_enable_hyperparam_tuning': True, 'regime_hyperparam_top_k': 3, 'regime_hyperparam_max_combos': 150, 'optuna_use_val_in_objective': False}
2026-02-03 11:22:22 [INFO] __main__: PositionConfig: {'risk_per_trade_pct': 1.0, 'max_positions': None, 'allow_hedging': None}
2026-02-03 11:22:22 [INFO] __main__: MT5Config: {'enabled': None, 'server': '', 'terminal_path': None}
2026-02-03 11:22:22 [INFO] __main__: ============================================================
2026-02-03 11:22:22 [INFO] __main__: FX PORTFOLIO MANAGER v3.0
2026-02-03 11:22:22 [INFO] __main__: ============================================================
2026-02-03 11:22:22 [INFO] __main__: Connecting to MetaTrader 5...
2026-02-03 11:22:22 [INFO] pm_mt5: Connected to MT5 (using existing session)
2026-02-03 11:22:22 [INFO] __main__: [OK] Connected to MT5
2026-02-03 11:22:22 [INFO] pm_pipeline: Loaded 37 existing configs from pm_configs.json
2026-02-03 11:22:22 [INFO] __main__: [OK] Portfolio Manager initialized
2026-02-03 11:22:22 [INFO] __main__:   Symbols: 46
2026-02-03 11:22:22 [INFO] __main__:   Strategies: 28
2026-02-03 11:22:22 [INFO] __main__:   Existing configs: 37
2026-02-03 11:22:22 [INFO] __main__: 
============================================================
2026-02-03 11:22:22 [INFO] __main__: STARTING LIVE TRADING
2026-02-03 11:22:22 [INFO] __main__: Trading enabled: True
2026-02-03 11:22:22 [INFO] __main__: Auto-retrain: False
2026-02-03 11:22:22 [INFO] __main__: Close on opposite signal: False
2026-02-03 11:22:22 [INFO] __main__: ============================================================
2026-02-03 11:33:52 [INFO] __main__: Shutting down...
2026-02-03 11:33:52 [INFO] __main__: Stopping trader...
2026-02-03 11:33:52 [INFO] __main__: Saved 0 trades to pm_outputs\trades_20260203_113352.json
2026-02-03 11:33:52 [INFO] pm_mt5: Disconnected from MT5
2026-02-03 11:33:52 [INFO] __main__: Shutdown complete
2026-02-03 11:33:52 [INFO] __main__: Shutting down...
2026-02-03 11:33:52 [INFO] __main__: Stopping trader...
2026-02-03 11:33:52 [INFO] __main__: Saved 0 trades to pm_outputs\trades_20260203_113352.json
2026-02-03 11:33:52 [INFO] __main__: Shutdown complete
2026-02-03 11:33:52 [INFO] __main__: Shutting down...
2026-02-03 11:33:52 [INFO] __main__: Stopping trader...
2026-02-03 11:33:52 [INFO] __main__: Saved 0 trades to pm_outputs\trades_20260203_113352.json
2026-02-03 11:33:52 [INFO] __main__: Shutdown complete
2026-02-03 11:34:03 [INFO] __main__: Resolved config summary (source=config.json)
2026-02-03 11:34:03 [INFO] __main__: Provided sections in JSON: ['mt5', 'pipeline', 'position', 'symbols']
2026-02-03 11:34:03 [INFO] __main__: PipelineConfig: {'scoring_mode': 'fx_backtester', 'max_bars': 500000, 'timeframes': ['M5', 'M15', 'M30', 'H1', 'H4', 'D1'], 'live_bars_count': 1500, 'live_min_bars': 300, 'risk_per_trade_pct': 1.0, 'fx_opt_min_trades': 15, 'fx_val_min_trades': 15, 'fx_val_max_drawdown': 20.0, 'regime_min_val_profit_factor': 1.0, 'regime_min_val_return_pct': 0.0, 'regime_allow_losing_winners': False, 'fallback_risk_multiplier': 1.0, 'fallback_max_risk_pct': 1.0, 'tier1_max_risk_pct': 5.0, 'tier23_max_risk_pct': 1.0, 'max_combined_risk_pct': 3.0, 'allow_d1_plus_lower_tf': True, 'secondary_trade_max_risk_pct': 1.0, 'regime_enable_hyperparam_tuning': True, 'regime_hyperparam_top_k': 3, 'regime_hyperparam_max_combos': 150, 'optuna_use_val_in_objective': False}
2026-02-03 11:34:03 [INFO] __main__: PositionConfig: {'risk_per_trade_pct': 1.0, 'max_positions': None, 'allow_hedging': None}
2026-02-03 11:34:03 [INFO] __main__: MT5Config: {'enabled': None, 'server': '', 'terminal_path': None}
2026-02-03 11:34:03 [INFO] __main__: ============================================================
2026-02-03 11:34:03 [INFO] __main__: FX PORTFOLIO MANAGER v3.0
2026-02-03 11:34:03 [INFO] __main__: ============================================================
2026-02-03 11:34:03 [INFO] __main__: Connecting to MetaTrader 5...
2026-02-03 11:34:03 [INFO] pm_mt5: Connected to MT5 (using existing session)
2026-02-03 11:34:03 [INFO] __main__: [OK] Connected to MT5
2026-02-03 11:34:03 [INFO] pm_pipeline: Loaded 37 existing configs from pm_configs.json
2026-02-03 11:34:03 [INFO] __main__: [OK] Portfolio Manager initialized
2026-02-03 11:34:03 [INFO] __main__:   Symbols: 46
2026-02-03 11:34:03 [INFO] __main__:   Strategies: 28
2026-02-03 11:34:03 [INFO] __main__:   Existing configs: 37
2026-02-03 11:34:03 [INFO] __main__: 
============================================================
2026-02-03 11:34:03 [INFO] __main__: STARTING LIVE TRADING
2026-02-03 11:34:03 [INFO] __main__: Trading enabled: True
2026-02-03 11:34:03 [INFO] __main__: Auto-retrain: False
2026-02-03 11:34:03 [INFO] __main__: Close on opposite signal: False
2026-02-03 11:34:03 [INFO] __main__: ============================================================
2026-02-03 13:00:22 [INFO] __main__: [GBPUSD] Selected: KeltnerBreakoutStrategy @ H1/TREND (strength=0.45, quality=0.33, freshness=1.00, score=0.149)
2026-02-03 13:00:22 [INFO] __main__: [GBPUSD] SELL | basis=1444.39 (balance) | target_risk=1.00% ($14.44) | actual_risk=0.90% ($13.02) | vol_raw=0.0333 | vol=0.0300 | entry=1.36533 | sl=1.36967 | tp=1.36027
2026-02-03 13:00:22 [INFO] __main__: [OK] [GBPUSD] SHORT executed: 0.03 lots @ 1.36534
2026-02-03 13:00:24 [INFO] __main__: [USDCAD] Selected: MACDHistogramMomentumStrategy @ M15/TREND (strength=0.38, quality=0.44, freshness=1.00, score=0.167)
2026-02-03 13:00:24 [INFO] __main__: [USDCAD] Fallback tier 2: reduced risk to 1.00%
2026-02-03 13:00:24 [INFO] __main__: [USDCAD] SELL | basis=1444.39 (balance) | target_risk=1.00% ($14.44) | actual_risk=0.93% ($13.46) | vol_raw=0.0966 | vol=0.0900 | entry=1.36777 | sl=1.36982 | tp=1.36606
2026-02-03 13:00:24 [INFO] __main__: [OK] [USDCAD] SHORT executed: 0.09 lots @ 1.36777
2026-02-03 13:45:38 [INFO] __main__: [EURUSD] Selected: EMACrossoverStrategy @ M5/TREND (strength=0.37, quality=0.46, freshness=1.00, score=0.169)
2026-02-03 13:45:38 [INFO] __main__: [EURUSD] Fallback tier 2: reduced risk to 1.00%
2026-02-03 13:45:38 [INFO] __main__: [EURUSD] BUY | basis=1444.39 (balance) | target_risk=1.00% ($14.44) | actual_risk=0.99% ($14.34) | vol_raw=0.1814 | vol=0.1800 | entry=1.17988 | sl=1.17908 | tp=1.18088
2026-02-03 13:45:38 [INFO] __main__: [OK] [EURUSD] LONG executed: 0.18 lots @ 1.17988
2026-02-03 15:41:20 [INFO] __main__: Shutting down...
2026-02-03 15:41:20 [INFO] __main__: Stopping trader...
2026-02-03 15:41:20 [INFO] __main__: Saved 3 trades to pm_outputs\trades_20260203_154120.json
2026-02-03 15:41:20 [INFO] pm_mt5: Disconnected from MT5
2026-02-03 15:41:20 [INFO] __main__: Shutdown complete
2026-02-03 15:41:20 [INFO] __main__: Shutting down...
2026-02-03 15:41:20 [INFO] __main__: Stopping trader...
2026-02-03 15:41:20 [INFO] __main__: Saved 3 trades to pm_outputs\trades_20260203_154120.json
2026-02-03 15:41:20 [INFO] __main__: Shutdown complete
2026-02-03 15:41:20 [INFO] __main__: Shutting down...
2026-02-03 15:41:20 [INFO] __main__: Stopping trader...
2026-02-03 15:41:20 [INFO] __main__: Saved 3 trades to pm_outputs\trades_20260203_154120.json
2026-02-03 15:41:20 [INFO] __main__: Shutdown complete
2026-02-03 15:41:44 [INFO] __main__: Resolved config summary (source=config.json)
2026-02-03 15:41:44 [INFO] __main__: Provided sections in JSON: ['mt5', 'pipeline', 'position', 'symbols']
2026-02-03 15:41:44 [INFO] __main__: PipelineConfig: {'scoring_mode': 'fx_backtester', 'max_bars': 500000, 'timeframes': ['M5', 'M15', 'M30', 'H1', 'H4', 'D1'], 'live_bars_count': 1500, 'live_min_bars': 300, 'risk_per_trade_pct': 1.0, 'fx_opt_min_trades': 15, 'fx_val_min_trades': 15, 'fx_val_max_drawdown': 20.0, 'regime_min_val_profit_factor': 1.0, 'regime_min_val_return_pct': 0.0, 'regime_allow_losing_winners': False, 'fallback_risk_multiplier': 1.0, 'fallback_max_risk_pct': 1.0, 'tier1_max_risk_pct': 5.0, 'tier23_max_risk_pct': 1.0, 'max_combined_risk_pct': 3.0, 'allow_d1_plus_lower_tf': True, 'secondary_trade_max_risk_pct': 1.0, 'regime_enable_hyperparam_tuning': True, 'regime_hyperparam_top_k': 3, 'regime_hyperparam_max_combos': 150, 'optuna_use_val_in_objective': False}
2026-02-03 15:41:44 [INFO] __main__: PositionConfig: {'risk_per_trade_pct': 1.0, 'max_positions': None, 'allow_hedging': None}
2026-02-03 15:41:44 [INFO] __main__: MT5Config: {'enabled': None, 'server': '', 'terminal_path': None}
2026-02-03 15:41:44 [INFO] __main__: ============================================================
2026-02-03 15:41:44 [INFO] __main__: FX PORTFOLIO MANAGER v3.0
2026-02-03 15:41:44 [INFO] __main__: ============================================================
2026-02-03 15:41:44 [INFO] __main__: Connecting to MetaTrader 5...
2026-02-03 15:41:44 [INFO] pm_mt5: Connected to MT5 (using existing session)
2026-02-03 15:41:44 [INFO] __main__: [OK] Connected to MT5
2026-02-03 15:41:44 [INFO] pm_pipeline: Loaded 37 existing configs from pm_configs.json
2026-02-03 15:41:44 [INFO] __main__: [OK] Portfolio Manager initialized
2026-02-03 15:41:44 [INFO] __main__:   Symbols: 46
2026-02-03 15:41:44 [INFO] __main__:   Strategies: 28
2026-02-03 15:41:44 [INFO] __main__:   Existing configs: 37
2026-02-03 15:41:44 [INFO] __main__: 
============================================================
2026-02-03 15:41:44 [INFO] __main__: RUNNING OPTIMIZATION
2026-02-03 15:41:44 [INFO] __main__: MODE: INCREMENTAL (skipping valid configs)
2026-02-03 15:41:44 [INFO] __main__: ============================================================
2026-02-03 15:41:44 [INFO] __main__: Fetching historical data for 46 symbols...
2026-02-03 15:41:48 [INFO] __main__:   EURUSD: 500000 bars saved
2026-02-03 15:41:53 [INFO] __main__:   GBPUSD: 500000 bars saved
2026-02-03 15:41:56 [INFO] __main__:   USDJPY: 500000 bars saved
2026-02-03 15:42:00 [INFO] __main__:   USDCHF: 500000 bars saved
2026-02-03 15:42:06 [INFO] __main__:   USDCAD: 500000 bars saved
2026-02-03 15:42:11 [INFO] __main__:   AUDUSD: 500000 bars saved
2026-02-03 15:42:15 [INFO] __main__:   NZDUSD: 500000 bars saved
2026-02-03 15:42:19 [INFO] __main__:   AUDNZD: 500000 bars saved
2026-02-03 15:42:23 [INFO] __main__:   EURGBP: 500000 bars saved
2026-02-03 15:42:28 [INFO] __main__:   EURJPY: 500000 bars saved
2026-02-03 15:42:28 [WARNING] pm_mt5: No data returned for GBPJPY M5
2026-02-03 15:42:28 [WARNING] __main__:   GBPJPY: No data available
2026-02-03 15:42:32 [INFO] __main__:   AUDJPY: 500000 bars saved
2026-02-03 15:42:37 [INFO] __main__:   EURAUD: 500000 bars saved
2026-02-03 15:42:41 [INFO] __main__:   EURCHF: 500000 bars saved
2026-02-03 15:42:45 [INFO] __main__:   EURCAD: 500000 bars saved
2026-02-03 15:42:50 [INFO] __main__:   EURNZD: 500000 bars saved
2026-02-03 15:42:54 [INFO] __main__:   GBPAUD: 500000 bars saved
2026-02-03 15:42:59 [INFO] __main__:   GBPCAD: 500000 bars saved
2026-02-03 15:43:03 [INFO] __main__:   GBPCHF: 500000 bars saved
2026-02-03 15:43:06 [INFO] __main__:   CADJPY: 500000 bars saved
2026-02-03 15:43:11 [INFO] __main__:   NZDJPY: 500000 bars saved
2026-02-03 15:43:15 [INFO] __main__:   AUDCAD: 500000 bars saved
2026-02-03 15:43:18 [INFO] __main__:   AUDCHF: 500000 bars saved
2026-02-03 15:43:22 [INFO] __main__:   CADCHF: 500000 bars saved
2026-02-03 15:43:25 [INFO] __main__:   CHFJPY: 500000 bars saved
2026-02-03 15:43:29 [INFO] __main__:   NZDCAD: 500000 bars saved
2026-02-03 15:43:33 [INFO] __main__:   NZDCHF: 500000 bars saved
2026-02-03 15:43:37 [INFO] __main__:   GBPNZD: 500000 bars saved
2026-02-03 15:43:42 [INFO] __main__:   USDNOK: 500000 bars saved
2026-02-03 15:43:47 [INFO] __main__:   USDMXN: 500000 bars saved
2026-02-03 15:43:51 [INFO] __main__:   USDSGD: 500000 bars saved
2026-02-03 15:43:54 [INFO] __main__:   USDZAR: 500000 bars saved
2026-02-03 15:43:59 [INFO] __main__:   USDPLN: 500000 bars saved
2026-02-03 15:44:03 [INFO] __main__:   USDSEK: 500000 bars saved
2026-02-03 15:44:06 [INFO] __main__:   XAUUSD: 500000 bars saved
2026-02-03 15:44:10 [INFO] __main__:   XAGUSD: 500000 bars saved
2026-02-03 15:44:12 [INFO] __main__:   US100: 366100 bars saved
2026-02-03 15:44:15 [INFO] __main__:   US30: 367735 bars saved
2026-02-03 15:44:18 [INFO] __main__:   DE30: 352266 bars saved
2026-02-03 15:44:20 [INFO] __main__:   EU50: 227974 bars saved
2026-02-03 15:44:24 [INFO] __main__:   UK100: 356764 bars saved
2026-02-03 15:44:27 [INFO] __main__:   JP225: 362709 bars saved
2026-02-03 15:44:30 [INFO] __main__:   ETHUSD: 500000 bars saved
2026-02-03 15:44:35 [INFO] __main__:   XRPUSD: 500000 bars saved
2026-02-03 15:44:37 [INFO] __main__:   TONUSD: 156547 bars saved
2026-02-03 15:44:40 [INFO] __main__:   BTCETH: 473086 bars saved
2026-02-03 15:44:40 [INFO] pm_pipeline: SKIP EURUSD: valid until 2026-03-04 (28 days remaining)
2026-02-03 15:44:40 [INFO] pm_pipeline: SKIP GBPUSD: valid until 2026-05-03 (89 days remaining)
2026-02-03 15:44:40 [INFO] pm_pipeline: SKIP USDJPY: valid until 2026-06-03 (119 days remaining)
2026-02-03 15:44:40 [INFO] pm_pipeline: SKIP USDCHF: valid until 2026-03-05 (29 days remaining)
2026-02-03 15:44:40 [INFO] pm_pipeline: SKIP USDCAD: valid until 2026-03-05 (29 days remaining)
2026-02-03 15:44:40 [INFO] pm_pipeline: SKIP AUDUSD: valid until 2026-07-29 (175 days remaining)
2026-02-03 15:44:40 [INFO] pm_pipeline: SKIP NZDUSD: valid until 2026-03-01 (25 days remaining)
2026-02-03 15:44:40 [INFO] pm_pipeline: SKIP AUDNZD: valid until 2026-07-29 (175 days remaining)
2026-02-03 15:44:40 [INFO] pm_pipeline: SKIP EURGBP: valid until 2026-05-30 (115 days remaining)
2026-02-03 15:44:40 [INFO] pm_pipeline: SKIP EURJPY: valid until 2026-03-01 (26 days remaining)
2026-02-03 15:44:40 [INFO] pm_pipeline: SKIP GBPJPY: valid until 2026-03-01 (26 days remaining)
2026-02-03 15:44:40 [INFO] pm_pipeline: SKIP AUDJPY: valid until 2026-07-29 (176 days remaining)
2026-02-03 15:44:40 [INFO] pm_pipeline: SKIP EURAUD: valid until 2026-03-01 (26 days remaining)
2026-02-03 15:44:40 [INFO] pm_pipeline: SKIP EURCHF: valid until 2026-07-29 (176 days remaining)
2026-02-03 15:44:40 [INFO] pm_pipeline: SKIP EURCAD: valid until 2026-03-01 (26 days remaining)
2026-02-03 15:44:40 [INFO] pm_pipeline: SKIP EURNZD: valid until 2026-07-29 (176 days remaining)
2026-02-03 15:44:40 [INFO] pm_pipeline: SKIP GBPAUD: valid until 2026-07-29 (176 days remaining)
2026-02-03 15:44:40 [INFO] pm_pipeline: SKIP GBPCAD: valid until 2026-03-01 (26 days remaining)
2026-02-03 15:44:40 [INFO] pm_pipeline: SKIP GBPCHF: valid until 2026-07-29 (176 days remaining)
2026-02-03 15:44:40 [INFO] pm_pipeline: SKIP CADJPY: valid until 2026-05-30 (116 days remaining)
2026-02-03 15:44:40 [INFO] pm_pipeline: SKIP NZDJPY: valid until 2026-05-30 (116 days remaining)
2026-02-03 15:44:40 [INFO] pm_pipeline: OPTIMIZE AUDCAD: missing
2026-02-03 15:44:40 [INFO] pm_pipeline: OPTIMIZE AUDCHF: missing
2026-02-03 15:44:40 [INFO] pm_pipeline: OPTIMIZE CADCHF: missing
2026-02-03 15:44:40 [INFO] pm_pipeline: OPTIMIZE CHFJPY: missing
2026-02-03 15:44:40 [INFO] pm_pipeline: OPTIMIZE NZDCAD: missing
2026-02-03 15:44:40 [INFO] pm_pipeline: OPTIMIZE NZDCHF: missing
2026-02-03 15:44:40 [INFO] pm_pipeline: OPTIMIZE GBPNZD: missing
2026-02-03 15:44:40 [INFO] pm_pipeline: SKIP USDNOK: valid until 2026-03-01 (26 days remaining)
2026-02-03 15:44:40 [INFO] pm_pipeline: SKIP USDMXN: valid until 2026-03-01 (26 days remaining)
2026-02-03 15:44:40 [INFO] pm_pipeline: SKIP USDSGD: valid until 2026-03-01 (26 days remaining)
2026-02-03 15:44:40 [INFO] pm_pipeline: SKIP USDZAR: valid until 2026-03-01 (26 days remaining)
2026-02-03 15:44:40 [INFO] pm_pipeline: SKIP USDPLN: valid until 2026-02-06 (3 days remaining)
2026-02-03 15:44:40 [INFO] pm_pipeline: OPTIMIZE USDSEK: missing
2026-02-03 15:44:40 [INFO] pm_pipeline: SKIP XAUUSD: valid until 2026-03-01 (26 days remaining)
2026-02-03 15:44:40 [INFO] pm_pipeline: SKIP XAGUSD: valid until 2026-07-29 (176 days remaining)
2026-02-03 15:44:40 [INFO] pm_pipeline: SKIP US100: valid until 2026-05-30 (116 days remaining)
2026-02-03 15:44:40 [INFO] pm_pipeline: SKIP US30: valid until 2026-05-30 (116 days remaining)
2026-02-03 15:44:40 [INFO] pm_pipeline: SKIP DE30: valid until 2026-03-01 (26 days remaining)
2026-02-03 15:44:40 [INFO] pm_pipeline: SKIP EU50: valid until 2026-07-29 (176 days remaining)
2026-02-03 15:44:40 [INFO] pm_pipeline: SKIP UK100: valid until 2026-04-30 (86 days remaining)
2026-02-03 15:44:40 [INFO] pm_pipeline: SKIP JP225: valid until 2026-03-01 (26 days remaining)
2026-02-03 15:44:40 [INFO] pm_pipeline: SKIP ETHUSD: valid until 2026-05-30 (116 days remaining)
2026-02-03 15:44:40 [INFO] pm_pipeline: SKIP XRPUSD: valid until 2026-03-01 (26 days remaining)
2026-02-03 15:44:40 [INFO] pm_pipeline: SKIP TONUSD: valid until 2026-03-01 (26 days remaining)
2026-02-03 15:44:40 [INFO] pm_pipeline: OPTIMIZE BTCETH: missing
2026-02-03 15:44:40 [INFO] pm_pipeline: 
############################################################
2026-02-03 15:44:40 [INFO] pm_pipeline: PORTFOLIO MANAGER - STATEFUL OPTIMIZATION
2026-02-03 15:44:40 [INFO] pm_pipeline: Total symbols: 46
2026-02-03 15:44:40 [INFO] pm_pipeline: To optimize: 9
2026-02-03 15:44:40 [INFO] pm_pipeline: Skipping: 37 (valid configs)
2026-02-03 15:44:40 [INFO] pm_pipeline: Strategies: 28
2026-02-03 15:44:40 [INFO] pm_pipeline: Timeframes: ['M5', 'M15', 'M30', 'H1', 'H4', 'D1']
2026-02-03 15:44:40 [INFO] pm_pipeline: ############################################################
2026-02-03 15:44:40 [INFO] pm_pipeline: 
Progress: 1/9
2026-02-03 15:44:40 [INFO] pm_pipeline: 
============================================================
2026-02-03 15:44:40 [INFO] pm_pipeline: OPTIMIZING: AUDCAD (Regime-Aware)
2026-02-03 15:44:40 [INFO] pm_pipeline: ============================================================
2026-02-03 15:44:41 [INFO] pm_core: Loaded AUDCAD: 500000 bars from AUDCAD_M5.csv
2026-02-03 15:48:04 [INFO] pm_pipeline: [AUDCAD] Regime Optimization: 28 strategies x 6 timeframes x 4 regimes
2026-02-03 15:48:04 [WARNING] pm_core: No spec found for AUDCAD, using default
2026-02-03 15:48:14 [WARNING] pm_core: No spec found for AUDCAD, using default
2026-02-03 15:48:16 [WARNING] pm_core: No spec found for AUDCAD, using default
2026-02-03 15:48:16 [WARNING] pm_core: No spec found for AUDCAD, using default
2026-02-03 15:48:18 [WARNING] pm_core: No spec found for AUDCAD, using default
2026-02-03 15:48:19 [WARNING] pm_core: No spec found for AUDCAD, using default
2026-02-03 15:48:21 [WARNING] pm_core: No spec found for AUDCAD, using default
2026-02-03 15:48:22 [WARNING] pm_core: No spec found for AUDCAD, using default
2026-02-03 15:48:22 [WARNING] pm_core: No spec found for AUDCAD, using default
2026-02-03 15:48:23 [WARNING] pm_core: No spec found for AUDCAD, using default
2026-02-03 15:48:24 [INFO] __main__: Shutting down...
2026-02-03 15:48:24 [INFO] pm_mt5: Disconnected from MT5
2026-02-03 15:48:24 [INFO] __main__: Shutdown complete
2026-02-03 15:48:24 [INFO] pm_core: [TIME] [AUDCAD] Regime Optimization: 19.89s
2026-02-03 15:48:24 [INFO] __main__: Shutting down...
2026-02-03 15:48:24 [INFO] __main__: Shutdown complete
2026-02-03 15:48:38 [INFO] __main__: Resolved config summary (source=config.json)
2026-02-03 15:48:38 [INFO] __main__: Provided sections in JSON: ['mt5', 'pipeline', 'position', 'symbols']
2026-02-03 15:48:38 [INFO] __main__: PipelineConfig: {'scoring_mode': 'fx_backtester', 'max_bars': 500000, 'timeframes': ['M5', 'M15', 'M30', 'H1', 'H4', 'D1'], 'live_bars_count': 1500, 'live_min_bars': 300, 'risk_per_trade_pct': 1.0, 'fx_opt_min_trades': 15, 'fx_val_min_trades': 15, 'fx_val_max_drawdown': 20.0, 'regime_min_val_profit_factor': 1.0, 'regime_min_val_return_pct': 0.0, 'regime_allow_losing_winners': False, 'fallback_risk_multiplier': 1.0, 'fallback_max_risk_pct': 1.0, 'tier1_max_risk_pct': 5.0, 'tier23_max_risk_pct': 1.0, 'max_combined_risk_pct': 3.0, 'allow_d1_plus_lower_tf': True, 'secondary_trade_max_risk_pct': 1.0, 'regime_enable_hyperparam_tuning': True, 'regime_hyperparam_top_k': 3, 'regime_hyperparam_max_combos': 150, 'optuna_use_val_in_objective': False}
2026-02-03 15:48:38 [INFO] __main__: PositionConfig: {'risk_per_trade_pct': 1.0, 'max_positions': None, 'allow_hedging': None}
2026-02-03 15:48:38 [INFO] __main__: MT5Config: {'enabled': None, 'server': '', 'terminal_path': None}
2026-02-03 15:48:38 [INFO] __main__: ============================================================
2026-02-03 15:48:38 [INFO] __main__: FX PORTFOLIO MANAGER v3.0
2026-02-03 15:48:38 [INFO] __main__: ============================================================
2026-02-03 15:48:38 [INFO] __main__: Connecting to MetaTrader 5...
2026-02-03 15:48:38 [INFO] pm_mt5: Connected to MT5 (using existing session)
2026-02-03 15:48:38 [INFO] __main__: [OK] Connected to MT5
2026-02-03 15:48:38 [INFO] pm_pipeline: Loaded 37 existing configs from pm_configs.json
2026-02-03 15:48:38 [INFO] __main__: [OK] Portfolio Manager initialized
2026-02-03 15:48:38 [INFO] __main__:   Symbols: 46
2026-02-03 15:48:38 [INFO] __main__:   Strategies: 28
2026-02-03 15:48:38 [INFO] __main__:   Existing configs: 37
2026-02-03 15:48:39 [INFO] __main__: 
============================================================
2026-02-03 15:48:39 [INFO] __main__: STARTING LIVE TRADING
2026-02-03 15:48:39 [INFO] __main__: Trading enabled: True
2026-02-03 15:48:39 [INFO] __main__: Auto-retrain: False
2026-02-03 15:48:39 [INFO] __main__: Close on opposite signal: False
2026-02-03 15:48:39 [INFO] __main__: ============================================================
2026-02-03 15:50:57 [INFO] __main__: [USDCAD] Selected: MACDHistogramMomentumStrategy @ M5/TREND (strength=0.34, quality=0.44, freshness=1.00, score=0.150)
2026-02-03 15:50:57 [INFO] __main__: [USDCAD] Fallback tier 2: reduced risk to 1.00%
2026-02-03 15:50:57 [INFO] __main__: [USDCAD] SELL | basis=1449.79 (balance) | target_risk=1.00% ($14.50) | actual_risk=0.97% ($14.05) | vol_raw=0.1032 | vol=0.1000 | entry=1.36606 | sl=1.36798 | tp=1.36446
2026-02-03 15:50:57 [INFO] __main__: [OK] [USDCAD] SHORT executed: 0.1 lots @ 1.36607
2026-02-03 16:00:05 [INFO] __main__: [USDJPY] Selected: VolatilityBreakoutStrategy @ M30/TREND (strength=0.43, quality=0.37, freshness=1.00, score=0.157)
2026-02-03 16:00:05 [INFO] __main__: [USDJPY] SELL | basis=1449.79 (balance) | target_risk=1.00% ($14.50) | actual_risk=0.95% ($13.83) | vol_raw=0.0629 | vol=0.0600 | entry=155.86400 | sl=156.22400 | tp=155.32400
2026-02-03 16:00:05 [INFO] __main__: [OK] [USDJPY] SHORT executed: 0.06 lots @ 155.86400
2026-02-03 16:20:25 [INFO] __main__: [EURUSD] Selected: EMACrossoverStrategy @ M5/TREND (strength=0.31, quality=0.46, freshness=1.00, score=0.144)
2026-02-03 16:20:25 [INFO] __main__: [EURUSD] Fallback tier 2: reduced risk to 1.00%
2026-02-03 16:20:25 [INFO] __main__: [EURUSD] BUY | basis=1449.79 (balance) | target_risk=1.00% ($14.50) | actual_risk=1.00% ($14.45) | vol_raw=0.1004 | vol=0.1000 | entry=1.17977 | sl=1.17833 | tp=1.18077
2026-02-03 16:20:25 [INFO] __main__: [OK] [EURUSD] LONG executed: 0.1 lots @ 1.17977
2026-02-03 16:45:08 [INFO] __main__: [EURUSD] Selected: EMACrossoverStrategy @ M15/TREND (strength=0.33, quality=0.46, freshness=1.00, score=0.149)
2026-02-03 16:45:08 [INFO] __main__: [EURUSD] Fallback tier 2: reduced risk to 1.00%
2026-02-03 16:45:08 [INFO] __main__: [EURUSD] BUY | basis=1446.80 (balance) | target_risk=1.00% ($14.47) | actual_risk=0.93% ($13.45) | vol_raw=0.0646 | vol=0.0600 | entry=1.18055 | sl=1.17831 | tp=1.18155
2026-02-03 16:45:08 [INFO] __main__: [OK] [EURUSD] LONG executed: 0.06 lots @ 1.18055
2026-02-03 18:06:18 [INFO] __main__: [EURUSD] Selected: KeltnerBreakoutStrategy @ M30/TREND (strength=0.45, quality=0.34, freshness=0.85, score=0.129)
2026-02-03 18:06:18 [INFO] __main__: [EURUSD] BUY | basis=1464.60 (balance) | target_risk=1.00% ($14.65) | actual_risk=0.88% ($12.93) | vol_raw=0.0453 | vol=0.0400 | entry=1.18233 | sl=1.17910 | tp=1.18502
2026-02-03 18:06:18 [INFO] __main__: [OK] [EURUSD] LONG executed: 0.04 lots @ 1.18233
2026-02-03 19:21:38 [INFO] __main__: Shutting down...
2026-02-03 19:21:38 [INFO] __main__: Stopping trader...
2026-02-03 19:21:38 [INFO] __main__: Saved 5 trades to pm_outputs\trades_20260203_192138.json
2026-02-03 19:21:38 [INFO] pm_mt5: Disconnected from MT5
2026-02-03 19:21:38 [INFO] __main__: Shutdown complete
2026-02-03 19:21:38 [INFO] __main__: Shutting down...
2026-02-03 19:21:38 [INFO] __main__: Stopping trader...
2026-02-03 19:21:38 [INFO] __main__: Saved 5 trades to pm_outputs\trades_20260203_192138.json
2026-02-03 19:21:38 [INFO] __main__: Shutdown complete
2026-02-03 19:21:38 [INFO] __main__: Shutting down...
2026-02-03 19:21:38 [INFO] __main__: Stopping trader...
2026-02-03 19:21:38 [INFO] __main__: Saved 5 trades to pm_outputs\trades_20260203_192138.json
2026-02-03 19:21:38 [INFO] __main__: Shutdown complete
2026-02-03 19:30:56 [INFO] __main__: Resolved config summary (source=config.json)
2026-02-03 19:30:56 [INFO] __main__:   sections: broker_specs_path, instrument_spec_defaults, instrument_specs, mt5, pipeline, position, symbols
2026-02-03 19:30:56 [INFO] __main__:   pipeline: scoring=fx_backtester | max_bars=500000 | timeframes=M5,M15,M30,H1,H4,D1 | live_bars=1500/300 | risk_per_trade_pct=1.0 | fx_opt_min_trades=15 | fx_val_min_trades=15 | fx_val_max_dd=20.0 | regime_pf>=1.0 | regime_ret>=0.0 | allow_d1_plus_lower=True | max_combined_risk_pct=3.0 | optuna_val_obj=False | opt_workers=1
2026-02-03 19:30:56 [INFO] __main__:   position: risk_per_trade_pct=1.0 | risk_basis=balance | max_risk_pct=5.0 | max_pos_size=0.0 | min_pos_size=0.01 | auto_widen_sl=True
2026-02-03 19:30:56 [INFO] __main__:   mt5: server=n/a | path=n/a | timeout=60000 | portable=False
2026-02-03 19:30:56 [INFO] __main__:   instruments: overrides=9 | defaults=['commission_per_lot'] | broker_specs_path=broker_specs.json
2026-02-03 19:30:56 [INFO] __main__: ============================================================
2026-02-03 19:30:56 [INFO] __main__: ============================================================
2026-02-03 19:30:56 [INFO] __main__: FX PORTFOLIO MANAGER v3.0
2026-02-03 19:30:56 [INFO] __main__: ============================================================
2026-02-03 19:30:56 [INFO] __main__: Connecting to MetaTrader 5...
2026-02-03 19:30:56 [INFO] pm_mt5: Connected to MT5 (using existing session)
2026-02-03 19:30:56 [INFO] __main__: [OK] Connected to MT5
2026-02-03 19:30:56 [INFO] pm_pipeline: Loaded 37 existing configs from pm_configs.json
2026-02-03 19:30:56 [INFO] __main__: [OK] Portfolio Manager initialized
2026-02-03 19:30:56 [INFO] __main__:   Symbols: 46
2026-02-03 19:30:56 [INFO] __main__:   Strategies: 28
2026-02-03 19:30:56 [INFO] __main__:   Existing configs: 37
2026-02-03 19:30:56 [INFO] __main__: 
============================================================
2026-02-03 19:30:56 [INFO] __main__: RUNNING OPTIMIZATION
2026-02-03 19:30:56 [INFO] __main__: MODE: OVERWRITE (re-optimizing all symbols)
2026-02-03 19:30:56 [INFO] __main__: ============================================================
2026-02-03 19:30:57 [INFO] __main__: Fetching historical data for 46 symbols...
2026-02-03 19:31:01 [INFO] __main__:   EURUSD: 500000 bars saved
2026-02-03 19:31:06 [INFO] __main__:   GBPUSD: 500000 bars saved
2026-02-03 19:31:11 [INFO] __main__:   USDJPY: 500000 bars saved
2026-02-03 19:31:15 [INFO] __main__: Resolved config summary (source=config.json)
2026-02-03 19:31:15 [INFO] __main__:   sections: broker_specs_path, instrument_spec_defaults, instrument_specs, mt5, pipeline, position, symbols
2026-02-03 19:31:15 [INFO] __main__:   pipeline: scoring=fx_backtester | max_bars=500000 | timeframes=M5,M15,M30,H1,H4,D1 | live_bars=1500/300 | risk_per_trade_pct=1.0 | fx_opt_min_trades=15 | fx_val_min_trades=15 | fx_val_max_dd=20.0 | regime_pf>=1.0 | regime_ret>=0.0 | allow_d1_plus_lower=True | max_combined_risk_pct=3.0 | optuna_val_obj=False | opt_workers=1
2026-02-03 19:31:15 [INFO] __main__:   position: risk_per_trade_pct=1.0 | risk_basis=balance | max_risk_pct=5.0 | max_pos_size=0.0 | min_pos_size=0.01 | auto_widen_sl=True
2026-02-03 19:31:15 [INFO] __main__:   mt5: server=n/a | path=n/a | timeout=60000 | portable=False
2026-02-03 19:31:15 [INFO] __main__:   instruments: overrides=9 | defaults=['commission_per_lot'] | broker_specs_path=broker_specs.json
2026-02-03 19:31:15 [INFO] __main__: ============================================================
2026-02-03 19:31:15 [INFO] __main__: ============================================================
2026-02-03 19:31:15 [INFO] __main__: FX PORTFOLIO MANAGER v3.0
2026-02-03 19:31:15 [INFO] __main__: ============================================================
2026-02-03 19:31:15 [INFO] __main__: Connecting to MetaTrader 5...
2026-02-03 19:31:15 [INFO] pm_mt5: Connected to MT5 (using existing session)
2026-02-03 19:31:15 [INFO] __main__: [OK] Connected to MT5
2026-02-03 19:31:15 [INFO] pm_pipeline: Loaded 37 existing configs from pm_configs.json
2026-02-03 19:31:15 [INFO] __main__: [OK] Portfolio Manager initialized
2026-02-03 19:31:15 [INFO] __main__:   Symbols: 46
2026-02-03 19:31:15 [INFO] __main__:   Strategies: 28
2026-02-03 19:31:15 [INFO] __main__:   Existing configs: 37
2026-02-03 19:31:15 [INFO] __main__: 
============================================================
2026-02-03 19:31:15 [INFO] __main__: STARTING LIVE TRADING
2026-02-03 19:31:15 [INFO] __main__: Trading enabled: True
2026-02-03 19:31:15 [INFO] __main__: Auto-retrain: False
2026-02-03 19:31:15 [INFO] __main__: Close on opposite signal: False
2026-02-03 19:31:15 [INFO] __main__: ============================================================
2026-02-03 19:31:17 [INFO] __main__:   USDCHF: 500000 bars saved
2026-02-03 19:31:25 [INFO] __main__:   USDCAD: 500000 bars saved
2026-02-03 19:31:31 [INFO] __main__:   AUDUSD: 500000 bars saved
2026-02-03 19:31:38 [INFO] __main__:   NZDUSD: 500000 bars saved
2026-02-03 19:31:44 [INFO] __main__:   AUDNZD: 500000 bars saved
2026-02-03 19:31:51 [INFO] __main__:   EURGBP: 500000 bars saved
2026-02-03 19:31:56 [INFO] __main__:   EURJPY: 500000 bars saved
2026-02-03 19:32:01 [INFO] __main__:   GBPJPY: 500000 bars saved
2026-02-03 19:32:05 [INFO] __main__:   AUDJPY: 500000 bars saved
2026-02-03 19:32:12 [INFO] __main__:   EURAUD: 500000 bars saved
2026-02-03 19:32:18 [INFO] __main__:   EURCHF: 500000 bars saved
2026-02-03 19:32:23 [INFO] __main__:   EURCAD: 500000 bars saved
2026-02-03 19:32:29 [INFO] __main__:   EURNZD: 500000 bars saved
2026-02-03 19:32:34 [INFO] __main__:   GBPAUD: 500000 bars saved
2026-02-03 19:32:41 [INFO] __main__:   GBPCAD: 500000 bars saved
2026-02-03 19:32:46 [INFO] __main__:   GBPCHF: 500000 bars saved
2026-02-03 19:32:51 [INFO] __main__:   CADJPY: 500000 bars saved
2026-02-03 19:32:56 [INFO] __main__:   NZDJPY: 500000 bars saved
2026-02-03 19:33:01 [INFO] __main__:   AUDCAD: 500000 bars saved
2026-02-03 19:33:06 [INFO] __main__:   AUDCHF: 500000 bars saved
2026-02-03 19:33:11 [INFO] __main__:   CADCHF: 500000 bars saved
2026-02-03 19:33:20 [INFO] __main__:   CHFJPY: 500000 bars saved
2026-02-03 19:33:28 [INFO] __main__:   NZDCAD: 500000 bars saved
2026-02-03 19:33:33 [INFO] __main__:   NZDCHF: 500000 bars saved
2026-02-03 19:33:40 [INFO] __main__:   GBPNZD: 500000 bars saved
2026-02-03 19:33:48 [INFO] __main__:   USDNOK: 500000 bars saved
2026-02-03 19:33:54 [INFO] __main__:   USDMXN: 500000 bars saved
2026-02-03 19:34:00 [INFO] __main__:   USDSGD: 500000 bars saved
2026-02-03 19:34:05 [INFO] __main__:   USDZAR: 500000 bars saved
2026-02-03 19:34:09 [INFO] __main__:   USDPLN: 500000 bars saved
2026-02-03 19:34:13 [INFO] __main__:   USDSEK: 500000 bars saved
2026-02-03 19:34:18 [INFO] __main__:   XAUUSD: 500000 bars saved
2026-02-03 19:34:23 [INFO] __main__:   XAGUSD: 500000 bars saved
2026-02-03 19:34:26 [INFO] __main__:   US100: 366146 bars saved
2026-02-03 19:34:30 [INFO] __main__:   US30: 367781 bars saved
2026-02-03 19:34:33 [INFO] __main__:   DE30: 352312 bars saved
2026-02-03 19:34:35 [INFO] __main__:   EU50: 228020 bars saved
2026-02-03 19:34:38 [INFO] __main__:   UK100: 356810 bars saved
2026-02-03 19:34:42 [INFO] __main__:   JP225: 362755 bars saved
2026-02-03 19:34:47 [INFO] __main__:   ETHUSD: 500000 bars saved
2026-02-03 19:34:51 [INFO] __main__:   XRPUSD: 500000 bars saved
2026-02-03 19:34:52 [INFO] __main__:   TONUSD: 156593 bars saved
2026-02-03 19:34:56 [INFO] __main__:   BTCETH: 473133 bars saved
2026-02-03 19:34:57 [INFO] pm_pipeline: OPTIMIZE EURUSD: overwrite enabled
2026-02-03 19:34:57 [INFO] pm_pipeline: OPTIMIZE GBPUSD: overwrite enabled
2026-02-03 19:34:57 [INFO] pm_pipeline: OPTIMIZE USDJPY: overwrite enabled
2026-02-03 19:34:57 [INFO] pm_pipeline: OPTIMIZE USDCHF: overwrite enabled
2026-02-03 19:34:57 [INFO] pm_pipeline: OPTIMIZE USDCAD: overwrite enabled
2026-02-03 19:34:57 [INFO] pm_pipeline: OPTIMIZE AUDUSD: overwrite enabled
2026-02-03 19:34:57 [INFO] pm_pipeline: OPTIMIZE NZDUSD: overwrite enabled
2026-02-03 19:34:57 [INFO] pm_pipeline: OPTIMIZE AUDNZD: overwrite enabled
2026-02-03 19:34:57 [INFO] pm_pipeline: OPTIMIZE EURGBP: overwrite enabled
2026-02-03 19:34:57 [INFO] pm_pipeline: OPTIMIZE EURJPY: overwrite enabled
2026-02-03 19:34:57 [INFO] pm_pipeline: OPTIMIZE GBPJPY: overwrite enabled
2026-02-03 19:34:57 [INFO] pm_pipeline: OPTIMIZE AUDJPY: overwrite enabled
2026-02-03 19:34:57 [INFO] pm_pipeline: OPTIMIZE EURAUD: overwrite enabled
2026-02-03 19:34:57 [INFO] pm_pipeline: OPTIMIZE EURCHF: overwrite enabled
2026-02-03 19:34:57 [INFO] pm_pipeline: OPTIMIZE EURCAD: overwrite enabled
2026-02-03 19:34:57 [INFO] pm_pipeline: OPTIMIZE EURNZD: overwrite enabled
2026-02-03 19:34:57 [INFO] pm_pipeline: OPTIMIZE GBPAUD: overwrite enabled
2026-02-03 19:34:57 [INFO] pm_pipeline: OPTIMIZE GBPCAD: overwrite enabled
2026-02-03 19:34:57 [INFO] pm_pipeline: OPTIMIZE GBPCHF: overwrite enabled
2026-02-03 19:34:57 [INFO] pm_pipeline: OPTIMIZE CADJPY: overwrite enabled
2026-02-03 19:34:57 [INFO] pm_pipeline: OPTIMIZE NZDJPY: overwrite enabled
2026-02-03 19:34:57 [INFO] pm_pipeline: OPTIMIZE AUDCAD: overwrite enabled
2026-02-03 19:34:57 [INFO] pm_pipeline: OPTIMIZE AUDCHF: overwrite enabled
2026-02-03 19:34:57 [INFO] pm_pipeline: OPTIMIZE CADCHF: overwrite enabled
2026-02-03 19:34:57 [INFO] pm_pipeline: OPTIMIZE CHFJPY: overwrite enabled
2026-02-03 19:34:57 [INFO] pm_pipeline: OPTIMIZE NZDCAD: overwrite enabled
2026-02-03 19:34:57 [INFO] pm_pipeline: OPTIMIZE NZDCHF: overwrite enabled
2026-02-03 19:34:57 [INFO] pm_pipeline: OPTIMIZE GBPNZD: overwrite enabled
2026-02-03 19:34:57 [INFO] pm_pipeline: OPTIMIZE USDNOK: overwrite enabled
2026-02-03 19:34:57 [INFO] pm_pipeline: OPTIMIZE USDMXN: overwrite enabled
2026-02-03 19:34:57 [INFO] pm_pipeline: OPTIMIZE USDSGD: overwrite enabled
2026-02-03 19:34:57 [INFO] pm_pipeline: OPTIMIZE USDZAR: overwrite enabled
2026-02-03 19:34:57 [INFO] pm_pipeline: OPTIMIZE USDPLN: overwrite enabled
2026-02-03 19:34:57 [INFO] pm_pipeline: OPTIMIZE USDSEK: overwrite enabled
2026-02-03 19:34:57 [INFO] pm_pipeline: OPTIMIZE XAUUSD: overwrite enabled
2026-02-03 19:34:57 [INFO] pm_pipeline: OPTIMIZE XAGUSD: overwrite enabled
2026-02-03 19:34:57 [INFO] pm_pipeline: OPTIMIZE US100: overwrite enabled
2026-02-03 19:34:57 [INFO] pm_pipeline: OPTIMIZE US30: overwrite enabled
2026-02-03 19:34:57 [INFO] pm_pipeline: OPTIMIZE DE30: overwrite enabled
2026-02-03 19:34:57 [INFO] pm_pipeline: OPTIMIZE EU50: overwrite enabled
2026-02-03 19:34:57 [INFO] pm_pipeline: OPTIMIZE UK100: overwrite enabled
2026-02-03 19:34:57 [INFO] pm_pipeline: OPTIMIZE JP225: overwrite enabled
2026-02-03 19:34:57 [INFO] pm_pipeline: OPTIMIZE ETHUSD: overwrite enabled
2026-02-03 19:34:57 [INFO] pm_pipeline: OPTIMIZE XRPUSD: overwrite enabled
2026-02-03 19:34:57 [INFO] pm_pipeline: OPTIMIZE TONUSD: overwrite enabled
2026-02-03 19:34:57 [INFO] pm_pipeline: OPTIMIZE BTCETH: overwrite enabled
2026-02-03 19:34:57 [INFO] pm_pipeline: 
############################################################
2026-02-03 19:34:57 [INFO] pm_pipeline: PORTFOLIO MANAGER - STATEFUL OPTIMIZATION
2026-02-03 19:34:57 [INFO] pm_pipeline: Total symbols: 46
2026-02-03 19:34:57 [INFO] pm_pipeline: To optimize: 46
2026-02-03 19:34:57 [INFO] pm_pipeline: Skipping: 0 (valid configs)
2026-02-03 19:34:57 [INFO] pm_pipeline: OVERWRITE MODE: ignoring validity checks
2026-02-03 19:34:57 [INFO] pm_pipeline: Strategies: 28
2026-02-03 19:34:57 [INFO] pm_pipeline: Timeframes: ['M5', 'M15', 'M30', 'H1', 'H4', 'D1']
2026-02-03 19:34:57 [INFO] pm_pipeline: ############################################################
2026-02-03 19:34:57 [INFO] pm_pipeline: 
Progress: 1/46
2026-02-03 19:34:57 [INFO] pm_pipeline: 
============================================================
2026-02-03 19:34:57 [INFO] pm_pipeline: OPTIMIZING: EURUSD (Regime-Aware)
2026-02-03 19:34:57 [INFO] pm_pipeline: ============================================================
2026-02-03 19:34:58 [INFO] pm_core: Loaded EURUSD: 500000 bars from EURUSD_M5.csv
2026-02-03 19:38:15 [INFO] pm_pipeline: [EURUSD] Regime Optimization: 28 strategies x 6 timeframes x 4 regimes
2026-02-03 19:42:40 [INFO] pm_pipeline: [EURUSD] [M5] Hyperparameter tuning 10 strategies
2026-02-03 19:53:35 [INFO] __main__: Shutting down...
2026-02-03 19:53:35 [INFO] __main__: Stopping trader...
2026-02-03 19:53:35 [INFO] __main__: Saved 0 trades to pm_outputs\trades_20260203_195335.json
2026-02-03 19:53:35 [INFO] pm_mt5: Disconnected from MT5
2026-02-03 19:53:35 [INFO] __main__: Shutdown complete
2026-02-03 19:53:35 [INFO] __main__: Shutting down...
2026-02-03 19:53:35 [INFO] __main__: Stopping trader...
2026-02-03 19:53:35 [INFO] __main__: Saved 0 trades to pm_outputs\trades_20260203_195335.json
2026-02-03 19:53:35 [INFO] __main__: Shutdown complete
2026-02-03 19:53:35 [INFO] __main__: Shutting down...
2026-02-03 19:53:35 [INFO] __main__: Stopping trader...
2026-02-03 19:53:35 [INFO] __main__: Saved 0 trades to pm_outputs\trades_20260203_195335.json
2026-02-03 19:53:35 [INFO] __main__: Shutdown complete
2026-02-03 19:54:01 [INFO] __main__: Resolved config summary (source=config.json)
2026-02-03 19:54:01 [INFO] __main__:   sections: broker_specs_path, instrument_spec_defaults, instrument_specs, mt5, pipeline, position, symbols
2026-02-03 19:54:01 [INFO] __main__:   pipeline: scoring=fx_backtester | bars=500000 | tfs=M5,M15,M30,H1,H4,D1 | live=1500/300 | risk=1.0% | d1+lower=True | max_sym_risk=3.0% | opt_workers=1
2026-02-03 19:54:01 [INFO] __main__:             validation: opt_min=15 | val_min=15 | val_dd<=20.0 | pf>=1.0 | ret>=0.0 | optuna_val_obj=False
2026-02-03 19:54:01 [INFO] __main__:   position: risk=1.0% | basis=balance | max_risk=5.0% | size=0.01-0.0 | auto_widen_sl=True
2026-02-03 19:54:01 [INFO] __main__:   mt5: server=n/a | path=n/a | timeout=60000 | portable=False
2026-02-03 19:54:01 [INFO] __main__:   instruments: overrides=46 | defaults=commission_per_lot | broker_specs=broker_specs.json
2026-02-03 19:54:01 [INFO] __main__: ------------------------------------------------------------
2026-02-03 19:54:01 [INFO] __main__: ============================================================
2026-02-03 19:54:01 [INFO] __main__: FX PORTFOLIO MANAGER v3.0
2026-02-03 19:54:01 [INFO] __main__: ============================================================
2026-02-03 19:54:01 [INFO] __main__: Connecting to MetaTrader 5...
2026-02-03 19:54:01 [INFO] pm_mt5: Connected to MT5 (using existing session)
2026-02-03 19:54:01 [INFO] __main__: [OK] Connected to MT5
2026-02-03 19:54:01 [INFO] pm_pipeline: Loaded 37 existing configs from pm_configs.json
2026-02-03 19:54:01 [INFO] __main__: [OK] Portfolio Manager initialized
2026-02-03 19:54:01 [INFO] __main__:   Symbols: 46
2026-02-03 19:54:01 [INFO] __main__:   Strategies: 28
2026-02-03 19:54:01 [INFO] __main__:   Existing configs: 37
2026-02-03 19:54:02 [INFO] __main__: 
============================================================
2026-02-03 19:54:02 [INFO] __main__: STARTING LIVE TRADING
2026-02-03 19:54:02 [INFO] __main__: Trading enabled: True
2026-02-03 19:54:02 [INFO] __main__: Auto-retrain: False
2026-02-03 19:54:02 [INFO] __main__: Close on opposite signal: False
2026-02-03 19:54:02 [INFO] __main__: ============================================================
2026-02-03 19:56:05 [INFO] __main__: Shutting down...
2026-02-03 19:56:05 [INFO] pm_mt5: Disconnected from MT5
2026-02-03 19:56:05 [INFO] __main__: Shutdown complete
2026-02-03 19:56:05 [INFO] pm_core: [TIME] [EURUSD] Regime Optimization: 1070.24s
2026-02-03 19:56:05 [INFO] __main__: Shutting down...
2026-02-03 19:56:05 [INFO] __main__: Shutdown complete
2026-02-03 19:58:12 [INFO] __main__: Resolved config summary (source=config.json)
2026-02-03 19:58:12 [INFO] __main__:   sections: broker_specs_path, instrument_spec_defaults, instrument_specs, mt5, pipeline, position, symbols
2026-02-03 19:58:12 [INFO] __main__:   pipeline: scoring=fx_backtester | bars=500000 | tfs=M5,M15,M30,H1,H4,D1 | live=1500/300 | risk=1.0% | d1+lower=True | max_sym_risk=3.0% | opt_workers=1
2026-02-03 19:58:12 [INFO] __main__:             validation: opt_min=15 | val_min=15 | val_dd<=20.0 | pf>=1.0 | ret>=0.0 | optuna_val_obj=False
2026-02-03 19:58:12 [INFO] __main__:   position: risk=1.0% | basis=balance | max_risk=5.0% | size=0.01-0.0 | auto_widen_sl=True
2026-02-03 19:58:12 [INFO] __main__:   mt5: server=n/a | path=n/a | timeout=60000 | portable=False
2026-02-03 19:58:12 [INFO] __main__:   instruments: overrides=46 | defaults=commission_per_lot | broker_specs=broker_specs.json
2026-02-03 19:58:12 [INFO] __main__: ------------------------------------------------------------
2026-02-03 19:58:12 [INFO] __main__: ============================================================
2026-02-03 19:58:12 [INFO] __main__: FX PORTFOLIO MANAGER v3.0
2026-02-03 19:58:12 [INFO] __main__: ============================================================
2026-02-03 19:58:12 [INFO] __main__: Connecting to MetaTrader 5...
2026-02-03 19:58:12 [INFO] pm_mt5: Connected to MT5 (using existing session)
2026-02-03 19:58:12 [INFO] __main__: [OK] Connected to MT5
2026-02-03 19:58:12 [INFO] pm_pipeline: Loaded 37 existing configs from pm_configs.json
2026-02-03 19:58:12 [INFO] __main__: [OK] Portfolio Manager initialized
2026-02-03 19:58:12 [INFO] __main__:   Symbols: 2
2026-02-03 19:58:12 [INFO] __main__:   Strategies: 28
2026-02-03 19:58:12 [INFO] __main__:   Existing configs: 37
2026-02-03 19:58:12 [INFO] __main__: 
============================================================
2026-02-03 19:58:12 [INFO] __main__: RUNNING OPTIMIZATION
2026-02-03 19:58:12 [INFO] __main__: MODE: OVERWRITE (re-optimizing all symbols)
2026-02-03 19:58:12 [INFO] __main__: ============================================================
2026-02-03 19:58:12 [INFO] __main__: Fetching historical data for 2 symbols...
2026-02-03 19:58:20 [INFO] __main__:   AUDUSD: 500000 bars saved
2026-02-03 19:58:26 [INFO] __main__:   NZDUSD: 500000 bars saved
2026-02-03 19:58:26 [INFO] pm_pipeline: OPTIMIZE AUDUSD: overwrite enabled
2026-02-03 19:58:26 [INFO] pm_pipeline: OPTIMIZE NZDUSD: overwrite enabled
2026-02-03 19:58:26 [INFO] pm_pipeline: 
############################################################
2026-02-03 19:58:26 [INFO] pm_pipeline: PORTFOLIO MANAGER - STATEFUL OPTIMIZATION
2026-02-03 19:58:26 [INFO] pm_pipeline: Total symbols: 2
2026-02-03 19:58:26 [INFO] pm_pipeline: To optimize: 2
2026-02-03 19:58:26 [INFO] pm_pipeline: Skipping: 0 (valid configs)
2026-02-03 19:58:26 [INFO] pm_pipeline: OVERWRITE MODE: ignoring validity checks
2026-02-03 19:58:26 [INFO] pm_pipeline: Strategies: 28
2026-02-03 19:58:26 [INFO] pm_pipeline: Timeframes: ['M5', 'M15', 'M30', 'H1', 'H4', 'D1']
2026-02-03 19:58:26 [INFO] pm_pipeline: ############################################################
2026-02-03 19:58:26 [INFO] pm_pipeline: 
Progress: 1/2
2026-02-03 19:58:26 [INFO] pm_pipeline: 
============================================================
2026-02-03 19:58:26 [INFO] pm_pipeline: OPTIMIZING: AUDUSD (Regime-Aware)
2026-02-03 19:58:26 [INFO] pm_pipeline: ============================================================
2026-02-03 19:58:28 [INFO] pm_core: Loaded AUDUSD: 500000 bars from AUDUSD_M5.csv
2026-02-03 20:02:41 [INFO] pm_pipeline: [AUDUSD] Regime Optimization: 28 strategies x 6 timeframes x 4 regimes
2026-02-03 20:07:21 [INFO] pm_pipeline: [AUDUSD] [M5] Hyperparameter tuning 10 strategies
2026-02-03 20:36:34 [INFO] __main__: [USDCAD] Selected: MACDHistogramMomentumStrategy @ M5/TREND (strength=0.36, quality=0.44, freshness=1.00, score=0.160)
2026-02-03 20:36:34 [INFO] __main__: [USDCAD] Fallback tier 2: reduced risk to 1.00%
2026-02-03 20:36:34 [INFO] __main__: [USDCAD] BUY | basis=1464.60 (balance) | target_risk=1.00% ($14.65) | actual_risk=0.99% ($14.45) | vol_raw=0.1216 | vol=0.1200 | entry=1.36494 | sl=1.36330 | tp=1.36631
2026-02-03 20:36:34 [INFO] __main__: [OK] [USDCAD] LONG executed: 0.12 lots @ 1.36494
2026-02-03 21:14:02 [INFO] __main__: Shutting down...
2026-02-03 21:14:02 [INFO] pm_mt5: Disconnected from MT5
2026-02-03 21:14:02 [INFO] __main__: Shutdown complete
2026-02-03 21:14:02 [INFO] pm_core: [TIME] [AUDUSD] Regime Optimization: 4281.34s
2026-02-03 21:14:02 [INFO] __main__: Shutting down...
2026-02-03 21:14:02 [INFO] __main__: Shutdown complete
