2026-02-01 05:50:16 [INFO] __main__: ============================================================
2026-02-01 05:50:16 [INFO] __main__: FX PORTFOLIO MANAGER v3.0
2026-02-01 05:50:16 [INFO] __main__: ============================================================
2026-02-01 05:50:16 [INFO] __main__: Connecting to MetaTrader 5...
2026-02-01 05:50:16 [INFO] pm_mt5: Connected to MT5 (using existing session)
2026-02-01 05:50:16 [INFO] __main__: [OK] Connected to MT5
2026-02-01 05:50:16 [INFO] pm_pipeline: Loaded 37 configurations from pm_configs.json
2026-02-01 05:50:16 [INFO] __main__: [OK] Portfolio Manager initialized
2026-02-01 05:50:16 [INFO] __main__:   Symbols: 46
2026-02-01 05:50:16 [INFO] __main__:   Strategies: 28
2026-02-01 05:50:16 [INFO] __main__:   Existing configs: 37
2026-02-01 05:50:16 [INFO] __main__: 
============================================================
2026-02-01 05:50:16 [INFO] __main__: RUNNING OPTIMIZATION
2026-02-01 05:50:16 [INFO] __main__: ============================================================
2026-02-01 05:50:16 [INFO] __main__: Fetching historical data for 46 symbols...
2026-02-01 05:50:18 [INFO] __main__: Shutting down...
2026-02-01 05:50:18 [INFO] pm_mt5: Disconnected from MT5
2026-02-01 05:50:18 [INFO] __main__: Shutdown complete
2026-02-01 05:50:18 [INFO] __main__: Shutting down...
2026-02-01 05:50:18 [INFO] __main__: Shutdown complete
2026-02-01 05:50:21 [INFO] __main__: ============================================================
2026-02-01 05:50:21 [INFO] __main__: FX PORTFOLIO MANAGER v3.0
2026-02-01 05:50:21 [INFO] __main__: ============================================================
2026-02-01 05:50:21 [INFO] __main__: Connecting to MetaTrader 5...
2026-02-01 05:50:21 [INFO] pm_mt5: Connected to MT5 (using existing session)
2026-02-01 05:50:21 [INFO] __main__: [OK] Connected to MT5
2026-02-01 05:50:21 [INFO] pm_pipeline: Loaded 37 configurations from pm_configs.json
2026-02-01 05:50:21 [INFO] __main__: [OK] Portfolio Manager initialized
2026-02-01 05:50:21 [INFO] __main__:   Symbols: 46
2026-02-01 05:50:21 [INFO] __main__:   Strategies: 28
2026-02-01 05:50:21 [INFO] __main__:   Existing configs: 37
2026-02-01 05:50:21 [INFO] __main__: 
============================================================
2026-02-01 05:50:21 [INFO] __main__: RUNNING OPTIMIZATION
2026-02-01 05:50:21 [INFO] __main__: ============================================================
2026-02-01 05:50:21 [INFO] __main__: Fetching historical data for 46 symbols...
2026-02-01 05:50:24 [INFO] __main__:   EURUSD: 500000 bars saved
2026-02-01 05:50:27 [INFO] __main__:   GBPUSD: 500000 bars saved
2026-02-01 05:50:30 [INFO] __main__:   USDJPY: 500000 bars saved
2026-02-01 05:50:33 [INFO] __main__:   USDCHF: 500000 bars saved
2026-02-01 05:50:35 [INFO] __main__:   USDCAD: 500000 bars saved
2026-02-01 05:50:38 [INFO] __main__:   AUDUSD: 500000 bars saved
2026-02-01 05:50:41 [INFO] __main__:   NZDUSD: 500000 bars saved
2026-02-01 05:50:43 [INFO] __main__:   AUDNZD: 500000 bars saved
2026-02-01 05:50:46 [INFO] __main__:   EURGBP: 500000 bars saved
2026-02-01 05:50:49 [INFO] __main__:   EURJPY: 500000 bars saved
2026-02-01 05:50:52 [INFO] __main__:   GBPJPY: 500000 bars saved
2026-02-01 05:50:54 [INFO] __main__:   AUDJPY: 500000 bars saved
2026-02-01 05:50:58 [INFO] __main__:   EURAUD: 500000 bars saved
2026-02-01 05:51:01 [INFO] __main__:   EURCHF: 500000 bars saved
2026-02-01 05:51:04 [INFO] __main__:   EURCAD: 500000 bars saved
2026-02-01 05:51:07 [INFO] __main__:   EURNZD: 500000 bars saved
2026-02-01 05:51:10 [INFO] __main__:   GBPAUD: 500000 bars saved
2026-02-01 05:51:13 [INFO] __main__:   GBPCAD: 500000 bars saved
2026-02-01 05:51:15 [INFO] __main__:   GBPCHF: 500000 bars saved
2026-02-01 05:51:18 [INFO] __main__:   CADJPY: 500000 bars saved
2026-02-01 05:51:21 [INFO] __main__:   NZDJPY: 500000 bars saved
2026-02-01 05:51:24 [INFO] __main__:   AUDCAD: 500000 bars saved
2026-02-01 05:51:26 [INFO] __main__:   AUDCHF: 500000 bars saved
2026-02-01 05:51:29 [INFO] __main__:   CADCHF: 500000 bars saved
2026-02-01 05:51:32 [INFO] __main__:   CHFJPY: 500000 bars saved
2026-02-01 05:51:35 [INFO] __main__:   NZDCAD: 500000 bars saved
2026-02-01 05:51:38 [INFO] __main__:   NZDCHF: 500000 bars saved
2026-02-01 05:51:41 [INFO] __main__:   GBPNZD: 500000 bars saved
2026-02-01 05:51:43 [INFO] __main__:   USDNOK: 500000 bars saved
2026-02-01 05:51:46 [INFO] __main__:   USDMXN: 500000 bars saved
2026-02-01 05:51:49 [INFO] __main__:   USDSGD: 500000 bars saved
2026-02-01 05:51:52 [INFO] __main__:   USDZAR: 500000 bars saved
2026-02-01 05:51:55 [INFO] __main__:   USDPLN: 500000 bars saved
2026-02-01 05:51:58 [INFO] __main__:   USDSEK: 500000 bars saved
2026-02-01 05:52:01 [INFO] __main__:   XAUUSD: 500000 bars saved
2026-02-01 05:52:03 [INFO] __main__:   XAGUSD: 500000 bars saved
2026-02-01 05:52:06 [INFO] __main__:   US100: 365635 bars saved
2026-02-01 05:52:08 [INFO] __main__:   US30: 367270 bars saved
2026-02-01 05:52:10 [INFO] __main__:   DE30: 351801 bars saved
2026-02-01 05:52:11 [INFO] __main__:   EU50: 227713 bars saved
2026-02-01 05:52:13 [INFO] __main__:   UK100: 356299 bars saved
2026-02-01 05:52:15 [INFO] __main__:   JP225: 362244 bars saved
2026-02-01 05:52:18 [INFO] __main__:   ETHUSD: 500000 bars saved
2026-02-01 05:52:21 [INFO] __main__:   XRPUSD: 500000 bars saved
2026-02-01 05:52:22 [INFO] __main__:   TONUSD: 155853 bars saved
2026-02-01 05:52:25 [INFO] __main__:   BTCETH: 472392 bars saved
2026-02-01 05:52:25 [INFO] pm_pipeline: 
############################################################
2026-02-01 05:52:25 [INFO] pm_pipeline: PORTFOLIO MANAGER - OPTIMIZATION PIPELINE
2026-02-01 05:52:25 [INFO] pm_pipeline: Symbols: 46
2026-02-01 05:52:25 [INFO] pm_pipeline: Strategies: 28
2026-02-01 05:52:25 [INFO] pm_pipeline: Timeframes: ['M15', 'M30', 'H1', 'H4', 'D1']
2026-02-01 05:52:25 [INFO] pm_pipeline: ############################################################
2026-02-01 05:52:25 [INFO] pm_pipeline: 
Progress: 1/46
2026-02-01 05:52:25 [INFO] pm_pipeline: 
============================================================
2026-02-01 05:52:25 [INFO] pm_pipeline: OPTIMIZING: EURUSD (Regime-Aware)
2026-02-01 05:52:25 [INFO] pm_pipeline: ============================================================
2026-02-01 05:52:26 [INFO] pm_core: Loaded EURUSD: 500000 bars from EURUSD_M5.csv
2026-02-01 05:54:26 [INFO] pm_pipeline: [EURUSD] Regime Optimization: 28 strategies x 5 timeframes x 4 regimes
2026-02-01 05:55:43 [INFO] pm_pipeline: [EURUSD] [M15] Hyperparameter tuning 8 strategies
2026-02-01 06:09:33 [INFO] pm_pipeline: [EURUSD] [M15] [TREND] Winner: MomentumBurstStrategy [TUNED] (quality=0.362, train=62, val=16) [VALIDATED: Validated (robustness=1.69, sharpe=3.42)]
2026-02-01 06:09:33 [INFO] pm_pipeline: [EURUSD] [M15] [RANGE] Winner: KeltnerBreakoutStrategy [TUNED] (quality=0.346, train=811, val=354) [VALIDATED: Validated (robustness=0.97, sharpe=1.13)]
2026-02-01 06:09:33 [INFO] pm_pipeline: [EURUSD] [M15] [CHOP] Winner: EMACrossoverStrategy [TUNED] (quality=0.441, train=428, val=176) [VALIDATED: Validated (robustness=2.00, sharpe=3.02)]
2026-02-01 06:10:09 [INFO] pm_pipeline: [EURUSD] [M30] Hyperparameter tuning 10 strategies
2026-02-01 06:20:34 [INFO] __main__: Shutting down...
2026-02-01 06:20:34 [INFO] pm_mt5: Disconnected from MT5
2026-02-01 06:20:34 [INFO] __main__: Shutdown complete
2026-02-01 06:20:34 [INFO] pm_core: [TIME] [EURUSD] Regime Optimization: 1568.12s
2026-02-01 06:20:34 [INFO] __main__: Shutting down...
2026-02-01 06:20:34 [INFO] __main__: Shutdown complete
2026-02-01 06:21:31 [INFO] __main__: ============================================================
2026-02-01 06:21:31 [INFO] __main__: FX PORTFOLIO MANAGER v3.0
2026-02-01 06:21:31 [INFO] __main__: ============================================================
2026-02-01 06:21:31 [INFO] __main__: Connecting to MetaTrader 5...
2026-02-01 06:21:31 [INFO] pm_mt5: Connected to MT5 (using existing session)
2026-02-01 06:21:31 [INFO] __main__: [OK] Connected to MT5
2026-02-01 06:21:31 [INFO] pm_pipeline: Loaded 37 configurations from pm_configs.json
2026-02-01 06:21:31 [INFO] __main__: [OK] Portfolio Manager initialized
2026-02-01 06:21:31 [INFO] __main__:   Symbols: 46
2026-02-01 06:21:31 [INFO] __main__:   Strategies: 28
2026-02-01 06:21:31 [INFO] __main__:   Existing configs: 37
2026-02-01 06:21:31 [INFO] __main__: 
============================================================
2026-02-01 06:21:31 [INFO] __main__: RUNNING OPTIMIZATION
2026-02-01 06:21:31 [INFO] __main__: ============================================================
2026-02-01 06:21:31 [INFO] __main__: Fetching historical data for 46 symbols...
2026-02-01 06:21:34 [INFO] __main__:   EURUSD: 500000 bars saved
2026-02-01 06:21:37 [INFO] __main__:   GBPUSD: 500000 bars saved
2026-02-01 06:21:40 [INFO] __main__:   USDJPY: 500000 bars saved
2026-02-01 06:21:42 [INFO] __main__:   USDCHF: 500000 bars saved
2026-02-01 06:21:45 [INFO] __main__:   USDCAD: 500000 bars saved
2026-02-01 06:21:48 [INFO] __main__:   AUDUSD: 500000 bars saved
2026-02-01 06:21:51 [INFO] __main__:   NZDUSD: 500000 bars saved
2026-02-01 06:21:54 [INFO] __main__:   AUDNZD: 500000 bars saved
2026-02-01 06:21:57 [INFO] __main__:   EURGBP: 500000 bars saved
2026-02-01 06:22:00 [INFO] __main__:   EURJPY: 500000 bars saved
2026-02-01 06:22:03 [INFO] __main__:   GBPJPY: 500000 bars saved
2026-02-01 06:22:06 [INFO] __main__:   AUDJPY: 500000 bars saved
2026-02-01 06:22:09 [INFO] __main__:   EURAUD: 500000 bars saved
2026-02-01 06:22:12 [INFO] __main__:   EURCHF: 500000 bars saved
2026-02-01 06:22:15 [INFO] __main__:   EURCAD: 500000 bars saved
2026-02-01 06:22:18 [INFO] __main__:   EURNZD: 500000 bars saved
2026-02-01 06:22:21 [INFO] __main__:   GBPAUD: 500000 bars saved
2026-02-01 06:22:24 [INFO] __main__:   GBPCAD: 500000 bars saved
2026-02-01 06:22:27 [INFO] __main__:   GBPCHF: 500000 bars saved
2026-02-01 06:22:30 [INFO] __main__:   CADJPY: 500000 bars saved
2026-02-01 06:22:33 [INFO] __main__:   NZDJPY: 500000 bars saved
2026-02-01 06:22:36 [INFO] __main__:   AUDCAD: 500000 bars saved
2026-02-01 06:22:39 [INFO] __main__:   AUDCHF: 500000 bars saved
2026-02-01 06:22:42 [INFO] __main__:   CADCHF: 500000 bars saved
2026-02-01 06:22:45 [INFO] __main__:   CHFJPY: 500000 bars saved
2026-02-01 06:22:48 [INFO] __main__:   NZDCAD: 500000 bars saved
2026-02-01 06:22:51 [INFO] __main__:   NZDCHF: 500000 bars saved
2026-02-01 06:22:54 [INFO] __main__:   GBPNZD: 500000 bars saved
2026-02-01 06:22:57 [INFO] __main__:   USDNOK: 500000 bars saved
2026-02-01 06:23:00 [INFO] __main__:   USDMXN: 500000 bars saved
2026-02-01 06:23:04 [INFO] __main__:   USDSGD: 500000 bars saved
2026-02-01 06:23:07 [INFO] __main__:   USDZAR: 500000 bars saved
2026-02-01 06:23:10 [INFO] __main__:   USDPLN: 500000 bars saved
2026-02-01 06:23:13 [INFO] __main__:   USDSEK: 500000 bars saved
2026-02-01 06:23:17 [INFO] __main__:   XAUUSD: 500000 bars saved
2026-02-01 06:23:20 [INFO] __main__:   XAGUSD: 500000 bars saved
2026-02-01 06:23:22 [INFO] __main__:   US100: 365635 bars saved
2026-02-01 06:23:24 [INFO] __main__:   US30: 367270 bars saved
2026-02-01 06:23:26 [INFO] __main__:   DE30: 351801 bars saved
2026-02-01 06:23:28 [INFO] __main__:   EU50: 227713 bars saved
2026-02-01 06:23:30 [INFO] __main__:   UK100: 356299 bars saved
2026-02-01 06:23:32 [INFO] __main__:   JP225: 362244 bars saved
2026-02-01 06:23:35 [INFO] __main__:   ETHUSD: 500000 bars saved
2026-02-01 06:23:38 [INFO] __main__:   XRPUSD: 500000 bars saved
2026-02-01 06:23:40 [INFO] __main__:   TONUSD: 155859 bars saved
2026-02-01 06:23:43 [INFO] __main__:   BTCETH: 472398 bars saved
2026-02-01 06:23:43 [INFO] pm_pipeline: 
############################################################
2026-02-01 06:23:43 [INFO] pm_pipeline: PORTFOLIO MANAGER - OPTIMIZATION PIPELINE
2026-02-01 06:23:43 [INFO] pm_pipeline: Symbols: 46
2026-02-01 06:23:43 [INFO] pm_pipeline: Strategies: 28
2026-02-01 06:23:43 [INFO] pm_pipeline: Timeframes: ['M5', 'M15', 'M30', 'H1', 'H4', 'D1']
2026-02-01 06:23:43 [INFO] pm_pipeline: ############################################################
2026-02-01 06:23:43 [INFO] pm_pipeline: 
Progress: 1/46
2026-02-01 06:23:43 [INFO] pm_pipeline: 
============================================================
2026-02-01 06:23:43 [INFO] pm_pipeline: OPTIMIZING: EURUSD (Regime-Aware)
2026-02-01 06:23:43 [INFO] pm_pipeline: ============================================================
2026-02-01 06:23:44 [INFO] pm_core: Loaded EURUSD: 500000 bars from EURUSD_M5.csv
2026-02-01 06:29:22 [INFO] pm_pipeline: [EURUSD] Regime Optimization: 28 strategies x 6 timeframes x 4 regimes
2026-02-01 06:33:29 [INFO] pm_pipeline: [EURUSD] [M5] Hyperparameter tuning 9 strategies
2026-02-01 06:52:49 [INFO] __main__: ============================================================
2026-02-01 06:52:49 [INFO] __main__: FX PORTFOLIO MANAGER v3.0
2026-02-01 06:52:49 [INFO] __main__: ============================================================
2026-02-01 06:52:49 [INFO] __main__: Connecting to MetaTrader 5...
2026-02-01 06:52:49 [INFO] pm_mt5: Connected to MT5 (using existing session)
2026-02-01 06:52:49 [INFO] __main__: [OK] Connected to MT5
2026-02-01 06:52:49 [INFO] pm_pipeline: Loaded 37 configurations from pm_configs.json
2026-02-01 06:52:49 [INFO] __main__: [OK] Portfolio Manager initialized
2026-02-01 06:52:49 [INFO] __main__:   Symbols: 46
2026-02-01 06:52:49 [INFO] __main__:   Strategies: 28
2026-02-01 06:52:49 [INFO] __main__:   Existing configs: 37
2026-02-01 06:52:49 [INFO] __main__: 
============================================================
2026-02-01 06:52:49 [INFO] __main__: RUNNING OPTIMIZATION
2026-02-01 06:52:49 [INFO] __main__: ============================================================
2026-02-01 06:52:49 [INFO] __main__: Fetching historical data for 46 symbols...
2026-02-01 06:52:54 [INFO] __main__:   EURUSD: 500000 bars saved
2026-02-01 06:53:00 [INFO] __main__:   GBPUSD: 500000 bars saved
2026-02-01 06:53:04 [INFO] __main__:   USDJPY: 500000 bars saved
2026-02-01 06:53:08 [INFO] __main__:   USDCHF: 500000 bars saved
2026-02-01 06:53:11 [INFO] __main__:   USDCAD: 500000 bars saved
2026-02-01 06:53:14 [INFO] __main__:   AUDUSD: 500000 bars saved
2026-02-01 06:53:17 [INFO] __main__:   NZDUSD: 500000 bars saved
2026-02-01 06:53:20 [INFO] __main__:   AUDNZD: 500000 bars saved
2026-02-01 06:53:23 [INFO] __main__:   EURGBP: 500000 bars saved
2026-02-01 06:53:26 [INFO] __main__:   EURJPY: 500000 bars saved
2026-02-01 06:53:29 [INFO] __main__:   GBPJPY: 500000 bars saved
2026-02-01 06:53:32 [INFO] __main__:   AUDJPY: 500000 bars saved
2026-02-01 06:53:35 [INFO] __main__:   EURAUD: 500000 bars saved
2026-02-01 06:53:38 [INFO] __main__:   EURCHF: 500000 bars saved
2026-02-01 06:53:42 [INFO] __main__:   EURCAD: 500000 bars saved
2026-02-01 06:53:45 [INFO] __main__:   EURNZD: 500000 bars saved
2026-02-01 06:53:49 [INFO] __main__:   GBPAUD: 500000 bars saved
2026-02-01 06:53:52 [INFO] __main__:   GBPCAD: 500000 bars saved
2026-02-01 06:53:55 [INFO] __main__:   GBPCHF: 500000 bars saved
2026-02-01 06:53:58 [INFO] __main__:   CADJPY: 500000 bars saved
2026-02-01 06:54:01 [INFO] __main__:   NZDJPY: 500000 bars saved
2026-02-01 06:54:05 [INFO] __main__:   AUDCAD: 500000 bars saved
2026-02-01 06:54:08 [INFO] __main__:   AUDCHF: 500000 bars saved
2026-02-01 06:54:11 [INFO] __main__:   CADCHF: 500000 bars saved
2026-02-01 06:54:14 [INFO] __main__:   CHFJPY: 500000 bars saved
2026-02-01 06:54:17 [INFO] __main__:   NZDCAD: 500000 bars saved
2026-02-01 06:54:20 [INFO] __main__:   NZDCHF: 500000 bars saved
2026-02-01 06:54:25 [INFO] __main__:   GBPNZD: 500000 bars saved
2026-02-01 06:54:29 [INFO] __main__:   USDNOK: 500000 bars saved
2026-02-01 06:54:32 [INFO] __main__:   USDMXN: 500000 bars saved
2026-02-01 06:54:36 [INFO] __main__:   USDSGD: 500000 bars saved
2026-02-01 06:54:39 [INFO] __main__:   USDZAR: 500000 bars saved
2026-02-01 06:54:42 [INFO] __main__:   USDPLN: 500000 bars saved
2026-02-01 06:54:45 [INFO] __main__:   USDSEK: 500000 bars saved
2026-02-01 06:54:48 [INFO] __main__:   XAUUSD: 500000 bars saved
2026-02-01 06:54:51 [INFO] __main__:   XAGUSD: 500000 bars saved
2026-02-01 06:54:53 [INFO] __main__:   US100: 365635 bars saved
2026-02-01 06:54:55 [INFO] __main__:   US30: 367270 bars saved
2026-02-01 06:54:57 [INFO] __main__:   DE30: 351801 bars saved
2026-02-01 06:55:00 [INFO] __main__:   EU50: 227713 bars saved
2026-02-01 06:55:04 [INFO] __main__:   UK100: 356299 bars saved
2026-02-01 06:55:08 [INFO] __main__:   JP225: 362244 bars saved
2026-02-01 06:55:12 [INFO] __main__:   ETHUSD: 500000 bars saved
2026-02-01 06:55:15 [INFO] __main__:   XRPUSD: 500000 bars saved
2026-02-01 06:55:15 [INFO] __main__:   TONUSD: 155866 bars saved
2026-02-01 06:55:18 [INFO] __main__:   BTCETH: 472405 bars saved
2026-02-01 06:55:18 [INFO] pm_pipeline: 
############################################################
2026-02-01 06:55:18 [INFO] pm_pipeline: PORTFOLIO MANAGER - OPTIMIZATION PIPELINE
2026-02-01 06:55:18 [INFO] pm_pipeline: Symbols: 46
2026-02-01 06:55:18 [INFO] pm_pipeline: Strategies: 28
2026-02-01 06:55:18 [INFO] pm_pipeline: Timeframes: ['M5', 'M15', 'M30', 'H1', 'H4', 'D1']
2026-02-01 06:55:18 [INFO] pm_pipeline: ############################################################
2026-02-01 06:55:18 [INFO] pm_pipeline: 
Progress: 1/46
2026-02-01 06:55:18 [INFO] pm_pipeline: 
============================================================
2026-02-01 06:55:18 [INFO] pm_pipeline: OPTIMIZING: EURUSD (Regime-Aware)
2026-02-01 06:55:18 [INFO] pm_pipeline: ============================================================
2026-02-01 06:55:19 [INFO] pm_core: Loaded EURUSD: 500000 bars from EURUSD_M5.csv
2026-02-01 07:01:04 [INFO] pm_pipeline: [EURUSD] Regime Optimization: 28 strategies x 6 timeframes x 4 regimes
2026-02-01 07:05:04 [INFO] pm_pipeline: [EURUSD] [M5] Hyperparameter tuning 9 strategies
2026-02-01 08:36:31 [INFO] pm_pipeline: [EURUSD] [M5] [TREND] Winner: KeltnerBreakoutStrategy [TUNED] (quality=0.150, train=10542, val=4046) [VALIDATED: Validated (robustness=0.84, sharpe=-0.78)]
2026-02-01 08:36:31 [INFO] pm_pipeline: [EURUSD] [M5] [RANGE] Winner: RSITrendFilteredMRStrategy [TUNED] (quality=0.239, train=171, val=54) [VALIDATED: Validated (robustness=2.00, sharpe=0.72)]
2026-02-01 08:36:31 [INFO] pm_pipeline: [EURUSD] [M5] [BREAKOUT] Winner: StochasticReversalStrategy [TUNED] (quality=0.422, train=35, val=15) [VALIDATED: Validated (robustness=2.00, sharpe=4.20)]
2026-02-01 08:36:31 [INFO] pm_pipeline: [EURUSD] [M5] [CHOP] Winner: VolatilityBreakoutStrategy [TUNED] (quality=0.196, train=2338, val=762) [VALIDATED: Validated (robustness=2.00, sharpe=0.16)]
2026-02-01 08:37:43 [INFO] pm_pipeline: [EURUSD] [M15] Hyperparameter tuning 8 strategies
2026-02-01 08:51:11 [INFO] pm_pipeline: [EURUSD] [M15] [TREND] Winner: MomentumBurstStrategy [TUNED] (quality=0.362, train=62, val=16) [VALIDATED: Validated (robustness=1.69, sharpe=3.42)]
2026-02-01 08:51:11 [INFO] pm_pipeline: [EURUSD] [M15] [RANGE] Winner: ADXDIStrengthStrategy [TUNED] (quality=0.411, train=41, val=19) [VALIDATED: Validated (robustness=2.00, sharpe=4.67)]
2026-02-01 08:51:11 [INFO] pm_pipeline: [EURUSD] [M15] [CHOP] Winner: EMACrossoverStrategy [TUNED] (quality=0.441, train=428, val=176) [VALIDATED: Validated (robustness=2.00, sharpe=3.02)]
2026-02-01 08:51:47 [INFO] pm_pipeline: [EURUSD] [M30] Hyperparameter tuning 10 strategies
2026-02-01 09:30:45 [INFO] pm_pipeline: [EURUSD] [M30] [TREND] Winner: MomentumBurstStrategy [TUNED] (quality=0.439, train=62, val=19) [VALIDATED: Validated (robustness=2.00, sharpe=5.56)]
2026-02-01 09:30:45 [INFO] pm_pipeline: [EURUSD] [M30] [RANGE] Winner: RSITrendFilteredMRStrategy [TUNED] (quality=0.466, train=63, val=16) [VALIDATED: Validated (robustness=1.35, sharpe=8.09)]
2026-02-01 09:30:45 [INFO] pm_pipeline: [EURUSD] [M30] [BREAKOUT] Winner: DonchianBreakoutStrategy [TUNED] (quality=0.496, train=38, val=15) [VALIDATED: Validated (robustness=2.00, sharpe=10.81)]
2026-02-01 09:30:45 [INFO] pm_pipeline: [EURUSD] [M30] [CHOP] Winner: VWAPDeviationReversionStrategy [TUNED] (quality=0.457, train=156, val=72) [VALIDATED: Validated (robustness=2.00, sharpe=3.54)]
2026-02-01 09:31:03 [INFO] pm_pipeline: [EURUSD] [H1] Hyperparameter tuning 9 strategies
2026-02-01 09:35:09 [INFO] pm_pipeline: [EURUSD] [H1] [TREND] Winner: PivotBreakoutStrategy [TUNED] (quality=0.447, train=339, val=107) [VALIDATED: Validated (robustness=2.00, sharpe=3.33)]
2026-02-01 09:35:09 [INFO] pm_pipeline: [EURUSD] [H1] [RANGE] Winner: PivotBreakoutStrategy [TUNED] (quality=0.501, train=117, val=36) [VALIDATED: Validated (robustness=2.00, sharpe=6.72)]
2026-02-01 09:35:09 [INFO] pm_pipeline: [EURUSD] [H1] [CHOP] Winner: PivotBreakoutStrategy [TUNED] (quality=0.499, train=136, val=49) [VALIDATED: Validated (robustness=2.00, sharpe=5.24)]
2026-02-01 09:35:14 [INFO] pm_pipeline: [EURUSD] [H4] Hyperparameter tuning 7 strategies
2026-02-01 09:40:40 [INFO] pm_pipeline: [EURUSD] [H4] [TREND] Winner: VWAPDeviationReversionStrategy [TUNED] (quality=0.499, train=71, val=23) [VALIDATED: Validated (robustness=2.00, sharpe=13.07)]
2026-02-01 09:40:40 [INFO] pm_pipeline: [EURUSD] [H4] [RANGE] Winner: EMACrossoverStrategy [TUNED] (quality=0.511, train=49, val=20) [VALIDATED: Validated (robustness=2.00, sharpe=14.88)]
2026-02-01 09:40:40 [INFO] pm_pipeline: [EURUSD] [H4] [CHOP] Winner: VWAPDeviationReversionStrategy [TUNED] (quality=0.463, train=46, val=22) [VALIDATED: Validated (robustness=1.31, sharpe=5.23)]
2026-02-01 09:40:41 [INFO] pm_pipeline: [EURUSD] [D1] Hyperparameter tuning 5 strategies
2026-02-01 09:40:53 [INFO] pm_pipeline: [EURUSD] [D1] [TREND] Winner: VolatilityBreakoutStrategy [TUNED] (quality=0.461, train=64, val=17) [VALIDATED: Validated (robustness=1.02, sharpe=8.85)]
2026-02-01 09:40:53 [INFO] pm_pipeline: [EURUSD] [D1] [CHOP] Winner: MomentumBurstStrategy [TUNED] (quality=0.443, train=61, val=32) [VALIDATED: Validated (robustness=1.25, sharpe=5.93)]
2026-02-01 09:40:53 [INFO] pm_core: [TIME] [EURUSD] Regime Optimization: 9589.52s
2026-02-01 09:47:09 [INFO] pm_pipeline: [EURUSD] Selected retrain period: 90 days
2026-02-01 09:47:09 [INFO] pm_pipeline: 
[EURUSD] OPTIMIZATION COMPLETE
2026-02-01 09:47:09 [INFO] pm_pipeline:   Timeframes:  6
2026-02-01 09:47:09 [INFO] pm_pipeline:   Validated:   19
2026-02-01 09:47:09 [INFO] pm_pipeline:   Rejected:    0
2026-02-01 09:47:09 [INFO] pm_pipeline:   Best:        EMACrossoverStrategy @ M15/CHOP
2026-02-01 09:47:09 [INFO] pm_pipeline:   Retrain:     Every 90 days
2026-02-01 09:47:09 [INFO] pm_pipeline:   Duration:    10310.4s
2026-02-01 09:47:09 [INFO] pm_pipeline:   [D1] TREND:VolatilityBr, CHOP:MomentumBurs
2026-02-01 09:47:09 [INFO] pm_pipeline:   [H1] TREND:PivotBreakou, RANGE:PivotBreakou, CHOP:PivotBreakou
2026-02-01 09:47:09 [INFO] pm_pipeline:   [H4] TREND:VWAPDeviatio, RANGE:EMACrossover, CHOP:VWAPDeviatio
2026-02-01 09:47:09 [INFO] pm_pipeline:   [M15] TREND:MomentumBurs, RANGE:ADXDIStrengt, CHOP:EMACrossover
2026-02-01 09:47:09 [INFO] pm_pipeline:   [M30] TREND:MomentumBurs, RANGE:RSITrendFilt, BREAKOUT:DonchianBrea, CHOP:VWAPDeviatio
2026-02-01 09:47:09 [INFO] pm_pipeline:   [M5] TREND:KeltnerBreak, RANGE:RSITrendFilt, BREAKOUT:StochasticRe, CHOP:VolatilityBr
2026-02-01 09:47:09 [INFO] pm_pipeline: 
Progress: 2/46
2026-02-01 09:47:09 [INFO] pm_pipeline: 
============================================================
2026-02-01 09:47:09 [INFO] pm_pipeline: OPTIMIZING: GBPUSD (Regime-Aware)
2026-02-01 09:47:09 [INFO] pm_pipeline: ============================================================
2026-02-01 09:47:10 [INFO] pm_core: Loaded GBPUSD: 500000 bars from GBPUSD_M5.csv
2026-02-01 09:52:07 [INFO] pm_pipeline: [GBPUSD] Regime Optimization: 28 strategies x 6 timeframes x 4 regimes
2026-02-01 09:55:45 [INFO] pm_pipeline: [GBPUSD] [M5] Hyperparameter tuning 10 strategies
2026-02-01 10:21:50 [INFO] __main__: ============================================================
2026-02-01 10:21:50 [INFO] __main__: FX PORTFOLIO MANAGER v3.0
2026-02-01 10:21:50 [INFO] __main__: ============================================================
2026-02-01 10:21:50 [INFO] __main__: Connecting to MetaTrader 5...
2026-02-01 10:21:51 [INFO] pm_mt5: Connected to MT5 (using existing session)
2026-02-01 10:21:51 [INFO] __main__: [OK] Connected to MT5
2026-02-01 10:21:51 [INFO] pm_pipeline: Loaded 37 configurations from pm_configs.json
2026-02-01 10:21:51 [INFO] __main__: [OK] Portfolio Manager initialized
2026-02-01 10:21:51 [INFO] __main__:   Symbols: 46
2026-02-01 10:21:51 [INFO] __main__:   Strategies: 28
2026-02-01 10:21:51 [INFO] __main__:   Existing configs: 37
2026-02-01 10:21:51 [INFO] __main__: 
============================================================
2026-02-01 10:21:51 [INFO] __main__: RUNNING OPTIMIZATION
2026-02-01 10:21:51 [INFO] __main__: ============================================================
2026-02-01 10:21:51 [INFO] __main__: Fetching historical data for 46 symbols...
2026-02-01 10:21:56 [INFO] __main__:   EURUSD: 500000 bars saved
2026-02-01 10:22:00 [INFO] __main__:   GBPUSD: 500000 bars saved
2026-02-01 10:22:03 [INFO] __main__:   USDJPY: 500000 bars saved
2026-02-01 10:22:06 [INFO] __main__:   USDCHF: 500000 bars saved
2026-02-01 10:22:09 [INFO] __main__:   USDCAD: 500000 bars saved
2026-02-01 10:22:12 [INFO] __main__:   AUDUSD: 500000 bars saved
2026-02-01 10:22:15 [INFO] __main__:   NZDUSD: 500000 bars saved
2026-02-01 10:22:18 [INFO] __main__:   AUDNZD: 500000 bars saved
2026-02-01 10:22:21 [INFO] __main__:   EURGBP: 500000 bars saved
2026-02-01 10:22:25 [INFO] __main__:   EURJPY: 500000 bars saved
2026-02-01 10:22:28 [INFO] __main__:   GBPJPY: 500000 bars saved
2026-02-01 10:22:31 [INFO] __main__:   AUDJPY: 500000 bars saved
2026-02-01 10:22:35 [INFO] __main__:   EURAUD: 500000 bars saved
2026-02-01 10:22:39 [INFO] __main__:   EURCHF: 500000 bars saved
2026-02-01 10:22:42 [INFO] __main__:   EURCAD: 500000 bars saved
2026-02-01 10:22:45 [INFO] __main__:   EURNZD: 500000 bars saved
2026-02-01 10:22:49 [INFO] __main__:   GBPAUD: 500000 bars saved
2026-02-01 10:22:52 [INFO] __main__:   GBPCAD: 500000 bars saved
2026-02-01 10:22:55 [INFO] __main__:   GBPCHF: 500000 bars saved
2026-02-01 10:22:59 [INFO] __main__:   CADJPY: 500000 bars saved
2026-02-01 10:23:03 [INFO] __main__:   NZDJPY: 500000 bars saved
2026-02-01 10:23:06 [INFO] __main__:   AUDCAD: 500000 bars saved
2026-02-01 10:23:09 [INFO] __main__:   AUDCHF: 500000 bars saved
2026-02-01 10:23:12 [INFO] __main__:   CADCHF: 500000 bars saved
2026-02-01 10:23:15 [INFO] __main__:   CHFJPY: 500000 bars saved
2026-02-01 10:23:18 [INFO] __main__:   NZDCAD: 500000 bars saved
2026-02-01 10:23:21 [INFO] __main__:   NZDCHF: 500000 bars saved
2026-02-01 10:23:24 [INFO] __main__:   GBPNZD: 500000 bars saved
2026-02-01 10:23:27 [INFO] __main__:   USDNOK: 500000 bars saved
2026-02-01 10:23:30 [INFO] __main__:   USDMXN: 500000 bars saved
2026-02-01 10:23:34 [INFO] __main__:   USDSGD: 500000 bars saved
2026-02-01 10:23:37 [INFO] __main__:   USDZAR: 500000 bars saved
2026-02-01 10:23:40 [INFO] __main__:   USDPLN: 500000 bars saved
2026-02-01 10:23:43 [INFO] __main__:   USDSEK: 500000 bars saved
2026-02-01 10:23:46 [INFO] __main__:   XAUUSD: 500000 bars saved
2026-02-01 10:23:49 [INFO] __main__:   XAGUSD: 500000 bars saved
2026-02-01 10:23:51 [INFO] __main__:   US100: 365635 bars saved
2026-02-01 10:23:54 [INFO] __main__:   US30: 367270 bars saved
2026-02-01 10:23:56 [INFO] __main__:   DE30: 351801 bars saved
2026-02-01 10:23:58 [INFO] __main__:   EU50: 227713 bars saved
2026-02-01 10:24:00 [INFO] __main__:   UK100: 356299 bars saved
2026-02-01 10:24:03 [INFO] __main__:   JP225: 362244 bars saved
2026-02-01 10:24:06 [INFO] __main__:   ETHUSD: 500000 bars saved
2026-02-01 10:24:09 [INFO] __main__:   XRPUSD: 500000 bars saved
2026-02-01 10:24:10 [INFO] __main__:   TONUSD: 155907 bars saved
2026-02-01 10:24:13 [INFO] __main__:   BTCETH: 472446 bars saved
2026-02-01 10:24:13 [INFO] pm_pipeline: 
############################################################
2026-02-01 10:24:13 [INFO] pm_pipeline: PORTFOLIO MANAGER - OPTIMIZATION PIPELINE
2026-02-01 10:24:13 [INFO] pm_pipeline: Symbols: 46
2026-02-01 10:24:13 [INFO] pm_pipeline: Strategies: 28
2026-02-01 10:24:13 [INFO] pm_pipeline: Timeframes: ['M5', 'M15', 'M30', 'H1', 'H4', 'D1']
2026-02-01 10:24:13 [INFO] pm_pipeline: ############################################################
2026-02-01 10:24:13 [INFO] pm_pipeline: 
Progress: 1/46
2026-02-01 10:24:13 [INFO] pm_pipeline: 
============================================================
2026-02-01 10:24:13 [INFO] pm_pipeline: OPTIMIZING: EURUSD (Regime-Aware)
2026-02-01 10:24:13 [INFO] pm_pipeline: ============================================================
2026-02-01 10:24:14 [INFO] pm_core: Loaded EURUSD: 500000 bars from EURUSD_M5.csv
2026-02-01 10:26:57 [INFO] pm_pipeline: [EURUSD] Regime Optimization: 28 strategies x 6 timeframes x 4 regimes
2026-02-01 10:29:52 [INFO] pm_pipeline: [EURUSD] [M5] Hyperparameter tuning 9 strategies
2026-02-01 11:21:06 [INFO] __main__: Shutting down...
2026-02-01 11:21:06 [INFO] pm_mt5: Disconnected from MT5
2026-02-01 11:21:06 [INFO] __main__: Shutdown complete
2026-02-01 11:21:06 [INFO] pm_core: [TIME] [EURUSD] Regime Optimization: 3248.93s
2026-02-01 11:21:06 [INFO] __main__: Shutting down...
2026-02-01 11:21:06 [INFO] __main__: Shutdown complete
2026-02-01 11:30:29 [INFO] __main__: ============================================================
2026-02-01 11:30:29 [INFO] __main__: FX PORTFOLIO MANAGER v3.0
2026-02-01 11:30:29 [INFO] __main__: ============================================================
2026-02-01 11:30:29 [INFO] __main__: Connecting to MetaTrader 5...
2026-02-01 11:30:29 [INFO] pm_mt5: Connected to MT5 (using existing session)
2026-02-01 11:30:29 [INFO] __main__: [OK] Connected to MT5
2026-02-01 11:30:29 [INFO] pm_pipeline: Loaded 37 configurations from pm_configs.json
2026-02-01 11:30:29 [INFO] __main__: [OK] Portfolio Manager initialized
2026-02-01 11:30:29 [INFO] __main__:   Symbols: 46
2026-02-01 11:30:29 [INFO] __main__:   Strategies: 28
2026-02-01 11:30:29 [INFO] __main__:   Existing configs: 37
2026-02-01 11:30:29 [INFO] __main__: 
============================================================
2026-02-01 11:30:29 [INFO] __main__: RUNNING OPTIMIZATION
2026-02-01 11:30:29 [INFO] __main__: ============================================================
2026-02-01 11:30:30 [INFO] __main__: Fetching historical data for 46 symbols...
2026-02-01 11:30:33 [INFO] __main__:   EURUSD: 500000 bars saved
2026-02-01 11:30:35 [INFO] __main__:   GBPUSD: 500000 bars saved
2026-02-01 11:30:38 [INFO] __main__:   USDJPY: 500000 bars saved
2026-02-01 11:30:39 [INFO] __main__: Shutting down...
2026-02-01 11:30:39 [INFO] pm_mt5: Disconnected from MT5
2026-02-01 11:30:39 [INFO] __main__: Shutdown complete
2026-02-01 11:30:39 [INFO] __main__: Shutting down...
2026-02-01 11:30:39 [INFO] __main__: Shutdown complete
2026-02-01 11:31:20 [INFO] __main__: ============================================================
2026-02-01 11:31:20 [INFO] __main__: FX PORTFOLIO MANAGER v3.0
2026-02-01 11:31:20 [INFO] __main__: ============================================================
2026-02-01 11:31:20 [INFO] __main__: Connecting to MetaTrader 5...
2026-02-01 11:31:20 [INFO] pm_mt5: Connected to MT5 (using existing session)
2026-02-01 11:31:20 [INFO] __main__: [OK] Connected to MT5
2026-02-01 11:31:20 [INFO] pm_pipeline: Loaded 37 configurations from pm_configs.json
2026-02-01 11:31:20 [INFO] __main__: [OK] Portfolio Manager initialized
2026-02-01 11:31:20 [INFO] __main__:   Symbols: 46
2026-02-01 11:31:20 [INFO] __main__:   Strategies: 28
2026-02-01 11:31:20 [INFO] __main__:   Existing configs: 37
2026-02-01 11:31:20 [INFO] __main__: 
============================================================
2026-02-01 11:31:20 [INFO] __main__: RUNNING OPTIMIZATION
2026-02-01 11:31:20 [INFO] __main__: ============================================================
2026-02-01 11:31:20 [INFO] __main__: Fetching historical data for 46 symbols...
2026-02-01 11:31:23 [INFO] __main__:   EURUSD: 500000 bars saved
2026-02-01 11:31:26 [INFO] __main__:   GBPUSD: 500000 bars saved
2026-02-01 11:31:29 [INFO] __main__:   USDJPY: 500000 bars saved
2026-02-01 11:31:32 [INFO] __main__:   USDCHF: 500000 bars saved
2026-02-01 11:31:34 [INFO] __main__:   USDCAD: 500000 bars saved
2026-02-01 11:31:37 [INFO] __main__:   AUDUSD: 500000 bars saved
2026-02-01 11:31:40 [INFO] __main__:   NZDUSD: 500000 bars saved
2026-02-01 11:31:43 [INFO] __main__:   AUDNZD: 500000 bars saved
2026-02-01 11:31:45 [INFO] __main__:   EURGBP: 500000 bars saved
2026-02-01 11:31:48 [INFO] __main__:   EURJPY: 500000 bars saved
2026-02-01 11:31:51 [INFO] __main__:   GBPJPY: 500000 bars saved
2026-02-01 11:31:54 [INFO] __main__:   AUDJPY: 500000 bars saved
2026-02-01 11:31:57 [INFO] __main__:   EURAUD: 500000 bars saved
2026-02-01 11:32:00 [INFO] __main__:   EURCHF: 500000 bars saved
2026-02-01 11:32:03 [INFO] __main__:   EURCAD: 500000 bars saved
2026-02-01 11:32:06 [INFO] __main__:   EURNZD: 500000 bars saved
2026-02-01 11:32:09 [INFO] __main__:   GBPAUD: 500000 bars saved
2026-02-01 11:32:12 [INFO] __main__:   GBPCAD: 500000 bars saved
2026-02-01 11:32:15 [INFO] __main__:   GBPCHF: 500000 bars saved
2026-02-01 11:32:18 [INFO] __main__:   CADJPY: 500000 bars saved
2026-02-01 11:32:21 [INFO] __main__:   NZDJPY: 500000 bars saved
2026-02-01 11:32:24 [INFO] __main__:   AUDCAD: 500000 bars saved
2026-02-01 11:32:27 [INFO] __main__:   AUDCHF: 500000 bars saved
2026-02-01 11:32:30 [INFO] __main__:   CADCHF: 500000 bars saved
2026-02-01 11:32:33 [INFO] __main__:   CHFJPY: 500000 bars saved
2026-02-01 11:32:35 [INFO] __main__:   NZDCAD: 500000 bars saved
2026-02-01 11:32:38 [INFO] __main__:   NZDCHF: 500000 bars saved
2026-02-01 11:32:41 [INFO] __main__:   GBPNZD: 500000 bars saved
2026-02-01 11:32:44 [INFO] __main__:   USDNOK: 500000 bars saved
2026-02-01 11:32:47 [INFO] __main__:   USDMXN: 500000 bars saved
2026-02-01 11:32:50 [INFO] __main__:   USDSGD: 500000 bars saved
2026-02-01 11:32:53 [INFO] __main__:   USDZAR: 500000 bars saved
2026-02-01 11:32:56 [INFO] __main__:   USDPLN: 500000 bars saved
2026-02-01 11:32:59 [INFO] __main__:   USDSEK: 500000 bars saved
2026-02-01 11:33:02 [INFO] __main__:   XAUUSD: 500000 bars saved
2026-02-01 11:33:05 [INFO] __main__:   XAGUSD: 500000 bars saved
2026-02-01 11:33:07 [INFO] __main__:   US100: 365635 bars saved
2026-02-01 11:33:09 [INFO] __main__:   US30: 367270 bars saved
2026-02-01 11:33:11 [INFO] __main__:   DE30: 351801 bars saved
2026-02-01 11:33:12 [INFO] __main__:   EU50: 227713 bars saved
2026-02-01 11:33:15 [INFO] __main__:   UK100: 356299 bars saved
2026-02-01 11:33:17 [INFO] __main__:   JP225: 362244 bars saved
2026-02-01 11:33:20 [INFO] __main__:   ETHUSD: 500000 bars saved
2026-02-01 11:33:23 [INFO] __main__:   XRPUSD: 500000 bars saved
2026-02-01 11:33:24 [INFO] __main__:   TONUSD: 155921 bars saved
2026-02-01 11:33:27 [INFO] __main__:   BTCETH: 472460 bars saved
2026-02-01 11:33:27 [INFO] pm_pipeline: 
############################################################
2026-02-01 11:33:27 [INFO] pm_pipeline: PORTFOLIO MANAGER - OPTIMIZATION PIPELINE
2026-02-01 11:33:27 [INFO] pm_pipeline: Symbols: 46
2026-02-01 11:33:27 [INFO] pm_pipeline: Strategies: 28
2026-02-01 11:33:27 [INFO] pm_pipeline: Timeframes: ['M5', 'M15', 'M30', 'H1', 'H4', 'D1']
2026-02-01 11:33:27 [INFO] pm_pipeline: ############################################################
2026-02-01 11:33:27 [INFO] pm_pipeline: 
Progress: 1/46
2026-02-01 11:33:27 [INFO] pm_pipeline: 
============================================================
2026-02-01 11:33:27 [INFO] pm_pipeline: OPTIMIZING: EURUSD (Regime-Aware)
2026-02-01 11:33:27 [INFO] pm_pipeline: ============================================================
2026-02-01 11:33:27 [INFO] pm_core: Loaded EURUSD: 500000 bars from EURUSD_M5.csv
2026-02-01 11:35:56 [INFO] pm_pipeline: [EURUSD] Regime Optimization: 28 strategies x 6 timeframes x 4 regimes
2026-02-01 11:39:19 [INFO] pm_pipeline: [EURUSD] [M5] Hyperparameter tuning 9 strategies
2026-02-01 11:46:07 [INFO] __main__: ============================================================
2026-02-01 11:46:07 [INFO] __main__: FX PORTFOLIO MANAGER v3.0
2026-02-01 11:46:07 [INFO] __main__: ============================================================
2026-02-01 11:46:07 [INFO] __main__: Connecting to MetaTrader 5...
2026-02-01 11:46:07 [INFO] pm_mt5: Connected to MT5 (using existing session)
2026-02-01 11:46:07 [INFO] __main__: [OK] Connected to MT5
2026-02-01 11:46:07 [INFO] pm_pipeline: Loaded 37 configurations from pm_configs.json
2026-02-01 11:46:07 [INFO] __main__: [OK] Portfolio Manager initialized
2026-02-01 11:46:07 [INFO] __main__:   Symbols: 46
2026-02-01 11:46:07 [INFO] __main__:   Strategies: 28
2026-02-01 11:46:07 [INFO] __main__:   Existing configs: 37
2026-02-01 11:46:07 [INFO] __main__: 
============================================================
2026-02-01 11:46:07 [INFO] __main__: RUNNING OPTIMIZATION
2026-02-01 11:46:07 [INFO] __main__: ============================================================
2026-02-01 11:46:07 [INFO] __main__: Fetching historical data for 46 symbols...
2026-02-01 11:46:12 [INFO] __main__:   EURUSD: 500000 bars saved
2026-02-01 11:46:17 [INFO] __main__:   GBPUSD: 500000 bars saved
2026-02-01 11:46:20 [INFO] __main__:   USDJPY: 500000 bars saved
2026-02-01 11:46:23 [INFO] __main__:   USDCHF: 500000 bars saved
2026-02-01 11:46:26 [INFO] __main__:   USDCAD: 500000 bars saved
2026-02-01 11:46:29 [INFO] __main__:   AUDUSD: 500000 bars saved
2026-02-01 11:46:32 [INFO] __main__:   NZDUSD: 500000 bars saved
2026-02-01 11:46:35 [INFO] __main__:   AUDNZD: 500000 bars saved
2026-02-01 11:46:38 [INFO] __main__:   EURGBP: 500000 bars saved
2026-02-01 11:46:41 [INFO] __main__:   EURJPY: 500000 bars saved
2026-02-01 11:46:44 [INFO] __main__:   GBPJPY: 500000 bars saved
2026-02-01 11:46:47 [INFO] __main__:   AUDJPY: 500000 bars saved
2026-02-01 11:46:50 [INFO] __main__:   EURAUD: 500000 bars saved
2026-02-01 11:46:53 [INFO] __main__:   EURCHF: 500000 bars saved
2026-02-01 11:46:57 [INFO] __main__:   EURCAD: 500000 bars saved
2026-02-01 11:47:01 [INFO] __main__:   EURNZD: 500000 bars saved
2026-02-01 11:47:04 [INFO] __main__:   GBPAUD: 500000 bars saved
2026-02-01 11:47:07 [INFO] __main__:   GBPCAD: 500000 bars saved
2026-02-01 11:47:10 [INFO] __main__:   GBPCHF: 500000 bars saved
2026-02-01 11:47:13 [INFO] __main__:   CADJPY: 500000 bars saved
2026-02-01 11:47:16 [INFO] __main__:   NZDJPY: 500000 bars saved
2026-02-01 11:47:20 [INFO] __main__:   AUDCAD: 500000 bars saved
2026-02-01 11:47:23 [INFO] __main__:   AUDCHF: 500000 bars saved
2026-02-01 11:47:26 [INFO] __main__:   CADCHF: 500000 bars saved
2026-02-01 11:47:29 [INFO] __main__:   CHFJPY: 500000 bars saved
2026-02-01 11:47:32 [INFO] __main__:   NZDCAD: 500000 bars saved
2026-02-01 11:47:35 [INFO] __main__:   NZDCHF: 500000 bars saved
2026-02-01 11:47:39 [INFO] __main__:   GBPNZD: 500000 bars saved
2026-02-01 11:47:42 [INFO] __main__:   USDNOK: 500000 bars saved
2026-02-01 11:47:45 [INFO] __main__:   USDMXN: 500000 bars saved
2026-02-01 11:47:48 [INFO] __main__:   USDSGD: 500000 bars saved
2026-02-01 11:47:52 [INFO] __main__:   USDZAR: 500000 bars saved
2026-02-01 11:47:56 [INFO] __main__:   USDPLN: 500000 bars saved
2026-02-01 11:47:59 [INFO] __main__:   USDSEK: 500000 bars saved
2026-02-01 11:48:02 [INFO] __main__:   XAUUSD: 500000 bars saved
2026-02-01 11:48:05 [INFO] __main__:   XAGUSD: 500000 bars saved
2026-02-01 11:48:08 [INFO] __main__:   US100: 365635 bars saved
2026-02-01 11:48:10 [INFO] __main__:   US30: 367270 bars saved
2026-02-01 11:48:12 [INFO] __main__:   DE30: 351801 bars saved
2026-02-01 11:48:13 [INFO] __main__:   EU50: 227713 bars saved
2026-02-01 11:48:16 [INFO] __main__:   UK100: 356299 bars saved
2026-02-01 11:48:18 [INFO] __main__:   JP225: 362244 bars saved
2026-02-01 11:48:22 [INFO] __main__:   ETHUSD: 500000 bars saved
2026-02-01 11:48:25 [INFO] __main__:   XRPUSD: 500000 bars saved
2026-02-01 11:48:26 [INFO] __main__:   TONUSD: 155924 bars saved
2026-02-01 11:48:29 [INFO] __main__:   BTCETH: 472463 bars saved
2026-02-01 11:48:29 [INFO] pm_pipeline: 
############################################################
2026-02-01 11:48:29 [INFO] pm_pipeline: PORTFOLIO MANAGER - OPTIMIZATION PIPELINE
2026-02-01 11:48:29 [INFO] pm_pipeline: Symbols: 46
2026-02-01 11:48:29 [INFO] pm_pipeline: Strategies: 28
2026-02-01 11:48:29 [INFO] pm_pipeline: Timeframes: ['M5', 'M15', 'M30', 'H1', 'H4', 'D1']
2026-02-01 11:48:29 [INFO] pm_pipeline: ############################################################
2026-02-01 11:48:29 [INFO] pm_pipeline: 
Progress: 1/46
2026-02-01 11:48:29 [INFO] pm_pipeline: 
============================================================
2026-02-01 11:48:29 [INFO] pm_pipeline: OPTIMIZING: EURUSD (Regime-Aware)
2026-02-01 11:48:29 [INFO] pm_pipeline: ============================================================
2026-02-01 11:48:31 [INFO] pm_core: Loaded EURUSD: 500000 bars from EURUSD_M5.csv
2026-02-01 11:50:53 [INFO] pm_pipeline: [EURUSD] Regime Optimization: 28 strategies x 6 timeframes x 4 regimes
2026-02-01 11:53:34 [INFO] pm_pipeline: [EURUSD] [M5] Hyperparameter tuning 8 strategies
2026-02-01 12:02:28 [INFO] __main__: Shutting down...
2026-02-01 12:02:28 [INFO] pm_mt5: Disconnected from MT5
2026-02-01 12:02:28 [INFO] __main__: Shutdown complete
2026-02-01 12:02:28 [INFO] pm_core: [TIME] [EURUSD] Regime Optimization: 695.41s
2026-02-01 12:02:28 [INFO] __main__: Shutting down...
2026-02-01 12:02:28 [INFO] __main__: Shutdown complete
2026-02-01 12:03:27 [INFO] __main__: ============================================================
2026-02-01 12:03:27 [INFO] __main__: FX PORTFOLIO MANAGER v3.0
2026-02-01 12:03:27 [INFO] __main__: ============================================================
2026-02-01 12:03:27 [INFO] __main__: Connecting to MetaTrader 5...
2026-02-01 12:03:27 [INFO] pm_mt5: Connected to MT5 (using existing session)
2026-02-01 12:03:27 [INFO] __main__: [OK] Connected to MT5
2026-02-01 12:03:28 [INFO] pm_pipeline: Loaded 37 configurations from pm_configs.json
2026-02-01 12:03:28 [INFO] __main__: [OK] Portfolio Manager initialized
2026-02-01 12:03:28 [INFO] __main__:   Symbols: 46
2026-02-01 12:03:28 [INFO] __main__:   Strategies: 28
2026-02-01 12:03:28 [INFO] __main__:   Existing configs: 37
2026-02-01 12:03:28 [INFO] __main__: 
============================================================
2026-02-01 12:03:28 [INFO] __main__: RUNNING OPTIMIZATION
2026-02-01 12:03:28 [INFO] __main__: ============================================================
2026-02-01 12:03:28 [INFO] __main__: Fetching historical data for 46 symbols...
2026-02-01 12:03:31 [INFO] __main__:   EURUSD: 500000 bars saved
2026-02-01 12:03:34 [INFO] __main__:   GBPUSD: 500000 bars saved
2026-02-01 12:03:37 [INFO] __main__:   USDJPY: 500000 bars saved
2026-02-01 12:03:41 [INFO] __main__:   USDCHF: 500000 bars saved
2026-02-01 12:03:45 [INFO] __main__:   USDCAD: 500000 bars saved
2026-02-01 12:03:48 [INFO] __main__:   AUDUSD: 500000 bars saved
2026-02-01 12:03:51 [INFO] __main__:   NZDUSD: 500000 bars saved
2026-02-01 12:03:55 [INFO] __main__:   AUDNZD: 500000 bars saved
2026-02-01 12:03:58 [INFO] __main__:   EURGBP: 500000 bars saved
2026-02-01 12:04:02 [INFO] __main__:   EURJPY: 500000 bars saved
2026-02-01 12:04:05 [INFO] __main__:   GBPJPY: 500000 bars saved
2026-02-01 12:04:09 [INFO] __main__:   AUDJPY: 500000 bars saved
2026-02-01 12:04:12 [INFO] __main__:   EURAUD: 500000 bars saved
2026-02-01 12:04:16 [INFO] __main__:   EURCHF: 500000 bars saved
2026-02-01 12:04:19 [INFO] __main__:   EURCAD: 500000 bars saved
2026-02-01 12:04:23 [INFO] __main__:   EURNZD: 500000 bars saved
2026-02-01 12:04:26 [INFO] __main__:   GBPAUD: 500000 bars saved
2026-02-01 12:04:29 [INFO] __main__:   GBPCAD: 500000 bars saved
2026-02-01 12:04:33 [INFO] __main__:   GBPCHF: 500000 bars saved
2026-02-01 12:04:36 [INFO] __main__:   CADJPY: 500000 bars saved
2026-02-01 12:04:39 [INFO] __main__:   NZDJPY: 500000 bars saved
2026-02-01 12:04:42 [INFO] __main__:   AUDCAD: 500000 bars saved
2026-02-01 12:04:45 [INFO] __main__:   AUDCHF: 500000 bars saved
2026-02-01 12:04:48 [INFO] __main__:   CADCHF: 500000 bars saved
2026-02-01 12:04:51 [INFO] __main__:   CHFJPY: 500000 bars saved
2026-02-01 12:04:54 [INFO] __main__:   NZDCAD: 500000 bars saved
2026-02-01 12:04:58 [INFO] __main__:   NZDCHF: 500000 bars saved
2026-02-01 12:05:01 [INFO] __main__:   GBPNZD: 500000 bars saved
2026-02-01 12:05:05 [INFO] __main__:   USDNOK: 500000 bars saved
2026-02-01 12:05:08 [INFO] __main__:   USDMXN: 500000 bars saved
2026-02-01 12:05:11 [INFO] __main__:   USDSGD: 500000 bars saved
2026-02-01 12:05:15 [INFO] __main__:   USDZAR: 500000 bars saved
2026-02-01 12:05:18 [INFO] __main__:   USDPLN: 500000 bars saved
2026-02-01 12:05:21 [INFO] __main__:   USDSEK: 500000 bars saved
2026-02-01 12:05:25 [INFO] __main__:   XAUUSD: 500000 bars saved
2026-02-01 12:05:27 [INFO] __main__:   XAGUSD: 500000 bars saved
2026-02-01 12:05:30 [INFO] __main__:   US100: 365635 bars saved
2026-02-01 12:05:32 [INFO] __main__:   US30: 367270 bars saved
2026-02-01 12:05:34 [INFO] __main__:   DE30: 351801 bars saved
2026-02-01 12:05:36 [INFO] __main__:   EU50: 227713 bars saved
2026-02-01 12:05:38 [INFO] __main__:   UK100: 356299 bars saved
2026-02-01 12:05:40 [INFO] __main__:   JP225: 362244 bars saved
2026-02-01 12:05:43 [INFO] __main__:   ETHUSD: 500000 bars saved
2026-02-01 12:05:47 [INFO] __main__:   XRPUSD: 500000 bars saved
2026-02-01 12:05:48 [INFO] __main__:   TONUSD: 155928 bars saved
2026-02-01 12:05:51 [INFO] __main__:   BTCETH: 472467 bars saved
2026-02-01 12:05:51 [INFO] pm_pipeline: 
############################################################
2026-02-01 12:05:51 [INFO] pm_pipeline: PORTFOLIO MANAGER - OPTIMIZATION PIPELINE
2026-02-01 12:05:51 [INFO] pm_pipeline: Symbols: 46
2026-02-01 12:05:51 [INFO] pm_pipeline: Strategies: 28
2026-02-01 12:05:51 [INFO] pm_pipeline: Timeframes: ['M5', 'M15', 'M30', 'H1', 'H4', 'D1']
2026-02-01 12:05:51 [INFO] pm_pipeline: ############################################################
2026-02-01 12:05:51 [INFO] pm_pipeline: 
Progress: 1/46
2026-02-01 12:05:51 [INFO] pm_pipeline: 
============================================================
2026-02-01 12:05:51 [INFO] pm_pipeline: OPTIMIZING: EURUSD (Regime-Aware)
2026-02-01 12:05:51 [INFO] pm_pipeline: ============================================================
2026-02-01 12:05:52 [INFO] pm_core: Loaded EURUSD: 500000 bars from EURUSD_M5.csv
2026-02-01 12:08:10 [INFO] pm_pipeline: [EURUSD] Regime Optimization: 28 strategies x 6 timeframes x 4 regimes
2026-02-01 12:10:42 [INFO] pm_pipeline: [EURUSD] [M5] Hyperparameter tuning 8 strategies
2026-02-01 12:55:35 [INFO] pm_pipeline: [EURUSD] [M5] [RANGE] Winner: RSITrendFilteredMRStrategy [TUNED] (quality=0.390, train=59, val=19) [VALIDATED: Validated (robustness=1.19, sharpe=4.01)]
2026-02-01 12:55:35 [INFO] pm_pipeline: [EURUSD] [M5] [BREAKOUT] Winner: KeltnerBreakoutStrategy [TUNED] (quality=0.424, train=34, val=15) [VALIDATED: Validated (robustness=2.00, sharpe=5.43)]
2026-02-01 12:55:35 [INFO] pm_pipeline: [EURUSD] [M5] [CHOP] Winner: ADXTrendStrategy [TUNED] (quality=0.294, train=375, val=108) [VALIDATED: Validated (robustness=0.00, sharpe=1.13)]
2026-02-01 12:56:20 [INFO] pm_pipeline: [EURUSD] [M15] Hyperparameter tuning 8 strategies
2026-02-01 13:08:16 [INFO] pm_pipeline: [EURUSD] [M15] [TREND] Winner: MomentumBurstStrategy [TUNED] (quality=0.365, train=62, val=16) [VALIDATED: Validated (robustness=1.77, sharpe=3.52)]
2026-02-01 13:08:16 [INFO] pm_pipeline: [EURUSD] [M15] [RANGE] Winner: MomentumBurstStrategy [TUNED] (quality=0.325, train=31, val=16) [VALIDATED: Validated (robustness=1.41, sharpe=2.01)]
2026-02-01 13:08:16 [INFO] pm_pipeline: [EURUSD] [M15] [CHOP] Winner: ZScoreMRStrategy [TUNED] (quality=0.428, train=465, val=187) [VALIDATED: Validated (robustness=2.00, sharpe=2.50)]
2026-02-01 13:08:39 [INFO] pm_pipeline: [EURUSD] [M30] Hyperparameter tuning 9 strategies
2026-02-01 13:46:20 [INFO] pm_pipeline: [EURUSD] [M30] [TREND] Winner: ADXDIStrengthStrategy [TUNED] (quality=0.499, train=41, val=26) [VALIDATED: Validated (robustness=1.68, sharpe=6.81)]
2026-02-01 13:46:20 [INFO] pm_pipeline: [EURUSD] [M30] [RANGE] Winner: KeltnerPullbackStrategy [TUNED] (quality=0.462, train=242, val=77) [VALIDATED: Validated (robustness=1.56, sharpe=3.65)]
2026-02-01 13:46:20 [INFO] pm_pipeline: [EURUSD] [M30] [BREAKOUT] Winner: VolatilityBreakoutStrategy [TUNED] (quality=0.496, train=25, val=16) [VALIDATED: Validated (robustness=1.11, sharpe=14.51)]
2026-02-01 13:46:20 [INFO] pm_pipeline: [EURUSD] [M30] [CHOP] Winner: RSITrendFilteredMRStrategy [TUNED] (quality=0.492, train=85, val=32) [VALIDATED: Validated (robustness=2.00, sharpe=5.40)]
2026-02-01 13:46:33 [INFO] pm_pipeline: [EURUSD] [H1] Hyperparameter tuning 9 strategies
2026-02-01 13:50:50 [INFO] pm_pipeline: [EURUSD] [H1] [TREND] Winner: EMARibbonADXStrategy [TUNED] (quality=0.455, train=313, val=106) [VALIDATED: Validated (robustness=2.00, sharpe=3.19)]
2026-02-01 13:50:50 [INFO] pm_pipeline: [EURUSD] [H1] [RANGE] Winner: DonchianBreakoutStrategy [TUNED] (quality=0.497, train=118, val=48) [VALIDATED: Validated (robustness=1.22, sharpe=6.10)]
2026-02-01 13:50:50 [INFO] pm_pipeline: [EURUSD] [H1] [CHOP] Winner: PivotBreakoutStrategy [TUNED] (quality=0.502, train=132, val=45) [VALIDATED: Validated (robustness=2.00, sharpe=6.03)]
2026-02-01 13:50:53 [INFO] pm_pipeline: [EURUSD] [H4] Hyperparameter tuning 8 strategies
2026-02-01 13:56:45 [INFO] pm_pipeline: [EURUSD] [H4] [TREND] Winner: EMACrossoverStrategy [TUNED] (quality=0.536, train=88, val=26) [VALIDATED: Validated (robustness=2.00, sharpe=16.86)]
2026-02-01 13:56:45 [INFO] pm_pipeline: [EURUSD] [H4] [RANGE] Winner: EMACrossoverStrategy [TUNED] (quality=0.553, train=38, val=17) [VALIDATED: Validated (robustness=1.76, sharpe=476.60)]
2026-02-01 13:56:45 [INFO] pm_pipeline: [EURUSD] [H4] [CHOP] Winner: WilliamsRStrategy [TUNED] (quality=0.496, train=139, val=54) [VALIDATED: Validated (robustness=2.00, sharpe=5.04)]
2026-02-01 13:56:46 [INFO] pm_pipeline: [EURUSD] [D1] Hyperparameter tuning 5 strategies
2026-02-01 13:56:57 [INFO] pm_pipeline: [EURUSD] [D1] [TREND] Winner: ADXTrendStrategy [TUNED] (quality=0.330, train=38, val=15) [VALIDATED: Validated (robustness=0.97, sharpe=2.95)]
2026-02-01 13:56:57 [INFO] pm_pipeline: [EURUSD] [D1] [CHOP] Winner: ADXTrendStrategy [TUNED] (quality=0.476, train=47, val=19) [VALIDATED: Validated (robustness=2.00, sharpe=10.91)]
2026-02-01 13:56:57 [INFO] pm_core: [TIME] [EURUSD] Regime Optimization: 6527.56s
2026-02-01 13:56:59 [INFO] pm_pipeline: [EURUSD] Selected retrain period: 30 days
2026-02-01 13:56:59 [INFO] pm_pipeline: 
[EURUSD] OPTIMIZATION COMPLETE
2026-02-01 13:56:59 [INFO] pm_pipeline:   Timeframes:  6
2026-02-01 13:56:59 [INFO] pm_pipeline:   Validated:   18
2026-02-01 13:56:59 [INFO] pm_pipeline:   Rejected:    1
2026-02-01 13:56:59 [INFO] pm_pipeline:   Best:        EMACrossoverStrategy @ H4/TREND
2026-02-01 13:56:59 [INFO] pm_pipeline:   Retrain:     Every 30 days
2026-02-01 13:56:59 [INFO] pm_pipeline:   Duration:    6668.4s
2026-02-01 13:56:59 [INFO] pm_pipeline:   [D1] TREND:ADXTrendStra, CHOP:ADXTrendStra
2026-02-01 13:56:59 [INFO] pm_pipeline:   [H1] TREND:EMARibbonADX, RANGE:DonchianBrea, CHOP:PivotBreakou
2026-02-01 13:56:59 [INFO] pm_pipeline:   [H4] TREND:EMACrossover, RANGE:EMACrossover, CHOP:WilliamsRStr
2026-02-01 13:56:59 [INFO] pm_pipeline:   [M15] TREND:MomentumBurs, RANGE:MomentumBurs, CHOP:ZScoreMRStra
2026-02-01 13:56:59 [INFO] pm_pipeline:   [M30] TREND:ADXDIStrengt, RANGE:KeltnerPullb, BREAKOUT:VolatilityBr, CHOP:RSITrendFilt
2026-02-01 13:56:59 [INFO] pm_pipeline:   [M5] RANGE:RSITrendFilt, BREAKOUT:KeltnerBreak, CHOP:ADXTrendStra
2026-02-01 13:57:00 [INFO] pm_pipeline: 
Progress: 2/46
2026-02-01 13:57:00 [INFO] pm_pipeline: 
============================================================
2026-02-01 13:57:00 [INFO] pm_pipeline: OPTIMIZING: GBPUSD (Regime-Aware)
2026-02-01 13:57:00 [INFO] pm_pipeline: ============================================================
2026-02-01 13:57:00 [INFO] pm_core: Loaded GBPUSD: 500000 bars from GBPUSD_M5.csv
2026-02-01 13:58:58 [INFO] pm_pipeline: [GBPUSD] Regime Optimization: 28 strategies x 6 timeframes x 4 regimes
2026-02-01 14:01:17 [INFO] pm_pipeline: [GBPUSD] [M5] Hyperparameter tuning 10 strategies
2026-02-01 15:51:12 [INFO] __main__: Shutting down...
2026-02-01 15:51:12 [INFO] pm_mt5: Disconnected from MT5
2026-02-01 15:51:12 [INFO] __main__: Shutdown complete
2026-02-01 15:51:12 [INFO] pm_core: [TIME] [GBPUSD] Regime Optimization: 6733.67s
2026-02-01 15:51:12 [INFO] __main__: Shutting down...
2026-02-01 15:51:12 [INFO] __main__: Shutdown complete
2026-02-01 15:51:46 [INFO] __main__: ============================================================
2026-02-01 15:51:46 [INFO] __main__: FX PORTFOLIO MANAGER v3.0
2026-02-01 15:51:46 [INFO] __main__: ============================================================
2026-02-01 15:51:46 [INFO] __main__: Connecting to MetaTrader 5...
2026-02-01 15:51:46 [INFO] pm_mt5: Connected to MT5 (using existing session)
2026-02-01 15:51:46 [INFO] __main__: [OK] Connected to MT5
2026-02-01 15:51:46 [INFO] pm_pipeline: Loaded 37 existing configs from pm_configs.json
2026-02-01 15:51:46 [INFO] __main__: [OK] Portfolio Manager initialized
2026-02-01 15:51:46 [INFO] __main__:   Symbols: 46
2026-02-01 15:51:46 [INFO] __main__:   Strategies: 28
2026-02-01 15:51:46 [INFO] __main__:   Existing configs: 37
2026-02-01 15:51:46 [INFO] __main__: 
============================================================
2026-02-01 15:51:46 [INFO] __main__: RUNNING OPTIMIZATION
2026-02-01 15:51:46 [INFO] __main__: MODE: INCREMENTAL (skipping valid configs)
2026-02-01 15:51:46 [INFO] __main__: ============================================================
2026-02-01 15:51:46 [INFO] __main__: Fetching historical data for 46 symbols...
2026-02-01 15:51:50 [INFO] __main__:   EURUSD: 500000 bars saved
2026-02-01 15:51:53 [INFO] __main__:   GBPUSD: 500000 bars saved
2026-02-01 15:51:56 [INFO] __main__:   USDJPY: 500000 bars saved
2026-02-01 15:51:59 [INFO] __main__:   USDCHF: 500000 bars saved
2026-02-01 15:52:02 [INFO] __main__:   USDCAD: 500000 bars saved
2026-02-01 15:52:05 [INFO] __main__:   AUDUSD: 500000 bars saved
2026-02-01 15:52:08 [INFO] __main__:   NZDUSD: 500000 bars saved
2026-02-01 15:52:11 [INFO] __main__:   AUDNZD: 500000 bars saved
2026-02-01 15:52:14 [INFO] __main__:   EURGBP: 500000 bars saved
2026-02-01 15:52:17 [INFO] __main__:   EURJPY: 500000 bars saved
2026-02-01 15:52:20 [INFO] __main__:   GBPJPY: 500000 bars saved
2026-02-01 15:52:23 [INFO] __main__:   AUDJPY: 500000 bars saved
2026-02-01 15:52:26 [INFO] __main__:   EURAUD: 500000 bars saved
2026-02-01 15:52:29 [INFO] __main__:   EURCHF: 500000 bars saved
2026-02-01 15:52:32 [INFO] __main__:   EURCAD: 500000 bars saved
2026-02-01 15:52:35 [INFO] __main__:   EURNZD: 500000 bars saved
2026-02-01 15:52:38 [INFO] __main__:   GBPAUD: 500000 bars saved
2026-02-01 15:52:41 [INFO] __main__:   GBPCAD: 500000 bars saved
2026-02-01 15:52:44 [INFO] __main__:   GBPCHF: 500000 bars saved
2026-02-01 15:52:47 [INFO] __main__:   CADJPY: 500000 bars saved
2026-02-01 15:52:50 [INFO] __main__:   NZDJPY: 500000 bars saved
2026-02-01 15:52:53 [INFO] __main__:   AUDCAD: 500000 bars saved
2026-02-01 15:52:56 [INFO] __main__:   AUDCHF: 500000 bars saved
2026-02-01 15:52:58 [INFO] __main__:   CADCHF: 500000 bars saved
2026-02-01 15:53:01 [INFO] __main__:   CHFJPY: 500000 bars saved
2026-02-01 15:53:04 [INFO] __main__:   NZDCAD: 500000 bars saved
2026-02-01 15:53:07 [INFO] __main__:   NZDCHF: 500000 bars saved
2026-02-01 15:53:10 [INFO] __main__:   GBPNZD: 500000 bars saved
2026-02-01 15:53:13 [INFO] __main__:   USDNOK: 500000 bars saved
2026-02-01 15:53:16 [INFO] __main__:   USDMXN: 500000 bars saved
2026-02-01 15:53:20 [INFO] __main__:   USDSGD: 500000 bars saved
2026-02-01 15:53:23 [INFO] __main__:   USDZAR: 500000 bars saved
2026-02-01 15:53:26 [INFO] __main__:   USDPLN: 500000 bars saved
2026-02-01 15:53:28 [INFO] __main__:   USDSEK: 500000 bars saved
2026-02-01 15:53:31 [INFO] __main__:   XAUUSD: 500000 bars saved
2026-02-01 15:53:34 [INFO] __main__:   XAGUSD: 500000 bars saved
2026-02-01 15:53:36 [INFO] __main__:   US100: 365635 bars saved
2026-02-01 15:53:38 [INFO] __main__:   US30: 367270 bars saved
2026-02-01 15:53:40 [INFO] __main__:   DE30: 351801 bars saved
2026-02-01 15:53:42 [INFO] __main__:   EU50: 227713 bars saved
2026-02-01 15:53:45 [INFO] __main__:   UK100: 356299 bars saved
2026-02-01 15:53:47 [INFO] __main__:   JP225: 362244 bars saved
2026-02-01 15:53:50 [INFO] __main__:   ETHUSD: 500000 bars saved
2026-02-01 15:53:53 [INFO] __main__:   XRPUSD: 500000 bars saved
2026-02-01 15:53:54 [INFO] __main__:   TONUSD: 155973 bars saved
2026-02-01 15:53:57 [INFO] __main__:   BTCETH: 472512 bars saved
2026-02-01 15:53:57 [INFO] pm_pipeline: SKIP EURUSD: valid until 2026-03-01 (27 days remaining)
2026-02-01 15:53:57 [INFO] pm_pipeline: SKIP GBPUSD: valid until 2026-03-01 (27 days remaining)
2026-02-01 15:53:57 [INFO] pm_pipeline: SKIP USDJPY: valid until 2026-04-30 (87 days remaining)
2026-02-01 15:53:57 [INFO] pm_pipeline: SKIP USDCHF: valid until 2026-03-01 (27 days remaining)
2026-02-01 15:53:57 [INFO] pm_pipeline: SKIP USDCAD: valid until 2026-07-29 (177 days remaining)
2026-02-01 15:53:57 [INFO] pm_pipeline: SKIP AUDUSD: valid until 2026-07-29 (177 days remaining)
2026-02-01 15:53:57 [INFO] pm_pipeline: SKIP NZDUSD: valid until 2026-03-01 (27 days remaining)
2026-02-01 15:53:57 [INFO] pm_pipeline: SKIP AUDNZD: valid until 2026-07-29 (177 days remaining)
2026-02-01 15:53:57 [INFO] pm_pipeline: SKIP EURGBP: valid until 2026-05-30 (117 days remaining)
2026-02-01 15:53:57 [INFO] pm_pipeline: SKIP EURJPY: valid until 2026-03-01 (27 days remaining)
2026-02-01 15:53:57 [INFO] pm_pipeline: SKIP GBPJPY: valid until 2026-03-01 (28 days remaining)
2026-02-01 15:53:57 [INFO] pm_pipeline: SKIP AUDJPY: valid until 2026-07-29 (178 days remaining)
2026-02-01 15:53:57 [INFO] pm_pipeline: SKIP EURAUD: valid until 2026-03-01 (28 days remaining)
2026-02-01 15:53:57 [INFO] pm_pipeline: SKIP EURCHF: valid until 2026-07-29 (178 days remaining)
2026-02-01 15:53:57 [INFO] pm_pipeline: SKIP EURCAD: valid until 2026-03-01 (28 days remaining)
2026-02-01 15:53:57 [INFO] pm_pipeline: SKIP EURNZD: valid until 2026-07-29 (178 days remaining)
2026-02-01 15:53:57 [INFO] pm_pipeline: SKIP GBPAUD: valid until 2026-07-29 (178 days remaining)
2026-02-01 15:53:57 [INFO] pm_pipeline: SKIP GBPCAD: valid until 2026-03-01 (28 days remaining)
2026-02-01 15:53:57 [INFO] pm_pipeline: SKIP GBPCHF: valid until 2026-07-29 (178 days remaining)
2026-02-01 15:53:57 [INFO] pm_pipeline: SKIP CADJPY: valid until 2026-05-30 (118 days remaining)
2026-02-01 15:53:57 [INFO] pm_pipeline: SKIP NZDJPY: valid until 2026-05-30 (118 days remaining)
2026-02-01 15:53:57 [INFO] pm_pipeline: OPTIMIZE AUDCAD: missing
2026-02-01 15:53:57 [INFO] pm_pipeline: OPTIMIZE AUDCHF: missing
2026-02-01 15:53:57 [INFO] pm_pipeline: OPTIMIZE CADCHF: missing
2026-02-01 15:53:57 [INFO] pm_pipeline: OPTIMIZE CHFJPY: missing
2026-02-01 15:53:57 [INFO] pm_pipeline: OPTIMIZE NZDCAD: missing
2026-02-01 15:53:57 [INFO] pm_pipeline: OPTIMIZE NZDCHF: missing
2026-02-01 15:53:57 [INFO] pm_pipeline: OPTIMIZE GBPNZD: missing
2026-02-01 15:53:57 [INFO] pm_pipeline: SKIP USDNOK: valid until 2026-03-01 (28 days remaining)
2026-02-01 15:53:57 [INFO] pm_pipeline: SKIP USDMXN: valid until 2026-03-01 (28 days remaining)
2026-02-01 15:53:57 [INFO] pm_pipeline: SKIP USDSGD: valid until 2026-03-01 (28 days remaining)
2026-02-01 15:53:57 [INFO] pm_pipeline: SKIP USDZAR: valid until 2026-03-01 (28 days remaining)
2026-02-01 15:53:57 [INFO] pm_pipeline: SKIP USDPLN: valid until 2026-02-06 (5 days remaining)
2026-02-01 15:53:57 [INFO] pm_pipeline: OPTIMIZE USDSEK: missing
2026-02-01 15:53:57 [INFO] pm_pipeline: SKIP XAUUSD: valid until 2026-03-01 (28 days remaining)
2026-02-01 15:53:57 [INFO] pm_pipeline: SKIP XAGUSD: valid until 2026-07-29 (178 days remaining)
2026-02-01 15:53:57 [INFO] pm_pipeline: SKIP US100: valid until 2026-05-30 (118 days remaining)
2026-02-01 15:53:57 [INFO] pm_pipeline: SKIP US30: valid until 2026-05-30 (118 days remaining)
2026-02-01 15:53:57 [INFO] pm_pipeline: SKIP DE30: valid until 2026-03-01 (28 days remaining)
2026-02-01 15:53:57 [INFO] pm_pipeline: SKIP EU50: valid until 2026-07-29 (178 days remaining)
2026-02-01 15:53:57 [INFO] pm_pipeline: SKIP UK100: valid until 2026-04-30 (88 days remaining)
2026-02-01 15:53:57 [INFO] pm_pipeline: SKIP JP225: valid until 2026-03-01 (28 days remaining)
2026-02-01 15:53:57 [INFO] pm_pipeline: SKIP ETHUSD: valid until 2026-05-30 (118 days remaining)
2026-02-01 15:53:57 [INFO] pm_pipeline: SKIP XRPUSD: valid until 2026-03-01 (28 days remaining)
2026-02-01 15:53:57 [INFO] pm_pipeline: SKIP TONUSD: valid until 2026-03-01 (28 days remaining)
2026-02-01 15:53:57 [INFO] pm_pipeline: OPTIMIZE BTCETH: missing
2026-02-01 15:53:57 [INFO] pm_pipeline: 
############################################################
2026-02-01 15:53:57 [INFO] pm_pipeline: PORTFOLIO MANAGER - STATEFUL OPTIMIZATION
2026-02-01 15:53:57 [INFO] pm_pipeline: Total symbols: 46
2026-02-01 15:53:57 [INFO] pm_pipeline: To optimize: 9
2026-02-01 15:53:57 [INFO] pm_pipeline: Skipping: 37 (valid configs)
2026-02-01 15:53:57 [INFO] pm_pipeline: Strategies: 28
2026-02-01 15:53:57 [INFO] pm_pipeline: Timeframes: ['M5', 'M15', 'M30', 'H1', 'H4', 'D1']
2026-02-01 15:53:57 [INFO] pm_pipeline: ############################################################
2026-02-01 15:53:57 [INFO] pm_pipeline: 
Progress: 1/9
2026-02-01 15:53:57 [INFO] pm_pipeline: 
============================================================
2026-02-01 15:53:57 [INFO] pm_pipeline: OPTIMIZING: AUDCAD (Regime-Aware)
2026-02-01 15:53:57 [INFO] pm_pipeline: ============================================================
2026-02-01 15:53:58 [INFO] pm_core: Loaded AUDCAD: 500000 bars from AUDCAD_M5.csv
2026-02-01 15:54:21 [INFO] __main__: Shutting down...
2026-02-01 15:54:21 [INFO] pm_mt5: Disconnected from MT5
2026-02-01 15:54:21 [INFO] __main__: Shutdown complete
2026-02-01 15:54:21 [INFO] __main__: Shutting down...
2026-02-01 15:54:21 [INFO] __main__: Shutdown complete
2026-02-01 15:55:09 [INFO] __main__: ============================================================
2026-02-01 15:55:09 [INFO] __main__: FX PORTFOLIO MANAGER v3.0
2026-02-01 15:55:09 [INFO] __main__: ============================================================
2026-02-01 15:55:09 [INFO] __main__: Connecting to MetaTrader 5...
2026-02-01 15:55:09 [INFO] pm_mt5: Connected to MT5 (using existing session)
2026-02-01 15:55:09 [INFO] __main__: [OK] Connected to MT5
2026-02-01 15:55:09 [INFO] pm_pipeline: Loaded 37 existing configs from pm_configs.json
2026-02-01 15:55:09 [INFO] __main__: [OK] Portfolio Manager initialized
2026-02-01 15:55:09 [INFO] __main__:   Symbols: 46
2026-02-01 15:55:09 [INFO] __main__:   Strategies: 28
2026-02-01 15:55:09 [INFO] __main__:   Existing configs: 37
2026-02-01 15:55:09 [INFO] __main__: 
============================================================
2026-02-01 15:55:09 [INFO] __main__: RUNNING OPTIMIZATION
2026-02-01 15:55:09 [INFO] __main__: MODE: OVERWRITE (re-optimizing all symbols)
2026-02-01 15:55:09 [INFO] __main__: ============================================================
2026-02-01 15:55:09 [INFO] __main__: Fetching historical data for 46 symbols...
2026-02-01 15:55:12 [INFO] __main__:   EURUSD: 500000 bars saved
2026-02-01 15:55:15 [INFO] __main__:   GBPUSD: 500000 bars saved
2026-02-01 15:55:18 [INFO] __main__:   USDJPY: 500000 bars saved
2026-02-01 15:55:21 [INFO] __main__:   USDCHF: 500000 bars saved
2026-02-01 15:55:23 [INFO] __main__:   USDCAD: 500000 bars saved
2026-02-01 15:55:26 [INFO] __main__:   AUDUSD: 500000 bars saved
2026-02-01 15:55:29 [INFO] __main__:   NZDUSD: 500000 bars saved
2026-02-01 15:55:32 [INFO] __main__:   AUDNZD: 500000 bars saved
2026-02-01 15:55:35 [INFO] __main__:   EURGBP: 500000 bars saved
2026-02-01 15:55:38 [INFO] __main__:   EURJPY: 500000 bars saved
2026-02-01 15:55:41 [INFO] __main__:   GBPJPY: 500000 bars saved
2026-02-01 15:55:44 [INFO] __main__:   AUDJPY: 500000 bars saved
2026-02-01 15:55:48 [INFO] __main__:   EURAUD: 500000 bars saved
2026-02-01 15:55:51 [INFO] __main__:   EURCHF: 500000 bars saved
2026-02-01 15:55:54 [INFO] __main__:   EURCAD: 500000 bars saved
2026-02-01 15:55:57 [INFO] __main__:   EURNZD: 500000 bars saved
2026-02-01 15:56:01 [INFO] __main__:   GBPAUD: 500000 bars saved
2026-02-01 15:56:04 [INFO] __main__:   GBPCAD: 500000 bars saved
2026-02-01 15:56:07 [INFO] __main__:   GBPCHF: 500000 bars saved
2026-02-01 15:56:10 [INFO] __main__:   CADJPY: 500000 bars saved
2026-02-01 15:56:13 [INFO] __main__:   NZDJPY: 500000 bars saved
2026-02-01 15:56:16 [INFO] __main__:   AUDCAD: 500000 bars saved
2026-02-01 15:56:19 [INFO] __main__:   AUDCHF: 500000 bars saved
2026-02-01 15:56:22 [INFO] __main__:   CADCHF: 500000 bars saved
2026-02-01 15:56:25 [INFO] __main__:   CHFJPY: 500000 bars saved
2026-02-01 15:56:27 [INFO] __main__:   NZDCAD: 500000 bars saved
2026-02-01 15:56:30 [INFO] __main__:   NZDCHF: 500000 bars saved
2026-02-01 15:56:33 [INFO] __main__:   GBPNZD: 500000 bars saved
2026-02-01 15:56:37 [INFO] __main__:   USDNOK: 500000 bars saved
2026-02-01 15:56:40 [INFO] __main__:   USDMXN: 500000 bars saved
2026-02-01 15:56:43 [INFO] __main__:   USDSGD: 500000 bars saved
2026-02-01 15:56:46 [INFO] __main__:   USDZAR: 500000 bars saved
2026-02-01 15:56:49 [INFO] __main__:   USDPLN: 500000 bars saved
2026-02-01 15:56:52 [INFO] __main__:   USDSEK: 500000 bars saved
2026-02-01 15:56:55 [INFO] __main__:   XAUUSD: 500000 bars saved
2026-02-01 15:56:58 [INFO] __main__:   XAGUSD: 500000 bars saved
2026-02-01 15:57:00 [INFO] __main__:   US100: 365635 bars saved
2026-02-01 15:57:02 [INFO] __main__:   US30: 367270 bars saved
2026-02-01 15:57:04 [INFO] __main__:   DE30: 351801 bars saved
2026-02-01 15:57:05 [INFO] __main__:   EU50: 227713 bars saved
2026-02-01 15:57:07 [INFO] __main__:   UK100: 356299 bars saved
2026-02-01 15:57:09 [INFO] __main__:   JP225: 362244 bars saved
2026-02-01 15:57:12 [INFO] __main__:   ETHUSD: 500000 bars saved
2026-02-01 15:57:15 [INFO] __main__:   XRPUSD: 500000 bars saved
2026-02-01 15:57:16 [INFO] __main__:   TONUSD: 155974 bars saved
2026-02-01 15:57:19 [INFO] __main__:   BTCETH: 472513 bars saved
2026-02-01 15:57:19 [INFO] pm_pipeline: OPTIMIZE EURUSD: overwrite enabled
2026-02-01 15:57:19 [INFO] pm_pipeline: OPTIMIZE GBPUSD: overwrite enabled
2026-02-01 15:57:19 [INFO] pm_pipeline: OPTIMIZE USDJPY: overwrite enabled
2026-02-01 15:57:19 [INFO] pm_pipeline: OPTIMIZE USDCHF: overwrite enabled
2026-02-01 15:57:19 [INFO] pm_pipeline: OPTIMIZE USDCAD: overwrite enabled
2026-02-01 15:57:19 [INFO] pm_pipeline: OPTIMIZE AUDUSD: overwrite enabled
2026-02-01 15:57:19 [INFO] pm_pipeline: OPTIMIZE NZDUSD: overwrite enabled
2026-02-01 15:57:19 [INFO] pm_pipeline: OPTIMIZE AUDNZD: overwrite enabled
2026-02-01 15:57:19 [INFO] pm_pipeline: OPTIMIZE EURGBP: overwrite enabled
2026-02-01 15:57:19 [INFO] pm_pipeline: OPTIMIZE EURJPY: overwrite enabled
2026-02-01 15:57:19 [INFO] pm_pipeline: OPTIMIZE GBPJPY: overwrite enabled
2026-02-01 15:57:19 [INFO] pm_pipeline: OPTIMIZE AUDJPY: overwrite enabled
2026-02-01 15:57:19 [INFO] pm_pipeline: OPTIMIZE EURAUD: overwrite enabled
2026-02-01 15:57:19 [INFO] pm_pipeline: OPTIMIZE EURCHF: overwrite enabled
2026-02-01 15:57:19 [INFO] pm_pipeline: OPTIMIZE EURCAD: overwrite enabled
2026-02-01 15:57:19 [INFO] pm_pipeline: OPTIMIZE EURNZD: overwrite enabled
2026-02-01 15:57:19 [INFO] pm_pipeline: OPTIMIZE GBPAUD: overwrite enabled
2026-02-01 15:57:19 [INFO] pm_pipeline: OPTIMIZE GBPCAD: overwrite enabled
2026-02-01 15:57:19 [INFO] pm_pipeline: OPTIMIZE GBPCHF: overwrite enabled
2026-02-01 15:57:19 [INFO] pm_pipeline: OPTIMIZE CADJPY: overwrite enabled
2026-02-01 15:57:19 [INFO] pm_pipeline: OPTIMIZE NZDJPY: overwrite enabled
2026-02-01 15:57:19 [INFO] pm_pipeline: OPTIMIZE AUDCAD: overwrite enabled
2026-02-01 15:57:19 [INFO] pm_pipeline: OPTIMIZE AUDCHF: overwrite enabled
2026-02-01 15:57:19 [INFO] pm_pipeline: OPTIMIZE CADCHF: overwrite enabled
2026-02-01 15:57:19 [INFO] pm_pipeline: OPTIMIZE CHFJPY: overwrite enabled
2026-02-01 15:57:19 [INFO] pm_pipeline: OPTIMIZE NZDCAD: overwrite enabled
2026-02-01 15:57:19 [INFO] pm_pipeline: OPTIMIZE NZDCHF: overwrite enabled
2026-02-01 15:57:19 [INFO] pm_pipeline: OPTIMIZE GBPNZD: overwrite enabled
2026-02-01 15:57:19 [INFO] pm_pipeline: OPTIMIZE USDNOK: overwrite enabled
2026-02-01 15:57:19 [INFO] pm_pipeline: OPTIMIZE USDMXN: overwrite enabled
2026-02-01 15:57:19 [INFO] pm_pipeline: OPTIMIZE USDSGD: overwrite enabled
2026-02-01 15:57:19 [INFO] pm_pipeline: OPTIMIZE USDZAR: overwrite enabled
2026-02-01 15:57:19 [INFO] pm_pipeline: OPTIMIZE USDPLN: overwrite enabled
2026-02-01 15:57:19 [INFO] pm_pipeline: OPTIMIZE USDSEK: overwrite enabled
2026-02-01 15:57:19 [INFO] pm_pipeline: OPTIMIZE XAUUSD: overwrite enabled
2026-02-01 15:57:19 [INFO] pm_pipeline: OPTIMIZE XAGUSD: overwrite enabled
2026-02-01 15:57:19 [INFO] pm_pipeline: OPTIMIZE US100: overwrite enabled
2026-02-01 15:57:19 [INFO] pm_pipeline: OPTIMIZE US30: overwrite enabled
2026-02-01 15:57:19 [INFO] pm_pipeline: OPTIMIZE DE30: overwrite enabled
2026-02-01 15:57:19 [INFO] pm_pipeline: OPTIMIZE EU50: overwrite enabled
2026-02-01 15:57:19 [INFO] pm_pipeline: OPTIMIZE UK100: overwrite enabled
2026-02-01 15:57:19 [INFO] pm_pipeline: OPTIMIZE JP225: overwrite enabled
2026-02-01 15:57:19 [INFO] pm_pipeline: OPTIMIZE ETHUSD: overwrite enabled
2026-02-01 15:57:19 [INFO] pm_pipeline: OPTIMIZE XRPUSD: overwrite enabled
2026-02-01 15:57:19 [INFO] pm_pipeline: OPTIMIZE TONUSD: overwrite enabled
2026-02-01 15:57:19 [INFO] pm_pipeline: OPTIMIZE BTCETH: overwrite enabled
2026-02-01 15:57:19 [INFO] pm_pipeline: 
############################################################
2026-02-01 15:57:19 [INFO] pm_pipeline: PORTFOLIO MANAGER - STATEFUL OPTIMIZATION
2026-02-01 15:57:19 [INFO] pm_pipeline: Total symbols: 46
2026-02-01 15:57:19 [INFO] pm_pipeline: To optimize: 46
2026-02-01 15:57:19 [INFO] pm_pipeline: Skipping: 0 (valid configs)
2026-02-01 15:57:19 [INFO] pm_pipeline: OVERWRITE MODE: ignoring validity checks
2026-02-01 15:57:19 [INFO] pm_pipeline: Strategies: 28
2026-02-01 15:57:19 [INFO] pm_pipeline: Timeframes: ['M5', 'M15', 'M30', 'H1', 'H4', 'D1']
2026-02-01 15:57:19 [INFO] pm_pipeline: ############################################################
2026-02-01 15:57:19 [INFO] pm_pipeline: 
Progress: 1/46
2026-02-01 15:57:19 [INFO] pm_pipeline: 
============================================================
2026-02-01 15:57:19 [INFO] pm_pipeline: OPTIMIZING: EURUSD (Regime-Aware)
2026-02-01 15:57:19 [INFO] pm_pipeline: ============================================================
2026-02-01 15:57:20 [INFO] pm_core: Loaded EURUSD: 500000 bars from EURUSD_M5.csv
2026-02-01 15:59:29 [INFO] pm_pipeline: [EURUSD] Regime Optimization: 28 strategies x 6 timeframes x 4 regimes
2026-02-01 16:01:59 [INFO] pm_pipeline: [EURUSD] [M5] Hyperparameter tuning 9 strategies
