2026-02-05 07:04:48 [INFO] __main__: Resolved config summary (source=config.json)
2026-02-05 07:04:48 [INFO] __main__:   sections: broker_specs_path, instrument_spec_defaults, instrument_specs, mt5, pipeline, position, symbols
2026-02-05 07:04:48 [INFO] __main__:   pipeline: scoring=fx_backtester | bars=500000 | tfs=M5,M15,M30,H1,H4,D1 | live=1500/300 | risk=1.0% | d1+lower=True | max_sym_risk=3.0% | opt_workers=5
2026-02-05 07:04:48 [INFO] __main__:             validation: opt_min=15 | val_min=15 | val_dd<=20.0 | pf>=1.0 | ret>=0.0 | optuna_val_obj=False
2026-02-05 07:04:48 [INFO] __main__:   position: risk=1.0% | basis=balance | max_risk=5.0% | size=0.01-0.0 | auto_widen_sl=True
2026-02-05 07:04:48 [INFO] __main__:   mt5: server=n/a | path=n/a | timeout=60000 | portable=False
2026-02-05 07:04:48 [INFO] __main__:   instruments: overrides=46 | defaults=commission_per_lot | broker_specs=broker_specs.json
2026-02-05 07:04:48 [INFO] __main__: ------------------------------------------------------------
2026-02-05 07:04:48 [INFO] __main__: ============================================================
2026-02-05 07:04:48 [INFO] __main__: FX PORTFOLIO MANAGER v3.0
2026-02-05 07:04:48 [INFO] __main__: ============================================================
2026-02-05 07:04:48 [INFO] __main__: Connecting to MetaTrader 5...
2026-02-05 07:04:49 [INFO] pm_mt5: Connected to MT5 (using existing session)
2026-02-05 07:04:49 [INFO] __main__: [OK] Connected to MT5
2026-02-05 07:04:49 [INFO] pm_pipeline: Loaded 38 existing configs from pm_configs.json
2026-02-05 07:04:49 [INFO] __main__: [OK] Portfolio Manager initialized
2026-02-05 07:04:49 [INFO] __main__:   Symbols: 46
2026-02-05 07:04:49 [INFO] __main__:   Strategies: 28
2026-02-05 07:04:49 [INFO] __main__:   Existing configs: 38
2026-02-05 07:04:49 [INFO] __main__: 
============================================================
2026-02-05 07:04:49 [INFO] __main__: STARTING LIVE TRADING
2026-02-05 07:04:49 [INFO] __main__: Trading enabled: True
2026-02-05 07:04:49 [INFO] __main__: Auto-retrain: False
2026-02-05 07:04:49 [INFO] __main__: Close on opposite signal: False
2026-02-05 07:04:49 [INFO] __main__: ============================================================
2026-02-05 07:05:42 [INFO] __main__: [EURCAD] [SECONDARY] Selected: ADXTrendStrategy @ D1/CHOP (strength=0.39, quality=0.23, freshness=1.00, score=0.090)
2026-02-05 07:05:42 [INFO] __main__: [EURCAD] Secondary trade: risk 1.00% -> 1.00% (existing=1.00%, cap=3.00%)
2026-02-05 07:05:42 [INFO] __main__: [EURCAD] SELL | basis=1288.47 (balance) | target_risk=1.00% ($12.88) | actual_risk=1.46% ($18.75) | vol_raw=0.0100 | vol=0.0100 | entry=1.61325 | sl=1.63891 | tp=1.60470
2026-02-05 07:05:42 [INFO] __main__: [OK] [EURCAD] SHORT executed: 0.01 lots @ 1.61325
2026-02-05 07:06:22 [INFO] __main__: [ETHUSD] Selected: MomentumBurstStrategy @ H1/TREND (strength=0.45, quality=0.49, freshness=1.00, score=0.220)
2026-02-05 07:06:22 [INFO] __main__: [ETHUSD] SELL | basis=1288.47 (balance) | target_risk=1.00% ($12.88) | actual_risk=1.26% ($16.27) | vol_raw=0.0100 | vol=0.0100 | entry=2080.34000 | sl=2243.00000 | tp=1809.24000
2026-02-05 07:06:22 [INFO] __main__: [OK] [ETHUSD] SHORT executed: 0.01 lots @ 2080.34000
2026-02-05 07:16:34 [INFO] __main__: [XAUUSD] Selected: MomentumBurstStrategy @ H1/TREND (strength=0.33, quality=0.45, freshness=0.85, score=0.129)
2026-02-05 07:16:34 [WARNING] __main__: [XAUUSD] Skipping trade; risk 14.56% exceeds cap 5.00% (vol=0.0100, sl=5098.03929)
2026-02-05 07:30:41 [INFO] __main__: [XAGUSD] Selected: KeltnerBreakoutStrategy @ M30/TREND (strength=0.38, quality=0.44, freshness=1.00, score=0.165)
2026-02-05 07:30:41 [WARNING] __main__: [XAGUSD] Skipping trade; risk 36.36% exceeds cap 5.00% (vol=0.0100, sl=88.16207)
2026-02-05 07:44:58 [INFO] __main__: [XAGUSD] Selected: MomentumBurstStrategy @ M15/TREND (strength=0.36, quality=0.43, freshness=1.00, score=0.157)
2026-02-05 07:44:58 [WARNING] __main__: [XAGUSD] Skipping trade; risk 18.48% exceeds cap 5.00% (vol=0.0100, sl=74.28293)
2026-02-05 07:46:36 [INFO] __main__: [XAGUSD] Selected: KeltnerBreakoutStrategy @ M30/TREND (strength=0.38, quality=0.44, freshness=0.85, score=0.140)
2026-02-05 07:46:36 [WARNING] __main__: [XAGUSD] Skipping trade; risk 37.23% exceeds cap 5.00% (vol=0.0100, sl=88.84079)
2026-02-05 08:00:45 [INFO] __main__: [XAUUSD] Selected: MomentumBurstStrategy @ H1/TREND (strength=0.33, quality=0.45, freshness=1.00, score=0.149)
2026-02-05 08:00:45 [WARNING] __main__: [XAUUSD] Skipping trade; risk 13.33% exceeds cap 5.00% (vol=0.0100, sl=5090.79857)
2026-02-05 08:00:47 [INFO] __main__: [XAGUSD] Selected: KeltnerBreakoutStrategy @ M30/TREND (strength=0.37, quality=0.44, freshness=1.00, score=0.160)
2026-02-05 08:00:47 [WARNING] __main__: [XAGUSD] Skipping trade; risk 37.57% exceeds cap 5.00% (vol=0.0100, sl=88.11343)
2026-02-05 08:14:57 [INFO] __main__: [XAGUSD] Selected: MomentumBurstStrategy @ M15/TREND (strength=0.36, quality=0.43, freshness=1.00, score=0.156)
2026-02-05 08:14:57 [WARNING] __main__: [XAGUSD] Skipping trade; risk 18.38% exceeds cap 5.00% (vol=0.0100, sl=74.69500)
2026-02-05 08:15:57 [INFO] __main__: [XAGUSD] Selected: KeltnerBreakoutStrategy @ M30/TREND (strength=0.37, quality=0.44, freshness=0.85, score=0.136)
2026-02-05 08:15:57 [WARNING] __main__: [XAGUSD] Skipping trade; risk 38.53% exceeds cap 5.00% (vol=0.0100, sl=89.13629)
2026-02-05 08:30:04 [INFO] __main__: [XAGUSD] Selected: MomentumBurstStrategy @ M15/TREND (strength=0.46, quality=0.43, freshness=1.00, score=0.199)
2026-02-05 08:30:04 [WARNING] __main__: [XAGUSD] Skipping trade; risk 17.86% exceeds cap 5.00% (vol=0.0100, sl=75.55721)
2026-02-05 08:45:44 [INFO] __main__: [XAGUSD] Selected: MomentumBurstStrategy @ M15/TREND (strength=0.45, quality=0.43, freshness=1.00, score=0.192)
2026-02-05 08:45:44 [WARNING] __main__: [XAGUSD] Skipping trade; risk 18.00% exceeds cap 5.00% (vol=0.0100, sl=74.93121)
2026-02-05 09:00:33 [INFO] __main__: [XAGUSD] Selected: MomentumBurstStrategy @ M15/TREND (strength=0.46, quality=0.43, freshness=1.00, score=0.196)
2026-02-05 09:00:33 [WARNING] __main__: [XAGUSD] Skipping trade; risk 18.09% exceeds cap 5.00% (vol=0.0100, sl=75.51757)
2026-02-05 09:15:17 [INFO] __main__: [XAGUSD] Selected: MomentumBurstStrategy @ M15/TREND (strength=0.43, quality=0.43, freshness=1.00, score=0.187)
2026-02-05 09:15:17 [WARNING] __main__: [XAGUSD] Skipping trade; risk 17.49% exceeds cap 5.00% (vol=0.0100, sl=76.14250)
2026-02-05 09:23:14 [INFO] __main__: Resolved config summary (source=config.json)
2026-02-05 09:23:14 [INFO] __main__:   sections: broker_specs_path, instrument_spec_defaults, instrument_specs, mt5, pipeline, position, symbols
2026-02-05 09:23:14 [INFO] __main__:   pipeline: scoring=fx_backtester | bars=500000 | tfs=M5,M15,M30,H1,H4,D1 | live=1500/300 | risk=1.0% | d1+lower=True | max_sym_risk=3.0% | opt_workers=3
2026-02-05 09:23:14 [INFO] __main__:             validation: opt_min=15 | val_min=15 | val_dd<=20.0 | pf>=1.0 | ret>=0.0 | optuna_val_obj=False
2026-02-05 09:23:14 [INFO] __main__:   position: risk=1.0% | basis=balance | max_risk=5.0% | size=0.01-0.0 | auto_widen_sl=True
2026-02-05 09:23:14 [INFO] __main__:   mt5: server=n/a | path=n/a | timeout=60000 | portable=False
2026-02-05 09:23:14 [INFO] __main__:   instruments: overrides=46 | defaults=commission_per_lot | broker_specs=broker_specs.json
2026-02-05 09:23:14 [INFO] __main__: ------------------------------------------------------------
2026-02-05 09:23:14 [INFO] __main__: ============================================================
2026-02-05 09:23:14 [INFO] __main__: FX PORTFOLIO MANAGER v3.0
2026-02-05 09:23:14 [INFO] __main__: ============================================================
2026-02-05 09:23:14 [INFO] __main__: Connecting to MetaTrader 5...
2026-02-05 09:23:14 [INFO] pm_mt5: Connected to MT5 (using existing session)
2026-02-05 09:23:14 [INFO] __main__: [OK] Connected to MT5
2026-02-05 09:23:14 [INFO] pm_pipeline: Loaded 39 existing configs from pm_configs.json
2026-02-05 09:23:14 [INFO] __main__: [OK] Portfolio Manager initialized
2026-02-05 09:23:14 [INFO] __main__:   Symbols: 16
2026-02-05 09:23:14 [INFO] __main__:   Strategies: 28
2026-02-05 09:23:14 [INFO] __main__:   Existing configs: 39
2026-02-05 09:23:14 [INFO] __main__: 
============================================================
2026-02-05 09:23:14 [INFO] __main__: RUNNING OPTIMIZATION
2026-02-05 09:23:14 [INFO] __main__: MODE: OVERWRITE (re-optimizing all symbols)
2026-02-05 09:23:14 [INFO] __main__: ============================================================
2026-02-05 09:23:14 [INFO] __main__: Fetching historical data for 16 symbols...
2026-02-05 09:23:18 [INFO] __main__:   AUDCHF: 500000 bars saved
2026-02-05 09:23:21 [INFO] __main__:   CADCHF: 500000 bars saved
2026-02-05 09:23:24 [INFO] __main__:   CHFJPY: 500000 bars saved
2026-02-05 09:23:29 [INFO] __main__:   NZDCAD: 500000 bars saved
2026-02-05 09:23:32 [INFO] __main__:   NZDCHF: 500000 bars saved
2026-02-05 09:23:36 [INFO] __main__:   GBPNZD: 500000 bars saved
2026-02-05 09:23:41 [INFO] __main__:   USDNOK: 500000 bars saved
2026-02-05 09:23:44 [INFO] __main__:   USDSGD: 500000 bars saved
2026-02-05 09:23:49 [INFO] __main__:   USDPLN: 500000 bars saved
2026-02-05 09:23:54 [INFO] __main__:   USDSEK: 500000 bars saved
2026-02-05 09:23:56 [INFO] __main__:   US100: 366576 bars saved
2026-02-05 09:23:59 [INFO] __main__:   US30: 368211 bars saved
2026-02-05 09:24:02 [INFO] __main__:   DE30: 352742 bars saved
2026-02-05 09:24:04 [INFO] __main__:   EU50: 228234 bars saved
2026-02-05 09:24:08 [INFO] __main__:   UK100: 357240 bars saved
2026-02-05 09:24:11 [INFO] __main__:   JP225: 363185 bars saved
2026-02-05 09:24:11 [INFO] pm_pipeline: OPTIMIZE AUDCHF: overwrite enabled
2026-02-05 09:24:11 [INFO] pm_pipeline: OPTIMIZE CADCHF: overwrite enabled
2026-02-05 09:24:11 [INFO] pm_pipeline: OPTIMIZE CHFJPY: overwrite enabled
2026-02-05 09:24:11 [INFO] pm_pipeline: OPTIMIZE NZDCAD: overwrite enabled
2026-02-05 09:24:11 [INFO] pm_pipeline: OPTIMIZE NZDCHF: overwrite enabled
2026-02-05 09:24:11 [INFO] pm_pipeline: OPTIMIZE GBPNZD: overwrite enabled
2026-02-05 09:24:11 [INFO] pm_pipeline: OPTIMIZE USDNOK: overwrite enabled
2026-02-05 09:24:11 [INFO] pm_pipeline: OPTIMIZE USDSGD: overwrite enabled
2026-02-05 09:24:11 [INFO] pm_pipeline: OPTIMIZE USDPLN: overwrite enabled
2026-02-05 09:24:11 [INFO] pm_pipeline: OPTIMIZE USDSEK: overwrite enabled
2026-02-05 09:24:11 [INFO] pm_pipeline: OPTIMIZE US100: overwrite enabled
2026-02-05 09:24:11 [INFO] pm_pipeline: OPTIMIZE US30: overwrite enabled
2026-02-05 09:24:11 [INFO] pm_pipeline: OPTIMIZE DE30: overwrite enabled
2026-02-05 09:24:11 [INFO] pm_pipeline: OPTIMIZE EU50: overwrite enabled
2026-02-05 09:24:11 [INFO] pm_pipeline: OPTIMIZE UK100: overwrite enabled
2026-02-05 09:24:11 [INFO] pm_pipeline: OPTIMIZE JP225: overwrite enabled
2026-02-05 09:24:11 [INFO] pm_pipeline: 
############################################################
2026-02-05 09:24:11 [INFO] pm_pipeline: PORTFOLIO MANAGER - STATEFUL OPTIMIZATION
2026-02-05 09:24:11 [INFO] pm_pipeline: Total symbols: 16
2026-02-05 09:24:11 [INFO] pm_pipeline: To optimize: 16
2026-02-05 09:24:11 [INFO] pm_pipeline: Skipping: 0 (valid configs)
2026-02-05 09:24:11 [INFO] pm_pipeline: OVERWRITE MODE: ignoring validity checks
2026-02-05 09:24:11 [INFO] pm_pipeline: Strategies: 28
2026-02-05 09:24:11 [INFO] pm_pipeline: Timeframes: ['M5', 'M15', 'M30', 'H1', 'H4', 'D1']
2026-02-05 09:24:11 [INFO] pm_pipeline: ############################################################
2026-02-05 09:24:11 [INFO] pm_pipeline: Parallel optimization enabled: workers=3
2026-02-05 09:31:00 [INFO] __main__: [XAGUSD] Selected: MomentumBurstStrategy @ M15/TREND (strength=0.41, quality=0.43, freshness=1.00, score=0.175)
2026-02-05 09:31:00 [WARNING] __main__: [XAGUSD] Skipping trade; risk 17.29% exceeds cap 5.00% (vol=0.0100, sl=76.28264)
2026-02-05 09:38:13 [INFO] __main__: Shutting down...
2026-02-05 09:38:13 [INFO] pm_mt5: Disconnected from MT5
2026-02-05 09:38:13 [INFO] __main__: Shutdown complete
2026-02-05 09:45:06 [INFO] __main__: [XAGUSD] Selected: MomentumBurstStrategy @ M15/TREND (strength=0.41, quality=0.43, freshness=1.00, score=0.178)
2026-02-05 09:45:06 [WARNING] __main__: [XAGUSD] Skipping trade; risk 16.32% exceeds cap 5.00% (vol=0.0100, sl=76.44336)
2026-02-05 09:50:14 [INFO] __main__: Resolved config summary (source=config.json)
2026-02-05 09:50:14 [INFO] __main__:   sections: broker_specs_path, instrument_spec_defaults, instrument_specs, mt5, pipeline, position, symbols
2026-02-05 09:50:14 [INFO] __main__:   pipeline: scoring=fx_backtester | bars=500000 | tfs=M5,M15,M30,H1,H4,D1 | live=1500/300 | risk=1.0% | d1+lower=True | max_sym_risk=3.0% | opt_workers=3
2026-02-05 09:50:14 [INFO] __main__:             validation: opt_min=15 | val_min=15 | val_dd<=20.0 | pf>=1.0 | ret>=0.0 | optuna_val_obj=False
2026-02-05 09:50:14 [INFO] __main__:   position: risk=1.0% | basis=balance | max_risk=5.0% | size=0.01-0.0 | auto_widen_sl=True
2026-02-05 09:50:14 [INFO] __main__:   mt5: server=n/a | path=n/a | timeout=60000 | portable=False
2026-02-05 09:50:14 [INFO] __main__:   instruments: overrides=46 | defaults=commission_per_lot | broker_specs=broker_specs.json
2026-02-05 09:50:14 [INFO] __main__: ------------------------------------------------------------
2026-02-05 09:50:14 [INFO] __main__: ============================================================
2026-02-05 09:50:14 [INFO] __main__: FX PORTFOLIO MANAGER v3.0
2026-02-05 09:50:14 [INFO] __main__: ============================================================
2026-02-05 09:50:14 [INFO] __main__: Connecting to MetaTrader 5...
2026-02-05 09:50:14 [INFO] pm_mt5: Connected to MT5 (using existing session)
2026-02-05 09:50:14 [INFO] __main__: [OK] Connected to MT5
2026-02-05 09:50:14 [INFO] pm_pipeline: Loaded 39 existing configs from pm_configs.json
2026-02-05 09:50:14 [INFO] __main__: [OK] Portfolio Manager initialized
2026-02-05 09:50:14 [INFO] __main__:   Symbols: 6
2026-02-05 09:50:14 [INFO] __main__:   Strategies: 28
2026-02-05 09:50:14 [INFO] __main__:   Existing configs: 39
2026-02-05 09:50:14 [INFO] __main__: 
============================================================
2026-02-05 09:50:14 [INFO] __main__: RUNNING OPTIMIZATION
2026-02-05 09:50:14 [INFO] __main__: MODE: OVERWRITE (re-optimizing all symbols)
2026-02-05 09:50:14 [INFO] __main__: ============================================================
2026-02-05 09:50:14 [INFO] __main__: Fetching historical data for 6 symbols...
2026-02-05 09:50:17 [INFO] __main__:   US100: 366582 bars saved
2026-02-05 09:50:20 [INFO] __main__:   US30: 368217 bars saved
2026-02-05 09:50:23 [INFO] __main__:   DE30: 352748 bars saved
2026-02-05 09:50:24 [INFO] __main__:   EU50: 228240 bars saved
2026-02-05 09:50:27 [INFO] __main__:   UK100: 357246 bars saved
2026-02-05 09:50:29 [INFO] __main__:   JP225: 363191 bars saved
2026-02-05 09:50:29 [INFO] pm_pipeline: OPTIMIZE US100: overwrite enabled
2026-02-05 09:50:29 [INFO] pm_pipeline: OPTIMIZE US30: overwrite enabled
2026-02-05 09:50:29 [INFO] pm_pipeline: OPTIMIZE DE30: overwrite enabled
2026-02-05 09:50:29 [INFO] pm_pipeline: OPTIMIZE EU50: overwrite enabled
2026-02-05 09:50:29 [INFO] pm_pipeline: OPTIMIZE UK100: overwrite enabled
2026-02-05 09:50:29 [INFO] pm_pipeline: OPTIMIZE JP225: overwrite enabled
2026-02-05 09:50:29 [INFO] pm_pipeline: 
############################################################
2026-02-05 09:50:29 [INFO] pm_pipeline: PORTFOLIO MANAGER - STATEFUL OPTIMIZATION
2026-02-05 09:50:29 [INFO] pm_pipeline: Total symbols: 6
2026-02-05 09:50:29 [INFO] pm_pipeline: To optimize: 6
2026-02-05 09:50:29 [INFO] pm_pipeline: Skipping: 0 (valid configs)
2026-02-05 09:50:29 [INFO] pm_pipeline: OVERWRITE MODE: ignoring validity checks
2026-02-05 09:50:29 [INFO] pm_pipeline: Strategies: 28
2026-02-05 09:50:29 [INFO] pm_pipeline: Timeframes: ['M5', 'M15', 'M30', 'H1', 'H4', 'D1']
2026-02-05 09:50:29 [INFO] pm_pipeline: ############################################################
2026-02-05 09:50:29 [INFO] pm_pipeline: Parallel optimization enabled: workers=3
2026-02-05 10:14:50 [INFO] __main__: [XAUUSD] Selected: KeltnerBreakoutStrategy @ M15/TREND (strength=0.39, quality=0.43, freshness=1.00, score=0.166)
2026-02-05 10:14:50 [WARNING] __main__: [XAUUSD] Skipping trade; risk 6.09% exceeds cap 5.00% (vol=0.0100, sl=4940.72714)
2026-02-05 10:14:52 [INFO] __main__: [XAGUSD] Selected: MomentumBurstStrategy @ M15/TREND (strength=0.33, quality=0.43, freshness=1.00, score=0.141)
2026-02-05 10:14:53 [WARNING] __main__: [XAGUSD] Skipping trade; risk 15.38% exceeds cap 5.00% (vol=0.0100, sl=74.28843)
2026-02-05 10:30:14 [INFO] __main__: [XAGUSD] Selected: MomentumBurstStrategy @ M15/TREND (strength=0.35, quality=0.43, freshness=1.00, score=0.149)
2026-02-05 10:30:14 [WARNING] __main__: [XAGUSD] Skipping trade; risk 14.49% exceeds cap 5.00% (vol=0.0100, sl=75.12636)
2026-02-05 10:37:12 [INFO] __main__: [GBPUSD] [SECONDARY] Selected: MomentumBurstStrategy @ D1/TREND (strength=0.31, quality=0.36, freshness=1.00, score=0.113)
2026-02-05 10:44:53 [INFO] __main__: [XAGUSD] Selected: MomentumBurstStrategy @ M15/TREND (strength=0.35, quality=0.43, freshness=1.00, score=0.149)
2026-02-05 10:44:53 [WARNING] __main__: [XAGUSD] Skipping trade; risk 14.09% exceeds cap 5.00% (vol=0.0100, sl=75.94436)
2026-02-05 10:59:58 [INFO] __main__: [XAUUSD] Selected: MomentumBurstStrategy @ H1/TREND (strength=0.42, quality=0.45, freshness=1.00, score=0.191)
2026-02-05 10:59:58 [WARNING] __main__: [XAUUSD] Skipping trade; risk 13.61% exceeds cap 5.00% (vol=0.0100, sl=5032.35714)
2026-02-05 11:01:02 [INFO] __main__: [GBPCAD] Selected: DonchianBreakoutStrategy @ H4/TREND (strength=0.36, quality=0.44, freshness=1.00, score=0.157)
2026-02-05 11:01:02 [INFO] __main__: [GBPCAD] SELL | basis=1271.64 (balance) | target_risk=1.00% ($12.72) | actual_risk=0.59% ($7.51) | vol_raw=0.0169 | vol=0.0100 | entry=1.85799 | sl=1.86828 | tp=1.84599
2026-02-05 11:01:02 [INFO] __main__: [OK] [GBPCAD] SHORT executed: 0.01 lots @ 1.85798
2026-02-05 11:21:53 [INFO] pm_pipeline: 
Progress: 1/6
2026-02-05 11:21:53 [INFO] pm_pipeline: SAVED US30 to pm_configs.json (atomic)
2026-02-05 11:29:23 [INFO] pm_pipeline: 
Progress: 2/6
2026-02-05 11:29:24 [INFO] pm_pipeline: SAVED US100 to pm_configs.json (atomic)
2026-02-05 11:30:23 [INFO] __main__: [XAGUSD] Selected: MomentumBurstStrategy @ M15/TREND (strength=0.38, quality=0.43, freshness=1.00, score=0.161)
2026-02-05 11:30:23 [WARNING] __main__: [XAGUSD] Skipping trade; risk 12.69% exceeds cap 5.00% (vol=0.0100, sl=81.51221)
2026-02-05 11:32:34 [INFO] __main__: Shutting down...
2026-02-05 11:32:34 [INFO] __main__: Stopping trader...
2026-02-05 11:32:34 [INFO] __main__: Saved 3 trades to pm_outputs\trades_20260205_113234.json
2026-02-05 11:32:34 [INFO] pm_mt5: Disconnected from MT5
2026-02-05 11:32:34 [INFO] __main__: Shutdown complete
2026-02-05 11:32:34 [INFO] __main__: Shutting down...
2026-02-05 11:32:34 [INFO] __main__: Stopping trader...
2026-02-05 11:32:34 [INFO] __main__: Saved 3 trades to pm_outputs\trades_20260205_113234.json
2026-02-05 11:32:34 [INFO] __main__: Shutdown complete
2026-02-05 11:32:34 [INFO] __main__: Shutting down...
2026-02-05 11:32:34 [INFO] __main__: Stopping trader...
2026-02-05 11:32:34 [INFO] __main__: Saved 3 trades to pm_outputs\trades_20260205_113234.json
2026-02-05 11:32:34 [INFO] __main__: Shutdown complete
2026-02-05 11:32:49 [INFO] __main__: Resolved config summary (source=config.json)
2026-02-05 11:32:49 [INFO] __main__:   sections: broker_specs_path, instrument_spec_defaults, instrument_specs, mt5, pipeline, position, symbols
2026-02-05 11:32:49 [INFO] __main__:   pipeline: scoring=fx_backtester | bars=500000 | tfs=M5,M15,M30,H1,H4,D1 | live=1500/300 | risk=1.0% | d1+lower=True | max_sym_risk=3.0% | opt_workers=3
2026-02-05 11:32:49 [INFO] __main__:             validation: opt_min=15 | val_min=15 | val_dd<=20.0 | pf>=1.0 | ret>=0.0 | optuna_val_obj=False
2026-02-05 11:32:49 [INFO] __main__:   position: risk=1.0% | basis=balance | max_risk=5.0% | size=0.01-0.0 | auto_widen_sl=True
2026-02-05 11:32:49 [INFO] __main__:   mt5: server=n/a | path=n/a | timeout=60000 | portable=False
2026-02-05 11:32:49 [INFO] __main__:   instruments: overrides=46 | defaults=commission_per_lot | broker_specs=broker_specs.json
2026-02-05 11:32:49 [INFO] __main__: ------------------------------------------------------------
2026-02-05 11:32:49 [INFO] __main__: ============================================================
2026-02-05 11:32:49 [INFO] __main__: FX PORTFOLIO MANAGER v3.0
2026-02-05 11:32:49 [INFO] __main__: ============================================================
2026-02-05 11:32:49 [INFO] __main__: Connecting to MetaTrader 5...
2026-02-05 11:32:49 [INFO] pm_mt5: Connected to MT5 (using existing session)
2026-02-05 11:32:49 [INFO] __main__: [OK] Connected to MT5
2026-02-05 11:32:49 [INFO] pm_pipeline: Loaded 39 existing configs from pm_configs.json
2026-02-05 11:32:49 [INFO] __main__: [OK] Portfolio Manager initialized
2026-02-05 11:32:49 [INFO] __main__:   Symbols: 46
2026-02-05 11:32:49 [INFO] __main__:   Strategies: 28
2026-02-05 11:32:49 [INFO] __main__:   Existing configs: 39
2026-02-05 11:32:49 [INFO] __main__: 
============================================================
2026-02-05 11:32:49 [INFO] __main__: STARTING LIVE TRADING
2026-02-05 11:32:49 [INFO] __main__: Trading enabled: True
2026-02-05 11:32:49 [INFO] __main__: Auto-retrain: False
2026-02-05 11:32:49 [INFO] __main__: Close on opposite signal: False
2026-02-05 11:32:49 [INFO] __main__: ============================================================
2026-02-05 11:34:16 [INFO] __main__: [XRPUSD] Selected: VolatilityBreakoutStrategy @ D1/TREND (strength=0.41, quality=0.52, freshness=1.00, score=0.216)
2026-02-05 11:34:16 [INFO] __main__: [XRPUSD] SELL | basis=1271.64 (balance) | target_risk=1.00% ($12.72) | actual_risk=0.65% ($8.24) | vol_raw=0.0154 | vol=0.0100 | entry=1.39939 | sl=1.56414 | tp=1.01496
2026-02-05 11:34:16 [INFO] __main__: [OK] [XRPUSD] SHORT executed: 0.01 lots @ 1.39939
2026-02-05 11:34:23 [INFO] __main__: [BTCETH] Selected: MomentumBurstStrategy @ D1/TREND (strength=0.30, quality=0.50, freshness=1.00, score=0.150)
2026-02-05 11:34:23 [INFO] __main__: [BTCETH] BUY | basis=1271.64 (balance) | target_risk=1.00% ($12.72) | actual_risk=0.81% ($10.27) | vol_raw=0.0495 | vol=0.0400 | entry=33.56345 | sl=30.99673 | tp=37.41352
2026-02-05 11:34:23 [INFO] __main__: [OK] [BTCETH] LONG executed: 0.04 lots @ 33.56345
2026-02-05 11:52:09 [INFO] __main__: [XAUUSD] Selected: MomentumBurstStrategy @ H1/TREND (strength=0.42, quality=0.45, freshness=0.85, score=0.162)
2026-02-05 11:52:09 [WARNING] __main__: [XAUUSD] Skipping trade; risk 14.16% exceeds cap 5.00% (vol=0.0100, sl=5058.14429)
2026-02-05 12:00:54 [INFO] __main__: [XAUUSD] Selected: MomentumBurstStrategy @ H1/TREND (strength=0.40, quality=0.45, freshness=1.00, score=0.179)
2026-02-05 12:00:54 [WARNING] __main__: [XAUUSD] Skipping trade; risk 13.61% exceeds cap 5.00% (vol=0.0100, sl=5053.83214)
2026-02-05 12:01:01 [INFO] __main__: [US30] Selected: VolatilityBreakoutStrategy @ M30/CHOP (strength=0.38, quality=0.38, freshness=1.00, score=0.147)
2026-02-05 12:01:01 [INFO] __main__: [US30] SELL | basis=1271.64 (balance) | target_risk=1.00% ($12.72) | actual_risk=1.46% ($18.62) | vol_raw=0.0100 | vol=0.0100 | entry=49451.30000 | sl=49637.51429 | tp=49171.97857
2026-02-05 12:01:01 [INFO] __main__: [OK] [US30] SHORT executed: 0.01 lots @ 49451.30000
2026-02-05 12:12:05 [INFO] __main__: [XAUUSD] Selected: MomentumBurstStrategy @ H1/TREND (strength=0.40, quality=0.45, freshness=0.85, score=0.152)
2026-02-05 12:12:05 [WARNING] __main__: [XAUUSD] Skipping trade; risk 13.71% exceeds cap 5.00% (vol=0.0100, sl=5056.12286)
2026-02-05 12:16:18 [INFO] __main__: [XAGUSD] Selected: MomentumBurstStrategy @ M15/TREND (strength=0.37, quality=0.43, freshness=1.00, score=0.157)
2026-02-05 12:16:18 [WARNING] __main__: [XAGUSD] Skipping trade; risk 11.99% exceeds cap 5.00% (vol=0.0100, sl=82.34036)
2026-02-05 12:17:48 [INFO] __main__: [XAUUSD] Selected: MomentumBurstStrategy @ H1/TREND (strength=0.40, quality=0.45, freshness=0.85, score=0.152)
2026-02-05 12:17:48 [WARNING] __main__: [XAUUSD] Skipping trade; risk 13.77% exceeds cap 5.00% (vol=0.0100, sl=5059.67286)
2026-02-05 12:27:23 [INFO] __main__: [XAUUSD] Selected: MomentumBurstStrategy @ H1/TREND (strength=0.40, quality=0.45, freshness=0.85, score=0.152)
2026-02-05 12:27:23 [WARNING] __main__: [XAUUSD] Skipping trade; risk 13.84% exceeds cap 5.00% (vol=0.0100, sl=5064.19929)
2026-02-05 13:00:16 [INFO] __main__: [XAUUSD] Selected: MomentumBurstStrategy @ H1/TREND (strength=0.37, quality=0.45, freshness=1.00, score=0.169)
2026-02-05 13:00:16 [WARNING] __main__: [XAUUSD] Skipping trade; risk 13.60% exceeds cap 5.00% (vol=0.0100, sl=5045.63286)
2026-02-05 13:11:31 [INFO] __main__: [XAUUSD] Selected: MomentumBurstStrategy @ H1/TREND (strength=0.37, quality=0.45, freshness=0.85, score=0.143)
2026-02-05 13:11:31 [WARNING] __main__: [XAUUSD] Skipping trade; risk 14.20% exceeds cap 5.00% (vol=0.0100, sl=5019.65857)
2026-02-05 13:17:08 [INFO] __main__: [XAUUSD] Selected: MomentumBurstStrategy @ H1/TREND (strength=0.37, quality=0.45, freshness=0.85, score=0.143)
2026-02-05 13:17:08 [WARNING] __main__: [XAUUSD] Skipping trade; risk 14.25% exceeds cap 5.00% (vol=0.0100, sl=5018.97929)
2026-02-05 13:24:35 [INFO] __main__: [XAUUSD] Selected: MomentumBurstStrategy @ H1/TREND (strength=0.37, quality=0.45, freshness=0.85, score=0.143)
2026-02-05 13:24:35 [WARNING] __main__: [XAUUSD] Skipping trade; risk 14.49% exceeds cap 5.00% (vol=0.0100, sl=5011.69214)
2026-02-05 13:29:54 [INFO] __main__: [XAUUSD] Selected: KeltnerBreakoutStrategy @ M30/TREND (strength=0.41, quality=0.42, freshness=1.00, score=0.173)
2026-02-05 13:29:54 [WARNING] __main__: [XAUUSD] Skipping trade; risk 8.37% exceeds cap 5.00% (vol=0.0100, sl=4954.23143)
2026-02-05 13:30:00 [INFO] __main__: [XAGUSD] Selected: KeltnerBreakoutStrategy @ M30/TREND (strength=0.40, quality=0.44, freshness=1.00, score=0.174)
2026-02-05 13:30:00 [WARNING] __main__: [XAGUSD] Skipping trade; risk 19.09% exceeds cap 5.00% (vol=0.0100, sl=81.74914)
2026-02-05 13:45:39 [INFO] __main__: [XAGUSD] Selected: MomentumBurstStrategy @ M15/TREND (strength=0.44, quality=0.43, freshness=1.00, score=0.188)
2026-02-05 13:45:39 [WARNING] __main__: [XAGUSD] Skipping trade; risk 12.15% exceeds cap 5.00% (vol=0.0100, sl=79.90143)
2026-02-05 13:59:50 [INFO] __main__: [USDJPY] Selected: VolatilityBreakoutStrategy @ M30/TREND (strength=0.37, quality=0.37, freshness=1.00, score=0.134)
2026-02-05 13:59:50 [INFO] __main__: [USDJPY] SELL | basis=1271.64 (balance) | target_risk=1.00% ($12.72) | actual_risk=0.90% ($11.46) | vol_raw=0.0444 | vol=0.0400 | entry=156.94400 | sl=157.39486 | tp=156.26771
2026-02-05 13:59:51 [INFO] __main__: [OK] [USDJPY] SHORT executed: 0.04 lots @ 156.94400
2026-02-05 14:00:08 [INFO] __main__: [EURJPY] Selected: VolatilityBreakoutStrategy @ H1/CHOP (strength=0.34, quality=0.40, freshness=1.00, score=0.136)
2026-02-05 14:00:08 [INFO] __main__: [EURJPY] SELL | basis=1271.64 (balance) | target_risk=1.00% ($12.72) | actual_risk=0.98% ($12.46) | vol_raw=0.0306 | vol=0.0300 | entry=185.18300 | sl=185.83507 | tp=184.09621
2026-02-05 14:00:08 [INFO] __main__: [OK] [EURJPY] SHORT executed: 0.03 lots @ 185.18000
2026-02-05 14:00:45 [INFO] __main__: [XAGUSD] Selected: KeltnerBreakoutStrategy @ M30/TREND (strength=0.44, quality=0.44, freshness=1.00, score=0.194)
2026-02-05 14:00:45 [WARNING] __main__: [XAGUSD] Skipping trade; risk 19.53% exceeds cap 5.00% (vol=0.0100, sl=80.32050)
2026-02-05 14:05:49 [INFO] pm_pipeline: 
Progress: 3/6
2026-02-05 14:05:50 [INFO] pm_pipeline: SAVED EU50 to pm_configs.json (atomic)
2026-02-05 14:10:08 [INFO] __main__: Shutting down...
2026-02-05 14:10:08 [INFO] __main__: Stopping trader...
2026-02-05 14:10:08 [INFO] __main__: Saved 5 trades to pm_outputs\trades_20260205_141008.json
2026-02-05 14:10:08 [INFO] pm_mt5: Disconnected from MT5
2026-02-05 14:10:08 [INFO] __main__: Shutdown complete
2026-02-05 14:10:08 [INFO] __main__: Shutting down...
2026-02-05 14:10:08 [INFO] __main__: Stopping trader...
2026-02-05 14:10:08 [INFO] __main__: Saved 5 trades to pm_outputs\trades_20260205_141008.json
2026-02-05 14:10:08 [INFO] __main__: Shutdown complete
2026-02-05 14:10:08 [INFO] __main__: Shutting down...
2026-02-05 14:10:08 [INFO] __main__: Stopping trader...
2026-02-05 14:10:08 [INFO] __main__: Saved 5 trades to pm_outputs\trades_20260205_141008.json
2026-02-05 14:10:08 [INFO] __main__: Shutdown complete
2026-02-05 14:10:15 [INFO] __main__: Resolved config summary (source=config.json)
2026-02-05 14:10:15 [INFO] __main__:   sections: broker_specs_path, instrument_spec_defaults, instrument_specs, mt5, pipeline, position, symbols
2026-02-05 14:10:15 [INFO] __main__:   pipeline: scoring=fx_backtester | bars=500000 | tfs=M5,M15,M30,H1,H4,D1 | live=1500/300 | risk=1.0% | d1+lower=True | max_sym_risk=3.0% | opt_workers=3
2026-02-05 14:10:15 [INFO] __main__:             validation: opt_min=15 | val_min=15 | val_dd<=20.0 | pf>=1.0 | ret>=0.0 | optuna_val_obj=False
2026-02-05 14:10:15 [INFO] __main__:   position: risk=1.0% | basis=balance | max_risk=5.0% | size=0.01-0.0 | auto_widen_sl=True
2026-02-05 14:10:15 [INFO] __main__:   mt5: server=n/a | path=n/a | timeout=60000 | portable=False
2026-02-05 14:10:15 [INFO] __main__:   instruments: overrides=46 | defaults=commission_per_lot | broker_specs=broker_specs.json
2026-02-05 14:10:15 [INFO] __main__: ------------------------------------------------------------
2026-02-05 14:10:15 [INFO] __main__: ============================================================
2026-02-05 14:10:15 [INFO] __main__: FX PORTFOLIO MANAGER v3.0
2026-02-05 14:10:15 [INFO] __main__: ============================================================
2026-02-05 14:10:15 [INFO] __main__: Connecting to MetaTrader 5...
2026-02-05 14:10:15 [INFO] pm_mt5: Connected to MT5 (using existing session)
2026-02-05 14:10:15 [INFO] __main__: [OK] Connected to MT5
2026-02-05 14:10:15 [INFO] pm_pipeline: Loaded 39 existing configs from pm_configs.json
2026-02-05 14:10:15 [INFO] __main__: [OK] Portfolio Manager initialized
2026-02-05 14:10:15 [INFO] __main__:   Symbols: 46
2026-02-05 14:10:15 [INFO] __main__:   Strategies: 28
2026-02-05 14:10:15 [INFO] __main__:   Existing configs: 39
2026-02-05 14:10:15 [INFO] __main__: 
============================================================
2026-02-05 14:10:15 [INFO] __main__: STARTING LIVE TRADING
2026-02-05 14:10:15 [INFO] __main__: Trading enabled: True
2026-02-05 14:10:15 [INFO] __main__: Auto-retrain: False
2026-02-05 14:10:15 [INFO] __main__: Close on opposite signal: False
2026-02-05 14:10:15 [INFO] __main__: ============================================================
2026-02-05 14:15:12 [INFO] __main__: [XAUUSD] Selected: KeltnerBreakoutStrategy @ M15/TREND (strength=0.40, quality=0.43, freshness=1.00, score=0.173)
2026-02-05 14:15:12 [WARNING] __main__: [XAUUSD] Skipping trade; risk 6.24% exceeds cap 5.00% (vol=0.0100, sl=4912.69857)
2026-02-05 14:30:40 [INFO] __main__: [XAGUSD] Selected: KeltnerBreakoutStrategy @ M30/TREND (strength=0.43, quality=0.44, freshness=1.00, score=0.189)
2026-02-05 14:30:40 [WARNING] __main__: [XAGUSD] Skipping trade; risk 19.09% exceeds cap 5.00% (vol=0.0100, sl=81.57893)
2026-02-05 14:45:40 [INFO] pm_pipeline: 
Progress: 4/6
2026-02-05 14:45:40 [INFO] pm_pipeline: SAVED DE30 to pm_configs.json (atomic)
2026-02-05 14:45:50 [INFO] __main__: [XAUUSD] Selected: KeltnerBreakoutStrategy @ M15/TREND (strength=0.38, quality=0.43, freshness=1.00, score=0.162)
2026-02-05 14:45:50 [WARNING] __main__: [XAUUSD] Skipping trade; risk 6.87% exceeds cap 5.00% (vol=0.0100, sl=4917.34071)
2026-02-05 14:45:52 [INFO] __main__: [XAGUSD] Selected: MomentumBurstStrategy @ M15/TREND (strength=0.45, quality=0.43, freshness=1.00, score=0.195)
2026-02-05 14:45:52 [WARNING] __main__: [XAGUSD] Skipping trade; risk 13.86% exceeds cap 5.00% (vol=0.0100, sl=79.76207)
2026-02-05 14:50:47 [INFO] __main__: Shutting down...
2026-02-05 14:50:47 [INFO] __main__: Stopping trader...
2026-02-05 14:50:47 [INFO] __main__: Saved 0 trades to pm_outputs\trades_20260205_145047.json
2026-02-05 14:50:47 [INFO] pm_mt5: Disconnected from MT5
2026-02-05 14:50:47 [INFO] __main__: Shutdown complete
2026-02-05 14:50:47 [INFO] __main__: Shutting down...
2026-02-05 14:50:47 [INFO] __main__: Stopping trader...
2026-02-05 14:50:47 [INFO] __main__: Saved 0 trades to pm_outputs\trades_20260205_145047.json
2026-02-05 14:50:47 [INFO] __main__: Shutdown complete
2026-02-05 14:50:47 [INFO] __main__: Shutting down...
2026-02-05 14:50:47 [INFO] __main__: Stopping trader...
2026-02-05 14:50:47 [INFO] __main__: Saved 0 trades to pm_outputs\trades_20260205_145047.json
2026-02-05 14:50:47 [INFO] __main__: Shutdown complete
2026-02-05 14:50:54 [INFO] __main__: Resolved config summary (source=config.json)
2026-02-05 14:50:54 [INFO] __main__:   sections: broker_specs_path, instrument_spec_defaults, instrument_specs, mt5, pipeline, position, symbols
2026-02-05 14:50:54 [INFO] __main__:   pipeline: scoring=fx_backtester | bars=500000 | tfs=M5,M15,M30,H1,H4,D1 | live=1500/300 | risk=1.0% | d1+lower=True | max_sym_risk=3.0% | opt_workers=3
2026-02-05 14:50:54 [INFO] __main__:             validation: opt_min=15 | val_min=15 | val_dd<=20.0 | pf>=1.0 | ret>=0.0 | optuna_val_obj=False
2026-02-05 14:50:54 [INFO] __main__:   position: risk=1.0% | basis=balance | max_risk=5.0% | size=0.01-0.0 | auto_widen_sl=True
2026-02-05 14:50:54 [INFO] __main__:   mt5: server=n/a | path=n/a | timeout=60000 | portable=False
2026-02-05 14:50:54 [INFO] __main__:   instruments: overrides=46 | defaults=commission_per_lot | broker_specs=broker_specs.json
2026-02-05 14:50:54 [INFO] __main__: ------------------------------------------------------------
2026-02-05 14:50:54 [INFO] __main__: ============================================================
2026-02-05 14:50:54 [INFO] __main__: FX PORTFOLIO MANAGER v3.0
2026-02-05 14:50:54 [INFO] __main__: ============================================================
2026-02-05 14:50:54 [INFO] __main__: Connecting to MetaTrader 5...
2026-02-05 14:50:54 [INFO] pm_mt5: Connected to MT5 (using existing session)
2026-02-05 14:50:54 [INFO] __main__: [OK] Connected to MT5
2026-02-05 14:50:54 [INFO] pm_pipeline: Loaded 39 existing configs from pm_configs.json
2026-02-05 14:50:54 [INFO] __main__: [OK] Portfolio Manager initialized
2026-02-05 14:50:54 [INFO] __main__:   Symbols: 46
2026-02-05 14:50:54 [INFO] __main__:   Strategies: 28
2026-02-05 14:50:54 [INFO] __main__:   Existing configs: 39
2026-02-05 14:50:54 [INFO] __main__: 
============================================================
2026-02-05 14:50:54 [INFO] __main__: STARTING LIVE TRADING
2026-02-05 14:50:54 [INFO] __main__: Trading enabled: True
2026-02-05 14:50:54 [INFO] __main__: Auto-retrain: False
2026-02-05 14:50:54 [INFO] __main__: Close on opposite signal: False
2026-02-05 14:50:54 [INFO] __main__: ============================================================
2026-02-05 14:51:51 [INFO] __main__: [DE30] Selected: KeltnerBreakoutStrategy @ M30/RANGE (strength=0.36, quality=0.43, freshness=1.00, score=0.155)
2026-02-05 14:51:51 [INFO] __main__: [DE30] SELL | basis=1271.64 (balance) | target_risk=1.00% ($12.72) | actual_risk=2.29% ($29.12) | vol_raw=0.0100 | vol=0.0100 | entry=24373.90000 | sl=24620.47857 | tp=24004.03214
2026-02-05 14:51:51 [INFO] __main__: [OK] [DE30] SHORT executed: 0.01 lots @ 24373.90000
2026-02-05 15:00:33 [INFO] __main__: [XAUUSD] Selected: KeltnerBreakoutStrategy @ M30/TREND (strength=0.42, quality=0.42, freshness=1.00, score=0.177)
2026-02-05 15:00:33 [WARNING] __main__: [XAUUSD] Skipping trade; risk 8.96% exceeds cap 5.00% (vol=0.0100, sl=4942.38000)
2026-02-05 15:00:35 [INFO] __main__: [XAGUSD] Selected: MomentumBurstStrategy @ M15/TREND (strength=0.45, quality=0.43, freshness=1.00, score=0.194)
2026-02-05 15:00:35 [WARNING] __main__: [XAGUSD] Skipping trade; risk 14.03% exceeds cap 5.00% (vol=0.0100, sl=79.28929)
2026-02-05 15:15:11 [INFO] __main__: [XAUUSD] Selected: KeltnerBreakoutStrategy @ M15/TREND (strength=0.37, quality=0.43, freshness=1.00, score=0.160)
2026-02-05 15:15:11 [WARNING] __main__: [XAUUSD] Skipping trade; risk 7.08% exceeds cap 5.00% (vol=0.0100, sl=4907.57500)
2026-02-05 15:15:12 [INFO] __main__: [XAGUSD] Selected: MomentumBurstStrategy @ M15/TREND (strength=0.41, quality=0.43, freshness=1.00, score=0.177)
2026-02-05 15:15:12 [WARNING] __main__: [XAGUSD] Skipping trade; risk 14.24% exceeds cap 5.00% (vol=0.0100, sl=78.35607)
2026-02-05 15:16:17 [INFO] __main__: [XAUUSD] Selected: KeltnerBreakoutStrategy @ M30/TREND (strength=0.42, quality=0.42, freshness=0.85, score=0.150)
2026-02-05 15:16:17 [WARNING] __main__: [XAUUSD] Skipping trade; risk 9.47% exceeds cap 5.00% (vol=0.0100, sl=4938.17714)
2026-02-05 15:16:18 [INFO] __main__: [XAGUSD] Selected: KeltnerBreakoutStrategy @ M30/TREND (strength=0.43, quality=0.44, freshness=0.85, score=0.159)
2026-02-05 15:16:18 [WARNING] __main__: [XAGUSD] Skipping trade; risk 19.83% exceeds cap 5.00% (vol=0.0100, sl=79.52464)
2026-02-05 15:31:08 [INFO] __main__: [XAUUSD] Selected: KeltnerBreakoutStrategy @ M30/TREND (strength=0.36, quality=0.42, freshness=1.00, score=0.154)
2026-02-05 15:31:08 [WARNING] __main__: [XAUUSD] Skipping trade; risk 9.07% exceeds cap 5.00% (vol=0.0100, sl=4936.10286)
2026-02-05 15:31:10 [INFO] __main__: [XAGUSD] Selected: KeltnerBreakoutStrategy @ M30/TREND (strength=0.43, quality=0.44, freshness=1.00, score=0.189)
2026-02-05 15:31:10 [WARNING] __main__: [XAGUSD] Skipping trade; risk 19.89% exceeds cap 5.00% (vol=0.0100, sl=79.58886)
2026-02-05 15:32:34 [INFO] __main__: [XAUUSD] Selected: MomentumBurstStrategy @ H1/TREND (strength=0.36, quality=0.45, freshness=0.85, score=0.138)
2026-02-05 15:32:34 [WARNING] __main__: [XAUUSD] Skipping trade; risk 14.98% exceeds cap 5.00% (vol=0.0100, sl=5008.25143)
2026-02-05 15:57:51 [INFO] pm_pipeline: 
Progress: 5/6
2026-02-05 15:57:51 [INFO] pm_pipeline: SAVED JP225 to pm_configs.json (atomic)
2026-02-05 16:00:45 [INFO] __main__: [XAUUSD] Selected: MomentumBurstStrategy @ H1/TREND (strength=0.34, quality=0.45, freshness=1.00, score=0.153)
2026-02-05 16:00:45 [WARNING] __main__: [XAUUSD] Skipping trade; risk 14.20% exceeds cap 5.00% (vol=0.0100, sl=5031.53786)
2026-02-05 16:00:50 [INFO] __main__: [US30] Selected: VolatilityBreakoutStrategy @ M30/CHOP (strength=0.35, quality=0.38, freshness=1.00, score=0.134)
2026-02-05 16:00:50 [INFO] __main__: [US30] SELL | basis=1299.57 (balance) | target_risk=1.00% ($13.00) | actual_risk=2.57% ($33.41) | vol_raw=0.0100 | vol=0.0100 | entry=49174.45000 | sl=49508.52143 | tp=48673.34286
2026-02-05 16:00:50 [INFO] __main__: [OK] [US30] SHORT executed: 0.01 lots @ 49174.45000
2026-02-05 16:01:53 [INFO] __main__: [XAGUSD] Selected: MomentumBurstStrategy @ D1/CHOP (strength=0.39, quality=0.39, freshness=0.85, score=0.129)
2026-02-05 16:01:53 [WARNING] __main__: [XAGUSD] Skipping trade; risk 117.80% exceeds cap 5.00% (vol=0.0100, sl=45.21407)
2026-02-05 16:15:59 [INFO] __main__: [XAGUSD] Selected: MomentumBurstStrategy @ M15/TREND (strength=0.31, quality=0.43, freshness=1.00, score=0.134)
2026-02-05 16:15:59 [WARNING] __main__: [XAGUSD] Skipping trade; risk 19.58% exceeds cap 5.00% (vol=0.0100, sl=79.86893)
2026-02-05 16:17:07 [INFO] __main__: [XAGUSD] Selected: MomentumBurstStrategy @ D1/CHOP (strength=0.39, quality=0.39, freshness=0.85, score=0.129)
2026-02-05 16:17:07 [WARNING] __main__: [XAGUSD] Skipping trade; risk 117.80% exceeds cap 5.00% (vol=0.0100, sl=44.24707)
2026-02-05 16:19:11 [INFO] pm_pipeline: 
Progress: 6/6
2026-02-05 16:19:11 [INFO] pm_pipeline: SAVED UK100 to pm_configs.json (atomic)
2026-02-05 16:19:14 [INFO] pm_pipeline: 
############################################################
2026-02-05 16:19:14 [INFO] pm_pipeline: OPTIMIZATION COMPLETE
2026-02-05 16:19:14 [INFO] pm_pipeline: Total time: 23324.5s
2026-02-05 16:19:14 [INFO] pm_pipeline: Optimized: 6/6
2026-02-05 16:19:14 [INFO] pm_pipeline: Skipped: 0 (already valid)
2026-02-05 16:19:14 [INFO] pm_pipeline: Total validated: 39/6
2026-02-05 16:19:14 [INFO] pm_pipeline: ############################################################
2026-02-05 16:19:14 [INFO] __main__: Saved optimization summary to pm_outputs\optimization_summary.csv
2026-02-05 16:19:14 [INFO] __main__: Shutting down...
2026-02-05 16:19:14 [INFO] pm_mt5: Disconnected from MT5
2026-02-05 16:19:14 [INFO] __main__: Shutdown complete
2026-02-05 16:29:55 [INFO] __main__: [XAUUSD] Selected: KeltnerBreakoutStrategy @ M30/TREND (strength=0.35, quality=0.42, freshness=1.00, score=0.147)
2026-02-05 16:29:55 [WARNING] __main__: [XAUUSD] Skipping trade; risk 9.73% exceeds cap 5.00% (vol=0.0100, sl=4948.62071)
2026-02-05 16:29:57 [INFO] __main__: [XAGUSD] Selected: KeltnerBreakoutStrategy @ M30/TREND (strength=0.40, quality=0.44, freshness=1.00, score=0.175)
2026-02-05 16:29:57 [WARNING] __main__: [XAGUSD] Skipping trade; risk 22.70% exceeds cap 5.00% (vol=0.0100, sl=79.76729)
2026-02-05 16:30:53 [INFO] __main__: [XAUUSD] Selected: MomentumBurstStrategy @ H1/TREND (strength=0.34, quality=0.45, freshness=0.85, score=0.130)
2026-02-05 16:30:53 [WARNING] __main__: [XAUUSD] Skipping trade; risk 14.68% exceeds cap 5.00% (vol=0.0100, sl=5014.47929)
2026-02-05 16:32:00 [INFO] __main__: Shutting down...
2026-02-05 16:32:00 [INFO] __main__: Stopping trader...
2026-02-05 16:32:00 [INFO] __main__: Saved 2 trades to pm_outputs\trades_20260205_163200.json
2026-02-05 16:32:00 [INFO] pm_mt5: Disconnected from MT5
2026-02-05 16:32:00 [INFO] __main__: Shutdown complete
2026-02-05 16:32:00 [INFO] __main__: Shutting down...
2026-02-05 16:32:00 [INFO] __main__: Stopping trader...
2026-02-05 16:32:00 [INFO] __main__: Saved 2 trades to pm_outputs\trades_20260205_163200.json
2026-02-05 16:32:00 [INFO] __main__: Shutdown complete
2026-02-05 16:32:00 [INFO] __main__: Shutting down...
2026-02-05 16:32:00 [INFO] __main__: Stopping trader...
2026-02-05 16:32:00 [INFO] __main__: Saved 2 trades to pm_outputs\trades_20260205_163200.json
2026-02-05 16:32:00 [INFO] __main__: Shutdown complete
2026-02-05 16:32:07 [INFO] __main__: Resolved config summary (source=config.json)
2026-02-05 16:32:07 [INFO] __main__:   sections: broker_specs_path, instrument_spec_defaults, instrument_specs, mt5, pipeline, position, symbols
2026-02-05 16:32:07 [INFO] __main__:   pipeline: scoring=fx_backtester | bars=500000 | tfs=M5,M15,M30,H1,H4,D1 | live=1500/300 | risk=1.0% | d1+lower=True | max_sym_risk=3.0% | opt_workers=3
2026-02-05 16:32:07 [INFO] __main__:             validation: opt_min=15 | val_min=15 | val_dd<=20.0 | pf>=1.0 | ret>=0.0 | optuna_val_obj=False
2026-02-05 16:32:07 [INFO] __main__:   position: risk=1.0% | basis=balance | max_risk=5.0% | size=0.01-0.0 | auto_widen_sl=True
2026-02-05 16:32:07 [INFO] __main__:   mt5: server=n/a | path=n/a | timeout=60000 | portable=False
2026-02-05 16:32:07 [INFO] __main__:   instruments: overrides=46 | defaults=commission_per_lot | broker_specs=broker_specs.json
2026-02-05 16:32:07 [INFO] __main__: ------------------------------------------------------------
2026-02-05 16:32:07 [INFO] __main__: ============================================================
2026-02-05 16:32:07 [INFO] __main__: FX PORTFOLIO MANAGER v3.0
2026-02-05 16:32:07 [INFO] __main__: ============================================================
2026-02-05 16:32:07 [INFO] __main__: Connecting to MetaTrader 5...
2026-02-05 16:32:07 [INFO] pm_mt5: Connected to MT5 (using existing session)
2026-02-05 16:32:07 [INFO] __main__: [OK] Connected to MT5
2026-02-05 16:32:07 [INFO] pm_pipeline: Loaded 39 existing configs from pm_configs.json
2026-02-05 16:32:07 [INFO] __main__: [OK] Portfolio Manager initialized
2026-02-05 16:32:07 [INFO] __main__:   Symbols: 46
2026-02-05 16:32:07 [INFO] __main__:   Strategies: 28
2026-02-05 16:32:07 [INFO] __main__:   Existing configs: 39
2026-02-05 16:32:07 [INFO] __main__: 
============================================================
2026-02-05 16:32:07 [INFO] __main__: STARTING LIVE TRADING
2026-02-05 16:32:07 [INFO] __main__: Trading enabled: True
2026-02-05 16:32:07 [INFO] __main__: Auto-retrain: False
2026-02-05 16:32:07 [INFO] __main__: Close on opposite signal: False
2026-02-05 16:32:07 [INFO] __main__: ============================================================
2026-02-05 16:33:34 [INFO] __main__: Resolved config summary (source=config.json)
2026-02-05 16:33:34 [INFO] __main__:   sections: broker_specs_path, instrument_spec_defaults, instrument_specs, mt5, pipeline, position, symbols
2026-02-05 16:33:34 [INFO] __main__:   pipeline: scoring=fx_backtester | bars=500000 | tfs=M5,M15,M30,H1,H4,D1 | live=1500/300 | risk=1.0% | d1+lower=True | max_sym_risk=3.0% | opt_workers=3
2026-02-05 16:33:34 [INFO] __main__:             validation: opt_min=15 | val_min=15 | val_dd<=20.0 | pf>=1.0 | ret>=0.0 | optuna_val_obj=False
2026-02-05 16:33:34 [INFO] __main__:   position: risk=1.0% | basis=balance | max_risk=5.0% | size=0.01-0.0 | auto_widen_sl=True
2026-02-05 16:33:34 [INFO] __main__:   mt5: server=n/a | path=n/a | timeout=60000 | portable=False
2026-02-05 16:33:34 [INFO] __main__:   instruments: overrides=46 | defaults=commission_per_lot | broker_specs=broker_specs.json
2026-02-05 16:33:34 [INFO] __main__: ------------------------------------------------------------
2026-02-05 16:33:34 [INFO] __main__: ============================================================
2026-02-05 16:33:34 [INFO] __main__: FX PORTFOLIO MANAGER v3.0
2026-02-05 16:33:34 [INFO] __main__: ============================================================
2026-02-05 16:33:34 [INFO] __main__: Connecting to MetaTrader 5...
2026-02-05 16:33:34 [INFO] pm_mt5: Connected to MT5 (using existing session)
2026-02-05 16:33:34 [INFO] __main__: [OK] Connected to MT5
2026-02-05 16:33:34 [INFO] pm_pipeline: Loaded 39 existing configs from pm_configs.json
2026-02-05 16:33:34 [INFO] __main__: [OK] Portfolio Manager initialized
2026-02-05 16:33:34 [INFO] __main__:   Symbols: 10
2026-02-05 16:33:34 [INFO] __main__:   Strategies: 28
2026-02-05 16:33:34 [INFO] __main__:   Existing configs: 39
2026-02-05 16:33:34 [INFO] __main__: 
============================================================
2026-02-05 16:33:34 [INFO] __main__: RUNNING OPTIMIZATION
2026-02-05 16:33:34 [INFO] __main__: MODE: OVERWRITE (re-optimizing all symbols)
2026-02-05 16:33:34 [INFO] __main__: ============================================================
2026-02-05 16:33:34 [INFO] __main__: Fetching historical data for 10 symbols...
2026-02-05 16:33:37 [INFO] __main__:   AUDCHF: 500000 bars saved
2026-02-05 16:33:40 [INFO] __main__:   CADCHF: 500000 bars saved
2026-02-05 16:33:43 [INFO] __main__:   CHFJPY: 500000 bars saved
2026-02-05 16:33:47 [INFO] __main__:   NZDCAD: 500000 bars saved
2026-02-05 16:33:51 [INFO] __main__:   NZDCHF: 500000 bars saved
2026-02-05 16:33:54 [INFO] __main__:   GBPNZD: 500000 bars saved
2026-02-05 16:33:58 [INFO] __main__:   USDNOK: 500000 bars saved
2026-02-05 16:34:02 [INFO] __main__:   USDSGD: 500000 bars saved
2026-02-05 16:34:06 [INFO] __main__:   USDPLN: 500000 bars saved
2026-02-05 16:34:10 [INFO] __main__:   USDSEK: 500000 bars saved
2026-02-05 16:34:10 [INFO] pm_pipeline: OPTIMIZE AUDCHF: overwrite enabled
2026-02-05 16:34:10 [INFO] pm_pipeline: OPTIMIZE CADCHF: overwrite enabled
2026-02-05 16:34:10 [INFO] pm_pipeline: OPTIMIZE CHFJPY: overwrite enabled
2026-02-05 16:34:10 [INFO] pm_pipeline: OPTIMIZE NZDCAD: overwrite enabled
2026-02-05 16:34:10 [INFO] pm_pipeline: OPTIMIZE NZDCHF: overwrite enabled
2026-02-05 16:34:10 [INFO] pm_pipeline: OPTIMIZE GBPNZD: overwrite enabled
2026-02-05 16:34:10 [INFO] pm_pipeline: OPTIMIZE USDNOK: overwrite enabled
2026-02-05 16:34:10 [INFO] pm_pipeline: OPTIMIZE USDSGD: overwrite enabled
2026-02-05 16:34:10 [INFO] pm_pipeline: OPTIMIZE USDPLN: overwrite enabled
2026-02-05 16:34:10 [INFO] pm_pipeline: OPTIMIZE USDSEK: overwrite enabled
2026-02-05 16:34:10 [INFO] pm_pipeline: 
############################################################
2026-02-05 16:34:10 [INFO] pm_pipeline: PORTFOLIO MANAGER - STATEFUL OPTIMIZATION
2026-02-05 16:34:10 [INFO] pm_pipeline: Total symbols: 10
2026-02-05 16:34:10 [INFO] pm_pipeline: To optimize: 10
2026-02-05 16:34:10 [INFO] pm_pipeline: Skipping: 0 (valid configs)
2026-02-05 16:34:10 [INFO] pm_pipeline: OVERWRITE MODE: ignoring validity checks
2026-02-05 16:34:10 [INFO] pm_pipeline: Strategies: 28
2026-02-05 16:34:10 [INFO] pm_pipeline: Timeframes: ['M5', 'M15', 'M30', 'H1', 'H4', 'D1']
2026-02-05 16:34:10 [INFO] pm_pipeline: ############################################################
2026-02-05 16:34:10 [INFO] pm_pipeline: Parallel optimization enabled: workers=3
2026-02-05 16:34:46 [INFO] __main__: Shutting down...
2026-02-05 16:34:46 [INFO] pm_mt5: Disconnected from MT5
2026-02-05 16:34:46 [INFO] __main__: Shutdown complete
2026-02-05 16:39:59 [INFO] __main__: Shutting down...
2026-02-05 16:39:59 [INFO] __main__: Shutdown complete
2026-02-05 16:39:59 [INFO] __main__: Shutting down...
2026-02-05 16:39:59 [INFO] __main__: Shutdown complete
2026-02-05 16:42:17 [INFO] __main__: Resolved config summary (source=config.json)
2026-02-05 16:42:17 [INFO] __main__:   sections: broker_specs_path, instrument_spec_defaults, instrument_specs, mt5, pipeline, position, symbols
2026-02-05 16:42:17 [INFO] __main__:   pipeline: scoring=fx_backtester | bars=500000 | tfs=M5,M15,M30,H1,H4,D1 | live=1500/300 | risk=1.0% | d1+lower=True | max_sym_risk=3.0% | opt_workers=5
2026-02-05 16:42:17 [INFO] __main__:             validation: opt_min=15 | val_min=15 | val_dd<=20.0 | pf>=1.0 | ret>=0.0 | optuna_val_obj=False
2026-02-05 16:42:17 [INFO] __main__:   position: risk=1.0% | basis=balance | max_risk=5.0% | size=0.01-0.0 | auto_widen_sl=True
2026-02-05 16:42:17 [INFO] __main__:   mt5: server=n/a | path=n/a | timeout=60000 | portable=False
2026-02-05 16:42:17 [INFO] __main__:   instruments: overrides=46 | defaults=commission_per_lot | broker_specs=broker_specs.json
2026-02-05 16:42:17 [INFO] __main__: ------------------------------------------------------------
2026-02-05 16:42:17 [INFO] __main__: ============================================================
2026-02-05 16:42:17 [INFO] __main__: FX PORTFOLIO MANAGER v3.0
2026-02-05 16:42:17 [INFO] __main__: ============================================================
2026-02-05 16:42:17 [INFO] __main__: Connecting to MetaTrader 5...
2026-02-05 16:42:17 [INFO] pm_mt5: Connected to MT5 (using existing session)
2026-02-05 16:42:17 [INFO] __main__: [OK] Connected to MT5
2026-02-05 16:42:17 [INFO] pm_pipeline: Loaded 39 existing configs from pm_configs.json
2026-02-05 16:42:17 [INFO] __main__: [OK] Portfolio Manager initialized
2026-02-05 16:42:17 [INFO] __main__:   Symbols: 10
2026-02-05 16:42:17 [INFO] __main__:   Strategies: 28
2026-02-05 16:42:17 [INFO] __main__:   Existing configs: 39
2026-02-05 16:42:17 [INFO] __main__: 
============================================================
2026-02-05 16:42:17 [INFO] __main__: RUNNING OPTIMIZATION
2026-02-05 16:42:17 [INFO] __main__: MODE: OVERWRITE (re-optimizing all symbols)
2026-02-05 16:42:17 [INFO] __main__: ============================================================
2026-02-05 16:42:17 [INFO] __main__: Fetching historical data for 10 symbols...
2026-02-05 16:42:21 [INFO] __main__:   AUDCHF: 500000 bars saved
2026-02-05 16:42:25 [INFO] __main__:   CADCHF: 500000 bars saved
2026-02-05 16:42:29 [INFO] __main__:   CHFJPY: 500000 bars saved
2026-02-05 16:42:32 [INFO] __main__:   NZDCAD: 500000 bars saved
2026-02-05 16:42:36 [INFO] __main__:   NZDCHF: 500000 bars saved
2026-02-05 16:42:40 [INFO] __main__:   GBPNZD: 500000 bars saved
2026-02-05 16:42:45 [INFO] __main__:   USDNOK: 500000 bars saved
2026-02-05 16:42:49 [INFO] __main__:   USDSGD: 500000 bars saved
2026-02-05 16:42:53 [INFO] __main__:   USDPLN: 500000 bars saved
2026-02-05 16:42:57 [INFO] __main__:   USDSEK: 500000 bars saved
2026-02-05 16:42:57 [INFO] pm_pipeline: OPTIMIZE AUDCHF: overwrite enabled
2026-02-05 16:42:57 [INFO] pm_pipeline: OPTIMIZE CADCHF: overwrite enabled
2026-02-05 16:42:57 [INFO] pm_pipeline: OPTIMIZE CHFJPY: overwrite enabled
2026-02-05 16:42:57 [INFO] pm_pipeline: OPTIMIZE NZDCAD: overwrite enabled
2026-02-05 16:42:57 [INFO] pm_pipeline: OPTIMIZE NZDCHF: overwrite enabled
2026-02-05 16:42:57 [INFO] pm_pipeline: OPTIMIZE GBPNZD: overwrite enabled
2026-02-05 16:42:57 [INFO] pm_pipeline: OPTIMIZE USDNOK: overwrite enabled
2026-02-05 16:42:57 [INFO] pm_pipeline: OPTIMIZE USDSGD: overwrite enabled
2026-02-05 16:42:57 [INFO] pm_pipeline: OPTIMIZE USDPLN: overwrite enabled
2026-02-05 16:42:57 [INFO] pm_pipeline: OPTIMIZE USDSEK: overwrite enabled
2026-02-05 16:42:57 [INFO] pm_pipeline: 
############################################################
2026-02-05 16:42:57 [INFO] pm_pipeline: PORTFOLIO MANAGER - STATEFUL OPTIMIZATION
2026-02-05 16:42:57 [INFO] pm_pipeline: Total symbols: 10
2026-02-05 16:42:57 [INFO] pm_pipeline: To optimize: 10
2026-02-05 16:42:57 [INFO] pm_pipeline: Skipping: 0 (valid configs)
2026-02-05 16:42:57 [INFO] pm_pipeline: OVERWRITE MODE: ignoring validity checks
2026-02-05 16:42:57 [INFO] pm_pipeline: Strategies: 28
2026-02-05 16:42:57 [INFO] pm_pipeline: Timeframes: ['M5', 'M15', 'M30', 'H1', 'H4', 'D1']
2026-02-05 16:42:57 [INFO] pm_pipeline: ############################################################
2026-02-05 16:42:57 [INFO] pm_pipeline: Parallel optimization enabled: workers=5
2026-02-05 16:45:35 [INFO] __main__: [XAUUSD] Selected: KeltnerBreakoutStrategy @ M15/TREND (strength=0.33, quality=0.43, freshness=1.00, score=0.140)
2026-02-05 16:45:35 [WARNING] __main__: [XAUUSD] Skipping trade; risk 8.08% exceeds cap 5.00% (vol=0.0100, sl=4918.36643)
2026-02-05 16:47:30 [INFO] __main__: [XAUUSD] Selected: MomentumBurstStrategy @ H1/TREND (strength=0.34, quality=0.45, freshness=0.85, score=0.130)
2026-02-05 16:47:30 [WARNING] __main__: [XAUUSD] Skipping trade; risk 14.85% exceeds cap 5.00% (vol=0.0100, sl=4997.78357)
2026-02-05 17:00:35 [INFO] __main__: [XAUUSD] Selected: MomentumBurstStrategy @ H1/TREND (strength=0.39, quality=0.45, freshness=1.00, score=0.175)
2026-02-05 17:00:35 [WARNING] __main__: [XAUUSD] Skipping trade; risk 12.43% exceeds cap 5.00% (vol=0.0100, sl=4977.97714)
2026-02-05 17:00:39 [INFO] __main__: [XAGUSD] Selected: KeltnerBreakoutStrategy @ M30/TREND (strength=0.40, quality=0.44, freshness=1.00, score=0.173)
2026-02-05 17:00:39 [WARNING] __main__: [XAGUSD] Skipping trade; risk 22.78% exceeds cap 5.00% (vol=0.0100, sl=79.97829)
2026-02-05 17:15:58 [INFO] __main__: [XAGUSD] Selected: MomentumBurstStrategy @ M15/TREND (strength=0.35, quality=0.43, freshness=1.00, score=0.149)
2026-02-05 17:15:58 [WARNING] __main__: [XAGUSD] Skipping trade; risk 19.34% exceeds cap 5.00% (vol=0.0100, sl=79.99114)
2026-02-05 17:17:36 [INFO] __main__: [XAGUSD] Selected: KeltnerBreakoutStrategy @ M30/TREND (strength=0.40, quality=0.44, freshness=0.85, score=0.147)
2026-02-05 17:17:36 [WARNING] __main__: [XAGUSD] Skipping trade; risk 23.44% exceeds cap 5.00% (vol=0.0100, sl=80.98600)
2026-02-05 17:32:22 [INFO] __main__: [XAGUSD] Selected: VolatilityBreakoutStrategy @ H1/TREND (strength=0.36, quality=0.46, freshness=0.85, score=0.141)
2026-02-05 17:32:22 [WARNING] __main__: [XAGUSD] Skipping trade; risk 28.06% exceeds cap 5.00% (vol=0.0100, sl=83.31150)
2026-02-05 17:37:08 [INFO] __main__: [XAGUSD] Selected: VolatilityBreakoutStrategy @ H1/TREND (strength=0.36, quality=0.46, freshness=0.85, score=0.141)
2026-02-05 17:37:08 [WARNING] __main__: [XAGUSD] Skipping trade; risk 28.06% exceeds cap 5.00% (vol=0.0100, sl=83.44750)
2026-02-05 17:41:37 [INFO] __main__: [XAGUSD] Selected: VolatilityBreakoutStrategy @ H1/TREND (strength=0.36, quality=0.46, freshness=0.85, score=0.141)
2026-02-05 17:41:37 [WARNING] __main__: [XAGUSD] Skipping trade; risk 28.28% exceeds cap 5.00% (vol=0.0100, sl=83.90246)
2026-02-05 17:46:01 [INFO] __main__: [XAGUSD] Selected: MomentumBurstStrategy @ M15/TREND (strength=0.36, quality=0.43, freshness=1.00, score=0.153)
2026-02-05 17:46:01 [WARNING] __main__: [XAGUSD] Skipping trade; risk 19.24% exceeds cap 5.00% (vol=0.0100, sl=71.64493)
2026-02-05 17:47:26 [INFO] __main__: [XAUUSD] Selected: MomentumBurstStrategy @ H1/TREND (strength=0.39, quality=0.45, freshness=0.85, score=0.149)
2026-02-05 17:47:26 [WARNING] __main__: [XAUUSD] Skipping trade; risk 13.46% exceeds cap 5.00% (vol=0.0100, sl=5042.74357)
2026-02-05 17:47:29 [INFO] __main__: [XAGUSD] Selected: VolatilityBreakoutStrategy @ H1/TREND (strength=0.36, quality=0.46, freshness=0.85, score=0.141)
2026-02-05 17:47:29 [WARNING] __main__: [XAGUSD] Skipping trade; risk 28.61% exceeds cap 5.00% (vol=0.0100, sl=83.79954)
2026-02-05 18:00:37 [INFO] __main__: [XAUUSD] Selected: MomentumBurstStrategy @ H1/TREND (strength=0.34, quality=0.45, freshness=1.00, score=0.152)
2026-02-05 18:00:37 [WARNING] __main__: [XAUUSD] Skipping trade; risk 12.34% exceeds cap 5.00% (vol=0.0100, sl=5047.15000)
2026-02-05 18:00:40 [INFO] __main__: [XAGUSD] Selected: VolatilityBreakoutStrategy @ H1/TREND (strength=0.34, quality=0.46, freshness=1.00, score=0.157)
2026-02-05 18:00:40 [WARNING] __main__: [XAGUSD] Skipping trade; risk 26.08% exceeds cap 5.00% (vol=0.0100, sl=70.32236)
2026-02-05 18:01:09 [INFO] __main__: [EURUSD] Selected: VolatilityBreakoutStrategy @ M30/CHOP (strength=0.40, quality=0.33, freshness=1.00, score=0.130)
2026-02-05 18:01:09 [INFO] __main__: [EURUSD] BUY | basis=1299.57 (balance) | target_risk=1.00% ($13.00) | actual_risk=0.83% ($10.82) | vol_raw=0.0360 | vol=0.0300 | entry=1.18018 | sl=1.17657 | tp=1.18499
2026-02-05 18:01:09 [INFO] __main__: [OK] [EURUSD] LONG executed: 0.03 lots @ 1.18018
2026-02-05 18:16:34 [INFO] __main__: [XAUUSD] Selected: MomentumBurstStrategy @ H1/TREND (strength=0.34, quality=0.45, freshness=0.85, score=0.129)
2026-02-05 18:16:34 [WARNING] __main__: [XAUUSD] Skipping trade; risk 12.64% exceeds cap 5.00% (vol=0.0100, sl=5036.58571)
2026-02-05 18:31:06 [INFO] __main__: [XAGUSD] Selected: MomentumBurstStrategy @ M15/TREND (strength=0.32, quality=0.43, freshness=1.00, score=0.138)
2026-02-05 18:31:06 [WARNING] __main__: [XAGUSD] Skipping trade; risk 18.47% exceeds cap 5.00% (vol=0.0100, sl=71.85493)
2026-02-05 18:32:34 [INFO] __main__: [XAGUSD] Selected: VolatilityBreakoutStrategy @ H1/TREND (strength=0.34, quality=0.46, freshness=0.85, score=0.133)
2026-02-05 18:32:34 [WARNING] __main__: [XAGUSD] Skipping trade; risk 26.66% exceeds cap 5.00% (vol=0.0100, sl=69.59489)
2026-02-05 18:37:01 [INFO] __main__: [XAUUSD] Selected: MomentumBurstStrategy @ H1/TREND (strength=0.34, quality=0.45, freshness=0.85, score=0.129)
2026-02-05 18:37:01 [WARNING] __main__: [XAUUSD] Skipping trade; risk 12.75% exceeds cap 5.00% (vol=0.0100, sl=5031.51500)
2026-02-05 18:45:35 [INFO] __main__: [XAGUSD] Selected: MomentumBurstStrategy @ M15/TREND (strength=0.38, quality=0.43, freshness=1.00, score=0.164)
2026-02-05 18:45:35 [WARNING] __main__: [XAGUSD] Skipping trade; risk 18.10% exceeds cap 5.00% (vol=0.0100, sl=72.33464)
2026-02-05 18:47:01 [INFO] __main__: [XAUUSD] Selected: MomentumBurstStrategy @ H1/TREND (strength=0.34, quality=0.45, freshness=0.85, score=0.129)
2026-02-05 18:47:01 [WARNING] __main__: [XAUUSD] Skipping trade; risk 12.75% exceeds cap 5.00% (vol=0.0100, sl=5048.92500)
2026-02-05 18:51:27 [INFO] __main__: [XAUUSD] Selected: MomentumBurstStrategy @ H1/TREND (strength=0.34, quality=0.45, freshness=0.85, score=0.129)
2026-02-05 18:51:27 [WARNING] __main__: [XAUUSD] Skipping trade; risk 12.75% exceeds cap 5.00% (vol=0.0100, sl=5045.78500)
2026-02-05 18:57:23 [INFO] __main__: [XAUUSD] Selected: MomentumBurstStrategy @ H1/TREND (strength=0.34, quality=0.45, freshness=0.85, score=0.129)
2026-02-05 18:57:23 [WARNING] __main__: [XAUUSD] Skipping trade; risk 12.75% exceeds cap 5.00% (vol=0.0100, sl=5031.59500)
2026-02-05 19:00:20 [INFO] __main__: [XAUUSD] Selected: MomentumBurstStrategy @ H1/TREND (strength=0.34, quality=0.45, freshness=1.00, score=0.154)
2026-02-05 19:00:20 [WARNING] __main__: [XAUUSD] Skipping trade; risk 12.33% exceeds cap 5.00% (vol=0.0100, sl=4710.36000)
2026-02-05 19:00:23 [INFO] __main__: [XAGUSD] Selected: MomentumBurstStrategy @ M15/TREND (strength=0.41, quality=0.43, freshness=1.00, score=0.177)
2026-02-05 19:00:23 [WARNING] __main__: [XAGUSD] Skipping trade; risk 15.85% exceeds cap 5.00% (vol=0.0100, sl=72.53900)
2026-02-05 19:12:12 [INFO] __main__: [XAUUSD] Selected: MomentumBurstStrategy @ H1/TREND (strength=0.34, quality=0.45, freshness=0.85, score=0.131)
2026-02-05 19:12:12 [WARNING] __main__: [XAUUSD] Skipping trade; risk 12.56% exceeds cap 5.00% (vol=0.0100, sl=4701.85143)
2026-02-05 19:13:22 [INFO] pm_pipeline: 
Progress: 1/10
2026-02-05 19:13:23 [INFO] pm_pipeline: SAVED CHFJPY to pm_configs.json (atomic)
2026-02-05 19:15:54 [INFO] __main__: [XAGUSD] Selected: MomentumBurstStrategy @ M15/TREND (strength=0.40, quality=0.43, freshness=1.00, score=0.172)
2026-02-05 19:15:54 [WARNING] __main__: [XAGUSD] Skipping trade; risk 15.75% exceeds cap 5.00% (vol=0.0100, sl=71.58364)
2026-02-05 19:17:38 [INFO] __main__: [XAUUSD] Selected: MomentumBurstStrategy @ H1/TREND (strength=0.34, quality=0.45, freshness=0.85, score=0.131)
2026-02-05 19:17:38 [WARNING] __main__: [XAUUSD] Skipping trade; risk 12.62% exceeds cap 5.00% (vol=0.0100, sl=4688.72214)
2026-02-05 19:21:34 [INFO] pm_pipeline: 
Progress: 2/10
2026-02-05 19:21:34 [INFO] pm_pipeline: SAVED CADCHF to pm_configs.json (atomic)
2026-02-05 19:25:55 [INFO] pm_pipeline: 
Progress: 3/10
2026-02-05 19:25:55 [INFO] pm_pipeline: SAVED NZDCHF to pm_configs.json (atomic)
2026-02-05 19:26:47 [INFO] __main__: [XAUUSD] Selected: MomentumBurstStrategy @ H1/TREND (strength=0.34, quality=0.45, freshness=0.85, score=0.131)
2026-02-05 19:26:47 [WARNING] __main__: [XAUUSD] Skipping trade; risk 12.62% exceeds cap 5.00% (vol=0.0100, sl=4709.57214)
2026-02-05 19:30:12 [INFO] __main__: [XAGUSD] Selected: MomentumBurstStrategy @ M15/TREND (strength=0.40, quality=0.43, freshness=1.00, score=0.170)
2026-02-05 19:30:12 [WARNING] __main__: [XAGUSD] Skipping trade; risk 15.47% exceeds cap 5.00% (vol=0.0100, sl=73.07121)
2026-02-05 19:31:49 [INFO] __main__: [XAUUSD] Selected: MomentumBurstStrategy @ H1/TREND (strength=0.34, quality=0.45, freshness=0.85, score=0.131)
2026-02-05 19:31:49 [WARNING] __main__: [XAUUSD] Skipping trade; risk 12.62% exceeds cap 5.00% (vol=0.0100, sl=4700.07214)
2026-02-05 19:36:54 [INFO] __main__: [XAUUSD] Selected: MomentumBurstStrategy @ H1/TREND (strength=0.34, quality=0.45, freshness=0.85, score=0.131)
2026-02-05 19:36:54 [WARNING] __main__: [XAUUSD] Skipping trade; risk 12.62% exceeds cap 5.00% (vol=0.0100, sl=4694.71214)
2026-02-05 19:45:32 [INFO] __main__: [XAGUSD] Selected: MomentumBurstStrategy @ M15/TREND (strength=0.36, quality=0.43, freshness=1.00, score=0.153)
2026-02-05 19:45:32 [WARNING] __main__: [XAGUSD] Skipping trade; risk 14.94% exceeds cap 5.00% (vol=0.0100, sl=73.03843)
2026-02-05 19:47:16 [INFO] __main__: [XAUUSD] Selected: MomentumBurstStrategy @ H1/TREND (strength=0.34, quality=0.45, freshness=0.85, score=0.131)
2026-02-05 19:47:16 [WARNING] __main__: [XAUUSD] Skipping trade; risk 12.62% exceeds cap 5.00% (vol=0.0100, sl=4704.93214)
2026-02-05 19:57:46 [INFO] __main__: [XAUUSD] Selected: MomentumBurstStrategy @ H1/TREND (strength=0.34, quality=0.45, freshness=0.85, score=0.131)
2026-02-05 19:57:46 [WARNING] __main__: [XAUUSD] Skipping trade; risk 12.62% exceeds cap 5.00% (vol=0.0100, sl=4688.92214)
2026-02-05 19:59:54 [INFO] __main__: [XRPUSD] Selected: MomentumBurstStrategy @ H1/TREND (strength=0.49, quality=0.49, freshness=1.00, score=0.240)
2026-02-05 19:59:54 [INFO] __main__: [XRPUSD] SELL | basis=1306.84 (balance) | target_risk=1.00% ($13.07) | actual_risk=0.89% ($11.58) | vol_raw=0.0226 | vol=0.0200 | entry=1.25959 | sl=1.37536 | tp=1.14382
2026-02-05 19:59:55 [INFO] __main__: [OK] [XRPUSD] SHORT executed: 0.02 lots @ 1.25939
2026-02-05 20:01:49 [INFO] __main__: [XRPUSD] [SECONDARY] Selected: VolatilityBreakoutStrategy @ D1/TREND (strength=0.41, quality=0.52, freshness=0.85, score=0.184)
2026-02-05 20:01:49 [INFO] __main__: [XRPUSD] Secondary trade: risk 1.00% -> 1.00% (existing=1.00%, cap=3.00%)
2026-02-05 20:01:49 [INFO] __main__: [XRPUSD] SELL | basis=1306.84 (balance) | target_risk=1.00% ($13.07) | actual_risk=0.70% ($9.21) | vol_raw=0.0142 | vol=0.0100 | entry=1.25629 | sl=1.44051 | tp=0.82644
2026-02-05 20:01:50 [INFO] __main__: [OK] [XRPUSD] SHORT executed: 0.01 lots @ 1.25629
2026-02-05 20:05:15 [INFO] __main__: Shutting down...
2026-02-05 20:05:15 [INFO] __main__: Stopping trader...
2026-02-05 20:05:15 [INFO] __main__: Saved 3 trades to pm_outputs\trades_20260205_200515.json
2026-02-05 20:05:15 [INFO] pm_mt5: Disconnected from MT5
2026-02-05 20:05:15 [INFO] __main__: Shutdown complete
2026-02-05 20:05:15 [INFO] __main__: Shutting down...
2026-02-05 20:05:15 [INFO] __main__: Stopping trader...
2026-02-05 20:05:15 [INFO] __main__: Saved 3 trades to pm_outputs\trades_20260205_200515.json
2026-02-05 20:05:15 [INFO] __main__: Shutdown complete
2026-02-05 20:05:15 [INFO] __main__: Shutting down...
2026-02-05 20:05:15 [INFO] __main__: Stopping trader...
2026-02-05 20:05:15 [INFO] __main__: Saved 3 trades to pm_outputs\trades_20260205_200515.json
2026-02-05 20:05:15 [INFO] __main__: Shutdown complete
2026-02-05 20:05:35 [INFO] __main__: Resolved config summary (source=config.json)
2026-02-05 20:05:35 [INFO] __main__:   sections: broker_specs_path, instrument_spec_defaults, instrument_specs, mt5, pipeline, position, symbols
2026-02-05 20:05:35 [INFO] __main__:   pipeline: scoring=fx_backtester | bars=500000 | tfs=M5,M15,M30,H1,H4,D1 | live=1500/300 | risk=1.0% | d1+lower=True | max_sym_risk=3.0% | opt_workers=5
2026-02-05 20:05:35 [INFO] __main__:             validation: opt_min=15 | val_min=15 | val_dd<=20.0 | pf>=1.0 | ret>=0.0 | optuna_val_obj=False
2026-02-05 20:05:35 [INFO] __main__:   position: risk=1.0% | basis=balance | max_risk=5.0% | size=0.01-0.0 | auto_widen_sl=True
2026-02-05 20:05:35 [INFO] __main__:   mt5: server=n/a | path=n/a | timeout=60000 | portable=False
2026-02-05 20:05:35 [INFO] __main__:   instruments: overrides=46 | defaults=commission_per_lot | broker_specs=broker_specs.json
2026-02-05 20:05:35 [INFO] __main__: ------------------------------------------------------------
2026-02-05 20:05:35 [INFO] __main__: ============================================================
2026-02-05 20:05:35 [INFO] __main__: FX PORTFOLIO MANAGER v3.0
2026-02-05 20:05:35 [INFO] __main__: ============================================================
2026-02-05 20:05:35 [INFO] __main__: Connecting to MetaTrader 5...
2026-02-05 20:05:35 [INFO] pm_mt5: Connected to MT5 (using existing session)
2026-02-05 20:05:35 [INFO] __main__: [OK] Connected to MT5
2026-02-05 20:05:35 [INFO] pm_pipeline: Loaded 42 existing configs from pm_configs.json
2026-02-05 20:05:35 [INFO] __main__: [OK] Portfolio Manager initialized
2026-02-05 20:05:35 [INFO] __main__:   Symbols: 46
2026-02-05 20:05:35 [INFO] __main__:   Strategies: 28
2026-02-05 20:05:35 [INFO] __main__:   Existing configs: 42
2026-02-05 20:05:35 [INFO] __main__: 
============================================================
2026-02-05 20:05:35 [INFO] __main__: STARTING LIVE TRADING
2026-02-05 20:05:35 [INFO] __main__: Trading enabled: True
2026-02-05 20:05:35 [INFO] __main__: Auto-retrain: False
2026-02-05 20:05:35 [INFO] __main__: Close on opposite signal: False
2026-02-05 20:05:35 [INFO] __main__: ============================================================
2026-02-05 20:30:32 [INFO] __main__: [XAGUSD] Selected: MomentumBurstStrategy @ M15/TREND (strength=0.33, quality=0.43, freshness=1.00, score=0.142)
2026-02-05 20:30:32 [WARNING] __main__: [XAGUSD] Skipping trade; risk 13.31% exceeds cap 5.00% (vol=0.0100, sl=72.33793)
2026-02-05 21:01:07 [INFO] __main__: [XAGUSD] Selected: VolatilityBreakoutStrategy @ H1/TREND (strength=0.39, quality=0.46, freshness=1.00, score=0.179)
2026-02-05 21:01:07 [WARNING] __main__: [XAGUSD] Skipping trade; risk 24.14% exceeds cap 5.00% (vol=0.0100, sl=80.60054)
2026-02-05 21:02:09 [INFO] __main__: [EURNZD] Selected: MomentumBurstStrategy @ D1/TREND (strength=0.38, quality=0.40, freshness=0.85, score=0.129)
2026-02-05 21:02:09 [INFO] __main__: [EURNZD] SELL | basis=1306.84 (balance) | target_risk=1.00% ($13.07) | actual_risk=2.02% ($26.41) | vol_raw=0.0100 | vol=0.0100 | entry=1.97379 | sl=2.01799 | tp=1.95906
2026-02-05 21:02:09 [INFO] __main__: [OK] [EURNZD] SHORT executed: 0.01 lots @ 1.97384
2026-02-05 21:06:56 [INFO] __main__: [XAUUSD] Selected: MomentumBurstStrategy @ H1/TREND (strength=0.34, quality=0.45, freshness=0.85, score=0.132)
2026-02-05 21:06:56 [WARNING] __main__: [XAUUSD] Skipping trade; risk 11.37% exceeds cap 5.00% (vol=0.0100, sl=4975.14714)
2026-02-05 21:11:17 [INFO] __main__: [XAUUSD] Selected: MomentumBurstStrategy @ H1/TREND (strength=0.34, quality=0.45, freshness=0.85, score=0.132)
2026-02-05 21:11:17 [WARNING] __main__: [XAUUSD] Skipping trade; risk 11.55% exceeds cap 5.00% (vol=0.0100, sl=4988.88357)
2026-02-05 21:46:07 [INFO] __main__: [XAUUSD] Selected: KeltnerBreakoutStrategy @ M15/TREND (strength=0.39, quality=0.43, freshness=1.00, score=0.167)
2026-02-05 21:46:07 [INFO] __main__: [XAUUSD] SELL | basis=1321.82 (balance) | target_risk=1.00% ($13.22) | actual_risk=4.71% ($62.32) | vol_raw=0.0100 | vol=0.0100 | entry=4810.93000 | sl=4873.25071 | tp=4769.38286
2026-02-05 21:46:08 [INFO] __main__: [OK] [XAUUSD] SHORT executed: 0.01 lots @ 4810.93000
2026-02-05 22:00:04 [INFO] __main__: [XAGUSD] Selected: MomentumBurstStrategy @ M15/TREND (strength=0.42, quality=0.43, freshness=1.00, score=0.182)
2026-02-05 22:00:04 [WARNING] __main__: [XAGUSD] Skipping trade; risk 12.55% exceeds cap 5.00% (vol=0.0100, sl=76.92143)
2026-02-05 22:15:04 [INFO] __main__: [XAGUSD] Selected: MomentumBurstStrategy @ M15/TREND (strength=0.40, quality=0.43, freshness=1.00, score=0.172)
2026-02-05 22:15:04 [WARNING] __main__: [XAGUSD] Skipping trade; risk 12.40% exceeds cap 5.00% (vol=0.0100, sl=76.98607)
2026-02-05 22:31:03 [INFO] __main__: [XAGUSD] Selected: MomentumBurstStrategy @ M15/TREND (strength=0.41, quality=0.43, freshness=1.00, score=0.176)
2026-02-05 22:31:03 [WARNING] __main__: [XAGUSD] Skipping trade; risk 12.47% exceeds cap 5.00% (vol=0.0100, sl=76.09657)
2026-02-05 22:35:24 [INFO] __main__: [XAUUSD] Selected: KeltnerBreakoutStrategy @ M15/TREND (strength=0.47, quality=0.43, freshness=0.85, score=0.171)
2026-02-05 22:35:24 [WARNING] __main__: [XAUUSD] Skipping trade; risk 5.23% exceeds cap 5.00% (vol=0.0100, sl=4837.61643)
2026-02-05 22:45:05 [INFO] __main__: [XAUUSD] Selected: KeltnerBreakoutStrategy @ M15/TREND (strength=0.42, quality=0.43, freshness=1.00, score=0.178)
2026-02-05 22:45:05 [INFO] __main__: [XAUUSD] SELL | basis=1355.78 (balance) | target_risk=1.00% ($13.56) | actual_risk=4.94% ($66.94) | vol_raw=0.0100 | vol=0.0100 | entry=4763.71000 | sl=4830.65071 | tp=4719.08286
2026-02-05 22:45:06 [INFO] __main__: [OK] [XAUUSD] SHORT executed: 0.01 lots @ 4764.11000
2026-02-05 22:47:47 [INFO] pm_pipeline: 
Progress: 4/10
2026-02-05 22:47:47 [INFO] pm_pipeline: SAVED NZDCAD to pm_configs.json (atomic)
2026-02-05 23:00:26 [INFO] __main__: [XRPUSD] [SECONDARY] Selected: VolatilityBreakoutStrategy @ D1/TREND (strength=0.40, quality=0.52, freshness=1.00, score=0.208)
2026-02-05 23:00:33 [INFO] __main__: [BTCETH] [SECONDARY] Selected: MomentumBurstStrategy @ D1/TREND (strength=0.31, quality=0.50, freshness=1.00, score=0.155)
2026-02-05 23:02:54 [INFO] pm_pipeline: 
Progress: 5/10
2026-02-05 23:02:54 [INFO] pm_pipeline: SAVED USDNOK to pm_configs.json (atomic)
2026-02-05 23:03:39 [INFO] pm_pipeline: 
Progress: 6/10
2026-02-05 23:03:39 [INFO] pm_pipeline: SAVED AUDCHF to pm_configs.json (atomic)
2026-02-05 23:05:47 [INFO] __main__: [GBPUSD] [SECONDARY] Selected: MomentumBurstStrategy @ D1/TREND (strength=0.35, quality=0.36, freshness=1.00, score=0.126)
2026-02-05 23:22:02 [INFO] __main__: [NZDJPY] Selected: StochasticReversalStrategy @ D1/TREND (strength=0.34, quality=0.40, freshness=0.85, score=0.116)
2026-02-05 23:22:02 [INFO] __main__: [NZDJPY] SELL | basis=1355.78 (balance) | target_risk=1.00% ($13.56) | actual_risk=0.96% ($13.04) | vol_raw=0.0104 | vol=0.0100 | entry=93.43900 | sl=95.48686 | tp=91.39114
2026-02-05 23:22:02 [INFO] __main__: [OK] [NZDJPY] SHORT executed: 0.01 lots @ 93.43900
2026-02-06 00:00:43 [INFO] __main__: [DE30] [SECONDARY] Selected: MomentumBurstStrategy @ D1/TREND (strength=0.35, quality=0.42, freshness=1.00, score=0.147)
2026-02-06 00:00:43 [INFO] __main__: [DE30] Secondary trade: risk 1.00% -> 1.00% (existing=1.00%, cap=3.00%)
2026-02-06 00:00:43 [WARNING] __main__: [DE30] Skipping trade; risk 9.28% exceeds cap 5.00% (vol=0.0100, sl=25471.52643)
2026-02-06 00:00:50 [INFO] __main__: [JP225] Selected: KeltnerPullbackStrategy @ H4/CHOP (strength=0.31, quality=0.44, freshness=1.00, score=0.137)
2026-02-06 00:00:50 [INFO] __main__: [JP225] SELL | basis=1355.78 (balance) | target_risk=1.00% ($13.56) | actual_risk=0.96% ($13.01) | vol_raw=0.2084 | vol=0.2000 | entry=53770.00000 | sl=54791.71429 | tp=52237.42857
2026-02-06 00:00:50 [INFO] __main__: [OK] [JP225] SHORT executed: 0.2 lots @ 53777.00000
2026-02-06 00:05:15 [INFO] __main__: [XAUUSD] [SECONDARY] Selected: VolatilityBreakoutStrategy @ D1/CHOP (strength=0.38, quality=0.38, freshness=1.00, score=0.146)
2026-02-06 00:05:15 [INFO] __main__: [XAUUSD] Secondary trade: risk 1.00% -> 1.00% (existing=1.00%, cap=3.00%)
2026-02-06 00:05:15 [WARNING] __main__: [XAUUSD] Skipping trade; risk 38.45% exceeds cap 5.00% (vol=0.0100, sl=5292.65429)
2026-02-06 00:05:18 [INFO] __main__: [XAGUSD] Selected: MomentumBurstStrategy @ M15/TREND (strength=0.41, quality=0.43, freshness=1.00, score=0.178)
2026-02-06 00:05:18 [WARNING] __main__: [XAGUSD] Skipping trade; risk 11.53% exceeds cap 5.00% (vol=0.0100, sl=74.06800)
2026-02-06 00:16:08 [INFO] __main__: [XAGUSD] Selected: MomentumBurstStrategy @ M15/TREND (strength=0.35, quality=0.43, freshness=1.00, score=0.152)
2026-02-06 00:16:08 [WARNING] __main__: [XAGUSD] Skipping trade; risk 11.58% exceeds cap 5.00% (vol=0.0100, sl=72.96150)
2026-02-06 00:17:42 [INFO] __main__: [XAGUSD] Selected: VolatilityBreakoutStrategy @ H1/TREND (strength=0.36, quality=0.46, freshness=0.85, score=0.142)
2026-02-06 00:17:42 [WARNING] __main__: [XAGUSD] Skipping trade; risk 25.19% exceeds cap 5.00% (vol=0.0100, sl=76.49454)
2026-02-06 00:25:31 [INFO] __main__: [XAGUSD] Selected: MomentumBurstStrategy @ M5/TREND (strength=0.58, quality=0.30, freshness=1.00, score=0.171)
2026-02-06 00:25:31 [WARNING] __main__: [XAGUSD] Skipping trade; risk 8.87% exceeds cap 5.00% (vol=0.0100, sl=70.28729)
2026-02-06 00:30:18 [INFO] __main__: [XAGUSD] Selected: KeltnerBreakoutStrategy @ M30/TREND (strength=0.39, quality=0.44, freshness=1.00, score=0.171)
2026-02-06 00:30:18 [WARNING] __main__: [XAGUSD] Skipping trade; risk 20.20% exceeds cap 5.00% (vol=0.0100, sl=72.64779)
2026-02-06 00:36:34 [INFO] __main__: [XAGUSD] Selected: KeltnerBreakoutStrategy @ M30/TREND (strength=0.39, quality=0.44, freshness=0.85, score=0.145)
2026-02-06 00:36:34 [WARNING] __main__: [XAGUSD] Skipping trade; risk 20.68% exceeds cap 5.00% (vol=0.0100, sl=73.10286)
2026-02-06 00:46:02 [INFO] __main__: [XAGUSD] Selected: MomentumBurstStrategy @ M15/TREND (strength=0.48, quality=0.43, freshness=1.00, score=0.207)
2026-02-06 00:46:02 [WARNING] __main__: [XAGUSD] Skipping trade; risk 14.07% exceeds cap 5.00% (vol=0.0100, sl=71.22314)
2026-02-06 00:50:40 [INFO] __main__: [XAUUSD] Selected: KeltnerBreakoutStrategy @ M30/TREND (strength=0.41, quality=0.42, freshness=0.85, score=0.148)
2026-02-06 00:50:40 [WARNING] __main__: [XAUUSD] Skipping trade; risk 7.47% exceeds cap 5.00% (vol=0.0100, sl=4823.49857)
2026-02-06 01:00:05 [INFO] __main__: [XAUUSD] Selected: KeltnerBreakoutStrategy @ M15/TREND (strength=0.42, quality=0.43, freshness=1.00, score=0.178)
2026-02-06 01:00:05 [WARNING] __main__: [XAUUSD] Skipping trade; risk 5.14% exceeds cap 5.00% (vol=0.0100, sl=4775.66714)
2026-02-06 01:00:08 [INFO] __main__: [XAGUSD] Selected: MomentumBurstStrategy @ M15/TREND (strength=0.60, quality=0.43, freshness=1.00, score=0.259)
2026-02-06 01:00:08 [WARNING] __main__: [XAGUSD] Skipping trade; risk 13.12% exceeds cap 5.00% (vol=0.0100, sl=70.84071)
2026-02-06 01:03:35 [INFO] __main__: [ETHUSD] Selected: MomentumBurstStrategy @ H1/TREND (strength=0.44, quality=0.49, freshness=0.85, score=0.182)
2026-02-06 01:03:35 [INFO] __main__: [ETHUSD] SELL | basis=1410.30 (balance) | target_risk=1.00% ($14.10) | actual_risk=1.41% ($19.83) | vol_raw=0.0100 | vol=0.0100 | entry=1814.72000 | sl=2013.02643 | tp=1484.20929
2026-02-06 01:03:35 [INFO] __main__: [OK] [ETHUSD] SHORT executed: 0.01 lots @ 1814.10000
2026-02-06 01:06:28 [INFO] __main__: [XAUUSD] Selected: KeltnerBreakoutStrategy @ M15/TREND (strength=0.42, quality=0.43, freshness=0.85, score=0.151)
2026-02-06 01:06:28 [WARNING] __main__: [XAUUSD] Skipping trade; risk 5.18% exceeds cap 5.00% (vol=0.0100, sl=4764.55000)
2026-02-06 01:12:50 [INFO] __main__: [XAUUSD] Selected: KeltnerBreakoutStrategy @ M15/TREND (strength=0.42, quality=0.43, freshness=0.85, score=0.151)
2026-02-06 01:12:50 [WARNING] __main__: [XAUUSD] Skipping trade; risk 5.20% exceeds cap 5.00% (vol=0.0100, sl=4770.41429)
2026-02-06 01:16:00 [INFO] __main__: [XAUUSD] Selected: KeltnerBreakoutStrategy @ M15/TREND (strength=0.47, quality=0.43, freshness=1.00, score=0.202)
2026-02-06 01:16:00 [WARNING] __main__: [XAUUSD] Skipping trade; risk 5.12% exceeds cap 5.00% (vol=0.0100, sl=4747.98429)
2026-02-06 01:16:03 [INFO] __main__: [XAGUSD] Selected: MomentumBurstStrategy @ M15/TREND (strength=0.48, quality=0.43, freshness=1.00, score=0.208)
2026-02-06 01:16:03 [WARNING] __main__: [XAGUSD] Skipping trade; risk 14.47% exceeds cap 5.00% (vol=0.0100, sl=68.60964)
2026-02-06 01:30:30 [INFO] __main__: [XAUUSD] Selected: KeltnerBreakoutStrategy @ M15/TREND (strength=0.44, quality=0.43, freshness=1.00, score=0.189)
2026-02-06 01:30:30 [WARNING] __main__: [XAUUSD] Skipping trade; risk 5.75% exceeds cap 5.00% (vol=0.0100, sl=4813.02286)
2026-02-06 01:30:33 [INFO] __main__: [XAGUSD] Selected: MomentumBurstStrategy @ M15/TREND (strength=0.45, quality=0.43, freshness=1.00, score=0.192)
2026-02-06 01:30:33 [WARNING] __main__: [XAGUSD] Skipping trade; risk 16.53% exceeds cap 5.00% (vol=0.0100, sl=73.15607)
2026-02-06 01:44:53 [INFO] __main__: [XAUUSD] Selected: KeltnerBreakoutStrategy @ M15/TREND (strength=0.38, quality=0.43, freshness=1.00, score=0.163)
2026-02-06 01:44:53 [WARNING] __main__: [XAUUSD] Skipping trade; risk 6.13% exceeds cap 5.00% (vol=0.0100, sl=4844.08000)
2026-02-06 01:44:55 [INFO] __main__: [XAGUSD] Selected: MomentumBurstStrategy @ M15/TREND (strength=0.41, quality=0.43, freshness=1.00, score=0.177)
2026-02-06 01:44:55 [WARNING] __main__: [XAGUSD] Skipping trade; risk 16.86% exceeds cap 5.00% (vol=0.0100, sl=74.24286)
2026-02-06 01:46:28 [INFO] __main__: [XAUUSD] Selected: KeltnerBreakoutStrategy @ M30/TREND (strength=0.43, quality=0.42, freshness=0.85, score=0.153)
2026-02-06 01:46:28 [WARNING] __main__: [XAUUSD] Skipping trade; risk 7.64% exceeds cap 5.00% (vol=0.0100, sl=4859.27929)
2026-02-06 01:46:30 [INFO] __main__: [XAGUSD] Selected: KeltnerBreakoutStrategy @ M30/TREND (strength=0.42, quality=0.44, freshness=0.85, score=0.157)
2026-02-06 01:46:30 [WARNING] __main__: [XAGUSD] Skipping trade; risk 20.85% exceeds cap 5.00% (vol=0.0100, sl=75.39471)
2026-02-06 02:00:44 [INFO] __main__: [XAUUSD] Selected: MomentumBurstStrategy @ H1/TREND (strength=0.38, quality=0.45, freshness=1.00, score=0.171)
2026-02-06 02:00:44 [WARNING] __main__: [XAUUSD] Skipping trade; risk 11.97% exceeds cap 5.00% (vol=0.0100, sl=4921.93000)
2026-02-06 02:00:47 [INFO] __main__: [XAGUSD] Selected: MomentumBurstStrategy @ M15/TREND (strength=0.37, quality=0.43, freshness=1.00, score=0.160)
2026-02-06 02:00:47 [WARNING] __main__: [XAGUSD] Skipping trade; risk 18.25% exceeds cap 5.00% (vol=0.0100, sl=74.71543)
2026-02-06 02:04:23 [INFO] pm_pipeline: 
Progress: 7/10
2026-02-06 02:04:23 [INFO] pm_pipeline: SAVED USDSGD to pm_configs.json (atomic)
2026-02-06 02:15:57 [INFO] __main__: [XAGUSD] Selected: MomentumBurstStrategy @ M15/TREND (strength=0.33, quality=0.43, freshness=1.00, score=0.141)
2026-02-06 02:15:57 [WARNING] __main__: [XAGUSD] Skipping trade; risk 19.07% exceeds cap 5.00% (vol=0.0100, sl=76.15743)
2026-02-06 02:17:26 [INFO] __main__: [XAGUSD] Selected: VolatilityBreakoutStrategy @ H1/TREND (strength=0.34, quality=0.46, freshness=0.85, score=0.133)
2026-02-06 02:17:26 [WARNING] __main__: [XAGUSD] Skipping trade; risk 28.61% exceeds cap 5.00% (vol=0.0100, sl=61.13686)
2026-02-06 02:30:54 [INFO] __main__: [XAUUSD] Selected: KeltnerBreakoutStrategy @ M15/TREND (strength=0.39, quality=0.43, freshness=1.00, score=0.165)
2026-02-06 02:30:54 [WARNING] __main__: [XAUUSD] Skipping trade; risk 7.56% exceeds cap 5.00% (vol=0.0100, sl=4830.26786)
2026-02-06 02:30:56 [INFO] __main__: [XAGUSD] Selected: KeltnerBreakoutStrategy @ M30/TREND (strength=0.36, quality=0.44, freshness=1.00, score=0.155)
2026-02-06 02:30:56 [WARNING] __main__: [XAGUSD] Skipping trade; risk 21.90% exceeds cap 5.00% (vol=0.0100, sl=75.97921)
2026-02-06 02:32:26 [INFO] __main__: [XAUUSD] Selected: MomentumBurstStrategy @ H1/TREND (strength=0.38, quality=0.45, freshness=0.85, score=0.145)
2026-02-06 02:32:26 [WARNING] __main__: [XAUUSD] Skipping trade; risk 12.70% exceeds cap 5.00% (vol=0.0100, sl=4910.94500)
2026-02-06 02:32:28 [INFO] __main__: [XAGUSD] Selected: VolatilityBreakoutStrategy @ H1/TREND (strength=0.34, quality=0.46, freshness=0.85, score=0.133)
2026-02-06 02:32:28 [WARNING] __main__: [XAGUSD] Skipping trade; risk 28.61% exceeds cap 5.00% (vol=0.0100, sl=62.01986)
2026-02-06 02:45:53 [INFO] __main__: [XAGUSD] Selected: MomentumBurstStrategy @ M15/TREND (strength=0.31, quality=0.43, freshness=1.00, score=0.134)
2026-02-06 02:45:53 [WARNING] __main__: [XAGUSD] Skipping trade; risk 19.80% exceeds cap 5.00% (vol=0.0100, sl=75.60800)
2026-02-06 02:47:23 [INFO] __main__: [XAGUSD] Selected: VolatilityBreakoutStrategy @ H1/TREND (strength=0.34, quality=0.46, freshness=0.85, score=0.133)
2026-02-06 02:47:23 [WARNING] __main__: [XAGUSD] Skipping trade; risk 28.61% exceeds cap 5.00% (vol=0.0100, sl=61.69386)
2026-02-06 03:00:45 [INFO] __main__: [XAUUSD] Selected: MomentumBurstStrategy @ H1/TREND (strength=0.38, quality=0.45, freshness=1.00, score=0.171)
2026-02-06 03:00:45 [WARNING] __main__: [XAUUSD] Skipping trade; risk 12.72% exceeds cap 5.00% (vol=0.0100, sl=4962.56071)
2026-02-06 03:00:48 [INFO] __main__: [XAGUSD] Selected: MomentumBurstStrategy @ M15/TREND (strength=0.36, quality=0.43, freshness=1.00, score=0.157)
2026-02-06 03:00:48 [WARNING] __main__: [XAGUSD] Skipping trade; risk 19.60% exceeds cap 5.00% (vol=0.0100, sl=76.57879)
2026-02-06 03:00:59 [INFO] __main__: [UK100] Selected: MomentumBurstStrategy @ H4/CHOP (strength=0.37, quality=0.43, freshness=1.00, score=0.159)
2026-02-06 03:00:59 [INFO] __main__: [UK100] SELL | basis=1449.18 (balance) | target_risk=1.00% ($14.49) | actual_risk=1.05% ($15.27) | vol_raw=0.0100 | vol=0.0100 | entry=10274.75000 | sl=10387.45571 | tp=10105.69143
2026-02-06 03:00:59 [INFO] __main__: [OK] [UK100] SHORT executed: 0.01 lots @ 10274.75000
2026-02-06 03:01:10 [INFO] __main__: [AUDCAD] Selected: ZScoreMRStrategy @ H4/CHOP (strength=0.35, quality=0.45, freshness=1.00, score=0.157)
2026-02-06 03:01:10 [INFO] __main__: [AUDCAD] BUY | basis=1449.18 (balance) | target_risk=1.00% ($14.49) | actual_risk=0.99% ($14.40) | vol_raw=0.0302 | vol=0.0300 | entry=0.95091 | sl=0.94433 | tp=0.95749
2026-02-06 03:01:10 [INFO] __main__: [OK] [AUDCAD] LONG executed: 0.03 lots @ 0.95091
2026-02-06 03:02:30 [INFO] __main__: [UK100] [SECONDARY] Selected: VolatilityBreakoutStrategy @ D1/CHOP (strength=0.34, quality=0.36, freshness=0.85, score=0.103)
2026-02-06 03:02:30 [INFO] __main__: [UK100] Secondary trade: risk 1.00% -> 1.00% (existing=1.00%, cap=3.00%)
2026-02-06 03:02:30 [INFO] __main__: [UK100] SELL | basis=1449.18 (balance) | target_risk=1.00% ($14.49) | actual_risk=3.72% ($53.84) | vol_raw=0.0100 | vol=0.0100 | entry=10273.25000 | sl=10670.76500 | tp=9941.98750
2026-02-06 03:02:30 [INFO] __main__: [OK] [UK100] SHORT executed: 0.01 lots @ 10273.25000
2026-02-06 03:08:47 [INFO] pm_pipeline: 
Progress: 8/10
2026-02-06 03:08:47 [INFO] pm_pipeline: SAVED GBPNZD to pm_configs.json (atomic)
2026-02-06 03:14:48 [INFO] __main__: [XAGUSD] Selected: MomentumBurstStrategy @ M15/TREND (strength=0.38, quality=0.43, freshness=1.00, score=0.162)
2026-02-06 03:14:48 [WARNING] __main__: [XAGUSD] Skipping trade; risk 19.75% exceeds cap 5.00% (vol=0.0100, sl=76.77957)
2026-02-06 03:30:29 [INFO] __main__: [XAGUSD] Selected: MomentumBurstStrategy @ M15/TREND (strength=0.40, quality=0.43, freshness=1.00, score=0.172)
2026-02-06 03:30:29 [WARNING] __main__: [XAGUSD] Skipping trade; risk 20.75% exceeds cap 5.00% (vol=0.0100, sl=66.90179)
2026-02-06 03:30:58 [INFO] __main__: [EURUSD] Selected: VolatilityBreakoutStrategy @ M30/CHOP (strength=0.37, quality=0.33, freshness=1.00, score=0.119)
2026-02-06 03:30:58 [INFO] __main__: [EURUSD] BUY | basis=1449.18 (balance) | target_risk=1.00% ($14.49) | actual_risk=0.86% ($12.48) | vol_raw=0.0696 | vol=0.0600 | entry=1.17908 | sl=1.17700 | tp=1.18185
2026-02-06 03:30:58 [INFO] __main__: [OK] [EURUSD] LONG executed: 0.06 lots @ 1.17908
2026-02-06 03:31:48 [INFO] __main__: [XAUUSD] Selected: MomentumBurstStrategy @ H1/TREND (strength=0.38, quality=0.45, freshness=0.85, score=0.145)
2026-02-06 03:31:48 [WARNING] __main__: [XAUUSD] Skipping trade; risk 13.58% exceeds cap 5.00% (vol=0.0100, sl=5018.44071)
2026-02-06 03:44:55 [INFO] __main__: [XAGUSD] Selected: MomentumBurstStrategy @ M15/TREND (strength=0.48, quality=0.43, freshness=1.00, score=0.208)
2026-02-06 03:44:55 [WARNING] __main__: [XAGUSD] Skipping trade; risk 18.74% exceeds cap 5.00% (vol=0.0100, sl=66.96407)
2026-02-06 04:00:21 [INFO] __main__: [XAGUSD] Selected: MomentumBurstStrategy @ M15/TREND (strength=0.41, quality=0.43, freshness=1.00, score=0.178)
2026-02-06 04:00:21 [WARNING] __main__: [XAGUSD] Skipping trade; risk 18.55% exceeds cap 5.00% (vol=0.0100, sl=66.45450)
2026-02-06 04:15:49 [INFO] __main__: [XAGUSD] Selected: MomentumBurstStrategy @ M15/TREND (strength=0.36, quality=0.43, freshness=1.00, score=0.155)
2026-02-06 04:15:50 [WARNING] __main__: [XAGUSD] Skipping trade; risk 19.09% exceeds cap 5.00% (vol=0.0100, sl=66.32064)
2026-02-06 04:29:56 [INFO] __main__: [XAGUSD] Selected: MomentumBurstStrategy @ M15/TREND (strength=0.33, quality=0.43, freshness=1.00, score=0.143)
2026-02-06 04:29:56 [WARNING] __main__: [XAGUSD] Skipping trade; risk 17.96% exceeds cap 5.00% (vol=0.0100, sl=66.41986)
2026-02-06 04:45:08 [INFO] __main__: Shutting down...
2026-02-06 04:45:08 [INFO] __main__: Stopping trader...
2026-02-06 04:45:08 [INFO] __main__: Saved 10 trades to pm_outputs\trades_20260206_044508.json
2026-02-06 04:45:08 [INFO] pm_mt5: Disconnected from MT5
2026-02-06 04:45:08 [INFO] __main__: Shutdown complete
2026-02-06 04:45:08 [INFO] __main__: Shutting down...
2026-02-06 04:45:08 [INFO] __main__: Stopping trader...
2026-02-06 04:45:08 [INFO] __main__: Saved 10 trades to pm_outputs\trades_20260206_044508.json
2026-02-06 04:45:08 [INFO] __main__: Shutdown complete
2026-02-06 04:45:08 [INFO] __main__: Shutting down...
2026-02-06 04:45:08 [INFO] __main__: Stopping trader...
2026-02-06 04:45:08 [INFO] __main__: Saved 10 trades to pm_outputs\trades_20260206_044508.json
2026-02-06 04:45:08 [INFO] __main__: Shutdown complete
2026-02-06 05:42:11 [INFO] pm_pipeline: 
Progress: 9/10
2026-02-06 05:42:11 [INFO] pm_pipeline: SAVED USDPLN to pm_configs.json (atomic)
2026-02-06 06:15:39 [INFO] pm_pipeline: 
Progress: 10/10
2026-02-06 06:15:39 [INFO] pm_pipeline: SAVED USDSEK to pm_configs.json (atomic)
2026-02-06 06:15:42 [INFO] pm_pipeline: 
############################################################
2026-02-06 06:15:42 [INFO] pm_pipeline: OPTIMIZATION COMPLETE
2026-02-06 06:15:42 [INFO] pm_pipeline: Total time: 48765.1s
2026-02-06 06:15:42 [INFO] pm_pipeline: Optimized: 10/10
2026-02-06 06:15:42 [INFO] pm_pipeline: Skipped: 0 (already valid)
2026-02-06 06:15:42 [INFO] pm_pipeline: Total validated: 46/10
2026-02-06 06:15:42 [INFO] pm_pipeline: ############################################################
2026-02-06 06:15:42 [INFO] __main__: Saved optimization summary to pm_outputs\optimization_summary.csv
2026-02-06 06:15:42 [INFO] __main__: Shutting down...
2026-02-06 06:15:42 [INFO] pm_mt5: Disconnected from MT5
2026-02-06 06:15:42 [INFO] __main__: Shutdown complete
