2026-02-06 04:45:23 [INFO] __main__: Resolved config summary (source=config.json)
2026-02-06 04:45:23 [INFO] __main__:   sections: broker_specs_path, instrument_spec_defaults, instrument_specs, mt5, pipeline, position, symbols
2026-02-06 04:45:23 [INFO] __main__:   pipeline: scoring=fx_backtester | bars=500000 | tfs=M5,M15,M30,H1,H4,D1 | live=1500/300 | risk=1.0% | d1+lower=True | max_sym_risk=3.0% | opt_workers=2
2026-02-06 04:45:23 [INFO] __main__:             validation: opt_min=15 | val_min=15 | val_dd<=20.0 | pf>=1.0 | ret>=0.0 | optuna_val_obj=False
2026-02-06 04:45:23 [INFO] __main__:   position: risk=1.0% | basis=balance | max_risk=5.0% | size=0.01-0.0 | auto_widen_sl=True
2026-02-06 04:45:23 [INFO] __main__:   mt5: server=n/a | path=n/a | timeout=60000 | portable=False
2026-02-06 04:45:23 [INFO] __main__:   instruments: overrides=46 | defaults=commission_per_lot | broker_specs=broker_specs.json
2026-02-06 04:45:23 [INFO] __main__: ------------------------------------------------------------
2026-02-06 04:45:23 [INFO] __main__: ============================================================
2026-02-06 04:45:23 [INFO] __main__: FX PORTFOLIO MANAGER v3.0
2026-02-06 04:45:23 [INFO] __main__: ============================================================
2026-02-06 04:45:23 [INFO] __main__: Connecting to MetaTrader 5...
2026-02-06 04:45:23 [INFO] pm_mt5: Connected to MT5 (using existing session)
2026-02-06 04:45:23 [INFO] __main__: [OK] Connected to MT5
2026-02-06 04:45:23 [INFO] pm_pipeline: Loaded 45 existing configs from pm_configs.json
2026-02-06 04:45:23 [INFO] __main__: [OK] Portfolio Manager initialized
2026-02-06 04:45:23 [INFO] __main__:   Symbols: 46
2026-02-06 04:45:23 [INFO] __main__:   Strategies: 28
2026-02-06 04:45:23 [INFO] __main__:   Existing configs: 45
2026-02-06 04:45:23 [INFO] __main__: 
============================================================
2026-02-06 04:45:23 [INFO] __main__: STARTING LIVE TRADING
2026-02-06 04:45:23 [INFO] __main__: Trading enabled: True
2026-02-06 04:45:23 [INFO] __main__: Auto-retrain: False
2026-02-06 04:45:23 [INFO] __main__: Close on opposite signal: False
2026-02-06 04:45:23 [INFO] __main__: ============================================================
2026-02-06 04:59:56 [INFO] __main__: [XAGUSD] Selected: MomentumBurstStrategy @ M15/TREND (strength=0.42, quality=0.43, freshness=1.00, score=0.181)
2026-02-06 04:59:56 [WARNING] __main__: [XAGUSD] Skipping trade; risk 15.11% exceeds cap 5.00% (vol=0.0100, sl=68.73964)
2026-02-06 05:16:12 [INFO] __main__: [XAGUSD] Selected: MomentumBurstStrategy @ M15/TREND (strength=0.35, quality=0.43, freshness=1.00, score=0.152)
2026-02-06 05:16:12 [WARNING] __main__: [XAGUSD] Skipping trade; risk 14.19% exceeds cap 5.00% (vol=0.0100, sl=68.80671)
2026-02-06 05:32:26 [INFO] __main__: [XAUUSD] Selected: MomentumBurstStrategy @ H1/TREND (strength=0.38, quality=0.45, freshness=0.85, score=0.148)
2026-02-06 05:32:26 [WARNING] __main__: [XAUUSD] Skipping trade; risk 12.78% exceeds cap 5.00% (vol=0.0100, sl=5011.33143)
2026-02-06 05:44:46 [INFO] __main__: Shutting down...
2026-02-06 05:44:46 [INFO] __main__: Stopping trader...
2026-02-06 05:44:46 [INFO] __main__: Saved 0 trades to pm_outputs\trades_20260206_054446.json
2026-02-06 05:44:46 [INFO] pm_mt5: Disconnected from MT5
2026-02-06 05:44:46 [INFO] __main__: Shutdown complete
2026-02-06 05:44:46 [INFO] __main__: Shutting down...
2026-02-06 05:44:46 [INFO] __main__: Stopping trader...
2026-02-06 05:44:46 [INFO] __main__: Saved 0 trades to pm_outputs\trades_20260206_054446.json
2026-02-06 05:44:46 [INFO] __main__: Shutdown complete
2026-02-06 05:44:46 [INFO] __main__: Shutting down...
2026-02-06 05:44:46 [INFO] __main__: Stopping trader...
2026-02-06 05:44:46 [INFO] __main__: Saved 0 trades to pm_outputs\trades_20260206_054446.json
2026-02-06 05:44:46 [INFO] __main__: Shutdown complete
2026-02-06 05:44:53 [INFO] __main__: Resolved config summary (source=config.json)
2026-02-06 05:44:53 [INFO] __main__:   sections: broker_specs_path, instrument_spec_defaults, instrument_specs, mt5, pipeline, position, symbols
2026-02-06 05:44:53 [INFO] __main__:   pipeline: scoring=fx_backtester | bars=500000 | tfs=M5,M15,M30,H1,H4,D1 | live=1500/300 | risk=1.0% | d1+lower=True | max_sym_risk=3.0% | opt_workers=2
2026-02-06 05:44:53 [INFO] __main__:             validation: opt_min=15 | val_min=15 | val_dd<=20.0 | pf>=1.0 | ret>=0.0 | optuna_val_obj=False
2026-02-06 05:44:53 [INFO] __main__:   position: risk=1.0% | basis=balance | max_risk=5.0% | size=0.01-0.0 | auto_widen_sl=True
2026-02-06 05:44:53 [INFO] __main__:   mt5: server=n/a | path=n/a | timeout=60000 | portable=False
2026-02-06 05:44:53 [INFO] __main__:   instruments: overrides=46 | defaults=commission_per_lot | broker_specs=broker_specs.json
2026-02-06 05:44:53 [INFO] __main__: ------------------------------------------------------------
2026-02-06 05:44:53 [INFO] __main__: ============================================================
2026-02-06 05:44:53 [INFO] __main__: FX PORTFOLIO MANAGER v3.0
2026-02-06 05:44:53 [INFO] __main__: ============================================================
2026-02-06 05:44:53 [INFO] __main__: Connecting to MetaTrader 5...
2026-02-06 05:44:53 [INFO] pm_mt5: Connected to MT5 (using existing session)
2026-02-06 05:44:53 [INFO] __main__: [OK] Connected to MT5
2026-02-06 05:44:53 [INFO] pm_pipeline: Loaded 45 existing configs from pm_configs.json
2026-02-06 05:44:53 [INFO] __main__: [OK] Portfolio Manager initialized
2026-02-06 05:44:53 [INFO] __main__:   Symbols: 46
2026-02-06 05:44:53 [INFO] __main__:   Strategies: 28
2026-02-06 05:44:53 [INFO] __main__:   Existing configs: 45
2026-02-06 05:44:53 [INFO] __main__: 
============================================================
2026-02-06 05:44:53 [INFO] __main__: STARTING LIVE TRADING
2026-02-06 05:44:53 [INFO] __main__: Trading enabled: True
2026-02-06 05:44:53 [INFO] __main__: Auto-retrain: False
2026-02-06 05:44:53 [INFO] __main__: Close on opposite signal: False
2026-02-06 05:44:53 [INFO] __main__: ============================================================
2026-02-06 06:00:07 [INFO] __main__: [XAUUSD] Selected: MomentumBurstStrategy @ H1/TREND (strength=0.38, quality=0.45, freshness=1.00, score=0.171)
2026-02-06 06:00:07 [WARNING] __main__: [XAUUSD] Skipping trade; risk 11.91% exceeds cap 5.00% (vol=0.0100, sl=4984.17429)
2026-02-06 06:15:47 [INFO] __main__: [XAGUSD] Selected: MomentumBurstStrategy @ M15/TREND (strength=0.38, quality=0.43, freshness=1.00, score=0.161)
2026-02-06 06:15:47 [WARNING] __main__: [XAGUSD] Skipping trade; risk 10.50% exceeds cap 5.00% (vol=0.0100, sl=70.00286)
2026-02-06 06:24:36 [INFO] __main__: Shutting down...
2026-02-06 06:24:36 [INFO] __main__: Stopping trader...
2026-02-06 06:24:36 [INFO] __main__: Saved 0 trades to pm_outputs\trades_20260206_062436.json
2026-02-06 06:24:36 [INFO] pm_mt5: Disconnected from MT5
2026-02-06 06:24:36 [INFO] __main__: Shutdown complete
2026-02-06 06:24:36 [INFO] __main__: Shutting down...
2026-02-06 06:24:36 [INFO] __main__: Stopping trader...
2026-02-06 06:24:36 [INFO] __main__: Saved 0 trades to pm_outputs\trades_20260206_062436.json
2026-02-06 06:24:36 [INFO] __main__: Shutdown complete
2026-02-06 06:24:36 [INFO] __main__: Shutting down...
2026-02-06 06:24:36 [INFO] __main__: Stopping trader...
2026-02-06 06:24:36 [INFO] __main__: Saved 0 trades to pm_outputs\trades_20260206_062436.json
2026-02-06 06:24:36 [INFO] __main__: Shutdown complete
2026-02-06 06:24:42 [INFO] __main__: Resolved config summary (source=config.json)
2026-02-06 06:24:42 [INFO] __main__:   sections: broker_specs_path, instrument_spec_defaults, instrument_specs, mt5, pipeline, position, symbols
2026-02-06 06:24:42 [INFO] __main__:   pipeline: scoring=fx_backtester | bars=500000 | tfs=M5,M15,M30,H1,H4,D1 | live=1500/300 | risk=1.0% | d1+lower=True | max_sym_risk=3.0% | opt_workers=2
2026-02-06 06:24:42 [INFO] __main__:             validation: opt_min=15 | val_min=15 | val_dd<=20.0 | pf>=1.0 | ret>=0.0 | optuna_val_obj=False
2026-02-06 06:24:42 [INFO] __main__:   position: risk=1.0% | basis=balance | max_risk=5.0% | size=0.01-0.0 | auto_widen_sl=True
2026-02-06 06:24:42 [INFO] __main__:   mt5: server=n/a | path=n/a | timeout=60000 | portable=False
2026-02-06 06:24:42 [INFO] __main__:   instruments: overrides=46 | defaults=commission_per_lot | broker_specs=broker_specs.json
2026-02-06 06:24:42 [INFO] __main__: ------------------------------------------------------------
2026-02-06 06:24:42 [INFO] __main__: ============================================================
2026-02-06 06:24:42 [INFO] __main__: FX PORTFOLIO MANAGER v3.0
2026-02-06 06:24:42 [INFO] __main__: ============================================================
2026-02-06 06:24:42 [INFO] __main__: Connecting to MetaTrader 5...
2026-02-06 06:24:42 [INFO] pm_mt5: Connected to MT5 (using existing session)
2026-02-06 06:24:42 [INFO] __main__: [OK] Connected to MT5
2026-02-06 06:24:42 [INFO] pm_pipeline: Loaded 46 existing configs from pm_configs.json
2026-02-06 06:24:42 [INFO] __main__: [OK] Portfolio Manager initialized
2026-02-06 06:24:42 [INFO] __main__:   Symbols: 46
2026-02-06 06:24:42 [INFO] __main__:   Strategies: 28
2026-02-06 06:24:42 [INFO] __main__:   Existing configs: 46
2026-02-06 06:24:42 [INFO] __main__: 
============================================================
2026-02-06 06:24:42 [INFO] __main__: STARTING LIVE TRADING
2026-02-06 06:24:42 [INFO] __main__: Trading enabled: True
2026-02-06 06:24:42 [INFO] __main__: Auto-retrain: False
2026-02-06 06:24:42 [INFO] __main__: Close on opposite signal: False
2026-02-06 06:24:42 [INFO] __main__: ============================================================
2026-02-06 06:31:31 [INFO] __main__: [XAUUSD] Selected: MomentumBurstStrategy @ H1/TREND (strength=0.38, quality=0.45, freshness=0.85, score=0.145)
2026-02-06 06:31:31 [WARNING] __main__: [XAUUSD] Skipping trade; risk 12.50% exceeds cap 5.00% (vol=0.0100, sl=5021.04571)
2026-02-06 06:51:16 [INFO] __main__: [XAUUSD] Selected: MomentumBurstStrategy @ H1/TREND (strength=0.38, quality=0.45, freshness=0.85, score=0.145)
2026-02-06 06:51:16 [WARNING] __main__: [XAUUSD] Skipping trade; risk 12.90% exceeds cap 5.00% (vol=0.0100, sl=5060.22500)
2026-02-06 06:56:11 [INFO] __main__: [XAUUSD] Selected: MomentumBurstStrategy @ H1/TREND (strength=0.38, quality=0.45, freshness=0.85, score=0.145)
2026-02-06 06:56:11 [WARNING] __main__: [XAUUSD] Skipping trade; risk 13.04% exceeds cap 5.00% (vol=0.0100, sl=5074.27429)
2026-02-06 07:00:07 [INFO] __main__: [XAUUSD] Selected: MomentumBurstStrategy @ H1/TREND (strength=0.35, quality=0.45, freshness=1.00, score=0.156)
2026-02-06 07:00:07 [WARNING] __main__: [XAUUSD] Skipping trade; risk 12.25% exceeds cap 5.00% (vol=0.0100, sl=4724.00929)
2026-02-06 07:00:44 [INFO] __main__: [EURGBP] Selected: ZScoreVWAPReversionStrategy @ H4/TREND (strength=0.40, quality=0.41, freshness=1.00, score=0.166)
2026-02-06 07:00:44 [INFO] __main__: [EURGBP] SELL | basis=1449.18 (balance) | target_risk=1.00% ($14.49) | actual_risk=0.80% ($11.66) | vol_raw=0.0249 | vol=0.0200 | entry=0.86938 | sl=0.87367 | tp=0.85907
2026-02-06 07:00:44 [INFO] __main__: [OK] [EURGBP] SHORT executed: 0.02 lots @ 0.86938
2026-02-06 07:15:56 [INFO] __main__: [XAUUSD] Selected: KeltnerBreakoutStrategy @ M15/TREND (strength=0.35, quality=0.43, freshness=1.00, score=0.150)
2026-02-06 07:15:56 [INFO] __main__: [XAUUSD] BUY | basis=1449.18 (balance) | target_risk=1.00% ($14.49) | actual_risk=4.80% ($69.50) | vol_raw=0.0100 | vol=0.0100 | entry=4870.59000 | sl=4801.08643 | tp=4916.92571
2026-02-06 07:15:57 [INFO] __main__: [OK] [XAUUSD] LONG executed: 0.01 lots @ 4870.59000
2026-02-06 07:15:58 [INFO] __main__: [XAGUSD] Selected: MomentumBurstStrategy @ M15/TREND (strength=0.41, quality=0.43, freshness=1.00, score=0.177)
2026-02-06 07:15:58 [WARNING] __main__: [XAGUSD] Skipping trade; risk 10.47% exceeds cap 5.00% (vol=0.0100, sl=71.63543)
2026-02-06 07:17:19 [INFO] __main__: [XAUUSD] [SECONDARY] Selected: VolatilityBreakoutStrategy @ D1/CHOP (strength=0.38, quality=0.38, freshness=0.85, score=0.124)
2026-02-06 07:17:19 [INFO] __main__: [XAUUSD] Secondary trade: risk 1.00% -> 1.00% (existing=1.00%, cap=3.00%)
2026-02-06 07:17:19 [WARNING] __main__: [XAUUSD] Skipping trade; risk 38.32% exceeds cap 5.00% (vol=0.0100, sl=5420.78429)
2026-02-06 07:30:02 [INFO] __main__: [XAGUSD] Selected: MomentumBurstStrategy @ M15/TREND (strength=0.44, quality=0.43, freshness=1.00, score=0.187)
2026-02-06 07:30:02 [WARNING] __main__: [XAGUSD] Skipping trade; risk 10.27% exceeds cap 5.00% (vol=0.0100, sl=70.72950)
2026-02-06 07:45:20 [INFO] __main__: [XAGUSD] Selected: MomentumBurstStrategy @ M15/TREND (strength=0.44, quality=0.43, freshness=1.00, score=0.190)
2026-02-06 07:45:20 [WARNING] __main__: [XAGUSD] Skipping trade; risk 10.53% exceeds cap 5.00% (vol=0.0100, sl=70.14979)
2026-02-06 08:00:16 [INFO] __main__: [XAGUSD] Selected: MomentumBurstStrategy @ M15/TREND (strength=0.44, quality=0.43, freshness=1.00, score=0.189)
2026-02-06 08:00:16 [WARNING] __main__: [XAGUSD] Skipping trade; risk 11.52% exceeds cap 5.00% (vol=0.0100, sl=68.84000)
2026-02-06 08:15:30 [INFO] __main__: [XAGUSD] Selected: MomentumBurstStrategy @ M15/TREND (strength=0.43, quality=0.43, freshness=1.00, score=0.185)
2026-02-06 08:15:30 [WARNING] __main__: [XAGUSD] Skipping trade; risk 11.24% exceeds cap 5.00% (vol=0.0100, sl=69.38879)
2026-02-06 08:30:37 [INFO] __main__: [XAGUSD] Selected: MomentumBurstStrategy @ M15/TREND (strength=0.43, quality=0.43, freshness=1.00, score=0.184)
2026-02-06 08:30:37 [WARNING] __main__: [XAGUSD] Skipping trade; risk 11.56% exceeds cap 5.00% (vol=0.0100, sl=69.35286)
2026-02-06 09:00:14 [INFO] __main__: [XAGUSD] Selected: MomentumBurstStrategy @ M15/TREND (strength=0.43, quality=0.43, freshness=1.00, score=0.184)
2026-02-06 09:00:14 [WARNING] __main__: [XAGUSD] Skipping trade; risk 11.49% exceeds cap 5.00% (vol=0.0100, sl=75.74886)
2026-02-06 09:29:54 [INFO] __main__: [XAGUSD] Selected: MomentumBurstStrategy @ M15/TREND (strength=0.41, quality=0.43, freshness=1.00, score=0.174)
2026-02-06 09:29:54 [WARNING] __main__: [XAGUSD] Skipping trade; risk 12.25% exceeds cap 5.00% (vol=0.0100, sl=70.31936)
2026-02-06 09:44:58 [INFO] __main__: [XAGUSD] Selected: MomentumBurstStrategy @ M15/TREND (strength=0.41, quality=0.43, freshness=1.00, score=0.178)
2026-02-06 09:44:58 [WARNING] __main__: [XAGUSD] Skipping trade; risk 12.09% exceeds cap 5.00% (vol=0.0100, sl=70.09779)
2026-02-06 10:00:03 [INFO] __main__: [XAGUSD] Selected: MomentumBurstStrategy @ M15/TREND (strength=0.40, quality=0.43, freshness=1.00, score=0.170)
2026-02-06 10:00:03 [WARNING] __main__: [XAGUSD] Skipping trade; risk 11.77% exceeds cap 5.00% (vol=0.0100, sl=70.67614)
2026-02-06 10:30:20 [INFO] __main__: [XAGUSD] Selected: MomentumBurstStrategy @ M15/TREND (strength=0.36, quality=0.43, freshness=1.00, score=0.153)
2026-02-06 10:30:20 [WARNING] __main__: [XAGUSD] Skipping trade; risk 10.93% exceeds cap 5.00% (vol=0.0100, sl=71.27936)
2026-02-06 10:44:57 [INFO] __main__: [XAGUSD] Selected: MomentumBurstStrategy @ M15/TREND (strength=0.34, quality=0.43, freshness=1.00, score=0.147)
2026-02-06 10:44:57 [WARNING] __main__: [XAGUSD] Skipping trade; risk 10.15% exceeds cap 5.00% (vol=0.0100, sl=76.94686)
2026-02-06 11:31:11 [INFO] __main__: [XAGUSD] Selected: MomentumBurstStrategy @ M15/TREND (strength=0.38, quality=0.43, freshness=1.00, score=0.165)
2026-02-06 11:31:11 [WARNING] __main__: [XAGUSD] Skipping trade; risk 8.20% exceeds cap 5.00% (vol=0.0100, sl=71.28857)
2026-02-06 12:16:01 [INFO] __main__: [XAGUSD] Selected: MomentumBurstStrategy @ M15/TREND (strength=0.39, quality=0.43, freshness=1.00, score=0.166)
2026-02-06 12:16:01 [WARNING] __main__: [XAGUSD] Skipping trade; risk 7.89% exceeds cap 5.00% (vol=0.0100, sl=72.27564)
2026-02-06 12:30:38 [INFO] __main__: [XAGUSD] Selected: MomentumBurstStrategy @ M15/TREND (strength=0.41, quality=0.43, freshness=1.00, score=0.175)
2026-02-06 12:30:38 [WARNING] __main__: [XAGUSD] Skipping trade; risk 7.37% exceeds cap 5.00% (vol=0.0100, sl=72.61079)
2026-02-06 12:31:56 [INFO] __main__: [DE30] Selected: MomentumBurstStrategy @ D1/TREND (strength=0.35, quality=0.42, freshness=0.85, score=0.125)
2026-02-06 12:31:56 [WARNING] __main__: [DE30] Skipping trade; risk 9.72% exceeds cap 5.00% (vol=0.0100, sl=25806.28714)
2026-02-06 12:45:40 [INFO] __main__: [XAGUSD] Selected: MomentumBurstStrategy @ M15/TREND (strength=0.41, quality=0.43, freshness=1.00, score=0.177)
2026-02-06 12:45:40 [WARNING] __main__: [XAGUSD] Skipping trade; risk 6.79% exceeds cap 5.00% (vol=0.0100, sl=72.72057)
2026-02-06 12:46:44 [INFO] __main__: [DE30] Selected: MomentumBurstStrategy @ D1/TREND (strength=0.35, quality=0.42, freshness=0.85, score=0.125)
2026-02-06 12:46:44 [WARNING] __main__: [DE30] Skipping trade; risk 9.72% exceeds cap 5.00% (vol=0.0100, sl=25788.28714)
2026-02-06 13:00:22 [INFO] __main__: [DE30] Selected: KeltnerBreakoutStrategy @ M30/RANGE (strength=0.35, quality=0.43, freshness=1.00, score=0.153)
2026-02-06 13:00:22 [INFO] __main__: [DE30] BUY | basis=1406.99 (balance) | target_risk=1.00% ($14.07) | actual_risk=1.64% ($23.04) | vol_raw=0.0100 | vol=0.0100 | entry=24647.10000 | sl=24451.66071 | tp=24940.25893
2026-02-06 13:00:22 [INFO] __main__: [OK] [DE30] LONG executed: 0.01 lots @ 24647.10000
2026-02-06 13:00:26 [INFO] __main__: [JP225] Selected: KeltnerBreakoutStrategy @ H1/CHOP (strength=0.40, quality=0.42, freshness=1.00, score=0.169)
2026-02-06 13:00:26 [INFO] __main__: [JP225] BUY | basis=1406.99 (balance) | target_risk=1.00% ($14.07) | actual_risk=0.97% ($13.58) | vol_raw=0.2072 | vol=0.2000 | entry=55362.00000 | sl=54295.50000 | tp=57495.00000
2026-02-06 13:00:26 [INFO] __main__: [OK] [JP225] LONG executed: 0.2 lots @ 55362.00000
2026-02-06 13:01:30 [INFO] __main__: [DE30] [SECONDARY] Selected: MomentumBurstStrategy @ D1/TREND (strength=0.35, quality=0.42, freshness=0.85, score=0.125)
2026-02-06 13:01:30 [INFO] __main__: [DE30] Secondary trade: risk 1.00% -> 1.00% (existing=1.00%, cap=3.00%)
2026-02-06 13:01:30 [WARNING] __main__: [DE30] Skipping trade; risk 9.73% exceeds cap 5.00% (vol=0.0100, sl=25800.57286)
2026-02-06 13:15:27 [INFO] __main__: [XAGUSD] Selected: MomentumBurstStrategy @ M15/TREND (strength=0.40, quality=0.43, freshness=1.00, score=0.172)
2026-02-06 13:15:27 [WARNING] __main__: [XAGUSD] Skipping trade; risk 6.51% exceeds cap 5.00% (vol=0.0100, sl=72.78779)
2026-02-06 13:47:09 [INFO] __main__: [US100] Selected: MomentumBurstStrategy @ D1/TREND (strength=0.31, quality=0.42, freshness=0.85, score=0.112)
2026-02-06 13:47:09 [WARNING] __main__: [US100] Skipping trade; risk 11.55% exceeds cap 5.00% (vol=0.0100, sl=26343.44357)
2026-02-06 13:51:42 [INFO] __main__: [US100] Selected: MomentumBurstStrategy @ D1/TREND (strength=0.31, quality=0.42, freshness=0.85, score=0.112)
2026-02-06 13:51:42 [WARNING] __main__: [US100] Skipping trade; risk 11.55% exceeds cap 5.00% (vol=0.0100, sl=26322.94357)
2026-02-06 14:00:42 [INFO] __main__: [XAGUSD] Selected: MomentumBurstStrategy @ M15/TREND (strength=0.47, quality=0.43, freshness=1.00, score=0.200)
2026-02-06 14:00:42 [WARNING] __main__: [XAGUSD] Skipping trade; risk 6.75% exceeds cap 5.00% (vol=0.0100, sl=73.32250)
2026-02-06 14:02:01 [INFO] __main__: [XAUUSD] Selected: MomentumBurstStrategy @ H1/TREND (strength=0.39, quality=0.45, freshness=0.85, score=0.151)
2026-02-06 14:02:01 [WARNING] __main__: [XAUUSD] Skipping trade; risk 10.98% exceeds cap 5.00% (vol=0.0100, sl=4763.73000)
2026-02-06 14:02:04 [INFO] __main__: [US100] Selected: MomentumBurstStrategy @ D1/TREND (strength=0.31, quality=0.42, freshness=0.85, score=0.112)
2026-02-06 14:02:04 [WARNING] __main__: [US100] Skipping trade; risk 11.18% exceeds cap 5.00% (vol=0.0100, sl=26318.69357)
2026-02-06 14:07:00 [INFO] __main__: [US100] Selected: MomentumBurstStrategy @ D1/TREND (strength=0.31, quality=0.42, freshness=0.85, score=0.112)
2026-02-06 14:07:00 [WARNING] __main__: [US100] Skipping trade; risk 11.18% exceeds cap 5.00% (vol=0.0100, sl=26310.19357)
2026-02-06 14:15:58 [INFO] __main__: [XAGUSD] Selected: MomentumBurstStrategy @ M15/TREND (strength=0.39, quality=0.43, freshness=1.00, score=0.167)
2026-02-06 14:15:58 [WARNING] __main__: [XAGUSD] Skipping trade; risk 7.07% exceeds cap 5.00% (vol=0.0100, sl=73.35500)
2026-02-06 14:18:38 [INFO] __main__: [US100] Selected: MomentumBurstStrategy @ D1/TREND (strength=0.31, quality=0.42, freshness=0.85, score=0.112)
2026-02-06 14:18:38 [WARNING] __main__: [US100] Skipping trade; risk 11.18% exceeds cap 5.00% (vol=0.0100, sl=26342.69357)
2026-02-06 14:22:04 [INFO] __main__: [XAGUSD] Selected: MomentumBurstStrategy @ M15/TREND (strength=0.39, quality=0.43, freshness=0.85, score=0.142)
2026-02-06 14:22:04 [WARNING] __main__: [XAGUSD] Skipping trade; risk 7.20% exceeds cap 5.00% (vol=0.0100, sl=73.82093)
2026-02-06 14:30:36 [INFO] __main__: [XAGUSD] Selected: MomentumBurstStrategy @ M15/TREND (strength=0.40, quality=0.43, freshness=1.00, score=0.170)
2026-02-06 14:30:36 [WARNING] __main__: [XAGUSD] Skipping trade; risk 7.72% exceeds cap 5.00% (vol=0.0100, sl=73.08964)
2026-02-06 14:36:43 [INFO] __main__: [XAGUSD] Selected: MomentumBurstStrategy @ M15/TREND (strength=0.40, quality=0.43, freshness=0.85, score=0.144)
2026-02-06 14:36:43 [WARNING] __main__: [XAGUSD] Skipping trade; risk 8.22% exceeds cap 5.00% (vol=0.0100, sl=73.32171)
2026-02-06 14:41:34 [INFO] __main__: [XAGUSD] Selected: MomentumBurstStrategy @ M15/TREND (strength=0.40, quality=0.43, freshness=0.85, score=0.144)
2026-02-06 14:41:34 [WARNING] __main__: [XAGUSD] Skipping trade; risk 8.38% exceeds cap 5.00% (vol=0.0100, sl=73.49193)
2026-02-06 14:43:04 [INFO] __main__: [XRPUSD] Selected: MomentumBurstStrategy @ H1/TREND (strength=0.44, quality=0.49, freshness=0.85, score=0.183)
2026-02-06 14:43:04 [INFO] __main__: [XRPUSD] BUY | basis=1455.27 (balance) | target_risk=1.00% ($14.55) | actual_risk=0.93% ($13.49) | vol_raw=0.0216 | vol=0.0200 | entry=1.43600 | sl=1.30114 | tp=1.57086
2026-02-06 14:43:04 [INFO] __main__: [OK] [XRPUSD] LONG executed: 0.02 lots @ 1.43600
2026-02-06 14:44:26 [INFO] __main__: [XRPUSD] [SECONDARY] Selected: VolatilityBreakoutStrategy @ D1/TREND (strength=0.40, quality=0.52, freshness=0.85, score=0.177)
2026-02-06 14:44:26 [INFO] __main__: [XRPUSD] Secondary trade: risk 1.00% -> 1.00% (existing=1.00%, cap=3.00%)
2026-02-06 14:44:26 [INFO] __main__: [XRPUSD] SELL | basis=1455.27 (balance) | target_risk=1.00% ($14.55) | actual_risk=0.75% ($10.93) | vol_raw=0.0133 | vol=0.0100 | entry=1.43359 | sl=1.65228 | tp=0.92331
2026-02-06 14:44:26 [INFO] __main__: [OK] [XRPUSD] SHORT executed: 0.01 lots @ 1.43359
2026-02-06 14:45:41 [INFO] __main__: [XAGUSD] Selected: MomentumBurstStrategy @ M15/TREND (strength=0.43, quality=0.43, freshness=1.00, score=0.187)
2026-02-06 14:45:41 [WARNING] __main__: [XAGUSD] Skipping trade; risk 7.91% exceeds cap 5.00% (vol=0.0100, sl=73.45043)
2026-02-06 14:52:05 [INFO] __main__: [XAGUSD] Selected: MomentumBurstStrategy @ M15/TREND (strength=0.43, quality=0.43, freshness=0.85, score=0.159)
2026-02-06 14:52:05 [WARNING] __main__: [XAGUSD] Skipping trade; risk 8.19% exceeds cap 5.00% (vol=0.0100, sl=73.11993)
2026-02-06 14:57:05 [INFO] __main__: [XAGUSD] Selected: MomentumBurstStrategy @ M15/TREND (strength=0.43, quality=0.43, freshness=0.85, score=0.159)
2026-02-06 14:57:05 [WARNING] __main__: [XAGUSD] Skipping trade; risk 8.19% exceeds cap 5.00% (vol=0.0100, sl=73.11293)
2026-02-06 15:00:13 [INFO] __main__: [USDCAD] Selected: MACDHistogramMomentumStrategy @ H4/RANGE (strength=0.39, quality=0.44, freshness=1.00, score=0.174)
2026-02-06 15:00:13 [INFO] __main__: [USDCAD] SELL | basis=1455.27 (balance) | target_risk=1.00% ($14.55) | actual_risk=0.81% ($11.85) | vol_raw=0.0246 | vol=0.0200 | entry=1.36541 | sl=1.37355 | tp=1.35863
2026-02-06 15:00:14 [INFO] __main__: [OK] [USDCAD] SHORT executed: 0.02 lots @ 1.36541
2026-02-06 15:00:49 [INFO] __main__: [XAUUSD] Selected: KeltnerBreakoutStrategy @ M30/TREND (strength=0.37, quality=0.42, freshness=1.00, score=0.157)
2026-02-06 15:00:49 [WARNING] __main__: [XAUUSD] Skipping trade; risk 5.41% exceeds cap 5.00% (vol=0.0100, sl=4853.04357)
2026-02-06 15:05:51 [INFO] __main__: [XAUUSD] Selected: KeltnerBreakoutStrategy @ M30/TREND (strength=0.37, quality=0.42, freshness=0.85, score=0.133)
2026-02-06 15:05:51 [WARNING] __main__: [XAUUSD] Skipping trade; risk 5.47% exceeds cap 5.00% (vol=0.0100, sl=4847.38214)
2026-02-06 15:14:44 [INFO] __main__: [XAUUSD] Selected: KeltnerBreakoutStrategy @ M30/TREND (strength=0.37, quality=0.42, freshness=0.85, score=0.133)
2026-02-06 15:14:44 [WARNING] __main__: [XAUUSD] Skipping trade; risk 5.65% exceeds cap 5.00% (vol=0.0100, sl=4839.74929)
2026-02-06 15:14:47 [INFO] __main__: [XAGUSD] Selected: MomentumBurstStrategy @ M15/TREND (strength=0.39, quality=0.43, freshness=0.85, score=0.144)
2026-02-06 15:14:47 [WARNING] __main__: [XAGUSD] Skipping trade; risk 8.46% exceeds cap 5.00% (vol=0.0100, sl=73.05600)
2026-02-06 15:16:55 [INFO] __main__: [XAGUSD] Selected: MomentumBurstStrategy @ M15/TREND (strength=0.39, quality=0.43, freshness=1.00, score=0.167)
2026-02-06 15:16:55 [WARNING] __main__: [XAGUSD] Skipping trade; risk 8.33% exceeds cap 5.00% (vol=0.0100, sl=73.16400)
2026-02-06 15:19:03 [INFO] __main__: [XAUUSD] Selected: KeltnerBreakoutStrategy @ M30/TREND (strength=0.37, quality=0.42, freshness=0.85, score=0.133)
2026-02-06 15:19:03 [WARNING] __main__: [XAUUSD] Skipping trade; risk 5.65% exceeds cap 5.00% (vol=0.0100, sl=4839.48929)
2026-02-06 15:23:20 [INFO] __main__: [XAUUSD] Selected: KeltnerBreakoutStrategy @ M30/TREND (strength=0.37, quality=0.42, freshness=0.85, score=0.133)
2026-02-06 15:23:21 [WARNING] __main__: [XAUUSD] Skipping trade; risk 5.73% exceeds cap 5.00% (vol=0.0100, sl=4822.56071)
2026-02-06 15:23:25 [INFO] __main__: [XAGUSD] Selected: MomentumBurstStrategy @ M15/TREND (strength=0.39, quality=0.43, freshness=0.85, score=0.142)
2026-02-06 15:23:25 [WARNING] __main__: [XAGUSD] Skipping trade; risk 8.72% exceeds cap 5.00% (vol=0.0100, sl=72.41000)
2026-02-06 15:45:39 [INFO] __main__: [XAGUSD] Selected: MomentumBurstStrategy @ M15/TREND (strength=0.34, quality=0.43, freshness=1.00, score=0.148)
2026-02-06 15:45:39 [WARNING] __main__: [XAGUSD] Skipping trade; risk 9.53% exceeds cap 5.00% (vol=0.0100, sl=72.94936)
2026-02-06 15:45:42 [INFO] __main__: [US100] Selected: MomentumBurstStrategy @ D1/TREND (strength=0.31, quality=0.42, freshness=0.85, score=0.112)
2026-02-06 15:45:42 [WARNING] __main__: [US100] Skipping trade; risk 11.15% exceeds cap 5.00% (vol=0.0100, sl=26490.59357)
2026-02-06 15:52:15 [INFO] __main__: [US100] Selected: MomentumBurstStrategy @ D1/TREND (strength=0.31, quality=0.42, freshness=0.85, score=0.112)
2026-02-06 15:52:15 [WARNING] __main__: [US100] Skipping trade; risk 11.20% exceeds cap 5.00% (vol=0.0100, sl=26530.01857)
2026-02-06 16:01:37 [INFO] __main__: [XAUUSD] Selected: MomentumBurstStrategy @ H1/TREND (strength=0.37, quality=0.45, freshness=1.00, score=0.169)
2026-02-06 16:01:37 [WARNING] __main__: [XAUUSD] Skipping trade; risk 9.19% exceeds cap 5.00% (vol=0.0100, sl=4814.14214)
2026-02-06 16:31:04 [INFO] __main__: [EURUSD] Selected: KeltnerBreakoutStrategy @ M30/TREND (strength=0.37, quality=0.34, freshness=1.00, score=0.127)
2026-02-06 16:31:04 [INFO] __main__: [EURUSD] BUY | basis=1471.89 (balance) | target_risk=1.00% ($14.72) | actual_risk=0.92% ($13.58) | vol_raw=0.0650 | vol=0.0600 | entry=1.18091 | sl=1.17865 | tp=1.18280
2026-02-06 16:31:04 [INFO] __main__: [OK] [EURUSD] LONG executed: 0.06 lots @ 1.18091
2026-02-06 16:45:48 [INFO] __main__: [XAGUSD] Selected: MomentumBurstStrategy @ M15/TREND (strength=0.38, quality=0.43, freshness=1.00, score=0.163)
2026-02-06 16:45:48 [WARNING] __main__: [XAGUSD] Skipping trade; risk 10.20% exceeds cap 5.00% (vol=0.0100, sl=73.26857)
2026-02-06 17:00:23 [INFO] __main__: [XAUUSD] Selected: KeltnerBreakoutStrategy @ M30/TREND (strength=0.42, quality=0.42, freshness=1.00, score=0.175)
2026-02-06 17:00:23 [WARNING] __main__: [XAUUSD] Skipping trade; risk 5.69% exceeds cap 5.00% (vol=0.0100, sl=4856.44643)
2026-02-06 17:00:26 [INFO] __main__: [XAGUSD] Selected: MomentumBurstStrategy @ M15/TREND (strength=0.39, quality=0.43, freshness=1.00, score=0.166)
2026-02-06 17:00:26 [WARNING] __main__: [XAGUSD] Skipping trade; risk 10.44% exceeds cap 5.00% (vol=0.0100, sl=72.53593)
2026-02-06 17:07:40 [INFO] __main__: [XAGUSD] Selected: MomentumBurstStrategy @ M15/TREND (strength=0.39, quality=0.43, freshness=0.85, score=0.141)
2026-02-06 17:07:40 [WARNING] __main__: [XAGUSD] Skipping trade; risk 11.04% exceeds cap 5.00% (vol=0.0100, sl=72.89929)
2026-02-06 17:14:53 [INFO] __main__: [XAGUSD] Selected: MomentumBurstStrategy @ M15/TREND (strength=0.42, quality=0.43, freshness=1.00, score=0.180)
2026-02-06 17:14:53 [WARNING] __main__: [XAGUSD] Skipping trade; risk 10.69% exceeds cap 5.00% (vol=0.0100, sl=72.85821)
2026-02-06 17:16:22 [INFO] __main__: [US100] Selected: MomentumBurstStrategy @ D1/TREND (strength=0.31, quality=0.42, freshness=0.85, score=0.112)
2026-02-06 17:16:22 [WARNING] __main__: [US100] Skipping trade; risk 11.36% exceeds cap 5.00% (vol=0.0100, sl=26555.84000)
2026-02-06 17:30:49 [INFO] __main__: [XAUUSD] Selected: KeltnerBreakoutStrategy @ M30/TREND (strength=0.41, quality=0.42, freshness=1.00, score=0.174)
2026-02-06 17:30:49 [WARNING] __main__: [XAUUSD] Skipping trade; risk 6.00% exceeds cap 5.00% (vol=0.0100, sl=4849.92357)
2026-02-06 17:30:51 [INFO] __main__: [XAGUSD] Selected: MomentumBurstStrategy @ M15/TREND (strength=0.43, quality=0.43, freshness=1.00, score=0.184)
2026-02-06 17:30:51 [WARNING] __main__: [XAGUSD] Skipping trade; risk 10.74% exceeds cap 5.00% (vol=0.0100, sl=72.63014)
2026-02-06 17:45:54 [INFO] __main__: [XAGUSD] Selected: MomentumBurstStrategy @ M15/TREND (strength=0.42, quality=0.43, freshness=1.00, score=0.179)
2026-02-06 17:45:54 [WARNING] __main__: [XAGUSD] Skipping trade; risk 10.24% exceeds cap 5.00% (vol=0.0100, sl=73.38207)
2026-02-06 17:47:15 [INFO] __main__: [XAUUSD] Selected: KeltnerBreakoutStrategy @ M30/TREND (strength=0.41, quality=0.42, freshness=0.85, score=0.148)
2026-02-06 17:47:15 [WARNING] __main__: [XAUUSD] Skipping trade; risk 6.19% exceeds cap 5.00% (vol=0.0100, sl=4854.21714)
2026-02-06 18:00:55 [INFO] __main__: [XAUUSD] Selected: MomentumBurstStrategy @ H1/TREND (strength=0.48, quality=0.45, freshness=1.00, score=0.219)
2026-02-06 18:00:55 [WARNING] __main__: [XAUUSD] Skipping trade; risk 8.42% exceeds cap 5.00% (vol=0.0100, sl=4833.18643)
2026-02-06 18:00:59 [INFO] __main__: [US100] Selected: MomentumBurstStrategy @ D1/TREND (strength=0.31, quality=0.42, freshness=0.85, score=0.112)
2026-02-06 18:00:59 [WARNING] __main__: [US100] Skipping trade; risk 11.58% exceeds cap 5.00% (vol=0.0100, sl=26573.33000)
2026-02-06 18:15:46 [INFO] __main__: [XAGUSD] Selected: MomentumBurstStrategy @ M15/TREND (strength=0.40, quality=0.43, freshness=1.00, score=0.171)
2026-02-06 18:15:46 [WARNING] __main__: [XAGUSD] Skipping trade; risk 9.59% exceeds cap 5.00% (vol=0.0100, sl=73.78664)
2026-02-06 18:33:20 [INFO] __main__: [US100] Selected: MomentumBurstStrategy @ D1/TREND (strength=0.31, quality=0.42, freshness=0.85, score=0.112)
2026-02-06 18:33:20 [WARNING] __main__: [US100] Skipping trade; risk 11.53% exceeds cap 5.00% (vol=0.0100, sl=26678.09000)
2026-02-06 18:47:04 [INFO] __main__: [US100] Selected: MomentumBurstStrategy @ D1/TREND (strength=0.31, quality=0.42, freshness=0.85, score=0.112)
2026-02-06 18:47:04 [WARNING] __main__: [US100] Skipping trade; risk 11.53% exceeds cap 5.00% (vol=0.0100, sl=26673.34000)
2026-02-06 18:51:22 [INFO] __main__: [US100] Selected: MomentumBurstStrategy @ D1/TREND (strength=0.31, quality=0.42, freshness=0.85, score=0.112)
2026-02-06 18:51:22 [WARNING] __main__: [US100] Skipping trade; risk 11.53% exceeds cap 5.00% (vol=0.0100, sl=26675.84000)
2026-02-06 18:57:13 [INFO] __main__: [US100] Selected: MomentumBurstStrategy @ D1/TREND (strength=0.31, quality=0.42, freshness=0.85, score=0.112)
2026-02-06 18:57:13 [WARNING] __main__: [US100] Skipping trade; risk 11.55% exceeds cap 5.00% (vol=0.0100, sl=26687.06500)
2026-02-06 19:00:06 [INFO] __main__: [EURAUD] Selected: DonchianBreakoutStrategy @ H4/CHOP (strength=0.39, quality=0.53, freshness=1.00, score=0.206)
2026-02-06 19:00:06 [INFO] __main__: [EURAUD] SELL | basis=1451.07 (balance) | target_risk=1.00% ($14.51) | actual_risk=0.91% ($13.27) | vol_raw=0.0109 | vol=0.0100 | entry=1.68299 | sl=1.70189 | tp=1.66094
2026-02-06 19:00:06 [INFO] __main__: [OK] [EURAUD] SHORT executed: 0.01 lots @ 1.68299
2026-02-06 19:00:52 [INFO] __main__: [USDSGD] Selected: KeltnerBreakoutStrategy @ H1/CHOP (strength=0.48, quality=0.31, freshness=1.00, score=0.147)
2026-02-06 19:00:52 [INFO] __main__: [USDSGD] SELL | basis=1451.07 (balance) | target_risk=1.00% ($14.51) | actual_risk=0.90% ($13.00) | vol_raw=0.0781 | vol=0.0700 | entry=1.27107 | sl=1.27344 | tp=1.26673
2026-02-06 19:00:52 [INFO] __main__: [OK] [USDSGD] SHORT executed: 0.07 lots @ 1.27107
2026-02-06 19:01:04 [INFO] __main__: [XAUUSD] Selected: MomentumBurstStrategy @ H1/TREND (strength=0.50, quality=0.45, freshness=1.00, score=0.225)
2026-02-06 19:01:04 [WARNING] __main__: [XAUUSD] Skipping trade; risk 8.23% exceeds cap 5.00% (vol=0.0100, sl=4841.59500)
2026-02-06 19:01:08 [INFO] __main__: [XAGUSD] Selected: VolatilityBreakoutStrategy @ H1/TREND (strength=0.39, quality=0.46, freshness=1.00, score=0.179)
2026-02-06 19:01:08 [WARNING] __main__: [XAGUSD] Skipping trade; risk 14.74% exceeds cap 5.00% (vol=0.0100, sl=73.38821)
2026-02-06 19:03:16 [INFO] __main__: [US100] Selected: MomentumBurstStrategy @ D1/TREND (strength=0.31, quality=0.42, freshness=0.85, score=0.112)
2026-02-06 19:03:16 [WARNING] __main__: [US100] Skipping trade; risk 11.56% exceeds cap 5.00% (vol=0.0100, sl=26703.51857)
2026-02-06 19:12:13 [INFO] __main__: [US100] Selected: MomentumBurstStrategy @ D1/TREND (strength=0.31, quality=0.42, freshness=0.85, score=0.112)
2026-02-06 19:12:13 [WARNING] __main__: [US100] Skipping trade; risk 11.57% exceeds cap 5.00% (vol=0.0100, sl=26708.35786)
2026-02-06 19:30:12 [INFO] __main__: [XAGUSD] Selected: MomentumBurstStrategy @ M15/TREND (strength=0.38, quality=0.43, freshness=1.00, score=0.164)
2026-02-06 19:30:12 [WARNING] __main__: [XAGUSD] Skipping trade; risk 7.80% exceeds cap 5.00% (vol=0.0100, sl=75.19821)
2026-02-06 19:31:44 [INFO] __main__: [XAGUSD] Selected: VolatilityBreakoutStrategy @ H1/TREND (strength=0.39, quality=0.46, freshness=0.85, score=0.152)
2026-02-06 19:31:44 [WARNING] __main__: [XAGUSD] Skipping trade; risk 15.38% exceeds cap 5.00% (vol=0.0100, sl=72.85196)
2026-02-06 19:45:40 [INFO] __main__: [XAGUSD] Selected: MomentumBurstStrategy @ M15/TREND (strength=0.39, quality=0.43, freshness=1.00, score=0.167)
2026-02-06 19:45:40 [WARNING] __main__: [XAGUSD] Skipping trade; risk 7.73% exceeds cap 5.00% (vol=0.0100, sl=75.29786)
2026-02-06 19:46:50 [INFO] __main__: [XAGUSD] Selected: VolatilityBreakoutStrategy @ H1/TREND (strength=0.39, quality=0.46, freshness=0.85, score=0.152)
2026-02-06 19:46:50 [WARNING] __main__: [XAGUSD] Skipping trade; risk 15.38% exceeds cap 5.00% (vol=0.0100, sl=73.10896)
2026-02-06 19:52:46 [INFO] __main__: [XAGUSD] Selected: VolatilityBreakoutStrategy @ H1/TREND (strength=0.39, quality=0.46, freshness=0.85, score=0.152)
2026-02-06 19:52:46 [WARNING] __main__: [XAGUSD] Skipping trade; risk 15.38% exceeds cap 5.00% (vol=0.0100, sl=72.90196)
2026-02-06 19:57:17 [INFO] __main__: [XAGUSD] Selected: VolatilityBreakoutStrategy @ H1/TREND (strength=0.39, quality=0.46, freshness=0.85, score=0.152)
2026-02-06 19:57:17 [WARNING] __main__: [XAGUSD] Skipping trade; risk 15.38% exceeds cap 5.00% (vol=0.0100, sl=72.76396)
2026-02-06 20:00:23 [INFO] __main__: [XAUUSD] Selected: MomentumBurstStrategy @ H1/TREND (strength=0.47, quality=0.45, freshness=1.00, score=0.212)
2026-02-06 20:00:23 [WARNING] __main__: [XAUUSD] Skipping trade; risk 7.27% exceeds cap 5.00% (vol=0.0100, sl=4857.20357)
2026-02-06 20:00:40 [INFO] __main__: [ETHUSD] Selected: MomentumBurstStrategy @ H1/TREND (strength=0.36, quality=0.49, freshness=1.00, score=0.176)
2026-02-06 20:00:40 [INFO] __main__: [ETHUSD] BUY | basis=1451.07 (balance) | target_risk=1.00% ($14.51) | actual_risk=0.86% ($12.50) | vol_raw=0.0116 | vol=0.0100 | entry=2047.81000 | sl=1922.82571 | tp=2256.11714
2026-02-06 20:00:40 [INFO] __main__: [OK] [ETHUSD] LONG executed: 0.01 lots @ 2047.90000
2026-02-06 20:00:48 [INFO] __main__: [CHFJPY] Selected: KeltnerBreakoutStrategy @ H1/TREND (strength=0.49, quality=0.37, freshness=1.00, score=0.181)
2026-02-06 20:00:48 [INFO] __main__: [CHFJPY] BUY | basis=1451.07 (balance) | target_risk=1.00% ($14.51) | actual_risk=0.90% ($13.07) | vol_raw=0.0333 | vol=0.0300 | entry=202.60200 | sl=201.91757 | tp=203.17236
2026-02-06 20:00:48 [INFO] __main__: [OK] [CHFJPY] LONG executed: 0.03 lots @ 202.60200
2026-02-06 20:01:01 [INFO] __main__: [USDSEK] Selected: AroonTrendStrategy @ H1/RANGE (strength=0.36, quality=0.39, freshness=1.00, score=0.141)
2026-02-06 20:01:01 [INFO] __main__: [USDSEK] SELL | basis=1451.07 (balance) | target_risk=1.00% ($14.51) | actual_risk=0.68% ($9.90) | vol_raw=0.0293 | vol=0.0200 | entry=9.01706 | sl=9.06191 | tp=8.94978
2026-02-06 20:01:01 [INFO] __main__: [OK] [USDSEK] SHORT executed: 0.02 lots @ 9.01706
2026-02-06 20:02:34 [INFO] __main__: [USDSEK] [SECONDARY] Selected: MomentumBurstStrategy @ D1/TREND (strength=0.30, quality=0.44, freshness=0.85, score=0.115)
2026-02-06 20:02:34 [INFO] __main__: [USDSEK] Secondary trade: risk 1.00% -> 1.00% (existing=1.00%, cap=3.00%)
2026-02-06 20:02:34 [INFO] __main__: [USDSEK] SELL | basis=1451.07 (balance) | target_risk=1.00% ($14.51) | actual_risk=2.13% ($30.97) | vol_raw=0.0100 | vol=0.0100 | entry=9.01632 | sl=9.30447 | tp=8.84343
2026-02-06 20:02:34 [INFO] __main__: [OK] [USDSEK] SHORT executed: 0.01 lots @ 9.01632
2026-02-06 20:31:03 [INFO] __main__: [XAGUSD] Selected: KeltnerBreakoutStrategy @ M30/TREND (strength=0.37, quality=0.44, freshness=1.00, score=0.163)
2026-02-06 20:31:03 [WARNING] __main__: [XAGUSD] Skipping trade; risk 11.65% exceeds cap 5.00% (vol=0.0100, sl=73.94164)
2026-02-06 20:43:01 [INFO] __main__: [XAUUSD] Selected: MomentumBurstStrategy @ H1/TREND (strength=0.47, quality=0.45, freshness=0.85, score=0.180)
2026-02-06 20:43:01 [WARNING] __main__: [XAUUSD] Skipping trade; risk 7.46% exceeds cap 5.00% (vol=0.0100, sl=4844.45000)
2026-02-06 20:46:18 [INFO] __main__: [XAGUSD] Selected: MomentumBurstStrategy @ M15/TREND (strength=0.35, quality=0.43, freshness=1.00, score=0.152)
2026-02-06 20:46:18 [WARNING] __main__: [XAGUSD] Skipping trade; risk 5.94% exceeds cap 5.00% (vol=0.0100, sl=75.61786)
2026-02-06 20:47:49 [INFO] __main__: [XAUUSD] Selected: MomentumBurstStrategy @ H1/TREND (strength=0.47, quality=0.45, freshness=0.85, score=0.180)
2026-02-06 20:47:49 [WARNING] __main__: [XAUUSD] Skipping trade; risk 7.46% exceeds cap 5.00% (vol=0.0100, sl=4850.26000)
2026-02-06 21:00:26 [INFO] __main__: [XAUUSD] Selected: MomentumBurstStrategy @ H1/TREND (strength=0.48, quality=0.45, freshness=1.00, score=0.216)
2026-02-06 21:00:26 [WARNING] __main__: [XAUUSD] Skipping trade; risk 6.36% exceeds cap 5.00% (vol=0.0100, sl=4864.53143)
2026-02-06 21:30:33 [INFO] __main__: [XAGUSD] Selected: MomentumBurstStrategy @ M15/TREND (strength=0.39, quality=0.43, freshness=1.00, score=0.166)
2026-02-06 21:30:33 [WARNING] __main__: [XAGUSD] Skipping trade; risk 5.59% exceeds cap 5.00% (vol=0.0100, sl=75.60186)
2026-02-06 21:48:05 [INFO] __main__: [US100] Selected: MomentumBurstStrategy @ D1/TREND (strength=0.31, quality=0.42, freshness=0.85, score=0.112)
2026-02-06 21:48:05 [WARNING] __main__: [US100] Skipping trade; risk 11.64% exceeds cap 5.00% (vol=0.0100, sl=26772.75071)
2026-02-06 21:53:28 [INFO] __main__: [US100] Selected: MomentumBurstStrategy @ D1/TREND (strength=0.31, quality=0.42, freshness=0.85, score=0.112)
2026-02-06 21:53:28 [WARNING] __main__: [US100] Skipping trade; risk 11.71% exceeds cap 5.00% (vol=0.0100, sl=26826.39357)
2026-02-06 21:56:52 [INFO] __main__: [US100] Selected: MomentumBurstStrategy @ D1/TREND (strength=0.31, quality=0.42, freshness=0.85, score=0.112)
2026-02-06 21:56:52 [WARNING] __main__: [US100] Skipping trade; risk 11.71% exceeds cap 5.00% (vol=0.0100, sl=26793.64357)
2026-02-06 22:00:17 [INFO] __main__: [XAUUSD] Selected: MomentumBurstStrategy @ H1/TREND (strength=0.43, quality=0.45, freshness=1.00, score=0.193)
2026-02-06 22:00:17 [WARNING] __main__: [XAUUSD] Skipping trade; risk 6.38% exceeds cap 5.00% (vol=0.0100, sl=4858.40000)
2026-02-06 22:00:20 [INFO] __main__: [XAGUSD] Selected: KeltnerBreakoutStrategy @ M30/TREND (strength=0.43, quality=0.44, freshness=1.00, score=0.186)
2026-02-06 22:00:20 [WARNING] __main__: [XAGUSD] Skipping trade; risk 9.97% exceeds cap 5.00% (vol=0.0100, sl=74.54250)
2026-02-06 22:30:57 [INFO] __main__: [XAGUSD] Selected: KeltnerBreakoutStrategy @ M30/TREND (strength=0.45, quality=0.44, freshness=1.00, score=0.198)
2026-02-06 22:30:57 [WARNING] __main__: [XAGUSD] Skipping trade; risk 8.81% exceeds cap 5.00% (vol=0.0100, sl=75.04114)
2026-02-06 22:59:51 [INFO] __main__: [BTCETH] [SECONDARY] Selected: MomentumBurstStrategy @ D1/TREND (strength=0.32, quality=0.50, freshness=1.00, score=0.158)
2026-02-07 08:57:49 [INFO] __main__: Shutting down...
2026-02-07 08:57:49 [INFO] __main__: Stopping trader...
2026-02-07 08:57:49 [INFO] __main__: Saved 14 trades to pm_outputs\trades_20260207_085749.json
2026-02-07 08:57:49 [INFO] pm_mt5: Disconnected from MT5
2026-02-07 08:57:49 [INFO] __main__: Shutdown complete
2026-02-07 08:57:49 [INFO] __main__: Shutting down...
2026-02-07 08:57:49 [INFO] __main__: Stopping trader...
2026-02-07 08:57:49 [INFO] __main__: Saved 14 trades to pm_outputs\trades_20260207_085749.json
2026-02-07 08:57:49 [INFO] __main__: Shutdown complete
2026-02-07 08:57:49 [INFO] __main__: Shutting down...
2026-02-07 08:57:49 [INFO] __main__: Stopping trader...
2026-02-07 08:57:49 [INFO] __main__: Saved 14 trades to pm_outputs\trades_20260207_085749.json
2026-02-07 08:57:49 [INFO] __main__: Shutdown complete
